#-----------------------------------------------------------
# Vivado v2017.2 (64-bit)
# SW Build 1909853 on Thu Jun 15 18:39:10 MDT 2017
# IP Build 1909766 on Thu Jun 15 19:58:00 MDT 2017
# Start of session at: Tue Apr  5 15:51:57 2022
# Process ID: 16422
# Current directory: /home/ajinkya/IITB_AI_ML/fpga/zeropad/vivado_synth
# Command line: vivado -mode batch -source bitgen.tcl
# Log file: /home/ajinkya/IITB_AI_ML/fpga/zeropad/vivado_synth/vivado.log
# Journal file: /home/ajinkya/IITB_AI_ML/fpga/zeropad/vivado_synth/vivado.jou
#-----------------------------------------------------------
source bitgen.tcl
# set AHIR_RELEASE $::env(AHIR_RELEASE)
# read_vhdl -library ahir_ieee_proposed $AHIR_RELEASE/vhdl/aHiR_ieee_proposed.vhdl
# read_vhdl -library ahir $AHIR_RELEASE/vhdl/ahir.vhdl
# read_vhdl -library simpleUartLib ../misc_vhdl/lib/simpleUartLib.vhdl
# read_vhdl -library RtUart ../misc_vhdl/lib/RtUart.vhdl
# read_vhdl -library work ../ahir/ahir_system.vhdl
ERROR: [Common 17-69] Command failed: File '/home/ajinkya/IITB_AI_ML/fpga/zeropad/ahir/ahir_system.vhdl' does not exist
INFO: [Common 17-206] Exiting Vivado at Tue Apr  5 15:52:03 2022...
