This is pdfTeX, Version 3.14159265-2.6-1.40.20 (TeX Live 2019/Debian) (preloaded format=pdflatex 2023.6.1)  1 JUL 2023 15:12
entering extended mode
 restricted \write18 enabled.
 %&-line parsing enabled.
**report.tex
(./report.tex
LaTeX2e <2020-02-02> patch level 2
L3 programming layer <2020-02-14>
(/usr/share/texlive/texmf-dist/tex/latex/base/report.cls
Document Class: report 2019/12/20 v1.4l Standard LaTeX document class
(/usr/share/texlive/texmf-dist/tex/latex/base/size12.clo
File: size12.clo 2019/12/20 v1.4l Standard LaTeX file (size option)
)
\c@part=\count167
\c@chapter=\count168
\c@section=\count169
\c@subsection=\count170
\c@subsubsection=\count171
\c@paragraph=\count172
\c@subparagraph=\count173
\c@figure=\count174
\c@table=\count175
\abovecaptionskip=\skip47
\belowcaptionskip=\skip48
\bibindent=\dimen134
)
(/usr/share/texlive/texmf-dist/tex/latex/graphics/graphicx.sty
Package: graphicx 2019/11/30 v1.2a Enhanced LaTeX Graphics (DPC,SPQR)

(/usr/share/texlive/texmf-dist/tex/latex/graphics/keyval.sty
Package: keyval 2014/10/28 v1.15 key=value parser (DPC)
\KV@toks@=\toks14
)
(/usr/share/texlive/texmf-dist/tex/latex/graphics/graphics.sty
Package: graphics 2019/11/30 v1.4a Standard LaTeX Graphics (DPC,SPQR)

(/usr/share/texlive/texmf-dist/tex/latex/graphics/trig.sty
Package: trig 2016/01/03 v1.10 sin cos tan (DPC)
)
(/usr/share/texlive/texmf-dist/tex/latex/graphics-cfg/graphics.cfg
File: graphics.cfg 2016/06/04 v1.11 sample graphics configuration
)
Package graphics Info: Driver file: pdftex.def on input line 105.

(/usr/share/texlive/texmf-dist/tex/latex/graphics-def/pdftex.def
File: pdftex.def 2018/01/08 v1.0l Graphics/color driver for pdftex
))
\Gin@req@height=\dimen135
\Gin@req@width=\dimen136
)
(/usr/share/texlive/texmf-dist/tex/latex/url/url.sty
\Urlmuskip=\muskip16
Package: url 2013/09/16  ver 3.4  Verb mode for urls, etc.
)
(/usr/share/texlive/texmf-dist/tex/latex/base/inputenc.sty
Package: inputenc 2018/08/11 v1.3c Input encoding file
\inpenc@prehook=\toks15
\inpenc@posthook=\toks16
)
(/usr/share/texlive/texmf-dist/tex/latex/graphics/epsfig.sty
Package: epsfig 2017/06/25 v1.7b (e)psfig emulation (SPQR)
\epsfxsize=\dimen137
\epsfysize=\dimen138
)
(/usr/share/texlive/texmf-dist/tex/latex/hyperref/hyperref.sty
Package: hyperref 2020/01/14 v7.00d Hypertext links for LaTeX

(/usr/share/texlive/texmf-dist/tex/generic/ltxcmds/ltxcmds.sty
Package: ltxcmds 2019/12/15 v1.24 LaTeX kernel commands for general use (HO)
)
(/usr/share/texlive/texmf-dist/tex/generic/iftex/iftex.sty
Package: iftex 2019/11/07 v1.0c TeX engine tests
)
(/usr/share/texlive/texmf-dist/tex/latex/pdftexcmds/pdftexcmds.sty
Package: pdftexcmds 2019/11/24 v0.31 Utility functions of pdfTeX for LuaTeX (HO
)

(/usr/share/texlive/texmf-dist/tex/generic/infwarerr/infwarerr.sty
Package: infwarerr 2019/12/03 v1.5 Providing info/warning/error messages (HO)
)
Package pdftexcmds Info: \pdf@primitive is available.
Package pdftexcmds Info: \pdf@ifprimitive is available.
Package pdftexcmds Info: \pdfdraftmode found.
)
(/usr/share/texlive/texmf-dist/tex/generic/kvsetkeys/kvsetkeys.sty
Package: kvsetkeys 2019/12/15 v1.18 Key value parser (HO)
)
(/usr/share/texlive/texmf-dist/tex/generic/kvdefinekeys/kvdefinekeys.sty
Package: kvdefinekeys 2019-12-19 v1.6 Define keys (HO)
)
(/usr/share/texlive/texmf-dist/tex/generic/pdfescape/pdfescape.sty
Package: pdfescape 2019/12/09 v1.15 Implements pdfTeX's escape features (HO)
)
(/usr/share/texlive/texmf-dist/tex/latex/hycolor/hycolor.sty
Package: hycolor 2020-01-27 v1.10 Color options for hyperref/bookmark (HO)
)
(/usr/share/texlive/texmf-dist/tex/latex/letltxmacro/letltxmacro.sty
Package: letltxmacro 2019/12/03 v1.6 Let assignment for LaTeX macros (HO)
)
(/usr/share/texlive/texmf-dist/tex/latex/auxhook/auxhook.sty
Package: auxhook 2019-12-17 v1.6 Hooks for auxiliary files (HO)
)
(/usr/share/texlive/texmf-dist/tex/latex/kvoptions/kvoptions.sty
Package: kvoptions 2019/11/29 v3.13 Key value format for package options (HO)
)
\@linkdim=\dimen139
\Hy@linkcounter=\count176
\Hy@pagecounter=\count177

(/usr/share/texlive/texmf-dist/tex/latex/hyperref/pd1enc.def
File: pd1enc.def 2020/01/14 v7.00d Hyperref: PDFDocEncoding definition (HO)
Now handling font encoding PD1 ...
... no UTF-8 mapping file for font encoding PD1
)
(/usr/share/texlive/texmf-dist/tex/generic/intcalc/intcalc.sty
Package: intcalc 2019/12/15 v1.3 Expandable calculations with integers (HO)
)
(/usr/share/texlive/texmf-dist/tex/generic/etexcmds/etexcmds.sty
Package: etexcmds 2019/12/15 v1.7 Avoid name clashes with e-TeX commands (HO)
)
\Hy@SavedSpaceFactor=\count178
\pdfmajorversion=\count179
Package hyperref Info: Option `final' set `true' on input line 4421.
Package hyperref Info: Hyper figures OFF on input line 4547.
Package hyperref Info: Link nesting OFF on input line 4552.
Package hyperref Info: Hyper index ON on input line 4555.
Package hyperref Info: Plain pages OFF on input line 4562.
Package hyperref Info: Backreferencing OFF on input line 4567.
Package hyperref Info: Implicit mode ON; LaTeX internals redefined.
Package hyperref Info: Bookmarks ON on input line 4800.
\c@Hy@tempcnt=\count180
LaTeX Info: Redefining \url on input line 5159.
\XeTeXLinkMargin=\dimen140

(/usr/share/texlive/texmf-dist/tex/generic/bitset/bitset.sty
Package: bitset 2019/12/09 v1.3 Handle bit-vector datatype (HO)

(/usr/share/texlive/texmf-dist/tex/generic/bigintcalc/bigintcalc.sty
Package: bigintcalc 2019/12/15 v1.5 Expandable calculations on big integers (HO
)
))
\Fld@menulength=\count181
\Field@Width=\dimen141
\Fld@charsize=\dimen142
Package hyperref Info: Hyper figures OFF on input line 6430.
Package hyperref Info: Link nesting OFF on input line 6435.
Package hyperref Info: Hyper index ON on input line 6438.
Package hyperref Info: backreferencing OFF on input line 6445.
Package hyperref Info: Link coloring OFF on input line 6450.
Package hyperref Info: Link coloring with OCG OFF on input line 6455.
Package hyperref Info: PDF/A mode OFF on input line 6460.
LaTeX Info: Redefining \ref on input line 6500.
LaTeX Info: Redefining \pageref on input line 6504.

(/usr/share/texlive/texmf-dist/tex/generic/atbegshi/atbegshi.sty
Package: atbegshi 2019/12/05 v1.19 At begin shipout hook (HO)
)
\Hy@abspage=\count182
\c@Item=\count183
\c@Hfootnote=\count184
)
Package hyperref Info: Driver (autodetected): hpdftex.

(/usr/share/texlive/texmf-dist/tex/latex/hyperref/hpdftex.def
File: hpdftex.def 2020/01/14 v7.00d Hyperref driver for pdfTeX

(/usr/share/texlive/texmf-dist/tex/latex/atveryend/atveryend.sty
Package: atveryend 2019-12-11 v1.11 Hooks at the very end of document (HO)
Package atveryend Info: \enddocument detected (standard20110627).
)
\Fld@listcount=\count185
\c@bookmark@seq@number=\count186

(/usr/share/texlive/texmf-dist/tex/latex/rerunfilecheck/rerunfilecheck.sty
Package: rerunfilecheck 2019/12/05 v1.9 Rerun checks for auxiliary files (HO)

(/usr/share/texlive/texmf-dist/tex/generic/uniquecounter/uniquecounter.sty
Package: uniquecounter 2019/12/15 v1.4 Provide unlimited unique counter (HO)
)
Package uniquecounter Info: New unique counter `rerunfilecheck' on input line 2
86.
)
\Hy@SectionHShift=\skip49
)
(/usr/share/texlive/texmf-dist/tex/latex/graphics/color.sty
Package: color 2019/11/23 v1.2a Standard LaTeX Color (DPC)

(/usr/share/texlive/texmf-dist/tex/latex/graphics-cfg/color.cfg
File: color.cfg 2016/01/02 v1.6 sample color configuration
)
Package color Info: Driver file: pdftex.def on input line 147.
)
(/usr/share/texlive/texmf-dist/tex/latex/base/textcomp.sty
Package: textcomp 2020/02/02 v2.0n Standard LaTeX package
)
(/usr/share/texlive/texmf-dist/tex/latex/acronym/acronym.sty
Package: acronym 2019/11/11 v1.42 Support for acronyms (Tobias Oetiker)

(/usr/share/texlive/texmf-dist/tex/latex/bigfoot/suffix.sty
Package: suffix 2006/07/15 1.5a Variant command support
)
(/usr/share/texlive/texmf-dist/tex/generic/xstring/xstring.sty
(/usr/share/texlive/texmf-dist/tex/generic/xstring/xstring.tex
\integerpart=\count187
\decimalpart=\count188
)
Package: xstring 2019/02/06 v1.83 String manipulations (CT)
)
\AC@clearlist=\toks17
)
(/usr/share/texlive/texmf-dist/tex/latex/mathtools/mathtools.sty
Package: mathtools 2020/01/17 v1.23 mathematical typesetting tools

(/usr/share/texlive/texmf-dist/tex/latex/tools/calc.sty
Package: calc 2017/05/25 v4.3 Infix arithmetic (KKT,FJ)
\calc@Acount=\count189
\calc@Bcount=\count190
\calc@Adimen=\dimen143
\calc@Bdimen=\dimen144
\calc@Askip=\skip50
\calc@Bskip=\skip51
LaTeX Info: Redefining \setlength on input line 80.
LaTeX Info: Redefining \addtolength on input line 81.
\calc@Ccount=\count191
\calc@Cskip=\skip52
)
(/usr/share/texlive/texmf-dist/tex/latex/mathtools/mhsetup.sty
Package: mhsetup 2017/03/31 v1.3 programming setup (MH)
)
(/usr/share/texlive/texmf-dist/tex/latex/amsmath/amsmath.sty
Package: amsmath 2020/01/20 v2.17e AMS math features
\@mathmargin=\skip53

For additional information on amsmath, use the `?' option.
(/usr/share/texlive/texmf-dist/tex/latex/amsmath/amstext.sty
Package: amstext 2000/06/29 v2.01 AMS text

(/usr/share/texlive/texmf-dist/tex/latex/amsmath/amsgen.sty
File: amsgen.sty 1999/11/30 v2.0 generic functions
\@emptytoks=\toks18
\ex@=\dimen145
))
(/usr/share/texlive/texmf-dist/tex/latex/amsmath/amsbsy.sty
Package: amsbsy 1999/11/29 v1.2d Bold Symbols
\pmbraise@=\dimen146
)
(/usr/share/texlive/texmf-dist/tex/latex/amsmath/amsopn.sty
Package: amsopn 2016/03/08 v2.02 operator names
)
\inf@bad=\count192
LaTeX Info: Redefining \frac on input line 227.
\uproot@=\count193
\leftroot@=\count194
LaTeX Info: Redefining \overline on input line 389.
\classnum@=\count195
\DOTSCASE@=\count196
LaTeX Info: Redefining \ldots on input line 486.
LaTeX Info: Redefining \dots on input line 489.
LaTeX Info: Redefining \cdots on input line 610.
\Mathstrutbox@=\box45
\strutbox@=\box46
\big@size=\dimen147
LaTeX Font Info:    Redeclaring font encoding OML on input line 733.
LaTeX Font Info:    Redeclaring font encoding OMS on input line 734.
\macc@depth=\count197
\c@MaxMatrixCols=\count198
\dotsspace@=\muskip17
\c@parentequation=\count199
\dspbrk@lvl=\count266
\tag@help=\toks19
\row@=\count267
\column@=\count268
\maxfields@=\count269
\andhelp@=\toks20
\eqnshift@=\dimen148
\alignsep@=\dimen149
\tagshift@=\dimen150
\tagwidth@=\dimen151
\totwidth@=\dimen152
\lineht@=\dimen153
\@envbody=\toks21
\multlinegap=\skip54
\multlinetaggap=\skip55
\mathdisplay@stack=\toks22
LaTeX Info: Redefining \[ on input line 2859.
LaTeX Info: Redefining \] on input line 2860.
)
LaTeX Info: Thecontrolsequence`\('isalreadyrobust on input line 129.
LaTeX Info: Thecontrolsequence`\)'isalreadyrobust on input line 129.
LaTeX Info: Thecontrolsequence`\['isalreadyrobust on input line 129.
LaTeX Info: Thecontrolsequence`\]'isalreadyrobust on input line 129.
\g_MT_multlinerow_int=\count270
\l_MT_multwidth_dim=\dimen154
\origjot=\skip56
\l_MT_shortvdotswithinadjustabove_dim=\dimen155
\l_MT_shortvdotswithinadjustbelow_dim=\dimen156
\l_MT_above_intertext_sep=\dimen157
\l_MT_below_intertext_sep=\dimen158
\l_MT_above_shortintertext_sep=\dimen159
\l_MT_below_shortintertext_sep=\dimen160
)
(/usr/share/texlive/texmf-dist/tex/latex/geometry/geometry.sty
Package: geometry 2020/01/02 v5.9 Page Geometry

(/usr/share/texlive/texmf-dist/tex/generic/iftex/ifvtex.sty
Package: ifvtex 2019/10/25 v1.7 ifvtex legacy package. Use iftex instead.
)
\Gm@cnth=\count271
\Gm@cntv=\count272
\c@Gm@tempcnt=\count273
\Gm@bindingoffset=\dimen161
\Gm@wd@mp=\dimen162
\Gm@odd@mp=\dimen163
\Gm@even@mp=\dimen164
\Gm@layoutwidth=\dimen165
\Gm@layoutheight=\dimen166
\Gm@layouthoffset=\dimen167
\Gm@layoutvoffset=\dimen168
\Gm@dimlist=\toks23
)
(/usr/share/texlive/texmf-dist/tex/latex/xcolor/xcolor.sty
Package: xcolor 2016/05/11 v2.12 LaTeX color extensions (UK)

(/usr/share/texlive/texmf-dist/tex/latex/graphics-cfg/color.cfg
File: color.cfg 2016/01/02 v1.6 sample color configuration
)
Package xcolor Info: Driver file: pdftex.def on input line 225.
LaTeX Info: Redefining \color on input line 709.
Package xcolor Info: Model `cmy' substituted by `cmy0' on input line 1348.
Package xcolor Info: Model `hsb' substituted by `rgb' on input line 1352.
Package xcolor Info: Model `RGB' extended on input line 1364.
Package xcolor Info: Model `HTML' substituted by `rgb' on input line 1366.
Package xcolor Info: Model `Hsb' substituted by `hsb' on input line 1367.
Package xcolor Info: Model `tHsb' substituted by `hsb' on input line 1368.
Package xcolor Info: Model `HSB' substituted by `hsb' on input line 1369.
Package xcolor Info: Model `Gray' substituted by `gray' on input line 1370.
Package xcolor Info: Model `wave' substituted by `hsb' on input line 1371.
)
(/usr/share/texlive/texmf-dist/tex/latex/comment/comment.sty
\CommentStream=\write3

Excluding comment 'comment')
(/usr/share/texlive/texmf-dist/tex/latex/fancyvrb/fancyvrb.sty
Package: fancyvrb 2020/01/13 v3.5 verbatim text (tvz,hv)
\FV@CodeLineNo=\count274
\FV@InFile=\read2
\FV@TabBox=\box47
\c@FancyVerbLine=\count275
\FV@StepNumber=\count276
\FV@OutFile=\write4
)
(/usr/share/texlive/texmf-dist/tex/latex/fvextra/fvextra.sty
Package: fvextra 2019/02/04 v1.4 fvextra - extensions and patches for fancyvrb

(/usr/share/texlive/texmf-dist/tex/latex/base/ifthen.sty
Package: ifthen 2014/09/29 v1.1c Standard LaTeX ifthen package (DPC)
)
(/usr/share/texlive/texmf-dist/tex/latex/etoolbox/etoolbox.sty
Package: etoolbox 2019/09/21 v2.5h e-TeX tools for LaTeX (JAW)
\etb@tempcnta=\count277
)
(/usr/share/texlive/texmf-dist/tex/latex/upquote/upquote.sty
Package: upquote 2012/04/19 v1.3 upright-quote and grave-accent glyphs in verba
tim
)
(/usr/share/texlive/texmf-dist/tex/latex/lineno/lineno.sty
Package: lineno 2005/11/02 line numbers on paragraphs v4.41
\linenopenalty=\count278
\output=\toks24
\linenoprevgraf=\count279
\linenumbersep=\dimen169
\linenumberwidth=\dimen170
\c@linenumber=\count280
\c@pagewiselinenumber=\count281
\c@LN@truepage=\count282
\c@internallinenumber=\count283
\c@internallinenumbers=\count284
\quotelinenumbersep=\dimen171
\bframerule=\dimen172
\bframesep=\dimen173
\bframebox=\box48
LaTeX Info: Redefining \\ on input line 3056.
)
\c@FV@TrueTabGroupLevel=\count285
\c@FV@TrueTabCounter=\count286
\FV@TabBox@Group=\box49
\FV@TmpLength=\skip57
\c@FV@HighlightLinesStart=\count287
\c@FV@HighlightLinesStop=\count288
\FV@LoopCount=\count289
\FV@NCharsBox=\box50
\FV@BreakIndent=\dimen174
\FV@BreakIndentNChars=\count290
\FV@BreakSymbolSepLeft=\dimen175
\FV@BreakSymbolSepLeftNChars=\count291
\FV@BreakSymbolSepRight=\dimen176
\FV@BreakSymbolSepRightNChars=\count292
\FV@BreakSymbolIndentLeft=\dimen177
\FV@BreakSymbolIndentLeftNChars=\count293
\FV@BreakSymbolIndentRight=\dimen178
\FV@BreakSymbolIndentRightNChars=\count294
\c@FancyVerbLineBreakLast=\count295
\FV@LineBox=\box51
\FV@LineIndentBox=\box52
\FV@LineWidth=\dimen179
)
(/usr/share/texlive/texmf-dist/tex/latex/booktabs/booktabs.sty
Package: booktabs 2020/01/12 v1.61803398 Publication quality tables
\heavyrulewidth=\dimen180
\lightrulewidth=\dimen181
\cmidrulewidth=\dimen182
\belowrulesep=\dimen183
\belowbottomsep=\dimen184
\aboverulesep=\dimen185
\abovetopsep=\dimen186
\cmidrulesep=\dimen187
\cmidrulekern=\dimen188
\defaultaddspace=\dimen189
\@cmidla=\count296
\@cmidlb=\count297
\@aboverulesep=\dimen190
\@belowrulesep=\dimen191
\@thisruleclass=\count298
\@lastruleclass=\count299
\@thisrulewidth=\dimen192
)
(/usr/share/texlive/texmf-dist/tex/latex/tools/array.sty
Package: array 2019/08/31 v2.4l Tabular extension package (FMi)
\col@sep=\dimen193
\ar@mcellbox=\box53
\extrarowheight=\dimen194
\NC@list=\toks25
\extratabsurround=\skip58
\backup@length=\skip59
\ar@cellbox=\box54
)
(/usr/share/texlive/texmf-dist/tex/latex/algorithmicx/algpseudocode.sty
Package: algpseudocode 

(/usr/share/texlive/texmf-dist/tex/latex/algorithmicx/algorithmicx.sty
Package: algorithmicx 2005/04/27 v1.2 Algorithmicx

Document Style algorithmicx 1.2 - a greatly improved `algorithmic' style
\c@ALG@line=\count300
\c@ALG@rem=\count301
\c@ALG@nested=\count302
\ALG@tlm=\skip60
\ALG@thistlm=\skip61
\c@ALG@Lnr=\count303
\c@ALG@blocknr=\count304
\c@ALG@storecount=\count305
\c@ALG@tmpcounter=\count306
\ALG@tmplength=\skip62
)
Document Style - pseudocode environments for use with the `algorithmicx' style
) (/usr/share/texlive/texmf-dist/tex/latex/algorithms/algorithm.sty
Package: algorithm 2009/08/24 v0.1 Document Style `algorithm' - floating enviro
nment

(/usr/share/texlive/texmf-dist/tex/latex/float/float.sty
Package: float 2001/11/08 v1.3d Float enhancements (AL)
\c@float@type=\count307
\float@exts=\toks26
\float@box=\box55
\@float@everytoks=\toks27
\@floatcapt=\box56
)
\@float@every@algorithm=\toks28
\c@algorithm=\count308
)
(/usr/share/texlive/texmf-dist/tex/latex/l3backend/l3backend-pdfmode.def
File: l3backend-pdfmode.def 2020-02-03 L3 backend support: PDF mode
\l__kernel_color_stack_int=\count309
\l__pdf_internal_box=\box57
)
(./report.aux)
\openout1 = `report.aux'.

LaTeX Font Info:    Checking defaults for OML/cmm/m/it on input line 45.
LaTeX Font Info:    ... okay on input line 45.
LaTeX Font Info:    Checking defaults for OMS/cmsy/m/n on input line 45.
LaTeX Font Info:    ... okay on input line 45.
LaTeX Font Info:    Checking defaults for OT1/cmr/m/n on input line 45.
LaTeX Font Info:    ... okay on input line 45.
LaTeX Font Info:    Checking defaults for T1/cmr/m/n on input line 45.
LaTeX Font Info:    ... okay on input line 45.
LaTeX Font Info:    Checking defaults for TS1/cmr/m/n on input line 45.
LaTeX Font Info:    ... okay on input line 45.
LaTeX Font Info:    Checking defaults for OMX/cmex/m/n on input line 45.
LaTeX Font Info:    ... okay on input line 45.
LaTeX Font Info:    Checking defaults for U/cmr/m/n on input line 45.
LaTeX Font Info:    ... okay on input line 45.
LaTeX Font Info:    Checking defaults for PD1/pdf/m/n on input line 45.
LaTeX Font Info:    ... okay on input line 45.

(/usr/share/texlive/texmf-dist/tex/context/base/mkii/supp-pdf.mkii
[Loading MPS to PDF converter (version 2006.09.02).]
\scratchcounter=\count310
\scratchdimen=\dimen195
\scratchbox=\box58
\nofMPsegments=\count311
\nofMParguments=\count312
\everyMPshowfont=\toks29
\MPscratchCnt=\count313
\MPscratchDim=\dimen196
\MPnumerator=\count314
\makeMPintoPDFobject=\count315
\everyMPtoPDFconversion=\toks30
) (/usr/share/texlive/texmf-dist/tex/latex/epstopdf-pkg/epstopdf-base.sty
Package: epstopdf-base 2020-01-24 v2.11 Base part for package epstopdf
Package epstopdf-base Info: Redefining graphics rule for `.eps' on input line 4
85.

(/usr/share/texlive/texmf-dist/tex/latex/latexconfig/epstopdf-sys.cfg
File: epstopdf-sys.cfg 2010/07/13 v1.3 Configuration of (r)epstopdf for TeX Liv
e
))
\AtBeginShipoutBox=\box59
Package hyperref Info: Link coloring OFF on input line 45.

(/usr/share/texlive/texmf-dist/tex/latex/hyperref/nameref.sty
Package: nameref 2019/09/16 v2.46 Cross-referencing by name of section

(/usr/share/texlive/texmf-dist/tex/latex/refcount/refcount.sty
Package: refcount 2019/12/15 v3.6 Data extraction from label references (HO)
)
(/usr/share/texlive/texmf-dist/tex/generic/gettitlestring/gettitlestring.sty
Package: gettitlestring 2019/12/15 v1.6 Cleanup title references (HO)
)
\c@section@level=\count316
)
LaTeX Info: Redefining \ref on input line 45.
LaTeX Info: Redefining \pageref on input line 45.
LaTeX Info: Redefining \nameref on input line 45.

(./report.out) (./report.out)
\@outlinefile=\write5
\openout5 = `report.out'.


*geometry* driver: auto-detecting
*geometry* detected driver: pdftex
*geometry* verbose mode - [ preamble ] result:
* driver: pdftex
* paper: a4paper
* layout: <same size as paper>
* layoutoffset:(h,v)=(0.0pt,0.0pt)
* modes: 
* h-part:(L,W,R)=(79.6678pt, 438.17227pt, 79.6678pt)
* v-part:(T,H,B)=(85.35826pt, 674.33032pt, 85.35826pt)
* \paperwidth=597.50787pt
* \paperheight=845.04684pt
* \textwidth=438.17227pt
* \textheight=674.33032pt
* \oddsidemargin=7.39781pt
* \evensidemargin=7.39781pt
* \topmargin=-23.91173pt
* \headheight=12.0pt
* \headsep=25.0pt
* \topskip=12.0pt
* \footskip=30.0pt
* \marginparwidth=35.0pt
* \marginparsep=10.0pt
* \columnsep=10.0pt
* \skip\footins=10.8pt plus 4.0pt minus 2.0pt
* \hoffset=0.0pt
* \voffset=0.0pt
* \mag=1000
* \@twocolumnfalse
* \@twosidefalse
* \@mparswitchfalse
* \@reversemarginfalse
* (1in=72.27pt=25.4mm, 1cm=28.453pt)

<./fig/iitblogo.png, id=148, 402.5439pt x 386.6445pt>
File: ./fig/iitblogo.png Graphic file (type png)
<use ./fig/iitblogo.png>
Package pdftex.def Info: ./fig/iitblogo.png  used on input line 70.
(pdftex.def)             Requested size: 108.40575pt x 108.4013pt.
[1

{/var/lib/texmf/fonts/map/pdftex/updmap/pdftex.map} <./fig/iitblogo.png>]
Overfull \hbox (27.79639pt too wide) in paragraph at lines 114--123
 [] 
 []

[2

]
Underfull \hbox (badness 10000) in paragraph at lines 137--141

 []

[3

]
Underfull \hbox (badness 10000) in paragraph at lines 160--168

 []


Underfull \hbox (badness 10000) in paragraph at lines 160--168

 []


Underfull \hbox (badness 10000) in paragraph at lines 160--168

 []


Underfull \hbox (badness 10000) in paragraph at lines 160--168

 []


Underfull \hbox (badness 10000) in paragraph at lines 160--168

 []


Underfull \hbox (badness 10000) in paragraph at lines 160--168

 []


Underfull \hbox (badness 10000) in paragraph at lines 160--168

 []


Underfull \hbox (badness 10000) in paragraph at lines 160--168

 []


Underfull \hbox (badness 10000) in paragraph at lines 160--168

 []

pdfTeX warning (ext4): destination with the same identifier (name{page.1}) has 
been already used, duplicate ignored
<to be read again> 
                   \relax 
l.169 \end{abstract}
                     [1] [1] (./report.toc [2

])
\tf@toc=\write6
\openout6 = `report.toc'.

 [3] (./report.lof)
\tf@lof=\write7
\openout7 = `report.lof'.

 [4

]
(./report.lot)
\tf@lot=\write8
\openout8 = `report.lot'.

 [5

]
Chapter 1.
pdfTeX warning (ext4): destination with the same identifier (name{page.1}) has 
been already used, duplicate ignored
<to be read again> 
                   \relax 
l.215 
       [1

]pdfTeX warning (ext4): destination with the same identifier (name{page.2}) has
 been already used, duplicate ignored
<to be read again> 
                   \relax 
l.241 
       [2]pdfTeX warning (ext4): destination with the same identifier (name{pag
e.3}) has been already used, duplicate ignored
<to be read again> 
                   \relax 
l.243 \chapter
              {Neural Network Architecture Details}\label{Chap:2} [3]
Chapter 2.
<./fig/Screenshot from 2022-10-12 10-40-59.png, id=303, 648.4225pt x 398.48875p
t>
File: ./fig/Screenshot from 2022-10-12 10-40-59.png Graphic file (type png)
<use ./fig/Screenshot from 2022-10-12 10-40-59.png>
Package pdftex.def Info: ./fig/Screenshot from 2022-10-12 10-40-59.png  used on
 input line 250.
(pdftex.def)             Requested size: 438.17227pt x 269.28448pt.

LaTeX Warning: `!h' float specifier changed to `!ht'.

[4

] [5pdfTeX warning (ext4): destination with the same identifier (name{figure.2.
1}) has been already used, duplicate ignored

\AtBegShi@Output ...ipout \box \AtBeginShipoutBox 
                                                  \fi \fi 
l.280 \end{equation}
                     <./fig/Screenshot from 2022-10-12 10-40-59.png>]
Package hyperref Info: bookmark level for unknown algorithm defaults to 0 on in
put line 288.

Excluding 'comment' comment.
<./fig/index.jpeg, id=324, 296.10625pt x 171.64125pt>
File: ./fig/index.jpeg Graphic file (type jpg)
<use ./fig/index.jpeg>
Package pdftex.def Info: ./fig/index.jpeg  used on input line 330.
(pdftex.def)             Requested size: 296.10551pt x 171.64081pt.


LaTeX Warning: `!h' float specifier changed to `!ht'.


Overfull \hbox (39.11107pt too wide) detected at line 343
\OML/cmm/m/it/12 Output\OT1/cmr/m/n/12 [\OML/cmm/m/it/12 r; c; chl\OT1/cmr/m/n/
12 ] = \OML/cmm/m/it/12 reduce\OT1/cmr/m/n/12 (\OML/cmm/m/it/12 Operator; Input
\OT1/cmr/m/n/12 [(\OML/cmm/m/it/12 r \OMS/cmsy/m/n/12 ^^@ \OT1/cmr/m/n/12 1)\OM
L/cmm/m/it/12 s \OT1/cmr/m/n/12 + 1 : (\OML/cmm/m/it/12 r \OMS/cmsy/m/n/12 ^^@ 
\OT1/cmr/m/n/12 1)\OML/cmm/m/it/12 s \OT1/cmr/m/n/12 + \OML/cmm/m/it/12 n; \OT1
/cmr/m/n/12 (\OML/cmm/m/it/12 c \OMS/cmsy/m/n/12 ^^@ \OT1/cmr/m/n/12 1)\OML/cmm
/m/it/12 s \OT1/cmr/m/n/12 + 1 : (\OML/cmm/m/it/12 c \OMS/cmsy/m/n/12 ^^@ \OT1/
cmr/m/n/12 1)\OML/cmm/m/it/12 s \OT1/cmr/m/n/12 + \OML/cmm/m/it/12 n; chl\OT1/c
mr/m/n/12 ])
 []

[6]

LaTeX Warning: Citation `ReNet' on page 7 undefined on input line 355.

[7pdfTeX warning (ext4): destination with the same identifier (name{figure.2.2}
) has been already used, duplicate ignored

\AtBegShi@Output ...ipout \box \AtBeginShipoutBox 
                                                  \fi \fi 
l.370 \end{equation*}
                      <./fig/index.jpeg>] Excluding 'comment' comment.
Excluding 'comment' comment. [8] [9]
Chapter 3.


pdfTeX warning: pdflatex (file ./fig/updated_modules.pdf): PDF inclusion: found
 PDF version <1.7>, but at most version <1.5> allowed
<./fig/updated_modules.pdf, id=357, 912.40875pt x 866.23625pt>
File: ./fig/updated_modules.pdf Graphic file (type pdf)
<use ./fig/updated_modules.pdf>
Package pdftex.def Info: ./fig/updated_modules.pdf  used on input line 486.
(pdftex.def)             Requested size: 438.17227pt x 415.98695pt.

LaTeX Warning: `!h' float specifier changed to `!ht'.

[10

] [11pdfTeX warning (ext4): destination with the same identifier (name{figure.3
.1}) has been already used, duplicate ignored

\AtBegShi@Output ...ipout \box \AtBeginShipoutBox 
                                                  \fi \fi 
l.497 T
       he most direct way is to buffer the kernels directly. This method is ...
 <./fig/updated_modules.pdf>] [12] [13] [14]
<./fig/Core.jpg, id=394, 2055.68pt x 1328.965pt>
File: ./fig/Core.jpg Graphic file (type jpg)
<use ./fig/Core.jpg>
Package pdftex.def Info: ./fig/Core.jpg  used on input line 593.
(pdftex.def)             Requested size: 438.17227pt x 283.26822pt.


LaTeX Warning: `!h' float specifier changed to `!ht'.

[15] [16pdfTeX warning (ext4): destination with the same identifier (name{figur
e.3.2}) has been already used, duplicate ignored

\AtBegShi@Output ...ipout \box \AtBeginShipoutBox 
                                                  \fi \fi 
l.620 \begin{enumerate}
                        <./fig/Core.jpg>]

pdfTeX warning: pdflatex (file ./fig/inputModule.pdf): PDF inclusion: found PDF
 version <1.7>, but at most version <1.5> allowed
<./fig/inputModule.pdf, id=406, 2092.81876pt x 1339.0025pt>
File: ./fig/inputModule.pdf Graphic file (type pdf)
<use ./fig/inputModule.pdf>
Package pdftex.def Info: ./fig/inputModule.pdf  used on input line 630.
(pdftex.def)             Requested size: 438.17227pt x 280.3407pt.
[17pdfTeX warning (ext4): destination with the same identifier (name{figure.3.3
}) has been already used, duplicate ignored

\AtBegShi@Output ...ipout \box \AtBeginShipoutBox 
                                                  \fi \fi 
l.638 
       <./fig/inputModule.pdf>] [18]

pdfTeX warning: pdflatex (file ./fig/outputModule.pdf): PDF inclusion: found PD
F version <1.7>, but at most version <1.5> allowed
<./fig/outputModule.pdf, id=429, 1836.8625pt x 926.46124pt>
File: ./fig/outputModule.pdf Graphic file (type pdf)
<use ./fig/outputModule.pdf>
Package pdftex.def Info: ./fig/outputModule.pdf  used on input line 685.
(pdftex.def)             Requested size: 438.17227pt x 220.99812pt.
[19] [20pdfTeX warning (ext4): destination with the same identifier (name{figur
e.3.4}) has been already used, duplicate ignored

\AtBegShi@Output ...ipout \box \AtBeginShipoutBox 
                                                  \fi \fi 
l.699 
       <./fig/outputModule.pdf>]
<./fig/Deadlock.jpg, id=450, 599.841pt x 197.83913pt>
File: ./fig/Deadlock.jpg Graphic file (type jpg)
<use ./fig/Deadlock.jpg>
Package pdftex.def Info: ./fig/Deadlock.jpg  used on input line 719.
(pdftex.def)             Requested size: 438.17227pt x 144.52399pt.


LaTeX Warning: `!h' float specifier changed to `!ht'.

[21] [22pdfTeX warning (ext4): destination with the same identifier (name{figur
e.3.5}) has been already used, duplicate ignored

\AtBegShi@Output ...ipout \box \AtBeginShipoutBox 
                                                  \fi \fi 
l.748 	\item s
              cale\_val and shift\_val are 32-bit and 16-bit value specifyin...
 <./fig/Deadlock.jpg>] [23] [24] [25]
Overfull \hbox (6.15921pt too wide) in paragraph at lines 873--873
 []|\OT1/cmr/m/n/12 Stage| 
 []


Overfull \hbox (2.16502pt too wide) in paragraph at lines 873--873
 []|\OT1/cmr/m/n/12 Computation 
 []


LaTeX Warning: Float too large for page by 62.29283pt on input line 879.


Overfull \hbox (11.38887pt too wide) in paragraph at lines 908--908
 []|\OT1/cmr/m/n/12 Architecture| 
 []


Overfull \hbox (8.67691pt too wide) in paragraph at lines 908--908
 \OT1/cmr/m/n/12 Method- 
 []


Overfull \hbox (9.43472pt too wide) in paragraph at lines 908--908
 []|\OT1/cmr/m/n/12 Throughput 
 []

[26] [27pdfTeX warning (ext4): destination with the same identifier (name{table
.3.1}) has been already used, duplicate ignored

\AtBegShi@Output ...ipout \box \AtBeginShipoutBox 
                                                  \fi \fi 
l.914 \chapter
              {Integration into a System-on-chip}] [28pdfTeX warning (ext4): de
stination with the same identifier (name{table.3.2}) has been already used, dup
licate ignored

\AtBegShi@Output ...ipout \box \AtBeginShipoutBox 
                                                  \fi \fi 
l.914 \chapter
              {Integration into a System-on-chip}]
Chapter 4.


pdfTeX warning: pdflatex (file ./fig/BlockDiagram.pdf): PDF inclusion: found PD
F version <1.7>, but at most version <1.5> allowed
<./fig/BlockDiagram.pdf, id=505, 646.415pt x 368.37625pt>
File: ./fig/BlockDiagram.pdf Graphic file (type pdf)
<use ./fig/BlockDiagram.pdf>
Package pdftex.def Info: ./fig/BlockDiagram.pdf  used on input line 923.
(pdftex.def)             Requested size: 438.17227pt x 249.70558pt.

LaTeX Warning: `!h' float specifier changed to `!ht'.


Package hyperref Warning: Difference (2) between bookmark levels is greater 
(hyperref)                than one, level fixed on input line 929.

Excluding 'comment' comment. [29

] [30pdfTeX warning (ext4): destination with the same identifier (name{figure.4
.1}) has been already used, duplicate ignored

\AtBegShi@Output ...ipout \box \AtBeginShipoutBox 
                                                  \fi \fi 
l.990 
       <./fig/BlockDiagram.pdf>] [31]
Overfull \hbox (11.55415pt too wide) in paragraph at lines 1048--1048
 []|\OT1/cmr/m/n/12 Performance 
 []


Underfull \hbox (badness 10000) in paragraph at lines 1014--1049
[][]
 []

[32pdfTeX warning (ext4): destination with the same identifier (name{table.4.1}
) has been already used, duplicate ignored

\AtBegShi@Output ...ipout \box \AtBeginShipoutBox 
                                                  \fi \fi 
l.1057 
       ] Excluding 'comment' comment. [33]
Chapter 5.
[34

] Excluding 'comment' comment. (./report.bbl [35] [36

] [37])
Package atveryend Info: Empty hook `BeforeClearDocument' on input line 1151.
 [38]
Package atveryend Info: Empty hook `AfterLastShipout' on input line 1151.

(./report.aux)
Package atveryend Info: Executing hook `AtVeryEndDocument' on input line 1151.
Package atveryend Info: Executing hook `AtEndAfterFileList' on input line 1151.

Package rerunfilecheck Info: File `report.out' has not changed.
(rerunfilecheck)             Checksum: 36A531715085667AB44F1DDECCEF99DC;2369.


LaTeX Warning: There were undefined references.

Package atveryend Info: Empty hook `AtVeryVeryEnd' on input line 1151.
 ) 
Here is how much of TeX's memory you used:
 10411 strings out of 483107
 156492 string characters out of 5964631
 474778 words of memory out of 5000000
 25091 multiletter control sequences out of 15000+600000
 539032 words of font info for 47 fonts, out of 8000000 for 9000
 59 hyphenation exceptions out of 8191
 37i,12n,37p,1496b,580s stack positions out of 5000i,500n,10000p,200000b,80000s
 </home/aiml/.texlive2019/texmf-var/fonts/pk/ljfour/jknappen/ec/tcrm1200.600p
k></usr/share/texlive/texmf-dist/fonts/type1/public/amsfonts/cm/cmbx12.pfb></us
r/share/texlive/texmf-dist/fonts/type1/public/amsfonts/cm/cmmi12.pfb></usr/shar
e/texlive/texmf-dist/fonts/type1/public/amsfonts/cm/cmmi8.pfb></usr/share/texli
ve/texmf-dist/fonts/type1/public/amsfonts/cm/cmr10.pfb></usr/share/texlive/texm
f-dist/fonts/type1/public/amsfonts/cm/cmr12.pfb></usr/share/texlive/texmf-dist/
fonts/type1/public/amsfonts/cm/cmr6.pfb></usr/share/texlive/texmf-dist/fonts/ty
pe1/public/amsfonts/cm/cmr8.pfb></usr/share/texlive/texmf-dist/fonts/type1/publ
ic/amsfonts/cm/cmsy10.pfb></usr/share/texlive/texmf-dist/fonts/type1/public/ams
fonts/cm/cmsy8.pfb></usr/share/texlive/texmf-dist/fonts/type1/public/amsfonts/c
m/cmti12.pfb></usr/share/texlive/texmf-dist/fonts/type1/public/amsfonts/cm/cmtt
12.pfb>
Output written on report.pdf (47 pages, 598769 bytes).
PDF statistics:
 633 PDF objects out of 1000 (max. 8388607)
 552 compressed objects within 6 object streams
 139 named destinations out of 1000 (max. 500000)
 334 words of extra memory for PDF output out of 10000 (max. 10000000)

