xilinx rtfpga
WARNING: [Synth 8-6014] Unused sequential element placegen[1].placeBlock.pI/CapGtOne.token_latch_reg was removed.  [/home/aiml/Desktop/IITB_AI_ML/KC705_WITH_DRAM/UNET/vhdl_libs/ahir.vhdl:14858]
WARNING: [Synth 8-6014] Unused sequential element placegen[2].placeBlock.pI/CapGtOne.token_latch_reg was removed.  [/home/aiml/Desktop/IITB_AI_ML/KC705_WITH_DRAM/UNET/vhdl_libs/ahir.vhdl:14858]
WARNING: [Synth 8-6014] Unused sequential element placegen[1].placeBlock.pI/CapGtOne.token_latch_reg was removed.  [/home/aiml/Desktop/IITB_AI_ML/KC705_WITH_DRAM/UNET/vhdl_libs/ahir.vhdl:14858]
WARNING: [Synth 8-6014] Unused sequential element placegen[2].placeBlock.pI/CapGtOne.token_latch_reg was removed.  [/home/aiml/Desktop/IITB_AI_ML/KC705_WITH_DRAM/UNET/vhdl_libs/ahir.vhdl:14858]
WARNING: [Synth 8-6014] Unused sequential element placegen[1].placeBlock.pI/CapGtOne.token_latch_reg was removed.  [/home/aiml/Desktop/IITB_AI_ML/KC705_WITH_DRAM/UNET/vhdl_libs/ahir.vhdl:14858]
WARNING: [Synth 8-6014] Unused sequential element placegen[2].placeBlock.pI/CapGtOne.token_latch_reg was removed.  [/home/aiml/Desktop/IITB_AI_ML/KC705_WITH_DRAM/UNET/vhdl_libs/ahir.vhdl:14858]
WARNING: [Synth 8-6014] Unused sequential element placegen[1].placeBlock.pI/CapGtOne.token_latch_reg was removed.  [/home/aiml/Desktop/IITB_AI_ML/KC705_WITH_DRAM/UNET/vhdl_libs/ahir.vhdl:14858]
WARNING: [Synth 8-6014] Unused sequential element placegen[2].placeBlock.pI/CapGtOne.token_latch_reg was removed.  [/home/aiml/Desktop/IITB_AI_ML/KC705_WITH_DRAM/UNET/vhdl_libs/ahir.vhdl:14858]
WARNING: [Synth 8-6014] Unused sequential element placegen[1].placeBlock.pI/CapGtOne.token_latch_reg was removed.  [/home/aiml/Desktop/IITB_AI_ML/KC705_WITH_DRAM/UNET/vhdl_libs/ahir.vhdl:14858]
WARNING: [Synth 8-6014] Unused sequential element placegen[3].placeBlock.pI/CapGtOne.token_latch_reg was removed.  [/home/aiml/Desktop/IITB_AI_ML/KC705_WITH_DRAM/UNET/vhdl_libs/ahir.vhdl:14858]
WARNING: [Synth 8-6014] Unused sequential element placegen[1].placeBlock.pI/CapGtOne.token_latch_reg was removed.  [/home/aiml/Desktop/IITB_AI_ML/KC705_WITH_DRAM/UNET/vhdl_libs/ahir.vhdl:14858]
WARNING: [Synth 8-6014] Unused sequential element placegen[3].placeBlock.pI/CapGtOne.token_latch_reg was removed.  [/home/aiml/Desktop/IITB_AI_ML/KC705_WITH_DRAM/UNET/vhdl_libs/ahir.vhdl:14858]
WARNING: [Synth 8-6014] Unused sequential element placegen[1].placeBlock.pI/CapGtOne.token_latch_reg was removed.  [/home/aiml/Desktop/IITB_AI_ML/KC705_WITH_DRAM/UNET/vhdl_libs/ahir.vhdl:14858]
WARNING: [Synth 8-6014] Unused sequential element placegen[2].placeBlock.pI/CapGtOne.token_latch_reg was removed.  [/home/aiml/Desktop/IITB_AI_ML/KC705_WITH_DRAM/UNET/vhdl_libs/ahir.vhdl:14858]
WARNING: [Synth 8-6014] Unused sequential element placegen[1].placeBlock.pI/CapGtOne.token_latch_reg was removed.  [/home/aiml/Desktop/IITB_AI_ML/KC705_WITH_DRAM/UNET/vhdl_libs/ahir.vhdl:14858]
WARNING: [Synth 8-6014] Unused sequential element placegen[3].placeBlock.pI/CapGtOne.token_latch_reg was removed.  [/home/aiml/Desktop/IITB_AI_ML/KC705_WITH_DRAM/UNET/vhdl_libs/ahir.vhdl:14858]
WARNING: [Synth 8-6014] Unused sequential element placegen[1].placeBlock.pI/CapGtOne.token_latch_reg was removed.  [/home/aiml/Desktop/IITB_AI_ML/KC705_WITH_DRAM/UNET/vhdl_libs/ahir.vhdl:14858]
WARNING: [Synth 8-6014] Unused sequential element placegen[3].placeBlock.pI/CapGtOne.token_latch_reg was removed.  [/home/aiml/Desktop/IITB_AI_ML/KC705_WITH_DRAM/UNET/vhdl_libs/ahir.vhdl:14858]
WARNING: [Synth 8-6014] Unused sequential element placegen[1].placeBlock.pI/CapGtOne.token_latch_reg was removed.  [/home/aiml/Desktop/IITB_AI_ML/KC705_WITH_DRAM/UNET/vhdl_libs/ahir.vhdl:14858]
WARNING: [Synth 8-6014] Unused sequential element placegen[2].placeBlock.pI/CapGtOne.token_latch_reg was removed.  [/home/aiml/Desktop/IITB_AI_ML/KC705_WITH_DRAM/UNET/vhdl_libs/ahir.vhdl:14858]
WARNING: [Synth 8-6014] Unused sequential element placegen[1].placeBlock.pI/CapGtOne.token_latch_reg was removed.  [/home/aiml/Desktop/IITB_AI_ML/KC705_WITH_DRAM/UNET/vhdl_libs/ahir.vhdl:14858]
WARNING: [Synth 8-6014] Unused sequential element placegen[3].placeBlock.pI/CapGtOne.token_latch_reg was removed.  [/home/aiml/Desktop/IITB_AI_ML/KC705_WITH_DRAM/UNET/vhdl_libs/ahir.vhdl:14858]
WARNING: [Synth 8-6014] Unused sequential element placegen[1].placeBlock.pI/CapGtOne.token_latch_reg was removed.  [/home/aiml/Desktop/IITB_AI_ML/KC705_WITH_DRAM/UNET/vhdl_libs/ahir.vhdl:14858]
WARNING: [Synth 8-6014] Unused sequential element placegen[3].placeBlock.pI/CapGtOne.token_latch_reg was removed.  [/home/aiml/Desktop/IITB_AI_ML/KC705_WITH_DRAM/UNET/vhdl_libs/ahir.vhdl:14858]
WARNING: [Synth 8-6014] Unused sequential element placegen[1].placeBlock.pI/CapGtOne.token_latch_reg was removed.  [/home/aiml/Desktop/IITB_AI_ML/KC705_WITH_DRAM/UNET/vhdl_libs/ahir.vhdl:14858]
WARNING: [Synth 8-6014] Unused sequential element placegen[2].placeBlock.pI/CapGtOne.token_latch_reg was removed.  [/home/aiml/Desktop/IITB_AI_ML/KC705_WITH_DRAM/UNET/vhdl_libs/ahir.vhdl:14858]
WARNING: [Synth 8-6014] Unused sequential element placegen[1].placeBlock.pI/CapGtOne.token_latch_reg was removed.  [/home/aiml/Desktop/IITB_AI_ML/KC705_WITH_DRAM/UNET/vhdl_libs/ahir.vhdl:14858]
WARNING: [Synth 8-6014] Unused sequential element placegen[2].placeBlock.pI/CapGtOne.token_latch_reg was removed.  [/home/aiml/Desktop/IITB_AI_ML/KC705_WITH_DRAM/UNET/vhdl_libs/ahir.vhdl:14858]
WARNING: [Synth 8-6014] Unused sequential element placegen[1].placeBlock.pI/CapGtOne.token_latch_reg was removed.  [/home/aiml/Desktop/IITB_AI_ML/KC705_WITH_DRAM/UNET/vhdl_libs/ahir.vhdl:14858]
WARNING: [Synth 8-6014] Unused sequential element placegen[2].placeBlock.pI/CapGtOne.token_latch_reg was removed.  [/home/aiml/Desktop/IITB_AI_ML/KC705_WITH_DRAM/UNET/vhdl_libs/ahir.vhdl:14858]
WARNING: [Synth 8-6014] Unused sequential element placegen[1].placeBlock.pI/CapGtOne.token_latch_reg was removed.  [/home/aiml/Desktop/IITB_AI_ML/KC705_WITH_DRAM/UNET/vhdl_libs/ahir.vhdl:14858]
WARNING: [Synth 8-6014] Unused sequential element placegen[2].placeBlock.pI/CapGtOne.token_latch_reg was removed.  [/home/aiml/Desktop/IITB_AI_ML/KC705_WITH_DRAM/UNET/vhdl_libs/ahir.vhdl:14858]
WARNING: [Synth 8-6014] Unused sequential element placegen[1].placeBlock.pI/CapGtOne.token_latch_reg was removed.  [/home/aiml/Desktop/IITB_AI_ML/KC705_WITH_DRAM/UNET/vhdl_libs/ahir.vhdl:14858]
WARNING: [Synth 8-6014] Unused sequential element placegen[3].placeBlock.pI/CapGtOne.token_latch_reg was removed.  [/home/aiml/Desktop/IITB_AI_ML/KC705_WITH_DRAM/UNET/vhdl_libs/ahir.vhdl:14858]
WARNING: [Synth 8-6014] Unused sequential element placegen[1].placeBlock.pI/CapGtOne.token_latch_reg was removed.  [/home/aiml/Desktop/IITB_AI_ML/KC705_WITH_DRAM/UNET/vhdl_libs/ahir.vhdl:14858]
WARNING: [Synth 8-6014] Unused sequential element placegen[3].placeBlock.pI/CapGtOne.token_latch_reg was removed.  [/home/aiml/Desktop/IITB_AI_ML/KC705_WITH_DRAM/UNET/vhdl_libs/ahir.vhdl:14858]
WARNING: [Synth 8-6014] Unused sequential element placegen[1].placeBlock.pI/CapGtOne.token_latch_reg was removed.  [/home/aiml/Desktop/IITB_AI_ML/KC705_WITH_DRAM/UNET/vhdl_libs/ahir.vhdl:14858]
WARNING: [Synth 8-6014] Unused sequential element placegen[2].placeBlock.pI/CapGtOne.token_latch_reg was removed.  [/home/aiml/Desktop/IITB_AI_ML/KC705_WITH_DRAM/UNET/vhdl_libs/ahir.vhdl:14858]
WARNING: [Synth 8-6014] Unused sequential element placegen[1].placeBlock.pI/CapGtOne.token_latch_reg was removed.  [/home/aiml/Desktop/IITB_AI_ML/KC705_WITH_DRAM/UNET/vhdl_libs/ahir.vhdl:14858]
WARNING: [Synth 8-6014] Unused sequential element placegen[3].placeBlock.pI/CapGtOne.token_latch_reg was removed.  [/home/aiml/Desktop/IITB_AI_ML/KC705_WITH_DRAM/UNET/vhdl_libs/ahir.vhdl:14858]
WARNING: [Synth 8-6014] Unused sequential element placegen[1].placeBlock.pI/CapGtOne.token_latch_reg was removed.  [/home/aiml/Desktop/IITB_AI_ML/KC705_WITH_DRAM/UNET/vhdl_libs/ahir.vhdl:14858]
WARNING: [Synth 8-6014] Unused sequential element placegen[3].placeBlock.pI/CapGtOne.token_latch_reg was removed.  [/home/aiml/Desktop/IITB_AI_ML/KC705_WITH_DRAM/UNET/vhdl_libs/ahir.vhdl:14858]
WARNING: [Synth 8-6014] Unused sequential element placegen[1].placeBlock.pI/CapGtOne.token_latch_reg was removed.  [/home/aiml/Desktop/IITB_AI_ML/KC705_WITH_DRAM/UNET/vhdl_libs/ahir.vhdl:14858]
WARNING: [Synth 8-6014] Unused sequential element placegen[2].placeBlock.pI/CapGtOne.token_latch_reg was removed.  [/home/aiml/Desktop/IITB_AI_ML/KC705_WITH_DRAM/UNET/vhdl_libs/ahir.vhdl:14858]
WARNING: [Synth 8-6014] Unused sequential element placegen[1].placeBlock.pI/CapGtOne.token_latch_reg was removed.  [/home/aiml/Desktop/IITB_AI_ML/KC705_WITH_DRAM/UNET/vhdl_libs/ahir.vhdl:14858]
WARNING: [Synth 8-6014] Unused sequential element placegen[3].placeBlock.pI/CapGtOne.token_latch_reg was removed.  [/home/aiml/Desktop/IITB_AI_ML/KC705_WITH_DRAM/UNET/vhdl_libs/ahir.vhdl:14858]
WARNING: [Synth 8-6014] Unused sequential element placegen[1].placeBlock.pI/CapGtOne.token_latch_reg was removed.  [/home/aiml/Desktop/IITB_AI_ML/KC705_WITH_DRAM/UNET/vhdl_libs/ahir.vhdl:14858]
WARNING: [Synth 8-6014] Unused sequential element placegen[3].placeBlock.pI/CapGtOne.token_latch_reg was removed.  [/home/aiml/Desktop/IITB_AI_ML/KC705_WITH_DRAM/UNET/vhdl_libs/ahir.vhdl:14858]
WARNING: [Synth 8-6014] Unused sequential element placegen[1].placeBlock.pI/CapGtOne.token_latch_reg was removed.  [/home/aiml/Desktop/IITB_AI_ML/KC705_WITH_DRAM/UNET/vhdl_libs/ahir.vhdl:14858]
WARNING: [Synth 8-6014] Unused sequential element placegen[2].placeBlock.pI/CapGtOne.token_latch_reg was removed.  [/home/aiml/Desktop/IITB_AI_ML/KC705_WITH_DRAM/UNET/vhdl_libs/ahir.vhdl:14858]
WARNING: [Synth 8-6014] Unused sequential element placegen[1].placeBlock.pI/CapGtOne.token_latch_reg was removed.  [/home/aiml/Desktop/IITB_AI_ML/KC705_WITH_DRAM/UNET/vhdl_libs/ahir.vhdl:14858]
WARNING: [Synth 8-6014] Unused sequential element placegen[2].placeBlock.pI/CapGtOne.token_latch_reg was removed.  [/home/aiml/Desktop/IITB_AI_ML/KC705_WITH_DRAM/UNET/vhdl_libs/ahir.vhdl:14858]
WARNING: [Synth 8-6014] Unused sequential element placegen[2].placeBlock.pI/CapGtOne.token_latch_reg was removed.  [/home/aiml/Desktop/IITB_AI_ML/KC705_WITH_DRAM/UNET/vhdl_libs/ahir.vhdl:14858]
WARNING: [Synth 8-6014] Unused sequential element placegen[3].placeBlock.pI/CapGtOne.token_latch_reg was removed.  [/home/aiml/Desktop/IITB_AI_ML/KC705_WITH_DRAM/UNET/vhdl_libs/ahir.vhdl:14858]
WARNING: [Synth 8-6014] Unused sequential element placegen[2].placeBlock.pI/CapGtOne.token_latch_reg was removed.  [/home/aiml/Desktop/IITB_AI_ML/KC705_WITH_DRAM/UNET/vhdl_libs/ahir.vhdl:14858]
WARNING: [Synth 8-6014] Unused sequential element placegen[3].placeBlock.pI/CapGtOne.token_latch_reg was removed.  [/home/aiml/Desktop/IITB_AI_ML/KC705_WITH_DRAM/UNET/vhdl_libs/ahir.vhdl:14858]
WARNING: [Synth 8-6014] Unused sequential element placegen[1].placeBlock.pI/CapGtOne.token_latch_reg was removed.  [/home/aiml/Desktop/IITB_AI_ML/KC705_WITH_DRAM/UNET/vhdl_libs/ahir.vhdl:14858]
WARNING: [Synth 8-6014] Unused sequential element placegen[2].placeBlock.pI/CapGtOne.token_latch_reg was removed.  [/home/aiml/Desktop/IITB_AI_ML/KC705_WITH_DRAM/UNET/vhdl_libs/ahir.vhdl:14858]
WARNING: [Synth 8-6014] Unused sequential element placegen[1].placeBlock.pI/CapGtOne.token_latch_reg was removed.  [/home/aiml/Desktop/IITB_AI_ML/KC705_WITH_DRAM/UNET/vhdl_libs/ahir.vhdl:14858]
WARNING: [Synth 8-6014] Unused sequential element placegen[2].placeBlock.pI/CapGtOne.token_latch_reg was removed.  [/home/aiml/Desktop/IITB_AI_ML/KC705_WITH_DRAM/UNET/vhdl_libs/ahir.vhdl:14858]
WARNING: [Synth 8-6014] Unused sequential element placegen[2].placeBlock.pI/CapGtOne.token_latch_reg was removed.  [/home/aiml/Desktop/IITB_AI_ML/KC705_WITH_DRAM/UNET/vhdl_libs/ahir.vhdl:14858]
WARNING: [Synth 8-6014] Unused sequential element placegen[3].placeBlock.pI/CapGtOne.token_latch_reg was removed.  [/home/aiml/Desktop/IITB_AI_ML/KC705_WITH_DRAM/UNET/vhdl_libs/ahir.vhdl:14858]
WARNING: [Synth 8-6014] Unused sequential element placegen[2].placeBlock.pI/CapGtOne.token_latch_reg was removed.  [/home/aiml/Desktop/IITB_AI_ML/KC705_WITH_DRAM/UNET/vhdl_libs/ahir.vhdl:14858]
WARNING: [Synth 8-6014] Unused sequential element placegen[3].placeBlock.pI/CapGtOne.token_latch_reg was removed.  [/home/aiml/Desktop/IITB_AI_ML/KC705_WITH_DRAM/UNET/vhdl_libs/ahir.vhdl:14858]
INFO: [Synth 8-4471] merging register 'in_buffer_unload_req_symbol_join.gj_in_buffer_unload_req_symbol_join/placegen[2].placeBlock.dly/UnitDelay.ack_reg' into 'out_buffer_write_req_symbol_join.gj_out_buffer_write_req_symbol_join/placegen[2].placeBlock.dly/UnitDelay.ack_reg' [/home/aiml/Desktop/IITB_AI_ML/KC705_WITH_DRAM/UNET/vhdl_libs/ahir.vhdl:13367]
WARNING: [Synth 8-6014] Unused sequential element data_path.OutportGroup_28.conv5_kp1_write_28/BufGen[0].update_ack_reg was removed.  [/home/aiml/Desktop/IITB_AI_ML/KC705_WITH_DRAM/UNET/vhdl_libs/ahir.vhdl:27424]
WARNING: [Synth 8-6014] Unused sequential element data_path.OutportGroup_29.conv5_kp2_write_29/BufGen[0].update_ack_reg was removed.  [/home/aiml/Desktop/IITB_AI_ML/KC705_WITH_DRAM/UNET/vhdl_libs/ahir.vhdl:27424]
WARNING: [Synth 8-6014] Unused sequential element data_path.OutportGroup_30.conv5_kp3_write_30/BufGen[0].update_ack_reg was removed.  [/home/aiml/Desktop/IITB_AI_ML/KC705_WITH_DRAM/UNET/vhdl_libs/ahir.vhdl:27424]
WARNING: [Synth 8-6014] Unused sequential element data_path.OutportGroup_34.conv7_kp1_write_34/BufGen[0].update_ack_reg was removed.  [/home/aiml/Desktop/IITB_AI_ML/KC705_WITH_DRAM/UNET/vhdl_libs/ahir.vhdl:27424]
WARNING: [Synth 8-6014] Unused sequential element data_path.OutportGroup_35.conv7_kp2_write_35/BufGen[0].update_ack_reg was removed.  [/home/aiml/Desktop/IITB_AI_ML/KC705_WITH_DRAM/UNET/vhdl_libs/ahir.vhdl:27424]
WARNING: [Synth 8-6014] Unused sequential element data_path.OutportGroup_36.conv7_kp3_write_36/BufGen[0].update_ack_reg was removed.  [/home/aiml/Desktop/IITB_AI_ML/KC705_WITH_DRAM/UNET/vhdl_libs/ahir.vhdl:27424]
WARNING: [Synth 8-6014] Unused sequential element data_path.OutportGroup_40.conv_ip1_write_40/BufGen[0].update_ack_reg was removed.  [/home/aiml/Desktop/IITB_AI_ML/KC705_WITH_DRAM/UNET/vhdl_libs/ahir.vhdl:27424]
WARNING: [Synth 8-6014] Unused sequential element data_path.OutportGroup_43.conv_ip4_write_43/BufGen[0].update_ack_reg was removed.  [/home/aiml/Desktop/IITB_AI_ML/KC705_WITH_DRAM/UNET/vhdl_libs/ahir.vhdl:27424]
WARNING: [Synth 8-6014] Unused sequential element in_buffer_unload_req_symbol_join.gj_in_buffer_unload_req_symbol_join/placegen[2].placeBlock.dly/UnitDelay.ack_reg was removed.  [/home/aiml/Desktop/IITB_AI_ML/KC705_WITH_DRAM/UNET/vhdl_libs/ahir.vhdl:13367]
INFO: [Synth 8-5546] ROM "result" won't be mapped to RAM because it is too sparse
WARNING: [Synth 8-6014] Unused sequential element convolveCore_CP_3682.convolveCore_cp_element_group_2957.gj_convolveCore_cp_element_group_2957/placegen[1].placeBlock.pI/CapGtOne.token_latch_reg was removed.  [/home/aiml/Desktop/IITB_AI_ML/KC705_WITH_DRAM/UNET/vhdl_libs/ahir.vhdl:14858]
WARNING: [Synth 8-6014] Unused sequential element convolveCore_CP_3682.convolveCore_cp_element_group_2953.gj_convolveCore_cp_element_group_2953/placegen[1].placeBlock.pI/CapGtOne.token_latch_reg was removed.  [/home/aiml/Desktop/IITB_AI_ML/KC705_WITH_DRAM/UNET/vhdl_libs/ahir.vhdl:14858]
WARNING: [Synth 8-6014] Unused sequential element convolveCore_CP_3682.convolveCore_cp_element_group_2849.gj_convolveCore_cp_element_group_2849/placegen[1].placeBlock.pI/CapGtOne.token_latch_reg was removed.  [/home/aiml/Desktop/IITB_AI_ML/KC705_WITH_DRAM/UNET/vhdl_libs/ahir.vhdl:14858]
WARNING: [Synth 8-6014] Unused sequential element convolveCore_CP_3682.convolveCore_cp_element_group_2845.gj_convolveCore_cp_element_group_2845/placegen[1].placeBlock.pI/CapGtOne.token_latch_reg was removed.  [/home/aiml/Desktop/IITB_AI_ML/KC705_WITH_DRAM/UNET/vhdl_libs/ahir.vhdl:14858]
WARNING: [Synth 8-6014] Unused sequential element convolveCore_CP_3682.convolveCore_cp_element_group_2741.gj_convolveCore_cp_element_group_2741/placegen[1].placeBlock.pI/CapGtOne.token_latch_reg was removed.  [/home/aiml/Desktop/IITB_AI_ML/KC705_WITH_DRAM/UNET/vhdl_libs/ahir.vhdl:14858]
WARNING: [Synth 8-6014] Unused sequential element convolveCore_CP_3682.convolveCore_cp_element_group_2737.gj_convolveCore_cp_element_group_2737/placegen[1].placeBlock.pI/CapGtOne.token_latch_reg was removed.  [/home/aiml/Desktop/IITB_AI_ML/KC705_WITH_DRAM/UNET/vhdl_libs/ahir.vhdl:14858]
WARNING: [Synth 8-6014] Unused sequential element convolveCore_CP_3682.convolveCore_cp_element_group_2612.gj_convolveCore_cp_element_group_2612/placegen[1].placeBlock.pI/CapGtOne.token_latch_reg was removed.  [/home/aiml/Desktop/IITB_AI_ML/KC705_WITH_DRAM/UNET/vhdl_libs/ahir.vhdl:14858]
WARNING: [Synth 8-6014] Unused sequential element convolveCore_CP_3682.convolveCore_cp_element_group_2608.gj_convolveCore_cp_element_group_2608/placegen[1].placeBlock.pI/CapGtOne.token_latch_reg was removed.  [/home/aiml/Desktop/IITB_AI_ML/KC705_WITH_DRAM/UNET/vhdl_libs/ahir.vhdl:14858]
WARNING: [Synth 8-6014] Unused sequential element convolveCore_CP_3682.convolveCore_cp_element_group_2504.gj_convolveCore_cp_element_group_2504/placegen[1].placeBlock.pI/CapGtOne.token_latch_reg was removed.  [/home/aiml/Desktop/IITB_AI_ML/KC705_WITH_DRAM/UNET/vhdl_libs/ahir.vhdl:14858]
WARNING: [Synth 8-6014] Unused sequential element convolveCore_CP_3682.convolveCore_cp_element_group_2500.gj_convolveCore_cp_element_group_2500/placegen[1].placeBlock.pI/CapGtOne.token_latch_reg was removed.  [/home/aiml/Desktop/IITB_AI_ML/KC705_WITH_DRAM/UNET/vhdl_libs/ahir.vhdl:14858]
WARNING: [Synth 8-6014] Unused sequential element convolveCore_CP_3682.convolveCore_cp_element_group_2396.gj_convolveCore_cp_element_group_2396/placegen[1].placeBlock.pI/CapGtOne.token_latch_reg was removed.  [/home/aiml/Desktop/IITB_AI_ML/KC705_WITH_DRAM/UNET/vhdl_libs/ahir.vhdl:14858]
WARNING: [Synth 8-6014] Unused sequential element convolveCore_CP_3682.convolveCore_cp_element_group_2392.gj_convolveCore_cp_element_group_2392/placegen[1].placeBlock.pI/CapGtOne.token_latch_reg was removed.  [/home/aiml/Desktop/IITB_AI_ML/KC705_WITH_DRAM/UNET/vhdl_libs/ahir.vhdl:14858]
WARNING: [Synth 8-6014] Unused sequential element convolveCore_CP_3682.convolveCore_cp_element_group_2267.gj_convolveCore_cp_element_group_2267/placegen[1].placeBlock.pI/CapGtOne.token_latch_reg was removed.  [/home/aiml/Desktop/IITB_AI_ML/KC705_WITH_DRAM/UNET/vhdl_libs/ahir.vhdl:14858]
WARNING: [Synth 8-6014] Unused sequential element convolveCore_CP_3682.convolveCore_cp_element_group_2263.gj_convolveCore_cp_element_group_2263/placegen[1].placeBlock.pI/CapGtOne.token_latch_reg was removed.  [/home/aiml/Desktop/IITB_AI_ML/KC705_WITH_DRAM/UNET/vhdl_libs/ahir.vhdl:14858]
WARNING: [Synth 8-6014] Unused sequential element convolveCore_CP_3682.convolveCore_cp_element_group_2155.gj_convolveCore_cp_element_group_2155/placegen[1].placeBlock.pI/CapGtOne.token_latch_reg was removed.  [/home/aiml/Desktop/IITB_AI_ML/KC705_WITH_DRAM/UNET/vhdl_libs/ahir.vhdl:14858]
WARNING: [Synth 8-6014] Unused sequential element convolveCore_CP_3682.convolveCore_cp_element_group_2047.gj_convolveCore_cp_element_group_2047/placegen[1].placeBlock.pI/CapGtOne.token_latch_reg was removed.  [/home/aiml/Desktop/IITB_AI_ML/KC705_WITH_DRAM/UNET/vhdl_libs/ahir.vhdl:14858]
WARNING: [Synth 8-6014] Unused sequential element convolveCore_CP_3682.convolveCore_cp_element_group_1922.gj_convolveCore_cp_element_group_1922/placegen[1].placeBlock.pI/CapGtOne.token_latch_reg was removed.  [/home/aiml/Desktop/IITB_AI_ML/KC705_WITH_DRAM/UNET/vhdl_libs/ahir.vhdl:14858]
WARNING: [Synth 8-6014] Unused sequential element convolveCore_CP_3682.convolveCore_cp_element_group_1918.gj_convolveCore_cp_element_group_1918/placegen[1].placeBlock.pI/CapGtOne.token_latch_reg was removed.  [/home/aiml/Desktop/IITB_AI_ML/KC705_WITH_DRAM/UNET/vhdl_libs/ahir.vhdl:14858]
WARNING: [Synth 8-6014] Unused sequential element convolveCore_CP_3682.convolveCore_cp_element_group_1814.gj_convolveCore_cp_element_group_1814/placegen[1].placeBlock.pI/CapGtOne.token_latch_reg was removed.  [/home/aiml/Desktop/IITB_AI_ML/KC705_WITH_DRAM/UNET/vhdl_libs/ahir.vhdl:14858]
WARNING: [Synth 8-6014] Unused sequential element convolveCore_CP_3682.convolveCore_cp_element_group_1810.gj_convolveCore_cp_element_group_1810/placegen[1].placeBlock.pI/CapGtOne.token_latch_reg was removed.  [/home/aiml/Desktop/IITB_AI_ML/KC705_WITH_DRAM/UNET/vhdl_libs/ahir.vhdl:14858]
WARNING: [Synth 8-6014] Unused sequential element convolveCore_CP_3682.convolveCore_cp_element_group_1706.gj_convolveCore_cp_element_group_1706/placegen[1].placeBlock.pI/CapGtOne.token_latch_reg was removed.  [/home/aiml/Desktop/IITB_AI_ML/KC705_WITH_DRAM/UNET/vhdl_libs/ahir.vhdl:14858]
WARNING: [Synth 8-6014] Unused sequential element convolveCore_CP_3682.convolveCore_cp_element_group_1702.gj_convolveCore_cp_element_group_1702/placegen[1].placeBlock.pI/CapGtOne.token_latch_reg was removed.  [/home/aiml/Desktop/IITB_AI_ML/KC705_WITH_DRAM/UNET/vhdl_libs/ahir.vhdl:14858]
WARNING: [Synth 8-6014] Unused sequential element convolveCore_CP_3682.convolveCore_cp_element_group_1573.gj_convolveCore_cp_element_group_1573/placegen[1].placeBlock.pI/CapGtOne.token_latch_reg was removed.  [/home/aiml/Desktop/IITB_AI_ML/KC705_WITH_DRAM/UNET/vhdl_libs/ahir.vhdl:14858]
WARNING: [Synth 8-6014] Unused sequential element convolveCore_CP_3682.convolveCore_cp_element_group_1465.gj_convolveCore_cp_element_group_1465/placegen[1].placeBlock.pI/CapGtOne.token_latch_reg was removed.  [/home/aiml/Desktop/IITB_AI_ML/KC705_WITH_DRAM/UNET/vhdl_libs/ahir.vhdl:14858]
WARNING: [Synth 8-6014] Unused sequential element convolveCore_CP_3682.convolveCore_cp_element_group_1357.gj_convolveCore_cp_element_group_1357/placegen[1].placeBlock.pI/CapGtOne.token_latch_reg was removed.  [/home/aiml/Desktop/IITB_AI_ML/KC705_WITH_DRAM/UNET/vhdl_libs/ahir.vhdl:14858]
WARNING: [Synth 8-6014] Unused sequential element convolveCore_CP_3682.convolveCore_cp_element_group_1228.gj_convolveCore_cp_element_group_1228/placegen[1].placeBlock.pI/CapGtOne.token_latch_reg was removed.  [/home/aiml/Desktop/IITB_AI_ML/KC705_WITH_DRAM/UNET/vhdl_libs/ahir.vhdl:14858]
WARNING: [Synth 8-6014] Unused sequential element convolveCore_CP_3682.convolveCore_cp_element_group_1120.gj_convolveCore_cp_element_group_1120/placegen[1].placeBlock.pI/CapGtOne.token_latch_reg was removed.  [/home/aiml/Desktop/IITB_AI_ML/KC705_WITH_DRAM/UNET/vhdl_libs/ahir.vhdl:14858]
INFO: [Common 17-14] Message 'Synth 8-6014' appears 100 times and further instances of the messages will be disabled. Use the Tcl command set_msg_config to change the current settings.
WARNING: [Synth 8-3917] design convolveCore__GB5 has port sr_out[0] driven by constant 0
WARNING: [Synth 8-3917] design convolveCore__GB5 has port O1206[0] driven by constant 0
WARNING: [Synth 8-3917] design convolveCore__GB5 has port O1208[0] driven by constant 0
WARNING: [Synth 8-3917] design convolveCore__GB5 has port O1210[0] driven by constant 0
WARNING: [Synth 8-3917] design convolveCore__GB5 has port O1212[0] driven by constant 0
WARNING: [Synth 8-3917] design convolveCore__GB5 has port O1214[0] driven by constant 0
WARNING: [Synth 8-3917] design convolveCore__GB5 has port O1216[0] driven by constant 0
WARNING: [Synth 8-3917] design convolveCore__GB5 has port O1218[0] driven by constant 0
WARNING: [Synth 8-3917] design convolveCore__GB5 has port O1220[0] driven by constant 0
WARNING: [Synth 8-3917] design convolveCore__GB5 has port O1222[0] driven by constant 0
WARNING: [Synth 8-3917] design convolveCore__GB5 has port O1224[0] driven by constant 0
WARNING: [Synth 8-3917] design convolveCore__GB5 has port O1226[0] driven by constant 0
WARNING: [Synth 8-3917] design convolveCore__GB5 has port O1228[0] driven by constant 0
INFO: [Synth 8-3886] merging instance 'data_path.ApIntToApIntSigned_group_1124.UnsharedOperator/noFlowThrough.ilb/NoFlowThrough.interlockBuf.buf/NotRevisedCase.ShallowCase.ulReg/noBypass.read_data_reg[7]' (FDRE) to 'data_path.ApIntToApIntSigned_group_1124.UnsharedOperator/noFlowThrough.ilb/NoFlowThrough.interlockBuf.buf/NotRevisedCase.ShallowCase.ulReg/noBypass.read_data_reg[8]'
INFO: [Synth 8-3886] merging instance 'data_path.ApIntToApIntSigned_group_1125.UnsharedOperator/noFlowThrough.ilb/NoFlowThrough.interlockBuf.buf/NotRevisedCase.ShallowCase.ulReg/noBypass.read_data_reg[7]' (FDRE) to 'data_path.ApIntToApIntSigned_group_1125.UnsharedOperator/noFlowThrough.ilb/NoFlowThrough.interlockBuf.buf/NotRevisedCase.ShallowCase.ulReg/noBypass.read_data_reg[8]'
INFO: [Synth 8-3886] merging instance 'data_path.ApIntToApIntSigned_group_1123.UnsharedOperator/noFlowThrough.ilb/NoFlowThrough.interlockBuf.buf/NotRevisedCase.ShallowCase.ulReg/noBypass.read_data_reg[7]' (FDRE) to 'data_path.ApIntToApIntSigned_group_1123.UnsharedOperator/noFlowThrough.ilb/NoFlowThrough.interlockBuf.buf/NotRevisedCase.ShallowCase.ulReg/noBypass.read_data_reg[8]'
INFO: [Synth 8-3886] merging instance 'data_path.ApIntToApIntSigned_group_1124.UnsharedOperator/noFlowThrough.ilb/NoFlowThrough.interlockBuf.buf/NotRevisedCase.ShallowCase.ulReg/noBypass.read_data_reg[8]' (FDRE) to 'data_path.ApIntToApIntSigned_group_1124.UnsharedOperator/noFlowThrough.ilb/NoFlowThrough.interlockBuf.buf/NotRevisedCase.ShallowCase.ulReg/noBypass.read_data_reg[9]'
INFO: [Synth 8-3886] merging instance 'data_path.ApIntToApIntSigned_group_1125.UnsharedOperator/noFlowThrough.ilb/NoFlowThrough.interlockBuf.buf/NotRevisedCase.ShallowCase.ulReg/noBypass.read_data_reg[8]' (FDRE) to 'data_path.ApIntToApIntSigned_group_1125.UnsharedOperator/noFlowThrough.ilb/NoFlowThrough.interlockBuf.buf/NotRevisedCase.ShallowCase.ulReg/noBypass.read_data_reg[9]'
INFO: [Synth 8-3886] merging instance 'data_path.ApIntToApIntSigned_group_1123.UnsharedOperator/noFlowThrough.ilb/NoFlowThrough.interlockBuf.buf/NotRevisedCase.ShallowCase.ulReg/noBypass.read_data_reg[8]' (FDRE) to 'data_path.ApIntToApIntSigned_group_1123.UnsharedOperator/noFlowThrough.ilb/NoFlowThrough.interlockBuf.buf/NotRevisedCase.ShallowCase.ulReg/noBypass.read_data_reg[9]'
INFO: [Synth 8-3886] merging instance 'data_path.ApIntToApIntSigned_group_1124.UnsharedOperator/noFlowThrough.ilb/NoFlowThrough.interlockBuf.buf/NotRevisedCase.ShallowCase.ulReg/noBypass.read_data_reg[9]' (FDRE) to 'data_path.ApIntToApIntSigned_group_1124.UnsharedOperator/noFlowThrough.ilb/NoFlowThrough.interlockBuf.buf/NotRevisedCase.ShallowCase.ulReg/noBypass.read_data_reg[10]'
INFO: [Synth 8-3886] merging instance 'data_path.ApIntToApIntSigned_group_1125.UnsharedOperator/noFlowThrough.ilb/NoFlowThrough.interlockBuf.buf/NotRevisedCase.ShallowCase.ulReg/noBypass.read_data_reg[9]' (FDRE) to 'data_path.ApIntToApIntSigned_group_1125.UnsharedOperator/noFlowThrough.ilb/NoFlowThrough.interlockBuf.buf/NotRevisedCase.ShallowCase.ulReg/noBypass.read_data_reg[10]'
INFO: [Synth 8-3886] merging instance 'data_path.ApIntToApIntSigned_group_1123.UnsharedOperator/noFlowThrough.ilb/NoFlowThrough.interlockBuf.buf/NotRevisedCase.ShallowCase.ulReg/noBypass.read_data_reg[9]' (FDRE) to 'data_path.ApIntToApIntSigned_group_1123.UnsharedOperator/noFlowThrough.ilb/NoFlowThrough.interlockBuf.buf/NotRevisedCase.ShallowCase.ulReg/noBypass.read_data_reg[10]'
INFO: [Synth 8-3886] merging instance 'data_path.ApIntToApIntSigned_group_1124.UnsharedOperator/noFlowThrough.ilb/NoFlowThrough.interlockBuf.buf/NotRevisedCase.ShallowCase.ulReg/noBypass.read_data_reg[10]' (FDRE) to 'data_path.ApIntToApIntSigned_group_1124.UnsharedOperator/noFlowThrough.ilb/NoFlowThrough.interlockBuf.buf/NotRevisedCase.ShallowCase.ulReg/noBypass.read_data_reg[11]'
INFO: [Synth 8-3886] merging instance 'data_path.ApIntToApIntSigned_group_1125.UnsharedOperator/noFlowThrough.ilb/NoFlowThrough.interlockBuf.buf/NotRevisedCase.ShallowCase.ulReg/noBypass.read_data_reg[10]' (FDRE) to 'data_path.ApIntToApIntSigned_group_1125.UnsharedOperator/noFlowThrough.ilb/NoFlowThrough.interlockBuf.buf/NotRevisedCase.ShallowCase.ulReg/noBypass.read_data_reg[11]'
INFO: [Synth 8-3886] merging instance 'data_path.ApIntToApIntSigned_group_1123.UnsharedOperator/noFlowThrough.ilb/NoFlowThrough.interlockBuf.buf/NotRevisedCase.ShallowCase.ulReg/noBypass.read_data_reg[10]' (FDRE) to 'data_path.ApIntToApIntSigned_group_1123.UnsharedOperator/noFlowThrough.ilb/NoFlowThrough.interlockBuf.buf/NotRevisedCase.ShallowCase.ulReg/noBypass.read_data_reg[11]'
INFO: [Synth 8-3886] merging instance 'data_path.ApIntToApIntSigned_group_1124.UnsharedOperator/noFlowThrough.ilb/NoFlowThrough.interlockBuf.buf/NotRevisedCase.ShallowCase.ulReg/noBypass.read_data_reg[11]' (FDRE) to 'data_path.ApIntToApIntSigned_group_1124.UnsharedOperator/noFlowThrough.ilb/NoFlowThrough.interlockBuf.buf/NotRevisedCase.ShallowCase.ulReg/noBypass.read_data_reg[12]'
INFO: [Synth 8-3886] merging instance 'data_path.ApIntToApIntSigned_group_1125.UnsharedOperator/noFlowThrough.ilb/NoFlowThrough.interlockBuf.buf/NotRevisedCase.ShallowCase.ulReg/noBypass.read_data_reg[11]' (FDRE) to 'data_path.ApIntToApIntSigned_group_1125.UnsharedOperator/noFlowThrough.ilb/NoFlowThrough.interlockBuf.buf/NotRevisedCase.ShallowCase.ulReg/noBypass.read_data_reg[12]'
INFO: [Synth 8-3886] merging instance 'data_path.ApIntToApIntSigned_group_1123.UnsharedOperator/noFlowThrough.ilb/NoFlowThrough.interlockBuf.buf/NotRevisedCase.ShallowCase.ulReg/noBypass.read_data_reg[11]' (FDRE) to 'data_path.ApIntToApIntSigned_group_1123.UnsharedOperator/noFlowThrough.ilb/NoFlowThrough.interlockBuf.buf/NotRevisedCase.ShallowCase.ulReg/noBypass.read_data_reg[12]'
INFO: [Synth 8-3886] merging instance 'data_path.ApIntToApIntSigned_group_1124.UnsharedOperator/noFlowThrough.ilb/NoFlowThrough.interlockBuf.buf/NotRevisedCase.ShallowCase.ulReg/noBypass.read_data_reg[12]' (FDRE) to 'data_path.ApIntToApIntSigned_group_1124.UnsharedOperator/noFlowThrough.ilb/NoFlowThrough.interlockBuf.buf/NotRevisedCase.ShallowCase.ulReg/noBypass.read_data_reg[13]'
INFO: [Synth 8-3886] merging instance 'data_path.ApIntToApIntSigned_group_1125.UnsharedOperator/noFlowThrough.ilb/NoFlowThrough.interlockBuf.buf/NotRevisedCase.ShallowCase.ulReg/noBypass.read_data_reg[12]' (FDRE) to 'data_path.ApIntToApIntSigned_group_1125.UnsharedOperator/noFlowThrough.ilb/NoFlowThrough.interlockBuf.buf/NotRevisedCase.ShallowCase.ulReg/noBypass.read_data_reg[13]'
INFO: [Synth 8-3886] merging instance 'data_path.ApIntToApIntSigned_group_1123.UnsharedOperator/noFlowThrough.ilb/NoFlowThrough.interlockBuf.buf/NotRevisedCase.ShallowCase.ulReg/noBypass.read_data_reg[12]' (FDRE) to 'data_path.ApIntToApIntSigned_group_1123.UnsharedOperator/noFlowThrough.ilb/NoFlowThrough.interlockBuf.buf/NotRevisedCase.ShallowCase.ulReg/noBypass.read_data_reg[13]'
INFO: [Synth 8-3886] merging instance 'data_path.ApIntToApIntSigned_group_1124.UnsharedOperator/noFlowThrough.ilb/NoFlowThrough.interlockBuf.buf/NotRevisedCase.ShallowCase.ulReg/noBypass.read_data_reg[13]' (FDRE) to 'data_path.ApIntToApIntSigned_group_1124.UnsharedOperator/noFlowThrough.ilb/NoFlowThrough.interlockBuf.buf/NotRevisedCase.ShallowCase.ulReg/noBypass.read_data_reg[14]'
INFO: [Synth 8-3886] merging instance 'data_path.ApIntToApIntSigned_group_1125.UnsharedOperator/noFlowThrough.ilb/NoFlowThrough.interlockBuf.buf/NotRevisedCase.ShallowCase.ulReg/noBypass.read_data_reg[13]' (FDRE) to 'data_path.ApIntToApIntSigned_group_1125.UnsharedOperator/noFlowThrough.ilb/NoFlowThrough.interlockBuf.buf/NotRevisedCase.ShallowCase.ulReg/noBypass.read_data_reg[14]'
INFO: [Synth 8-3886] merging instance 'data_path.ApIntToApIntSigned_group_1123.UnsharedOperator/noFlowThrough.ilb/NoFlowThrough.interlockBuf.buf/NotRevisedCase.ShallowCase.ulReg/noBypass.read_data_reg[13]' (FDRE) to 'data_path.ApIntToApIntSigned_group_1123.UnsharedOperator/noFlowThrough.ilb/NoFlowThrough.interlockBuf.buf/NotRevisedCase.ShallowCase.ulReg/noBypass.read_data_reg[14]'
INFO: [Synth 8-3886] merging instance 'data_path.ApIntToApIntSigned_group_1124.UnsharedOperator/noFlowThrough.ilb/NoFlowThrough.interlockBuf.buf/NotRevisedCase.ShallowCase.ulReg/noBypass.read_data_reg[14]' (FDRE) to 'data_path.ApIntToApIntSigned_group_1124.UnsharedOperator/noFlowThrough.ilb/NoFlowThrough.interlockBuf.buf/NotRevisedCase.ShallowCase.ulReg/noBypass.read_data_reg[15]'
INFO: [Synth 8-3886] merging instance 'data_path.ApIntToApIntSigned_group_1125.UnsharedOperator/noFlowThrough.ilb/NoFlowThrough.interlockBuf.buf/NotRevisedCase.ShallowCase.ulReg/noBypass.read_data_reg[14]' (FDRE) to 'data_path.ApIntToApIntSigned_group_1125.UnsharedOperator/noFlowThrough.ilb/NoFlowThrough.interlockBuf.buf/NotRevisedCase.ShallowCase.ulReg/noBypass.read_data_reg[15]'
INFO: [Synth 8-3886] merging instance 'data_path.ApIntToApIntSigned_group_1123.UnsharedOperator/noFlowThrough.ilb/NoFlowThrough.interlockBuf.buf/NotRevisedCase.ShallowCase.ulReg/noBypass.read_data_reg[14]' (FDRE) to 'data_path.ApIntToApIntSigned_group_1123.UnsharedOperator/noFlowThrough.ilb/NoFlowThrough.interlockBuf.buf/NotRevisedCase.ShallowCase.ulReg/noBypass.read_data_reg[15]'
INFO: [Synth 8-3886] merging instance 'data_path.ApIntToApIntSigned_group_1086.UnsharedOperator/noFlowThrough.ilb/NoFlowThrough.interlockBuf.buf/NotRevisedCase.ShallowCase.ulReg/noBypass.read_data_reg[7]' (FDRE) to 'data_path.ApIntToApIntSigned_group_1086.UnsharedOperator/noFlowThrough.ilb/NoFlowThrough.interlockBuf.buf/NotRevisedCase.ShallowCase.ulReg/noBypass.read_data_reg[8]'
INFO: [Synth 8-3886] merging instance 'data_path.ApIntToApIntSigned_group_1102.UnsharedOperator/noFlowThrough.ilb/NoFlowThrough.interlockBuf.buf/NotRevisedCase.ShallowCase.ulReg/noBypass.read_data_reg[7]' (FDRE) to 'data_path.ApIntToApIntSigned_group_1102.UnsharedOperator/noFlowThrough.ilb/NoFlowThrough.interlockBuf.buf/NotRevisedCase.ShallowCase.ulReg/noBypass.read_data_reg[8]'
INFO: [Synth 8-3886] merging instance 'data_path.ApIntToApIntSigned_group_1118.UnsharedOperator/noFlowThrough.ilb/NoFlowThrough.interlockBuf.buf/NotRevisedCase.ShallowCase.ulReg/noBypass.read_data_reg[7]' (FDRE) to 'data_path.ApIntToApIntSigned_group_1118.UnsharedOperator/noFlowThrough.ilb/NoFlowThrough.interlockBuf.buf/NotRevisedCase.ShallowCase.ulReg/noBypass.read_data_reg[8]'
INFO: [Synth 8-3886] merging instance 'data_path.ApIntToApIntSigned_group_1086.UnsharedOperator/noFlowThrough.ilb/NoFlowThrough.interlockBuf.buf/NotRevisedCase.ShallowCase.ulReg/noBypass.read_data_reg[8]' (FDRE) to 'data_path.ApIntToApIntSigned_group_1086.UnsharedOperator/noFlowThrough.ilb/NoFlowThrough.interlockBuf.buf/NotRevisedCase.ShallowCase.ulReg/noBypass.read_data_reg[9]'
INFO: [Synth 8-3886] merging instance 'data_path.ApIntToApIntSigned_group_1102.UnsharedOperator/noFlowThrough.ilb/NoFlowThrough.interlockBuf.buf/NotRevisedCase.ShallowCase.ulReg/noBypass.read_data_reg[8]' (FDRE) to 'data_path.ApIntToApIntSigned_group_1102.UnsharedOperator/noFlowThrough.ilb/NoFlowThrough.interlockBuf.buf/NotRevisedCase.ShallowCase.ulReg/noBypass.read_data_reg[9]'
INFO: [Synth 8-3886] merging instance 'data_path.ApIntToApIntSigned_group_1118.UnsharedOperator/noFlowThrough.ilb/NoFlowThrough.interlockBuf.buf/NotRevisedCase.ShallowCase.ulReg/noBypass.read_data_reg[8]' (FDRE) to 'data_path.ApIntToApIntSigned_group_1118.UnsharedOperator/noFlowThrough.ilb/NoFlowThrough.interlockBuf.buf/NotRevisedCase.ShallowCase.ulReg/noBypass.read_data_reg[9]'
INFO: [Synth 8-3886] merging instance 'data_path.ApIntToApIntSigned_group_1086.UnsharedOperator/noFlowThrough.ilb/NoFlowThrough.interlockBuf.buf/NotRevisedCase.ShallowCase.ulReg/noBypass.read_data_reg[9]' (FDRE) to 'data_path.ApIntToApIntSigned_group_1086.UnsharedOperator/noFlowThrough.ilb/NoFlowThrough.interlockBuf.buf/NotRevisedCase.ShallowCase.ulReg/noBypass.read_data_reg[10]'
INFO: [Synth 8-3886] merging instance 'data_path.ApIntToApIntSigned_group_1102.UnsharedOperator/noFlowThrough.ilb/NoFlowThrough.interlockBuf.buf/NotRevisedCase.ShallowCase.ulReg/noBypass.read_data_reg[9]' (FDRE) to 'data_path.ApIntToApIntSigned_group_1102.UnsharedOperator/noFlowThrough.ilb/NoFlowThrough.interlockBuf.buf/NotRevisedCase.ShallowCase.ulReg/noBypass.read_data_reg[10]'
INFO: [Synth 8-3886] merging instance 'data_path.ApIntToApIntSigned_group_1118.UnsharedOperator/noFlowThrough.ilb/NoFlowThrough.interlockBuf.buf/NotRevisedCase.ShallowCase.ulReg/noBypass.read_data_reg[9]' (FDRE) to 'data_path.ApIntToApIntSigned_group_1118.UnsharedOperator/noFlowThrough.ilb/NoFlowThrough.interlockBuf.buf/NotRevisedCase.ShallowCase.ulReg/noBypass.read_data_reg[10]'
INFO: [Synth 8-3886] merging instance 'data_path.ApIntToApIntSigned_group_1086.UnsharedOperator/noFlowThrough.ilb/NoFlowThrough.interlockBuf.buf/NotRevisedCase.ShallowCase.ulReg/noBypass.read_data_reg[10]' (FDRE) to 'data_path.ApIntToApIntSigned_group_1086.UnsharedOperator/noFlowThrough.ilb/NoFlowThrough.interlockBuf.buf/NotRevisedCase.ShallowCase.ulReg/noBypass.read_data_reg[11]'
INFO: [Synth 8-3886] merging instance 'data_path.ApIntToApIntSigned_group_1102.UnsharedOperator/noFlowThrough.ilb/NoFlowThrough.interlockBuf.buf/NotRevisedCase.ShallowCase.ulReg/noBypass.read_data_reg[10]' (FDRE) to 'data_path.ApIntToApIntSigned_group_1102.UnsharedOperator/noFlowThrough.ilb/NoFlowThrough.interlockBuf.buf/NotRevisedCase.ShallowCase.ulReg/noBypass.read_data_reg[11]'
INFO: [Synth 8-3886] merging instance 'data_path.ApIntToApIntSigned_group_1118.UnsharedOperator/noFlowThrough.ilb/NoFlowThrough.interlockBuf.buf/NotRevisedCase.ShallowCase.ulReg/noBypass.read_data_reg[10]' (FDRE) to 'data_path.ApIntToApIntSigned_group_1118.UnsharedOperator/noFlowThrough.ilb/NoFlowThrough.interlockBuf.buf/NotRevisedCase.ShallowCase.ulReg/noBypass.read_data_reg[11]'
INFO: [Synth 8-3886] merging instance 'data_path.ApIntToApIntSigned_group_1086.UnsharedOperator/noFlowThrough.ilb/NoFlowThrough.interlockBuf.buf/NotRevisedCase.ShallowCase.ulReg/noBypass.read_data_reg[11]' (FDRE) to 'data_path.ApIntToApIntSigned_group_1086.UnsharedOperator/noFlowThrough.ilb/NoFlowThrough.interlockBuf.buf/NotRevisedCase.ShallowCase.ulReg/noBypass.read_data_reg[12]'
INFO: [Synth 8-3886] merging instance 'data_path.ApIntToApIntSigned_group_1102.UnsharedOperator/noFlowThrough.ilb/NoFlowThrough.interlockBuf.buf/NotRevisedCase.ShallowCase.ulReg/noBypass.read_data_reg[11]' (FDRE) to 'data_path.ApIntToApIntSigned_group_1102.UnsharedOperator/noFlowThrough.ilb/NoFlowThrough.interlockBuf.buf/NotRevisedCase.ShallowCase.ulReg/noBypass.read_data_reg[12]'
INFO: [Synth 8-3886] merging instance 'data_path.ApIntToApIntSigned_group_1118.UnsharedOperator/noFlowThrough.ilb/NoFlowThrough.interlockBuf.buf/NotRevisedCase.ShallowCase.ulReg/noBypass.read_data_reg[11]' (FDRE) to 'data_path.ApIntToApIntSigned_group_1118.UnsharedOperator/noFlowThrough.ilb/NoFlowThrough.interlockBuf.buf/NotRevisedCase.ShallowCase.ulReg/noBypass.read_data_reg[12]'
INFO: [Synth 8-3886] merging instance 'data_path.ApIntToApIntSigned_group_1086.UnsharedOperator/noFlowThrough.ilb/NoFlowThrough.interlockBuf.buf/NotRevisedCase.ShallowCase.ulReg/noBypass.read_data_reg[12]' (FDRE) to 'data_path.ApIntToApIntSigned_group_1086.UnsharedOperator/noFlowThrough.ilb/NoFlowThrough.interlockBuf.buf/NotRevisedCase.ShallowCase.ulReg/noBypass.read_data_reg[13]'
INFO: [Synth 8-3886] merging instance 'data_path.ApIntToApIntSigned_group_1102.UnsharedOperator/noFlowThrough.ilb/NoFlowThrough.interlockBuf.buf/NotRevisedCase.ShallowCase.ulReg/noBypass.read_data_reg[12]' (FDRE) to 'data_path.ApIntToApIntSigned_group_1102.UnsharedOperator/noFlowThrough.ilb/NoFlowThrough.interlockBuf.buf/NotRevisedCase.ShallowCase.ulReg/noBypass.read_data_reg[13]'
INFO: [Synth 8-3886] merging instance 'data_path.ApIntToApIntSigned_group_1118.UnsharedOperator/noFlowThrough.ilb/NoFlowThrough.interlockBuf.buf/NotRevisedCase.ShallowCase.ulReg/noBypass.read_data_reg[12]' (FDRE) to 'data_path.ApIntToApIntSigned_group_1118.UnsharedOperator/noFlowThrough.ilb/NoFlowThrough.interlockBuf.buf/NotRevisedCase.ShallowCase.ulReg/noBypass.read_data_reg[13]'
INFO: [Synth 8-3886] merging instance 'data_path.ApIntToApIntSigned_group_1086.UnsharedOperator/noFlowThrough.ilb/NoFlowThrough.interlockBuf.buf/NotRevisedCase.ShallowCase.ulReg/noBypass.read_data_reg[13]' (FDRE) to 'data_path.ApIntToApIntSigned_group_1086.UnsharedOperator/noFlowThrough.ilb/NoFlowThrough.interlockBuf.buf/NotRevisedCase.ShallowCase.ulReg/noBypass.read_data_reg[14]'
INFO: [Synth 8-3886] merging instance 'data_path.ApIntToApIntSigned_group_1102.UnsharedOperator/noFlowThrough.ilb/NoFlowThrough.interlockBuf.buf/NotRevisedCase.ShallowCase.ulReg/noBypass.read_data_reg[13]' (FDRE) to 'data_path.ApIntToApIntSigned_group_1102.UnsharedOperator/noFlowThrough.ilb/NoFlowThrough.interlockBuf.buf/NotRevisedCase.ShallowCase.ulReg/noBypass.read_data_reg[14]'
INFO: [Synth 8-3886] merging instance 'data_path.ApIntToApIntSigned_group_1118.UnsharedOperator/noFlowThrough.ilb/NoFlowThrough.interlockBuf.buf/NotRevisedCase.ShallowCase.ulReg/noBypass.read_data_reg[13]' (FDRE) to 'data_path.ApIntToApIntSigned_group_1118.UnsharedOperator/noFlowThrough.ilb/NoFlowThrough.interlockBuf.buf/NotRevisedCase.ShallowCase.ulReg/noBypass.read_data_reg[14]'
INFO: [Synth 8-3886] merging instance 'data_path.ApIntToApIntSigned_group_1086.UnsharedOperator/noFlowThrough.ilb/NoFlowThrough.interlockBuf.buf/NotRevisedCase.ShallowCase.ulReg/noBypass.read_data_reg[14]' (FDRE) to 'data_path.ApIntToApIntSigned_group_1086.UnsharedOperator/noFlowThrough.ilb/NoFlowThrough.interlockBuf.buf/NotRevisedCase.ShallowCase.ulReg/noBypass.read_data_reg[15]'
INFO: [Synth 8-3886] merging instance 'data_path.ApIntToApIntSigned_group_1102.UnsharedOperator/noFlowThrough.ilb/NoFlowThrough.interlockBuf.buf/NotRevisedCase.ShallowCase.ulReg/noBypass.read_data_reg[14]' (FDRE) to 'data_path.ApIntToApIntSigned_group_1102.UnsharedOperator/noFlowThrough.ilb/NoFlowThrough.interlockBuf.buf/NotRevisedCase.ShallowCase.ulReg/noBypass.read_data_reg[15]'
INFO: [Synth 8-3886] merging instance 'data_path.ApIntToApIntSigned_group_1118.UnsharedOperator/noFlowThrough.ilb/NoFlowThrough.interlockBuf.buf/NotRevisedCase.ShallowCase.ulReg/noBypass.read_data_reg[14]' (FDRE) to 'data_path.ApIntToApIntSigned_group_1118.UnsharedOperator/noFlowThrough.ilb/NoFlowThrough.interlockBuf.buf/NotRevisedCase.ShallowCase.ulReg/noBypass.read_data_reg[15]'
INFO: [Synth 8-3886] merging instance 'data_path.ApIntToApIntSigned_group_1090.UnsharedOperator/noFlowThrough.ilb/NoFlowThrough.interlockBuf.buf/NotRevisedCase.ShallowCase.ulReg/noBypass.read_data_reg[7]' (FDRE) to 'data_path.ApIntToApIntSigned_group_1090.UnsharedOperator/noFlowThrough.ilb/NoFlowThrough.interlockBuf.buf/NotRevisedCase.ShallowCase.ulReg/noBypass.read_data_reg[8]'
INFO: [Synth 8-3886] merging instance 'data_path.ApIntToApIntSigned_group_1087.UnsharedOperator/noFlowThrough.ilb/NoFlowThrough.interlockBuf.buf/NotRevisedCase.ShallowCase.ulReg/noBypass.read_data_reg[7]' (FDRE) to 'data_path.ApIntToApIntSigned_group_1087.UnsharedOperator/noFlowThrough.ilb/NoFlowThrough.interlockBuf.buf/NotRevisedCase.ShallowCase.ulReg/noBypass.read_data_reg[8]'
INFO: [Synth 8-3886] merging instance 'data_path.ApIntToApIntSigned_group_1088.UnsharedOperator/noFlowThrough.ilb/NoFlowThrough.interlockBuf.buf/NotRevisedCase.ShallowCase.ulReg/noBypass.read_data_reg[7]' (FDRE) to 'data_path.ApIntToApIntSigned_group_1088.UnsharedOperator/noFlowThrough.ilb/NoFlowThrough.interlockBuf.buf/NotRevisedCase.ShallowCase.ulReg/noBypass.read_data_reg[8]'
INFO: [Synth 8-3886] merging instance 'data_path.ApIntToApIntSigned_group_1090.UnsharedOperator/noFlowThrough.ilb/NoFlowThrough.interlockBuf.buf/NotRevisedCase.ShallowCase.ulReg/noBypass.read_data_reg[8]' (FDRE) to 'data_path.ApIntToApIntSigned_group_1090.UnsharedOperator/noFlowThrough.ilb/NoFlowThrough.interlockBuf.buf/NotRevisedCase.ShallowCase.ulReg/noBypass.read_data_reg[9]'
INFO: [Synth 8-3886] merging instance 'data_path.ApIntToApIntSigned_group_1087.UnsharedOperator/noFlowThrough.ilb/NoFlowThrough.interlockBuf.buf/NotRevisedCase.ShallowCase.ulReg/noBypass.read_data_reg[8]' (FDRE) to 'data_path.ApIntToApIntSigned_group_1087.UnsharedOperator/noFlowThrough.ilb/NoFlowThrough.interlockBuf.buf/NotRevisedCase.ShallowCase.ulReg/noBypass.read_data_reg[9]'
INFO: [Synth 8-3886] merging instance 'data_path.ApIntToApIntSigned_group_1088.UnsharedOperator/noFlowThrough.ilb/NoFlowThrough.interlockBuf.buf/NotRevisedCase.ShallowCase.ulReg/noBypass.read_data_reg[8]' (FDRE) to 'data_path.ApIntToApIntSigned_group_1088.UnsharedOperator/noFlowThrough.ilb/NoFlowThrough.interlockBuf.buf/NotRevisedCase.ShallowCase.ulReg/noBypass.read_data_reg[9]'
INFO: [Synth 8-3886] merging instance 'data_path.ApIntToApIntSigned_group_1090.UnsharedOperator/noFlowThrough.ilb/NoFlowThrough.interlockBuf.buf/NotRevisedCase.ShallowCase.ulReg/noBypass.read_data_reg[9]' (FDRE) to 'data_path.ApIntToApIntSigned_group_1090.UnsharedOperator/noFlowThrough.ilb/NoFlowThrough.interlockBuf.buf/NotRevisedCase.ShallowCase.ulReg/noBypass.read_data_reg[10]'
INFO: [Synth 8-3886] merging instance 'data_path.ApIntToApIntSigned_group_1087.UnsharedOperator/noFlowThrough.ilb/NoFlowThrough.interlockBuf.buf/NotRevisedCase.ShallowCase.ulReg/noBypass.read_data_reg[9]' (FDRE) to 'data_path.ApIntToApIntSigned_group_1087.UnsharedOperator/noFlowThrough.ilb/NoFlowThrough.interlockBuf.buf/NotRevisedCase.ShallowCase.ulReg/noBypass.read_data_reg[10]'
INFO: [Synth 8-3886] merging instance 'data_path.ApIntToApIntSigned_group_1088.UnsharedOperator/noFlowThrough.ilb/NoFlowThrough.interlockBuf.buf/NotRevisedCase.ShallowCase.ulReg/noBypass.read_data_reg[9]' (FDRE) to 'data_path.ApIntToApIntSigned_group_1088.UnsharedOperator/noFlowThrough.ilb/NoFlowThrough.interlockBuf.buf/NotRevisedCase.ShallowCase.ulReg/noBypass.read_data_reg[10]'
INFO: [Synth 8-3886] merging instance 'data_path.ApIntToApIntSigned_group_1090.UnsharedOperator/noFlowThrough.ilb/NoFlowThrough.interlockBuf.buf/NotRevisedCase.ShallowCase.ulReg/noBypass.read_data_reg[10]' (FDRE) to 'data_path.ApIntToApIntSigned_group_1090.UnsharedOperator/noFlowThrough.ilb/NoFlowThrough.interlockBuf.buf/NotRevisedCase.ShallowCase.ulReg/noBypass.read_data_reg[11]'
INFO: [Synth 8-3886] merging instance 'data_path.ApIntToApIntSigned_group_1087.UnsharedOperator/noFlowThrough.ilb/NoFlowThrough.interlockBuf.buf/NotRevisedCase.ShallowCase.ulReg/noBypass.read_data_reg[10]' (FDRE) to 'data_path.ApIntToApIntSigned_group_1087.UnsharedOperator/noFlowThrough.ilb/NoFlowThrough.interlockBuf.buf/NotRevisedCase.ShallowCase.ulReg/noBypass.read_data_reg[11]'
INFO: [Synth 8-3886] merging instance 'data_path.ApIntToApIntSigned_group_1088.UnsharedOperator/noFlowThrough.ilb/NoFlowThrough.interlockBuf.buf/NotRevisedCase.ShallowCase.ulReg/noBypass.read_data_reg[10]' (FDRE) to 'data_path.ApIntToApIntSigned_group_1088.UnsharedOperator/noFlowThrough.ilb/NoFlowThrough.interlockBuf.buf/NotRevisedCase.ShallowCase.ulReg/noBypass.read_data_reg[11]'
INFO: [Synth 8-3886] merging instance 'data_path.ApIntToApIntSigned_group_1090.UnsharedOperator/noFlowThrough.ilb/NoFlowThrough.interlockBuf.buf/NotRevisedCase.ShallowCase.ulReg/noBypass.read_data_reg[11]' (FDRE) to 'data_path.ApIntToApIntSigned_group_1090.UnsharedOperator/noFlowThrough.ilb/NoFlowThrough.interlockBuf.buf/NotRevisedCase.ShallowCase.ulReg/noBypass.read_data_reg[12]'
INFO: [Synth 8-3886] merging instance 'data_path.ApIntToApIntSigned_group_1087.UnsharedOperator/noFlowThrough.ilb/NoFlowThrough.interlockBuf.buf/NotRevisedCase.ShallowCase.ulReg/noBypass.read_data_reg[11]' (FDRE) to 'data_path.ApIntToApIntSigned_group_1087.UnsharedOperator/noFlowThrough.ilb/NoFlowThrough.interlockBuf.buf/NotRevisedCase.ShallowCase.ulReg/noBypass.read_data_reg[12]'
INFO: [Synth 8-3886] merging instance 'data_path.ApIntToApIntSigned_group_1088.UnsharedOperator/noFlowThrough.ilb/NoFlowThrough.interlockBuf.buf/NotRevisedCase.ShallowCase.ulReg/noBypass.read_data_reg[11]' (FDRE) to 'data_path.ApIntToApIntSigned_group_1088.UnsharedOperator/noFlowThrough.ilb/NoFlowThrough.interlockBuf.buf/NotRevisedCase.ShallowCase.ulReg/noBypass.read_data_reg[12]'
INFO: [Synth 8-3886] merging instance 'data_path.ApIntToApIntSigned_group_1090.UnsharedOperator/noFlowThrough.ilb/NoFlowThrough.interlockBuf.buf/NotRevisedCase.ShallowCase.ulReg/noBypass.read_data_reg[12]' (FDRE) to 'data_path.ApIntToApIntSigned_group_1090.UnsharedOperator/noFlowThrough.ilb/NoFlowThrough.interlockBuf.buf/NotRevisedCase.ShallowCase.ulReg/noBypass.read_data_reg[13]'
INFO: [Synth 8-3886] merging instance 'data_path.ApIntToApIntSigned_group_1087.UnsharedOperator/noFlowThrough.ilb/NoFlowThrough.interlockBuf.buf/NotRevisedCase.ShallowCase.ulReg/noBypass.read_data_reg[12]' (FDRE) to 'data_path.ApIntToApIntSigned_group_1087.UnsharedOperator/noFlowThrough.ilb/NoFlowThrough.interlockBuf.buf/NotRevisedCase.ShallowCase.ulReg/noBypass.read_data_reg[13]'
INFO: [Synth 8-3886] merging instance 'data_path.ApIntToApIntSigned_group_1088.UnsharedOperator/noFlowThrough.ilb/NoFlowThrough.interlockBuf.buf/NotRevisedCase.ShallowCase.ulReg/noBypass.read_data_reg[12]' (FDRE) to 'data_path.ApIntToApIntSigned_group_1088.UnsharedOperator/noFlowThrough.ilb/NoFlowThrough.interlockBuf.buf/NotRevisedCase.ShallowCase.ulReg/noBypass.read_data_reg[13]'
INFO: [Synth 8-3886] merging instance 'data_path.ApIntToApIntSigned_group_1090.UnsharedOperator/noFlowThrough.ilb/NoFlowThrough.interlockBuf.buf/NotRevisedCase.ShallowCase.ulReg/noBypass.read_data_reg[13]' (FDRE) to 'data_path.ApIntToApIntSigned_group_1090.UnsharedOperator/noFlowThrough.ilb/NoFlowThrough.interlockBuf.buf/NotRevisedCase.ShallowCase.ulReg/noBypass.read_data_reg[14]'
INFO: [Synth 8-3886] merging instance 'data_path.ApIntToApIntSigned_group_1087.UnsharedOperator/noFlowThrough.ilb/NoFlowThrough.interlockBuf.buf/NotRevisedCase.ShallowCase.ulReg/noBypass.read_data_reg[13]' (FDRE) to 'data_path.ApIntToApIntSigned_group_1087.UnsharedOperator/noFlowThrough.ilb/NoFlowThrough.interlockBuf.buf/NotRevisedCase.ShallowCase.ulReg/noBypass.read_data_reg[14]'
INFO: [Synth 8-3886] merging instance 'data_path.ApIntToApIntSigned_group_1088.UnsharedOperator/noFlowThrough.ilb/NoFlowThrough.interlockBuf.buf/NotRevisedCase.ShallowCase.ulReg/noBypass.read_data_reg[13]' (FDRE) to 'data_path.ApIntToApIntSigned_group_1088.UnsharedOperator/noFlowThrough.ilb/NoFlowThrough.interlockBuf.buf/NotRevisedCase.ShallowCase.ulReg/noBypass.read_data_reg[14]'
INFO: [Synth 8-3886] merging instance 'data_path.ApIntToApIntSigned_group_1090.UnsharedOperator/noFlowThrough.ilb/NoFlowThrough.interlockBuf.buf/NotRevisedCase.ShallowCase.ulReg/noBypass.read_data_reg[14]' (FDRE) to 'data_path.ApIntToApIntSigned_group_1090.UnsharedOperator/noFlowThrough.ilb/NoFlowThrough.interlockBuf.buf/NotRevisedCase.ShallowCase.ulReg/noBypass.read_data_reg[15]'
INFO: [Synth 8-3886] merging instance 'data_path.ApIntToApIntSigned_group_1087.UnsharedOperator/noFlowThrough.ilb/NoFlowThrough.interlockBuf.buf/NotRevisedCase.ShallowCase.ulReg/noBypass.read_data_reg[14]' (FDRE) to 'data_path.ApIntToApIntSigned_group_1087.UnsharedOperator/noFlowThrough.ilb/NoFlowThrough.interlockBuf.buf/NotRevisedCase.ShallowCase.ulReg/noBypass.read_data_reg[15]'
INFO: [Synth 8-3886] merging instance 'data_path.ApIntToApIntSigned_group_1088.UnsharedOperator/noFlowThrough.ilb/NoFlowThrough.interlockBuf.buf/NotRevisedCase.ShallowCase.ulReg/noBypass.read_data_reg[14]' (FDRE) to 'data_path.ApIntToApIntSigned_group_1088.UnsharedOperator/noFlowThrough.ilb/NoFlowThrough.interlockBuf.buf/NotRevisedCase.ShallowCase.ulReg/noBypass.read_data_reg[15]'
INFO: [Synth 8-3886] merging instance 'data_path.ApIntToApIntSigned_group_1089.UnsharedOperator/noFlowThrough.ilb/NoFlowThrough.interlockBuf.buf/NotRevisedCase.ShallowCase.ulReg/noBypass.read_data_reg[7]' (FDRE) to 'data_path.ApIntToApIntSigned_group_1089.UnsharedOperator/noFlowThrough.ilb/NoFlowThrough.interlockBuf.buf/NotRevisedCase.ShallowCase.ulReg/noBypass.read_data_reg[8]'
INFO: [Synth 8-3886] merging instance 'data_path.ApIntToApIntSigned_group_1091.UnsharedOperator/noFlowThrough.ilb/NoFlowThrough.interlockBuf.buf/NotRevisedCase.ShallowCase.ulReg/noBypass.read_data_reg[7]' (FDRE) to 'data_path.ApIntToApIntSigned_group_1091.UnsharedOperator/noFlowThrough.ilb/NoFlowThrough.interlockBuf.buf/NotRevisedCase.ShallowCase.ulReg/noBypass.read_data_reg[8]'
INFO: [Synth 8-3886] merging instance 'data_path.ApIntToApIntSigned_group_1092.UnsharedOperator/noFlowThrough.ilb/NoFlowThrough.interlockBuf.buf/NotRevisedCase.ShallowCase.ulReg/noBypass.read_data_reg[7]' (FDRE) to 'data_path.ApIntToApIntSigned_group_1092.UnsharedOperator/noFlowThrough.ilb/NoFlowThrough.interlockBuf.buf/NotRevisedCase.ShallowCase.ulReg/noBypass.read_data_reg[8]'
INFO: [Synth 8-3886] merging instance 'data_path.ApIntToApIntSigned_group_1089.UnsharedOperator/noFlowThrough.ilb/NoFlowThrough.interlockBuf.buf/NotRevisedCase.ShallowCase.ulReg/noBypass.read_data_reg[8]' (FDRE) to 'data_path.ApIntToApIntSigned_group_1089.UnsharedOperator/noFlowThrough.ilb/NoFlowThrough.interlockBuf.buf/NotRevisedCase.ShallowCase.ulReg/noBypass.read_data_reg[9]'
INFO: [Synth 8-3886] merging instance 'data_path.ApIntToApIntSigned_group_1091.UnsharedOperator/noFlowThrough.ilb/NoFlowThrough.interlockBuf.buf/NotRevisedCase.ShallowCase.ulReg/noBypass.read_data_reg[8]' (FDRE) to 'data_path.ApIntToApIntSigned_group_1091.UnsharedOperator/noFlowThrough.ilb/NoFlowThrough.interlockBuf.buf/NotRevisedCase.ShallowCase.ulReg/noBypass.read_data_reg[9]'
INFO: [Synth 8-3886] merging instance 'data_path.ApIntToApIntSigned_group_1092.UnsharedOperator/noFlowThrough.ilb/NoFlowThrough.interlockBuf.buf/NotRevisedCase.ShallowCase.ulReg/noBypass.read_data_reg[8]' (FDRE) to 'data_path.ApIntToApIntSigned_group_1092.UnsharedOperator/noFlowThrough.ilb/NoFlowThrough.interlockBuf.buf/NotRevisedCase.ShallowCase.ulReg/noBypass.read_data_reg[9]'
INFO: [Synth 8-3886] merging instance 'data_path.ApIntToApIntSigned_group_1089.UnsharedOperator/noFlowThrough.ilb/NoFlowThrough.interlockBuf.buf/NotRevisedCase.ShallowCase.ulReg/noBypass.read_data_reg[9]' (FDRE) to 'data_path.ApIntToApIntSigned_group_1089.UnsharedOperator/noFlowThrough.ilb/NoFlowThrough.interlockBuf.buf/NotRevisedCase.ShallowCase.ulReg/noBypass.read_data_reg[10]'
INFO: [Synth 8-3886] merging instance 'data_path.ApIntToApIntSigned_group_1091.UnsharedOperator/noFlowThrough.ilb/NoFlowThrough.interlockBuf.buf/NotRevisedCase.ShallowCase.ulReg/noBypass.read_data_reg[9]' (FDRE) to 'data_path.ApIntToApIntSigned_group_1091.UnsharedOperator/noFlowThrough.ilb/NoFlowThrough.interlockBuf.buf/NotRevisedCase.ShallowCase.ulReg/noBypass.read_data_reg[10]'
INFO: [Synth 8-3886] merging instance 'data_path.ApIntToApIntSigned_group_1092.UnsharedOperator/noFlowThrough.ilb/NoFlowThrough.interlockBuf.buf/NotRevisedCase.ShallowCase.ulReg/noBypass.read_data_reg[9]' (FDRE) to 'data_path.ApIntToApIntSigned_group_1092.UnsharedOperator/noFlowThrough.ilb/NoFlowThrough.interlockBuf.buf/NotRevisedCase.ShallowCase.ulReg/noBypass.read_data_reg[10]'
INFO: [Synth 8-3886] merging instance 'data_path.ApIntToApIntSigned_group_1089.UnsharedOperator/noFlowThrough.ilb/NoFlowThrough.interlockBuf.buf/NotRevisedCase.ShallowCase.ulReg/noBypass.read_data_reg[10]' (FDRE) to 'data_path.ApIntToApIntSigned_group_1089.UnsharedOperator/noFlowThrough.ilb/NoFlowThrough.interlockBuf.buf/NotRevisedCase.ShallowCase.ulReg/noBypass.read_data_reg[11]'
INFO: [Synth 8-3886] merging instance 'data_path.ApIntToApIntSigned_group_1091.UnsharedOperator/noFlowThrough.ilb/NoFlowThrough.interlockBuf.buf/NotRevisedCase.ShallowCase.ulReg/noBypass.read_data_reg[10]' (FDRE) to 'data_path.ApIntToApIntSigned_group_1091.UnsharedOperator/noFlowThrough.ilb/NoFlowThrough.interlockBuf.buf/NotRevisedCase.ShallowCase.ulReg/noBypass.read_data_reg[11]'
INFO: [Synth 8-3886] merging instance 'data_path.ApIntToApIntSigned_group_1092.UnsharedOperator/noFlowThrough.ilb/NoFlowThrough.interlockBuf.buf/NotRevisedCase.ShallowCase.ulReg/noBypass.read_data_reg[10]' (FDRE) to 'data_path.ApIntToApIntSigned_group_1092.UnsharedOperator/noFlowThrough.ilb/NoFlowThrough.interlockBuf.buf/NotRevisedCase.ShallowCase.ulReg/noBypass.read_data_reg[11]'
INFO: [Synth 8-3886] merging instance 'data_path.ApIntToApIntSigned_group_1089.UnsharedOperator/noFlowThrough.ilb/NoFlowThrough.interlockBuf.buf/NotRevisedCase.ShallowCase.ulReg/noBypass.read_data_reg[11]' (FDRE) to 'data_path.ApIntToApIntSigned_group_1089.UnsharedOperator/noFlowThrough.ilb/NoFlowThrough.interlockBuf.buf/NotRevisedCase.ShallowCase.ulReg/noBypass.read_data_reg[12]'
INFO: [Synth 8-3886] merging instance 'data_path.ApIntToApIntSigned_group_1091.UnsharedOperator/noFlowThrough.ilb/NoFlowThrough.interlockBuf.buf/NotRevisedCase.ShallowCase.ulReg/noBypass.read_data_reg[11]' (FDRE) to 'data_path.ApIntToApIntSigned_group_1091.UnsharedOperator/noFlowThrough.ilb/NoFlowThrough.interlockBuf.buf/NotRevisedCase.ShallowCase.ulReg/noBypass.read_data_reg[12]'
INFO: [Synth 8-3886] merging instance 'data_path.ApIntToApIntSigned_group_1092.UnsharedOperator/noFlowThrough.ilb/NoFlowThrough.interlockBuf.buf/NotRevisedCase.ShallowCase.ulReg/noBypass.read_data_reg[11]' (FDRE) to 'data_path.ApIntToApIntSigned_group_1092.UnsharedOperator/noFlowThrough.ilb/NoFlowThrough.interlockBuf.buf/NotRevisedCase.ShallowCase.ulReg/noBypass.read_data_reg[12]'
INFO: [Synth 8-3886] merging instance 'data_path.ApIntToApIntSigned_group_1089.UnsharedOperator/noFlowThrough.ilb/NoFlowThrough.interlockBuf.buf/NotRevisedCase.ShallowCase.ulReg/noBypass.read_data_reg[12]' (FDRE) to 'data_path.ApIntToApIntSigned_group_1089.UnsharedOperator/noFlowThrough.ilb/NoFlowThrough.interlockBuf.buf/NotRevisedCase.ShallowCase.ulReg/noBypass.read_data_reg[13]'
INFO: [Synth 8-3886] merging instance 'data_path.ApIntToApIntSigned_group_1091.UnsharedOperator/noFlowThrough.ilb/NoFlowThrough.interlockBuf.buf/NotRevisedCase.ShallowCase.ulReg/noBypass.read_data_reg[12]' (FDRE) to 'data_path.ApIntToApIntSigned_group_1091.UnsharedOperator/noFlowThrough.ilb/NoFlowThrough.interlockBuf.buf/NotRevisedCase.ShallowCase.ulReg/noBypass.read_data_reg[13]'
INFO: [Synth 8-3886] merging instance 'data_path.ApIntToApIntSigned_group_1092.UnsharedOperator/noFlowThrough.ilb/NoFlowThrough.interlockBuf.buf/NotRevisedCase.ShallowCase.ulReg/noBypass.read_data_reg[12]' (FDRE) to 'data_path.ApIntToApIntSigned_group_1092.UnsharedOperator/noFlowThrough.ilb/NoFlowThrough.interlockBuf.buf/NotRevisedCase.ShallowCase.ulReg/noBypass.read_data_reg[13]'
INFO: [Synth 8-3886] merging instance 'data_path.ApIntToApIntSigned_group_1089.UnsharedOperator/noFlowThrough.ilb/NoFlowThrough.interlockBuf.buf/NotRevisedCase.ShallowCase.ulReg/noBypass.read_data_reg[13]' (FDRE) to 'data_path.ApIntToApIntSigned_group_1089.UnsharedOperator/noFlowThrough.ilb/NoFlowThrough.interlockBuf.buf/NotRevisedCase.ShallowCase.ulReg/noBypass.read_data_reg[14]'
INFO: [Synth 8-3886] merging instance 'data_path.ApIntToApIntSigned_group_1091.UnsharedOperator/noFlowThrough.ilb/NoFlowThrough.interlockBuf.buf/NotRevisedCase.ShallowCase.ulReg/noBypass.read_data_reg[13]' (FDRE) to 'data_path.ApIntToApIntSigned_group_1091.UnsharedOperator/noFlowThrough.ilb/NoFlowThrough.interlockBuf.buf/NotRevisedCase.ShallowCase.ulReg/noBypass.read_data_reg[14]'
INFO: [Synth 8-3886] merging instance 'data_path.ApIntToApIntSigned_group_1092.UnsharedOperator/noFlowThrough.ilb/NoFlowThrough.interlockBuf.buf/NotRevisedCase.ShallowCase.ulReg/noBypass.read_data_reg[13]' (FDRE) to 'data_path.ApIntToApIntSigned_group_1092.UnsharedOperator/noFlowThrough.ilb/NoFlowThrough.interlockBuf.buf/NotRevisedCase.ShallowCase.ulReg/noBypass.read_data_reg[14]'
INFO: [Synth 8-3886] merging instance 'data_path.ApIntToApIntSigned_group_1089.UnsharedOperator/noFlowThrough.ilb/NoFlowThrough.interlockBuf.buf/NotRevisedCase.ShallowCase.ulReg/noBypass.read_data_reg[14]' (FDRE) to 'data_path.ApIntToApIntSigned_group_1089.UnsharedOperator/noFlowThrough.ilb/NoFlowThrough.interlockBuf.buf/NotRevisedCase.ShallowCase.ulReg/noBypass.read_data_reg[15]'
INFO: [Synth 8-3886] merging instance 'data_path.ApIntToApIntSigned_group_1091.UnsharedOperator/noFlowThrough.ilb/NoFlowThrough.interlockBuf.buf/NotRevisedCase.ShallowCase.ulReg/noBypass.read_data_reg[14]' (FDRE) to 'data_path.ApIntToApIntSigned_group_1091.UnsharedOperator/noFlowThrough.ilb/NoFlowThrough.interlockBuf.buf/NotRevisedCase.ShallowCase.ulReg/noBypass.read_data_reg[15]'
INFO: [Synth 8-3886] merging instance 'data_path.ApIntToApIntSigned_group_1092.UnsharedOperator/noFlowThrough.ilb/NoFlowThrough.interlockBuf.buf/NotRevisedCase.ShallowCase.ulReg/noBypass.read_data_reg[14]' (FDRE) to 'data_path.ApIntToApIntSigned_group_1092.UnsharedOperator/noFlowThrough.ilb/NoFlowThrough.interlockBuf.buf/NotRevisedCase.ShallowCase.ulReg/noBypass.read_data_reg[15]'
INFO: [Synth 8-3886] merging instance 'data_path.ApIntToApIntSigned_group_1093.UnsharedOperator/noFlowThrough.ilb/NoFlowThrough.interlockBuf.buf/NotRevisedCase.ShallowCase.ulReg/noBypass.read_data_reg[7]' (FDRE) to 'data_path.ApIntToApIntSigned_group_1093.UnsharedOperator/noFlowThrough.ilb/NoFlowThrough.interlockBuf.buf/NotRevisedCase.ShallowCase.ulReg/noBypass.read_data_reg[8]'
INFO: [Synth 8-3886] merging instance 'data_path.ApIntToApIntSigned_group_1104.UnsharedOperator/noFlowThrough.ilb/NoFlowThrough.interlockBuf.buf/NotRevisedCase.ShallowCase.ulReg/noBypass.read_data_reg[7]' (FDRE) to 'data_path.ApIntToApIntSigned_group_1104.UnsharedOperator/noFlowThrough.ilb/NoFlowThrough.interlockBuf.buf/NotRevisedCase.ShallowCase.ulReg/noBypass.read_data_reg[8]'
INFO: [Synth 8-3886] merging instance 'data_path.ApIntToApIntSigned_group_1106.UnsharedOperator/noFlowThrough.ilb/NoFlowThrough.interlockBuf.buf/NotRevisedCase.ShallowCase.ulReg/noBypass.read_data_reg[7]' (FDRE) to 'data_path.ApIntToApIntSigned_group_1106.UnsharedOperator/noFlowThrough.ilb/NoFlowThrough.interlockBuf.buf/NotRevisedCase.ShallowCase.ulReg/noBypass.read_data_reg[8]'
INFO: [Synth 8-3886] merging instance 'data_path.ApIntToApIntSigned_group_1093.UnsharedOperator/noFlowThrough.ilb/NoFlowThrough.interlockBuf.buf/NotRevisedCase.ShallowCase.ulReg/noBypass.read_data_reg[8]' (FDRE) to 'data_path.ApIntToApIntSigned_group_1093.UnsharedOperator/noFlowThrough.ilb/NoFlowThrough.interlockBuf.buf/NotRevisedCase.ShallowCase.ulReg/noBypass.read_data_reg[9]'
INFO: [Common 17-14] Message 'Synth 8-3886' appears 100 times and further instances of the messages will be disabled. Use the Tcl command set_msg_config to change the current settings.
