xilinx rtfpga
WARNING: [Synth 8-6014] Unused sequential element placegen[1].placeBlock.pI/CapGtOne.token_latch_reg was removed.  [/home/aiml/Desktop/IITB_AI_ML/ahir_release/vhdl/ahir.vhdl:14858]
WARNING: [Synth 8-6014] Unused sequential element placegen[2].placeBlock.pI/CapGtOne.token_latch_reg was removed.  [/home/aiml/Desktop/IITB_AI_ML/ahir_release/vhdl/ahir.vhdl:14858]
WARNING: [Synth 8-6014] Unused sequential element placegen[2].placeBlock.pI/CapGtOne.token_latch_reg was removed.  [/home/aiml/Desktop/IITB_AI_ML/ahir_release/vhdl/ahir.vhdl:14858]
WARNING: [Synth 8-6014] Unused sequential element placegen[3].placeBlock.pI/CapGtOne.token_latch_reg was removed.  [/home/aiml/Desktop/IITB_AI_ML/ahir_release/vhdl/ahir.vhdl:14858]
WARNING: [Synth 8-6014] Unused sequential element placegen[4].placeBlock.pI/CapGtOne.token_latch_reg was removed.  [/home/aiml/Desktop/IITB_AI_ML/ahir_release/vhdl/ahir.vhdl:14858]
WARNING: [Synth 8-6014] Unused sequential element placegen[2].placeBlock.pI/CapGtOne.token_latch_reg was removed.  [/home/aiml/Desktop/IITB_AI_ML/ahir_release/vhdl/ahir.vhdl:14858]
WARNING: [Synth 8-6014] Unused sequential element placegen[3].placeBlock.pI/CapGtOne.token_latch_reg was removed.  [/home/aiml/Desktop/IITB_AI_ML/ahir_release/vhdl/ahir.vhdl:14858]
WARNING: [Synth 8-6014] Unused sequential element placegen[4].placeBlock.pI/CapGtOne.token_latch_reg was removed.  [/home/aiml/Desktop/IITB_AI_ML/ahir_release/vhdl/ahir.vhdl:14858]
WARNING: [Synth 8-6014] Unused sequential element placegen[1].placeBlock.pI/CapGtOne.token_latch_reg was removed.  [/home/aiml/Desktop/IITB_AI_ML/ahir_release/vhdl/ahir.vhdl:14858]
WARNING: [Synth 8-6014] Unused sequential element placegen[2].placeBlock.pI/CapGtOne.token_latch_reg was removed.  [/home/aiml/Desktop/IITB_AI_ML/ahir_release/vhdl/ahir.vhdl:14858]
WARNING: [Synth 8-6014] Unused sequential element placegen[3].placeBlock.pI/CapGtOne.token_latch_reg was removed.  [/home/aiml/Desktop/IITB_AI_ML/ahir_release/vhdl/ahir.vhdl:14858]
WARNING: [Synth 8-6014] Unused sequential element placegen[1].placeBlock.pI/CapGtOne.token_latch_reg was removed.  [/home/aiml/Desktop/IITB_AI_ML/ahir_release/vhdl/ahir.vhdl:14858]
WARNING: [Synth 8-6014] Unused sequential element placegen[2].placeBlock.pI/CapGtOne.token_latch_reg was removed.  [/home/aiml/Desktop/IITB_AI_ML/ahir_release/vhdl/ahir.vhdl:14858]
WARNING: [Synth 8-6014] Unused sequential element placegen[3].placeBlock.pI/CapGtOne.token_latch_reg was removed.  [/home/aiml/Desktop/IITB_AI_ML/ahir_release/vhdl/ahir.vhdl:14858]
WARNING: [Synth 8-6014] Unused sequential element placegen[1].placeBlock.pI/CapGtOne.token_latch_reg was removed.  [/home/aiml/Desktop/IITB_AI_ML/ahir_release/vhdl/ahir.vhdl:14858]
WARNING: [Synth 8-6014] Unused sequential element placegen[2].placeBlock.pI/CapGtOne.token_latch_reg was removed.  [/home/aiml/Desktop/IITB_AI_ML/ahir_release/vhdl/ahir.vhdl:14858]
WARNING: [Synth 8-6014] Unused sequential element placegen[3].placeBlock.pI/CapGtOne.token_latch_reg was removed.  [/home/aiml/Desktop/IITB_AI_ML/ahir_release/vhdl/ahir.vhdl:14858]
WARNING: [Synth 8-6014] Unused sequential element placegen[1].placeBlock.pI/CapGtOne.token_latch_reg was removed.  [/home/aiml/Desktop/IITB_AI_ML/ahir_release/vhdl/ahir.vhdl:14858]
WARNING: [Synth 8-6014] Unused sequential element placegen[2].placeBlock.pI/CapGtOne.token_latch_reg was removed.  [/home/aiml/Desktop/IITB_AI_ML/ahir_release/vhdl/ahir.vhdl:14858]
WARNING: [Synth 8-6014] Unused sequential element placegen[1].placeBlock.pI/CapGtOne.token_latch_reg was removed.  [/home/aiml/Desktop/IITB_AI_ML/ahir_release/vhdl/ahir.vhdl:14858]
WARNING: [Synth 8-6014] Unused sequential element placegen[2].placeBlock.pI/CapGtOne.token_latch_reg was removed.  [/home/aiml/Desktop/IITB_AI_ML/ahir_release/vhdl/ahir.vhdl:14858]
WARNING: [Synth 8-6014] Unused sequential element placegen[3].placeBlock.pI/CapGtOne.token_latch_reg was removed.  [/home/aiml/Desktop/IITB_AI_ML/ahir_release/vhdl/ahir.vhdl:14858]
WARNING: [Synth 8-6014] Unused sequential element placegen[1].placeBlock.pI/CapGtOne.token_latch_reg was removed.  [/home/aiml/Desktop/IITB_AI_ML/ahir_release/vhdl/ahir.vhdl:14858]
WARNING: [Synth 8-6014] Unused sequential element placegen[2].placeBlock.pI/CapGtOne.token_latch_reg was removed.  [/home/aiml/Desktop/IITB_AI_ML/ahir_release/vhdl/ahir.vhdl:14858]
WARNING: [Synth 8-6014] Unused sequential element placegen[3].placeBlock.pI/CapGtOne.token_latch_reg was removed.  [/home/aiml/Desktop/IITB_AI_ML/ahir_release/vhdl/ahir.vhdl:14858]
WARNING: [Synth 8-6014] Unused sequential element placegen[1].placeBlock.pI/CapGtOne.token_latch_reg was removed.  [/home/aiml/Desktop/IITB_AI_ML/ahir_release/vhdl/ahir.vhdl:14858]
WARNING: [Synth 8-6014] Unused sequential element placegen[2].placeBlock.pI/CapGtOne.token_latch_reg was removed.  [/home/aiml/Desktop/IITB_AI_ML/ahir_release/vhdl/ahir.vhdl:14858]
WARNING: [Synth 8-6014] Unused sequential element placegen[3].placeBlock.pI/CapGtOne.token_latch_reg was removed.  [/home/aiml/Desktop/IITB_AI_ML/ahir_release/vhdl/ahir.vhdl:14858]
WARNING: [Synth 8-6014] Unused sequential element placegen[1].placeBlock.pI/CapGtOne.token_latch_reg was removed.  [/home/aiml/Desktop/IITB_AI_ML/ahir_release/vhdl/ahir.vhdl:14858]
WARNING: [Synth 8-6014] Unused sequential element placegen[2].placeBlock.pI/CapGtOne.token_latch_reg was removed.  [/home/aiml/Desktop/IITB_AI_ML/ahir_release/vhdl/ahir.vhdl:14858]
WARNING: [Synth 8-6014] Unused sequential element placegen[3].placeBlock.pI/CapGtOne.token_latch_reg was removed.  [/home/aiml/Desktop/IITB_AI_ML/ahir_release/vhdl/ahir.vhdl:14858]
WARNING: [Synth 8-6014] Unused sequential element placegen[1].placeBlock.pI/CapGtOne.token_latch_reg was removed.  [/home/aiml/Desktop/IITB_AI_ML/ahir_release/vhdl/ahir.vhdl:14858]
WARNING: [Synth 8-6014] Unused sequential element placegen[2].placeBlock.pI/CapGtOne.token_latch_reg was removed.  [/home/aiml/Desktop/IITB_AI_ML/ahir_release/vhdl/ahir.vhdl:14858]
WARNING: [Synth 8-6014] Unused sequential element placegen[1].placeBlock.pI/CapGtOne.token_latch_reg was removed.  [/home/aiml/Desktop/IITB_AI_ML/ahir_release/vhdl/ahir.vhdl:14858]
WARNING: [Synth 8-6014] Unused sequential element placegen[2].placeBlock.pI/CapGtOne.token_latch_reg was removed.  [/home/aiml/Desktop/IITB_AI_ML/ahir_release/vhdl/ahir.vhdl:14858]
WARNING: [Synth 8-6014] Unused sequential element placegen[3].placeBlock.pI/CapGtOne.token_latch_reg was removed.  [/home/aiml/Desktop/IITB_AI_ML/ahir_release/vhdl/ahir.vhdl:14858]
WARNING: [Synth 8-6014] Unused sequential element placegen[1].placeBlock.pI/CapGtOne.token_latch_reg was removed.  [/home/aiml/Desktop/IITB_AI_ML/ahir_release/vhdl/ahir.vhdl:14858]
WARNING: [Synth 8-6014] Unused sequential element placegen[2].placeBlock.pI/CapGtOne.token_latch_reg was removed.  [/home/aiml/Desktop/IITB_AI_ML/ahir_release/vhdl/ahir.vhdl:14858]
WARNING: [Synth 8-6014] Unused sequential element placegen[3].placeBlock.pI/CapGtOne.token_latch_reg was removed.  [/home/aiml/Desktop/IITB_AI_ML/ahir_release/vhdl/ahir.vhdl:14858]
WARNING: [Synth 8-6014] Unused sequential element placegen[1].placeBlock.pI/CapGtOne.token_latch_reg was removed.  [/home/aiml/Desktop/IITB_AI_ML/ahir_release/vhdl/ahir.vhdl:14858]
WARNING: [Synth 8-6014] Unused sequential element placegen[2].placeBlock.pI/CapGtOne.token_latch_reg was removed.  [/home/aiml/Desktop/IITB_AI_ML/ahir_release/vhdl/ahir.vhdl:14858]
WARNING: [Synth 8-6014] Unused sequential element placegen[3].placeBlock.pI/CapGtOne.token_latch_reg was removed.  [/home/aiml/Desktop/IITB_AI_ML/ahir_release/vhdl/ahir.vhdl:14858]
WARNING: [Synth 8-6014] Unused sequential element placegen[1].placeBlock.pI/CapGtOne.token_latch_reg was removed.  [/home/aiml/Desktop/IITB_AI_ML/ahir_release/vhdl/ahir.vhdl:14858]
WARNING: [Synth 8-6014] Unused sequential element placegen[2].placeBlock.pI/CapGtOne.token_latch_reg was removed.  [/home/aiml/Desktop/IITB_AI_ML/ahir_release/vhdl/ahir.vhdl:14858]
WARNING: [Synth 8-6014] Unused sequential element placegen[3].placeBlock.pI/CapGtOne.token_latch_reg was removed.  [/home/aiml/Desktop/IITB_AI_ML/ahir_release/vhdl/ahir.vhdl:14858]
WARNING: [Synth 8-6014] Unused sequential element placegen[1].placeBlock.pI/CapGtOne.token_latch_reg was removed.  [/home/aiml/Desktop/IITB_AI_ML/ahir_release/vhdl/ahir.vhdl:14858]
WARNING: [Synth 8-6014] Unused sequential element placegen[2].placeBlock.pI/CapGtOne.token_latch_reg was removed.  [/home/aiml/Desktop/IITB_AI_ML/ahir_release/vhdl/ahir.vhdl:14858]
WARNING: [Synth 8-6014] Unused sequential element placegen[3].placeBlock.pI/CapGtOne.token_latch_reg was removed.  [/home/aiml/Desktop/IITB_AI_ML/ahir_release/vhdl/ahir.vhdl:14858]
WARNING: [Synth 8-6014] Unused sequential element placegen[1].placeBlock.pI/CapGtOne.token_latch_reg was removed.  [/home/aiml/Desktop/IITB_AI_ML/ahir_release/vhdl/ahir.vhdl:14858]
WARNING: [Synth 8-6014] Unused sequential element placegen[2].placeBlock.pI/CapGtOne.token_latch_reg was removed.  [/home/aiml/Desktop/IITB_AI_ML/ahir_release/vhdl/ahir.vhdl:14858]
WARNING: [Synth 8-6014] Unused sequential element placegen[1].placeBlock.pI/CapGtOne.token_latch_reg was removed.  [/home/aiml/Desktop/IITB_AI_ML/ahir_release/vhdl/ahir.vhdl:14858]
WARNING: [Synth 8-6014] Unused sequential element placegen[2].placeBlock.pI/CapGtOne.token_latch_reg was removed.  [/home/aiml/Desktop/IITB_AI_ML/ahir_release/vhdl/ahir.vhdl:14858]
WARNING: [Synth 8-6014] Unused sequential element placegen[3].placeBlock.pI/CapGtOne.token_latch_reg was removed.  [/home/aiml/Desktop/IITB_AI_ML/ahir_release/vhdl/ahir.vhdl:14858]
WARNING: [Synth 8-6014] Unused sequential element placegen[1].placeBlock.pI/CapGtOne.token_latch_reg was removed.  [/home/aiml/Desktop/IITB_AI_ML/ahir_release/vhdl/ahir.vhdl:14858]
WARNING: [Synth 8-6014] Unused sequential element placegen[2].placeBlock.pI/CapGtOne.token_latch_reg was removed.  [/home/aiml/Desktop/IITB_AI_ML/ahir_release/vhdl/ahir.vhdl:14858]
WARNING: [Synth 8-6014] Unused sequential element placegen[3].placeBlock.pI/CapGtOne.token_latch_reg was removed.  [/home/aiml/Desktop/IITB_AI_ML/ahir_release/vhdl/ahir.vhdl:14858]
WARNING: [Synth 8-6014] Unused sequential element placegen[1].placeBlock.pI/CapGtOne.token_latch_reg was removed.  [/home/aiml/Desktop/IITB_AI_ML/ahir_release/vhdl/ahir.vhdl:14858]
WARNING: [Synth 8-6014] Unused sequential element placegen[2].placeBlock.pI/CapGtOne.token_latch_reg was removed.  [/home/aiml/Desktop/IITB_AI_ML/ahir_release/vhdl/ahir.vhdl:14858]
WARNING: [Synth 8-6014] Unused sequential element placegen[3].placeBlock.pI/CapGtOne.token_latch_reg was removed.  [/home/aiml/Desktop/IITB_AI_ML/ahir_release/vhdl/ahir.vhdl:14858]
WARNING: [Synth 8-6014] Unused sequential element placegen[4].placeBlock.pI/CapGtOne.token_latch_reg was removed.  [/home/aiml/Desktop/IITB_AI_ML/ahir_release/vhdl/ahir.vhdl:14858]
WARNING: [Synth 8-6014] Unused sequential element placegen[5].placeBlock.pI/CapGtOne.token_latch_reg was removed.  [/home/aiml/Desktop/IITB_AI_ML/ahir_release/vhdl/ahir.vhdl:14858]
WARNING: [Synth 8-6014] Unused sequential element placegen[6].placeBlock.pI/CapGtOne.token_latch_reg was removed.  [/home/aiml/Desktop/IITB_AI_ML/ahir_release/vhdl/ahir.vhdl:14858]
WARNING: [Synth 8-6014] Unused sequential element placegen[7].placeBlock.pI/CapGtOne.token_latch_reg was removed.  [/home/aiml/Desktop/IITB_AI_ML/ahir_release/vhdl/ahir.vhdl:14858]
WARNING: [Synth 8-6014] Unused sequential element placegen[8].placeBlock.pI/CapGtOne.token_latch_reg was removed.  [/home/aiml/Desktop/IITB_AI_ML/ahir_release/vhdl/ahir.vhdl:14858]
WARNING: [Synth 8-6014] Unused sequential element placegen[9].placeBlock.pI/CapGtOne.token_latch_reg was removed.  [/home/aiml/Desktop/IITB_AI_ML/ahir_release/vhdl/ahir.vhdl:14858]
WARNING: [Synth 8-6014] Unused sequential element placegen[10].placeBlock.pI/CapGtOne.token_latch_reg was removed.  [/home/aiml/Desktop/IITB_AI_ML/ahir_release/vhdl/ahir.vhdl:14858]
WARNING: [Synth 8-6014] Unused sequential element placegen[11].placeBlock.pI/CapGtOne.token_latch_reg was removed.  [/home/aiml/Desktop/IITB_AI_ML/ahir_release/vhdl/ahir.vhdl:14858]
WARNING: [Synth 8-6014] Unused sequential element placegen[12].placeBlock.pI/CapGtOne.token_latch_reg was removed.  [/home/aiml/Desktop/IITB_AI_ML/ahir_release/vhdl/ahir.vhdl:14858]
WARNING: [Synth 8-6014] Unused sequential element placegen[13].placeBlock.pI/CapGtOne.token_latch_reg was removed.  [/home/aiml/Desktop/IITB_AI_ML/ahir_release/vhdl/ahir.vhdl:14858]
WARNING: [Synth 8-6014] Unused sequential element placegen[14].placeBlock.pI/CapGtOne.token_latch_reg was removed.  [/home/aiml/Desktop/IITB_AI_ML/ahir_release/vhdl/ahir.vhdl:14858]
WARNING: [Synth 8-6014] Unused sequential element placegen[15].placeBlock.pI/CapGtOne.token_latch_reg was removed.  [/home/aiml/Desktop/IITB_AI_ML/ahir_release/vhdl/ahir.vhdl:14858]
WARNING: [Synth 8-6014] Unused sequential element placegen[16].placeBlock.pI/CapGtOne.token_latch_reg was removed.  [/home/aiml/Desktop/IITB_AI_ML/ahir_release/vhdl/ahir.vhdl:14858]
WARNING: [Synth 8-6014] Unused sequential element placegen[17].placeBlock.pI/CapGtOne.token_latch_reg was removed.  [/home/aiml/Desktop/IITB_AI_ML/ahir_release/vhdl/ahir.vhdl:14858]
WARNING: [Synth 8-6014] Unused sequential element placegen[18].placeBlock.pI/CapGtOne.token_latch_reg was removed.  [/home/aiml/Desktop/IITB_AI_ML/ahir_release/vhdl/ahir.vhdl:14858]
WARNING: [Synth 8-6014] Unused sequential element placegen[19].placeBlock.pI/CapGtOne.token_latch_reg was removed.  [/home/aiml/Desktop/IITB_AI_ML/ahir_release/vhdl/ahir.vhdl:14858]
WARNING: [Synth 8-6014] Unused sequential element placegen[20].placeBlock.pI/CapGtOne.token_latch_reg was removed.  [/home/aiml/Desktop/IITB_AI_ML/ahir_release/vhdl/ahir.vhdl:14858]
WARNING: [Synth 8-6014] Unused sequential element placegen[21].placeBlock.pI/CapGtOne.token_latch_reg was removed.  [/home/aiml/Desktop/IITB_AI_ML/ahir_release/vhdl/ahir.vhdl:14858]
WARNING: [Synth 8-6014] Unused sequential element placegen[22].placeBlock.pI/CapGtOne.token_latch_reg was removed.  [/home/aiml/Desktop/IITB_AI_ML/ahir_release/vhdl/ahir.vhdl:14858]
WARNING: [Synth 8-6014] Unused sequential element placegen[23].placeBlock.pI/CapGtOne.token_latch_reg was removed.  [/home/aiml/Desktop/IITB_AI_ML/ahir_release/vhdl/ahir.vhdl:14858]
WARNING: [Synth 8-6014] Unused sequential element placegen[24].placeBlock.pI/CapGtOne.token_latch_reg was removed.  [/home/aiml/Desktop/IITB_AI_ML/ahir_release/vhdl/ahir.vhdl:14858]
WARNING: [Synth 8-6014] Unused sequential element placegen[25].placeBlock.pI/CapGtOne.token_latch_reg was removed.  [/home/aiml/Desktop/IITB_AI_ML/ahir_release/vhdl/ahir.vhdl:14858]
WARNING: [Synth 8-6014] Unused sequential element placegen[26].placeBlock.pI/CapGtOne.token_latch_reg was removed.  [/home/aiml/Desktop/IITB_AI_ML/ahir_release/vhdl/ahir.vhdl:14858]
WARNING: [Synth 8-6014] Unused sequential element placegen[27].placeBlock.pI/CapGtOne.token_latch_reg was removed.  [/home/aiml/Desktop/IITB_AI_ML/ahir_release/vhdl/ahir.vhdl:14858]
WARNING: [Synth 8-6014] Unused sequential element placegen[28].placeBlock.pI/CapGtOne.token_latch_reg was removed.  [/home/aiml/Desktop/IITB_AI_ML/ahir_release/vhdl/ahir.vhdl:14858]
WARNING: [Synth 8-6014] Unused sequential element placegen[29].placeBlock.pI/CapGtOne.token_latch_reg was removed.  [/home/aiml/Desktop/IITB_AI_ML/ahir_release/vhdl/ahir.vhdl:14858]
WARNING: [Synth 8-6014] Unused sequential element placegen[30].placeBlock.pI/CapGtOne.token_latch_reg was removed.  [/home/aiml/Desktop/IITB_AI_ML/ahir_release/vhdl/ahir.vhdl:14858]
WARNING: [Synth 8-6014] Unused sequential element placegen[31].placeBlock.pI/CapGtOne.token_latch_reg was removed.  [/home/aiml/Desktop/IITB_AI_ML/ahir_release/vhdl/ahir.vhdl:14858]
WARNING: [Synth 8-6014] Unused sequential element placegen[32].placeBlock.pI/CapGtOne.token_latch_reg was removed.  [/home/aiml/Desktop/IITB_AI_ML/ahir_release/vhdl/ahir.vhdl:14858]
WARNING: [Synth 8-6014] Unused sequential element placegen[33].placeBlock.pI/CapGtOne.token_latch_reg was removed.  [/home/aiml/Desktop/IITB_AI_ML/ahir_release/vhdl/ahir.vhdl:14858]
WARNING: [Synth 8-6014] Unused sequential element placegen[34].placeBlock.pI/CapGtOne.token_latch_reg was removed.  [/home/aiml/Desktop/IITB_AI_ML/ahir_release/vhdl/ahir.vhdl:14858]
WARNING: [Synth 8-6014] Unused sequential element placegen[35].placeBlock.pI/CapGtOne.token_latch_reg was removed.  [/home/aiml/Desktop/IITB_AI_ML/ahir_release/vhdl/ahir.vhdl:14858]
WARNING: [Synth 8-6014] Unused sequential element placegen[36].placeBlock.pI/CapGtOne.token_latch_reg was removed.  [/home/aiml/Desktop/IITB_AI_ML/ahir_release/vhdl/ahir.vhdl:14858]
WARNING: [Synth 8-6014] Unused sequential element placegen[37].placeBlock.pI/CapGtOne.token_latch_reg was removed.  [/home/aiml/Desktop/IITB_AI_ML/ahir_release/vhdl/ahir.vhdl:14858]
WARNING: [Synth 8-6014] Unused sequential element placegen[38].placeBlock.pI/CapGtOne.token_latch_reg was removed.  [/home/aiml/Desktop/IITB_AI_ML/ahir_release/vhdl/ahir.vhdl:14858]
WARNING: [Synth 8-6014] Unused sequential element placegen[39].placeBlock.pI/CapGtOne.token_latch_reg was removed.  [/home/aiml/Desktop/IITB_AI_ML/ahir_release/vhdl/ahir.vhdl:14858]
WARNING: [Synth 8-6014] Unused sequential element placegen[40].placeBlock.pI/CapGtOne.token_latch_reg was removed.  [/home/aiml/Desktop/IITB_AI_ML/ahir_release/vhdl/ahir.vhdl:14858]
WARNING: [Synth 8-6014] Unused sequential element placegen[41].placeBlock.pI/CapGtOne.token_latch_reg was removed.  [/home/aiml/Desktop/IITB_AI_ML/ahir_release/vhdl/ahir.vhdl:14858]
WARNING: [Synth 8-6014] Unused sequential element placegen[42].placeBlock.pI/CapGtOne.token_latch_reg was removed.  [/home/aiml/Desktop/IITB_AI_ML/ahir_release/vhdl/ahir.vhdl:14858]
WARNING: [Synth 8-6014] Unused sequential element placegen[43].placeBlock.pI/CapGtOne.token_latch_reg was removed.  [/home/aiml/Desktop/IITB_AI_ML/ahir_release/vhdl/ahir.vhdl:14858]
WARNING: [Synth 8-6014] Unused sequential element placegen[44].placeBlock.pI/CapGtOne.token_latch_reg was removed.  [/home/aiml/Desktop/IITB_AI_ML/ahir_release/vhdl/ahir.vhdl:14858]
INFO: [Common 17-14] Message 'Synth 8-6014' appears 100 times and further instances of the messages will be disabled. Use the Tcl command set_msg_config to change the current settings.
INFO: [Synth 8-4471] merging register 'convolveCore_CP_8531.convolveCore_cp_element_group_79.gj_convolveCore_cp_element_group_79/placegen[2].placeBlock.dly/UnitDelay.ack_reg' into 'convolveCore_CP_8531.convolveCore_cp_element_group_100.gj_convolveCore_cp_element_group_100/placegen[2].placeBlock.dly/UnitDelay.ack_reg' [/home/aiml/Desktop/IITB_AI_ML/ahir_release/vhdl/ahir.vhdl:13367]
INFO: [Synth 8-4471] merging register 'convolveCore_CP_8531.convolveCore_cp_element_group_58.gj_convolveCore_cp_element_group_58/placegen[2].placeBlock.dly/UnitDelay.ack_reg' into 'convolveCore_CP_8531.convolveCore_cp_element_group_100.gj_convolveCore_cp_element_group_100/placegen[2].placeBlock.dly/UnitDelay.ack_reg' [/home/aiml/Desktop/IITB_AI_ML/ahir_release/vhdl/ahir.vhdl:13367]
INFO: [Synth 8-4471] merging register 'convolveCore_CP_8531.convolveCore_cp_element_group_37.gj_convolveCore_cp_element_group_37/placegen[2].placeBlock.dly/UnitDelay.ack_reg' into 'convolveCore_CP_8531.convolveCore_cp_element_group_100.gj_convolveCore_cp_element_group_100/placegen[2].placeBlock.dly/UnitDelay.ack_reg' [/home/aiml/Desktop/IITB_AI_ML/ahir_release/vhdl/ahir.vhdl:13367]
INFO: [Synth 8-4471] merging register 'convolveCore_CP_8531.convolveCore_cp_element_group_16.gj_convolveCore_cp_element_group_16/placegen[2].placeBlock.dly/UnitDelay.ack_reg' into 'convolveCore_CP_8531.convolveCore_cp_element_group_100.gj_convolveCore_cp_element_group_100/placegen[2].placeBlock.dly/UnitDelay.ack_reg' [/home/aiml/Desktop/IITB_AI_ML/ahir_release/vhdl/ahir.vhdl:13367]
INFO: [Synth 8-4471] merging register 'in_buffer_unload_req_symbol_join.gj_in_buffer_unload_req_symbol_join/placegen[2].placeBlock.dly/UnitDelay.ack_reg' into 'out_buffer_write_req_symbol_join.gj_out_buffer_write_req_symbol_join/placegen[2].placeBlock.dly/UnitDelay.ack_reg' [/home/aiml/Desktop/IITB_AI_ML/ahir_release/vhdl/ahir.vhdl:13367]
INFO: [Synth 8-5546] ROM "result" won't be mapped to RAM because it is too sparse
INFO: [Synth 8-5546] ROM "result" won't be mapped to RAM because it is too sparse
INFO: [Synth 8-5546] ROM "result" won't be mapped to RAM because it is too sparse
INFO: [Synth 8-5546] ROM "result" won't be mapped to RAM because it is too sparse
WARNING: [Synth 8-3917] design convolveCore__GB5 has port sr_out[0] driven by constant 0
WARNING: [Synth 8-3917] design convolveCore__GB5 has port O402[0] driven by constant 0
WARNING: [Synth 8-3917] design convolveCore__GB5 has port O405[0] driven by constant 0
WARNING: [Synth 8-3917] design convolveCore__GB5 has port O407[0] driven by constant 0
WARNING: [Synth 8-3917] design convolveCore__GB5 has port O409[0] driven by constant 0
WARNING: [Synth 8-3917] design convolveCore__GB5 has port O411[0] driven by constant 0
WARNING: [Synth 8-3332] Sequential element (req_registered_reg[1]) is unused and will be removed from module PhiBase__parameterized47.
WARNING: [Synth 8-3332] Sequential element (req_registered_reg[1]) is unused and will be removed from module PhiBase__parameterized53.
WARNING: [Synth 8-3332] Sequential element (req_registered_reg[1]) is unused and will be removed from module PhiBase__parameterized59.
WARNING: [Synth 8-3332] Sequential element (req_registered_reg[1]) is unused and will be removed from module PhiBase__parameterized61.
WARNING: [Synth 8-3332] Sequential element (noFlowThrough.ilb/NoFlowThrough.interlockBuf.buf/NotRevisedCase.ShallowCase.ulReg/noBypass.read_data_reg[2]) is unused and will be removed from module SelectSplitProtocol__parameterized35.
WARNING: [Synth 8-3332] Sequential element (noFlowThrough.ilb/NoFlowThrough.interlockBuf.buf/NotRevisedCase.ShallowCase.ulReg/noBypass.read_data_reg[1]) is unused and will be removed from module SelectSplitProtocol__parameterized35.
WARNING: [Synth 8-3332] Sequential element (noFlowThrough.ilb/NoFlowThrough.interlockBuf.buf/NotRevisedCase.ShallowCase.ulReg/noBypass.read_data_reg[0]) is unused and will be removed from module SelectSplitProtocol__parameterized39.
