xilinx rtfpga
INFO: [Synth 8-4471] merging register 'out_buffer_write_req_symbol_join.gj_out_buffer_write_req_symbol_join/placegen[2].placeBlock.dly/UnitDelay.ack_reg' into 'in_buffer_unload_req_symbol_join.gj_in_buffer_unload_req_symbol_join/placegen[2].placeBlock.dly/UnitDelay.ack_reg' [/home/aiml/Desktop/IITB_AI_ML/ahir_release/vhdl/ahir.vhdl:13367]
DSP Report: Generating DSP x, operation Mode is: A2*B2.
DSP Report: register B is absorbed into DSP x.
DSP Report: register A is absorbed into DSP x.
DSP Report: operator x is absorbed into DSP x.
INFO: [Synth 8-4471] merging register 'inputModule_instance/out_buffer_write_req_symbol_join.gj_out_buffer_write_req_symbol_join/placegen[2].placeBlock.dly/UnitDelay.ack_reg' into 'inputModule_instance/in_buffer_unload_req_symbol_join.gj_in_buffer_unload_req_symbol_join/placegen[2].placeBlock.dly/UnitDelay.ack_reg' [/home/aiml/Desktop/IITB_AI_ML/ahir_release/vhdl/ahir.vhdl:13367]
INFO: [Synth 8-5546] ROM "inputModule_instance/result" won't be mapped to RAM because it is too sparse
DSP Report: Generating DSP inputModule_instance/x, operation Mode is: A2*B2.
DSP Report: register B is absorbed into DSP inputModule_instance/x.
DSP Report: register A is absorbed into DSP inputModule_instance/x.
DSP Report: operator inputModule_instance/x is absorbed into DSP inputModule_instance/x.
WARNING: [Synth 8-3917] design ahir_system__GCB8 has port singleFetch_call_tag[0] driven by constant 0
WARNING: [Synth 8-3917] design ahir_system__GCB8 has port O499[1] driven by constant 0
WARNING: [Synth 8-3917] design ahir_system__GCB8 has port O499[0] driven by constant 0
WARNING: [Synth 8-3331] design UnsharedOperatorWithBuffering__parameterized37 has unconnected port dataL[63]
WARNING: [Synth 8-3331] design UnsharedOperatorWithBuffering__parameterized37 has unconnected port dataL[62]
WARNING: [Synth 8-3331] design UnsharedOperatorWithBuffering__parameterized37 has unconnected port dataL[61]
WARNING: [Synth 8-3331] design UnsharedOperatorWithBuffering__parameterized35 has unconnected port dataL[63]
WARNING: [Synth 8-3331] design UnsharedOperatorWithBuffering__parameterized35 has unconnected port dataL[62]
WARNING: [Synth 8-3331] design UnsharedOperatorWithBuffering__parameterized35 has unconnected port dataL[61]
INFO: [Synth 8-3886] merging instance 'inputModule_instance/data_path.loadInput_in2_call_group_2.CallReq/RxGen[0].rxBuf/notFRR.bufPipe/Shallow.notSaveSlot.queue/qD1.RB.data_reg_reg[96]' (FDRE) to 'inputModule_instance/data_path.loadInput_in2_call_group_2.CallReq/RxGen[0].rxBuf/notFRR.bufPipe/Shallow.notSaveSlot.queue/qD1.RB.data_reg_reg[111]'
INFO: [Synth 8-3886] merging instance 'inputModule_instance/data_path.loadInput_in2_call_group_2.CallReq/RxGen[0].rxBuf/notFRR.bufPipe/Shallow.notSaveSlot.queue/qD1.RB.data_reg_reg[97]' (FDRE) to 'inputModule_instance/data_path.loadInput_in2_call_group_2.CallReq/RxGen[0].rxBuf/notFRR.bufPipe/Shallow.notSaveSlot.queue/qD1.RB.data_reg_reg[111]'
INFO: [Synth 8-3886] merging instance 'inputModule_instance/data_path.loadInput_in2_call_group_2.CallReq/RxGen[0].rxBuf/notFRR.bufPipe/Shallow.notSaveSlot.queue/qD1.RB.data_reg_reg[98]' (FDRE) to 'inputModule_instance/data_path.loadInput_in2_call_group_2.CallReq/RxGen[0].rxBuf/notFRR.bufPipe/Shallow.notSaveSlot.queue/qD1.RB.data_reg_reg[111]'
INFO: [Synth 8-3886] merging instance 'inputModule_instance/data_path.loadInput_in2_call_group_2.CallReq/RxGen[0].rxBuf/notFRR.bufPipe/Shallow.notSaveSlot.queue/qD1.RB.data_reg_reg[99]' (FDRE) to 'inputModule_instance/data_path.loadInput_in2_call_group_2.CallReq/RxGen[0].rxBuf/notFRR.bufPipe/Shallow.notSaveSlot.queue/qD1.RB.data_reg_reg[111]'
INFO: [Synth 8-3886] merging instance 'inputModule_instance/data_path.loadInput_in2_call_group_2.CallReq/RxGen[0].rxBuf/notFRR.bufPipe/Shallow.notSaveSlot.queue/qD1.RB.data_reg_reg[100]' (FDRE) to 'inputModule_instance/data_path.loadInput_in2_call_group_2.CallReq/RxGen[0].rxBuf/notFRR.bufPipe/Shallow.notSaveSlot.queue/qD1.RB.data_reg_reg[111]'
INFO: [Synth 8-3886] merging instance 'inputModule_instance/data_path.loadInput_in2_call_group_2.CallReq/RxGen[0].rxBuf/notFRR.bufPipe/Shallow.notSaveSlot.queue/qD1.RB.data_reg_reg[101]' (FDRE) to 'inputModule_instance/data_path.loadInput_in2_call_group_2.CallReq/RxGen[0].rxBuf/notFRR.bufPipe/Shallow.notSaveSlot.queue/qD1.RB.data_reg_reg[111]'
INFO: [Synth 8-3886] merging instance 'inputModule_instance/data_path.loadInput_in2_call_group_2.CallReq/RxGen[0].rxBuf/notFRR.bufPipe/Shallow.notSaveSlot.queue/qD1.RB.data_reg_reg[102]' (FDRE) to 'inputModule_instance/data_path.loadInput_in2_call_group_2.CallReq/RxGen[0].rxBuf/notFRR.bufPipe/Shallow.notSaveSlot.queue/qD1.RB.data_reg_reg[111]'
INFO: [Synth 8-3886] merging instance 'inputModule_instance/data_path.loadInput_in2_call_group_2.CallReq/RxGen[0].rxBuf/notFRR.bufPipe/Shallow.notSaveSlot.queue/qD1.RB.data_reg_reg[103]' (FDRE) to 'inputModule_instance/data_path.loadInput_in2_call_group_2.CallReq/RxGen[0].rxBuf/notFRR.bufPipe/Shallow.notSaveSlot.queue/qD1.RB.data_reg_reg[111]'
INFO: [Synth 8-3886] merging instance 'inputModule_instance/data_path.loadInput_in2_call_group_2.CallReq/RxGen[0].rxBuf/notFRR.bufPipe/Shallow.notSaveSlot.queue/qD1.RB.data_reg_reg[104]' (FDRE) to 'inputModule_instance/data_path.loadInput_in2_call_group_2.CallReq/RxGen[0].rxBuf/notFRR.bufPipe/Shallow.notSaveSlot.queue/qD1.RB.data_reg_reg[111]'
INFO: [Synth 8-3886] merging instance 'inputModule_instance/data_path.loadInput_in2_call_group_2.CallReq/RxGen[0].rxBuf/notFRR.bufPipe/Shallow.notSaveSlot.queue/qD1.RB.data_reg_reg[105]' (FDRE) to 'inputModule_instance/data_path.loadInput_in2_call_group_2.CallReq/RxGen[0].rxBuf/notFRR.bufPipe/Shallow.notSaveSlot.queue/qD1.RB.data_reg_reg[111]'
INFO: [Synth 8-3886] merging instance 'inputModule_instance/data_path.loadInput_in2_call_group_2.CallReq/RxGen[0].rxBuf/notFRR.bufPipe/Shallow.notSaveSlot.queue/qD1.RB.data_reg_reg[106]' (FDRE) to 'inputModule_instance/data_path.loadInput_in2_call_group_2.CallReq/RxGen[0].rxBuf/notFRR.bufPipe/Shallow.notSaveSlot.queue/qD1.RB.data_reg_reg[111]'
INFO: [Synth 8-3886] merging instance 'inputModule_instance/data_path.loadInput_in2_call_group_2.CallReq/RxGen[0].rxBuf/notFRR.bufPipe/Shallow.notSaveSlot.queue/qD1.RB.data_reg_reg[107]' (FDRE) to 'inputModule_instance/data_path.loadInput_in2_call_group_2.CallReq/RxGen[0].rxBuf/notFRR.bufPipe/Shallow.notSaveSlot.queue/qD1.RB.data_reg_reg[111]'
INFO: [Synth 8-3886] merging instance 'inputModule_instance/data_path.loadInput_in2_call_group_2.CallReq/RxGen[0].rxBuf/notFRR.bufPipe/Shallow.notSaveSlot.queue/qD1.RB.data_reg_reg[108]' (FDRE) to 'inputModule_instance/data_path.loadInput_in2_call_group_2.CallReq/RxGen[0].rxBuf/notFRR.bufPipe/Shallow.notSaveSlot.queue/qD1.RB.data_reg_reg[111]'
INFO: [Synth 8-3886] merging instance 'inputModule_instance/data_path.loadInput_in2_call_group_2.CallReq/RxGen[0].rxBuf/notFRR.bufPipe/Shallow.notSaveSlot.queue/qD1.RB.data_reg_reg[109]' (FDRE) to 'inputModule_instance/data_path.loadInput_in2_call_group_2.CallReq/RxGen[0].rxBuf/notFRR.bufPipe/Shallow.notSaveSlot.queue/qD1.RB.data_reg_reg[111]'
INFO: [Synth 8-3886] merging instance 'inputModule_instance/data_path.loadInput_in2_call_group_2.CallReq/RxGen[0].rxBuf/notFRR.bufPipe/Shallow.notSaveSlot.queue/qD1.RB.data_reg_reg[110]' (FDRE) to 'inputModule_instance/data_path.loadInput_in2_call_group_2.CallReq/RxGen[0].rxBuf/notFRR.bufPipe/Shallow.notSaveSlot.queue/qD1.RB.data_reg_reg[111]'
INFO: [Synth 8-3333] propagating constant 0 across sequential element (\inputModule_instance/data_path.loadInput_in2_call_group_2.CallReq/RxGen[0].rxBuf/notFRR.bufPipe/Shallow.notSaveSlot.queue/qD1.RB.data_reg_reg[111] )
INFO: [Synth 8-3333] propagating constant 0 across sequential element (loadInput_in2_instance/\in_buffer/NotRevisedCase.ShallowCase.ulReg/noBypass.read_data_reg[112] )
INFO: [Synth 8-3886] merging instance 'loadInput_in2_instance/data_path.readModule_convolution_call_group_0.CallReq/RxGen[0].rxBuf/notFRR.bufPipe/Shallow.notSaveSlot.queue/qDGt1.NTB.Wgen[1].queue_array_reg[1][29]' (FDRE) to 'loadInput_in2_instance/data_path.readModule_convolution_call_group_0.CallReq/RxGen[0].rxBuf/notFRR.bufPipe/Shallow.notSaveSlot.queue/qDGt1.NTB.Wgen[1].queue_array_reg[1][31]'
INFO: [Synth 8-3886] merging instance 'loadInput_in2_instance/data_path.readModule_convolution_call_group_0.CallReq/RxGen[0].rxBuf/notFRR.bufPipe/Shallow.notSaveSlot.queue/qDGt1.NTB.Wgen[0].queue_array_reg[0][29]' (FDRE) to 'loadInput_in2_instance/data_path.readModule_convolution_call_group_0.CallReq/RxGen[0].rxBuf/notFRR.bufPipe/Shallow.notSaveSlot.queue/qDGt1.NTB.Wgen[0].queue_array_reg[0][30]'
INFO: [Synth 8-3886] merging instance 'loadInput_in2_instance/data_path.readModule_convolution_call_group_0.CallReq/RxGen[0].rxBuf/notFRR.bufPipe/Shallow.notSaveSlot.queue/qDGt1.NTB.Wgen[1].queue_array_reg[1][30]' (FDRE) to 'loadInput_in2_instance/data_path.readModule_convolution_call_group_0.CallReq/RxGen[0].rxBuf/notFRR.bufPipe/Shallow.notSaveSlot.queue/qDGt1.NTB.Wgen[1].queue_array_reg[1][31]'
INFO: [Synth 8-3886] merging instance 'loadInput_in2_instance/data_path.readModule_convolution_call_group_0.CallReq/RxGen[0].rxBuf/notFRR.bufPipe/Shallow.notSaveSlot.queue/qDGt1.NTB.Wgen[0].queue_array_reg[0][30]' (FDRE) to 'loadInput_in2_instance/data_path.readModule_convolution_call_group_0.CallReq/RxGen[0].rxBuf/notFRR.bufPipe/Shallow.notSaveSlot.queue/qDGt1.NTB.Wgen[0].queue_array_reg[0][31]'
INFO: [Synth 8-3333] propagating constant 0 across sequential element (loadInput_in2_instance/\data_path.readModule_convolution_call_group_0.CallReq /\RxGen[0].rxBuf/notFRR.bufPipe/Shallow.notSaveSlot.queue/qDGt1.NTB.Wgen[1].queue_array_reg[1][31] )
INFO: [Synth 8-3333] propagating constant 0 across sequential element (loadInput_in2_instance/\data_path.readModule_convolution_call_group_0.CallReq /\RxGen[0].rxBuf/notFRR.bufPipe/Shallow.notSaveSlot.queue/qDGt1.NTB.Wgen[0].queue_array_reg[0][31] )
INFO: [Synth 8-3886] merging instance 'inputModule_instance/data_path.loadInput_in1_call_group_1.CallReq/RxGen[0].rxBuf/notFRR.bufPipe/Shallow.notSaveSlot.queue/qD1.RB.data_reg_reg[96]' (FDRE) to 'inputModule_instance/data_path.loadInput_in1_call_group_1.CallReq/RxGen[0].rxBuf/notFRR.bufPipe/Shallow.notSaveSlot.queue/qD1.RB.data_reg_reg[97]'
INFO: [Synth 8-3886] merging instance 'inputModule_instance/data_path.loadInput_in1_call_group_1.CallReq/RxGen[0].rxBuf/notFRR.bufPipe/Shallow.notSaveSlot.queue/qD1.RB.data_reg_reg[97]' (FDRE) to 'inputModule_instance/data_path.loadInput_in1_call_group_1.CallReq/RxGen[0].rxBuf/notFRR.bufPipe/Shallow.notSaveSlot.queue/qD1.RB.data_reg_reg[98]'
INFO: [Synth 8-3886] merging instance 'inputModule_instance/data_path.loadInput_in1_call_group_1.CallReq/RxGen[0].rxBuf/notFRR.bufPipe/Shallow.notSaveSlot.queue/qD1.RB.data_reg_reg[98]' (FDRE) to 'inputModule_instance/data_path.loadInput_in1_call_group_1.CallReq/RxGen[0].rxBuf/notFRR.bufPipe/Shallow.notSaveSlot.queue/qD1.RB.data_reg_reg[99]'
INFO: [Synth 8-3886] merging instance 'inputModule_instance/data_path.loadInput_in1_call_group_1.CallReq/RxGen[0].rxBuf/notFRR.bufPipe/Shallow.notSaveSlot.queue/qD1.RB.data_reg_reg[99]' (FDRE) to 'inputModule_instance/data_path.loadInput_in1_call_group_1.CallReq/RxGen[0].rxBuf/notFRR.bufPipe/Shallow.notSaveSlot.queue/qD1.RB.data_reg_reg[100]'
INFO: [Synth 8-3886] merging instance 'inputModule_instance/data_path.loadInput_in1_call_group_1.CallReq/RxGen[0].rxBuf/notFRR.bufPipe/Shallow.notSaveSlot.queue/qD1.RB.data_reg_reg[100]' (FDRE) to 'inputModule_instance/data_path.loadInput_in1_call_group_1.CallReq/RxGen[0].rxBuf/notFRR.bufPipe/Shallow.notSaveSlot.queue/qD1.RB.data_reg_reg[101]'
INFO: [Synth 8-3886] merging instance 'inputModule_instance/data_path.loadInput_in1_call_group_1.CallReq/RxGen[0].rxBuf/notFRR.bufPipe/Shallow.notSaveSlot.queue/qD1.RB.data_reg_reg[101]' (FDRE) to 'inputModule_instance/data_path.loadInput_in1_call_group_1.CallReq/RxGen[0].rxBuf/notFRR.bufPipe/Shallow.notSaveSlot.queue/qD1.RB.data_reg_reg[102]'
INFO: [Synth 8-3886] merging instance 'inputModule_instance/data_path.loadInput_in1_call_group_1.CallReq/RxGen[0].rxBuf/notFRR.bufPipe/Shallow.notSaveSlot.queue/qD1.RB.data_reg_reg[102]' (FDRE) to 'inputModule_instance/data_path.loadInput_in1_call_group_1.CallReq/RxGen[0].rxBuf/notFRR.bufPipe/Shallow.notSaveSlot.queue/qD1.RB.data_reg_reg[103]'
INFO: [Synth 8-3886] merging instance 'inputModule_instance/data_path.loadInput_in1_call_group_1.CallReq/RxGen[0].rxBuf/notFRR.bufPipe/Shallow.notSaveSlot.queue/qD1.RB.data_reg_reg[103]' (FDRE) to 'inputModule_instance/data_path.loadInput_in1_call_group_1.CallReq/RxGen[0].rxBuf/notFRR.bufPipe/Shallow.notSaveSlot.queue/qD1.RB.data_reg_reg[104]'
INFO: [Synth 8-3886] merging instance 'inputModule_instance/data_path.loadInput_in1_call_group_1.CallReq/RxGen[0].rxBuf/notFRR.bufPipe/Shallow.notSaveSlot.queue/qD1.RB.data_reg_reg[104]' (FDRE) to 'inputModule_instance/data_path.loadInput_in1_call_group_1.CallReq/RxGen[0].rxBuf/notFRR.bufPipe/Shallow.notSaveSlot.queue/qD1.RB.data_reg_reg[105]'
INFO: [Synth 8-3886] merging instance 'inputModule_instance/data_path.loadInput_in1_call_group_1.CallReq/RxGen[0].rxBuf/notFRR.bufPipe/Shallow.notSaveSlot.queue/qD1.RB.data_reg_reg[105]' (FDRE) to 'inputModule_instance/data_path.loadInput_in1_call_group_1.CallReq/RxGen[0].rxBuf/notFRR.bufPipe/Shallow.notSaveSlot.queue/qD1.RB.data_reg_reg[106]'
INFO: [Synth 8-3886] merging instance 'inputModule_instance/data_path.loadInput_in1_call_group_1.CallReq/RxGen[0].rxBuf/notFRR.bufPipe/Shallow.notSaveSlot.queue/qD1.RB.data_reg_reg[106]' (FDRE) to 'inputModule_instance/data_path.loadInput_in1_call_group_1.CallReq/RxGen[0].rxBuf/notFRR.bufPipe/Shallow.notSaveSlot.queue/qD1.RB.data_reg_reg[107]'
INFO: [Synth 8-3886] merging instance 'inputModule_instance/data_path.loadInput_in1_call_group_1.CallReq/RxGen[0].rxBuf/notFRR.bufPipe/Shallow.notSaveSlot.queue/qD1.RB.data_reg_reg[107]' (FDRE) to 'inputModule_instance/data_path.loadInput_in1_call_group_1.CallReq/RxGen[0].rxBuf/notFRR.bufPipe/Shallow.notSaveSlot.queue/qD1.RB.data_reg_reg[108]'
INFO: [Synth 8-3886] merging instance 'inputModule_instance/data_path.loadInput_in1_call_group_1.CallReq/RxGen[0].rxBuf/notFRR.bufPipe/Shallow.notSaveSlot.queue/qD1.RB.data_reg_reg[108]' (FDRE) to 'inputModule_instance/data_path.loadInput_in1_call_group_1.CallReq/RxGen[0].rxBuf/notFRR.bufPipe/Shallow.notSaveSlot.queue/qD1.RB.data_reg_reg[109]'
INFO: [Synth 8-3886] merging instance 'inputModule_instance/data_path.loadInput_in1_call_group_1.CallReq/RxGen[0].rxBuf/notFRR.bufPipe/Shallow.notSaveSlot.queue/qD1.RB.data_reg_reg[109]' (FDRE) to 'inputModule_instance/data_path.loadInput_in1_call_group_1.CallReq/RxGen[0].rxBuf/notFRR.bufPipe/Shallow.notSaveSlot.queue/qD1.RB.data_reg_reg[110]'
INFO: [Synth 8-3886] merging instance 'inputModule_instance/data_path.loadInput_in1_call_group_1.CallReq/RxGen[0].rxBuf/notFRR.bufPipe/Shallow.notSaveSlot.queue/qD1.RB.data_reg_reg[110]' (FDRE) to 'inputModule_instance/data_path.loadInput_in1_call_group_1.CallReq/RxGen[0].rxBuf/notFRR.bufPipe/Shallow.notSaveSlot.queue/qD1.RB.data_reg_reg[111]'
INFO: [Synth 8-3333] propagating constant 0 across sequential element (\inputModule_instance/data_path.loadInput_in1_call_group_1.CallReq/RxGen[0].rxBuf/notFRR.bufPipe/Shallow.notSaveSlot.queue/qD1.RB.data_reg_reg[111] )
INFO: [Synth 8-3886] merging instance 'inputModule_instance/data_path.singleFetch_call_group_0.CallReq/RxGen[0].rxBuf/notFRR.bufPipe/Shallow.notSaveSlot.queue/qD1.RB.data_reg_reg[22]' (FDRE) to 'inputModule_instance/data_path.singleFetch_call_group_0.CallReq/RxGen[0].rxBuf/notFRR.bufPipe/Shallow.notSaveSlot.queue/qD1.RB.data_reg_reg[24]'
INFO: [Synth 8-3886] merging instance 'inputModule_instance/data_path.singleFetch_call_group_0.CallReq/RxGen[0].rxBuf/notFRR.bufPipe/Shallow.notSaveSlot.queue/qD1.RB.data_reg_reg[23]' (FDRE) to 'inputModule_instance/data_path.singleFetch_call_group_0.CallReq/RxGen[0].rxBuf/notFRR.bufPipe/Shallow.notSaveSlot.queue/qD1.RB.data_reg_reg[24]'
INFO: [Synth 8-3333] propagating constant 0 across sequential element (\inputModule_instance/data_path.singleFetch_call_group_0.CallReq/RxGen[0].rxBuf/notFRR.bufPipe/Shallow.notSaveSlot.queue/qD1.RB.data_reg_reg[24] )
INFO: [Synth 8-3886] merging instance 'loadInput_in2_instance/data_path.addr_init_3358_buf_block.addr_init_3358_buf/NoFlowThrough.interlockBuf.buf/NotRevisedCase.ShallowCase.ulReg/noBypass.read_data_reg[18]' (FDRE) to 'loadInput_in2_instance/data_path.addr_init_3358_buf_block.addr_init_3358_buf/NoFlowThrough.interlockBuf.buf/NotRevisedCase.ShallowCase.ulReg/noBypass.read_data_reg[30]'
INFO: [Synth 8-3886] merging instance 'loadInput_in2_instance/data_path.addr_init_3358_buf_block.addr_init_3358_buf/NoFlowThrough.interlockBuf.buf/NotRevisedCase.ShallowCase.ulReg/noBypass.read_data_reg[19]' (FDRE) to 'loadInput_in2_instance/data_path.addr_init_3358_buf_block.addr_init_3358_buf/NoFlowThrough.interlockBuf.buf/NotRevisedCase.ShallowCase.ulReg/noBypass.read_data_reg[31]'
INFO: [Synth 8-3886] merging instance 'loadInput_in2_instance/data_path.addr_init_3358_buf_block.addr_init_3358_buf/NoFlowThrough.interlockBuf.buf/NotRevisedCase.ShallowCase.ulReg/noBypass.read_data_reg[20]' (FDRE) to 'loadInput_in2_instance/data_path.addr_init_3358_buf_block.addr_init_3358_buf/NoFlowThrough.interlockBuf.buf/NotRevisedCase.ShallowCase.ulReg/noBypass.read_data_reg[26]'
INFO: [Synth 8-3886] merging instance 'loadInput_in2_instance/data_path.addr_init_3358_buf_block.addr_init_3358_buf/NoFlowThrough.interlockBuf.buf/NotRevisedCase.ShallowCase.ulReg/noBypass.read_data_reg[21]' (FDRE) to 'loadInput_in2_instance/data_path.addr_init_3358_buf_block.addr_init_3358_buf/NoFlowThrough.interlockBuf.buf/NotRevisedCase.ShallowCase.ulReg/noBypass.read_data_reg[27]'
INFO: [Synth 8-3886] merging instance 'loadInput_in2_instance/data_path.addr_init_3358_buf_block.addr_init_3358_buf/NoFlowThrough.interlockBuf.buf/NotRevisedCase.ShallowCase.ulReg/noBypass.read_data_reg[22]' (FDRE) to 'loadInput_in2_instance/data_path.addr_init_3358_buf_block.addr_init_3358_buf/NoFlowThrough.interlockBuf.buf/NotRevisedCase.ShallowCase.ulReg/noBypass.read_data_reg[28]'
INFO: [Synth 8-3886] merging instance 'loadInput_in2_instance/data_path.addr_init_3358_buf_block.addr_init_3358_buf/NoFlowThrough.interlockBuf.buf/NotRevisedCase.ShallowCase.ulReg/noBypass.read_data_reg[23]' (FDRE) to 'loadInput_in2_instance/data_path.addr_init_3358_buf_block.addr_init_3358_buf/NoFlowThrough.interlockBuf.buf/NotRevisedCase.ShallowCase.ulReg/noBypass.read_data_reg[29]'
INFO: [Synth 8-3886] merging instance 'loadInput_in2_instance/data_path.addr_init_3358_buf_block.addr_init_3358_buf/NoFlowThrough.interlockBuf.buf/NotRevisedCase.ShallowCase.ulReg/noBypass.read_data_reg[24]' (FDRE) to 'loadInput_in2_instance/data_path.addr_init_3358_buf_block.addr_init_3358_buf/NoFlowThrough.interlockBuf.buf/NotRevisedCase.ShallowCase.ulReg/noBypass.read_data_reg[30]'
INFO: [Synth 8-3886] merging instance 'loadInput_in2_instance/data_path.addr_init_3358_buf_block.addr_init_3358_buf/NoFlowThrough.interlockBuf.buf/NotRevisedCase.ShallowCase.ulReg/noBypass.read_data_reg[25]' (FDRE) to 'loadInput_in2_instance/data_path.addr_init_3358_buf_block.addr_init_3358_buf/NoFlowThrough.interlockBuf.buf/NotRevisedCase.ShallowCase.ulReg/noBypass.read_data_reg[31]'
INFO: [Common 17-41] Interrupt caught. Command should exit soon.
INFO: [Common 17-41] Interrupt caught. Command should exit soon.
INFO: [Common 17-41] Interrupt caught. Command should exit soon.
1
WORKER_RUN_ENDED
