xilinx rtfpga
WARNING: [Synth 8-6014] Unused sequential element DeepFifo.notShiftReg.queue/queue_size_reg was removed.  [/home/aiml/Desktop/IITB_AI_ML/ahir_release/vhdl/ahir.vhdl:20751]
WARNING: [Synth 8-6014] Unused sequential element DeepFifo.notShiftReg.queue/write_pointer_reg was removed.  [/home/aiml/Desktop/IITB_AI_ML/ahir_release/vhdl/ahir.vhdl:20742]
WARNING: [Synth 8-6014] Unused sequential element DeepFifo.notShiftReg.queue/read_pointer_reg was removed.  [/home/aiml/Desktop/IITB_AI_ML/ahir_release/vhdl/ahir.vhdl:20741]
WARNING: [Synth 8-6014] Unused sequential element DeepFifo.notShiftReg.queue/queue_size_reg was removed.  [/home/aiml/Desktop/IITB_AI_ML/ahir_release/vhdl/ahir.vhdl:20751]
WARNING: [Synth 8-6014] Unused sequential element DeepFifo.notShiftReg.queue/write_pointer_reg was removed.  [/home/aiml/Desktop/IITB_AI_ML/ahir_release/vhdl/ahir.vhdl:20742]
WARNING: [Synth 8-6014] Unused sequential element DeepFifo.notShiftReg.queue/read_pointer_reg was removed.  [/home/aiml/Desktop/IITB_AI_ML/ahir_release/vhdl/ahir.vhdl:20741]
WARNING: [Synth 8-6014] Unused sequential element DeepFifo.notShiftReg.queue/queue_size_reg was removed.  [/home/aiml/Desktop/IITB_AI_ML/ahir_release/vhdl/ahir.vhdl:20751]
WARNING: [Synth 8-6014] Unused sequential element DeepFifo.notShiftReg.queue/write_pointer_reg was removed.  [/home/aiml/Desktop/IITB_AI_ML/ahir_release/vhdl/ahir.vhdl:20742]
WARNING: [Synth 8-6014] Unused sequential element DeepFifo.notShiftReg.queue/read_pointer_reg was removed.  [/home/aiml/Desktop/IITB_AI_ML/ahir_release/vhdl/ahir.vhdl:20741]
WARNING: [Synth 8-6014] Unused sequential element DeepFifo.notShiftReg.queue/queue_size_reg was removed.  [/home/aiml/Desktop/IITB_AI_ML/ahir_release/vhdl/ahir.vhdl:20751]
WARNING: [Synth 8-6014] Unused sequential element DeepFifo.notShiftReg.queue/write_pointer_reg was removed.  [/home/aiml/Desktop/IITB_AI_ML/ahir_release/vhdl/ahir.vhdl:20742]
WARNING: [Synth 8-6014] Unused sequential element DeepFifo.notShiftReg.queue/read_pointer_reg was removed.  [/home/aiml/Desktop/IITB_AI_ML/ahir_release/vhdl/ahir.vhdl:20741]
WARNING: [Synth 8-6014] Unused sequential element DeepFifo.notShiftReg.queue/queue_size_reg was removed.  [/home/aiml/Desktop/IITB_AI_ML/ahir_release/vhdl/ahir.vhdl:20751]
WARNING: [Synth 8-6014] Unused sequential element DeepFifo.notShiftReg.queue/write_pointer_reg was removed.  [/home/aiml/Desktop/IITB_AI_ML/ahir_release/vhdl/ahir.vhdl:20742]
WARNING: [Synth 8-6014] Unused sequential element DeepFifo.notShiftReg.queue/read_pointer_reg was removed.  [/home/aiml/Desktop/IITB_AI_ML/ahir_release/vhdl/ahir.vhdl:20741]
WARNING: [Synth 8-6014] Unused sequential element DeepFifo.notShiftReg.queue/queue_size_reg was removed.  [/home/aiml/Desktop/IITB_AI_ML/ahir_release/vhdl/ahir.vhdl:20751]
WARNING: [Synth 8-6014] Unused sequential element DeepFifo.notShiftReg.queue/write_pointer_reg was removed.  [/home/aiml/Desktop/IITB_AI_ML/ahir_release/vhdl/ahir.vhdl:20742]
WARNING: [Synth 8-6014] Unused sequential element DeepFifo.notShiftReg.queue/read_pointer_reg was removed.  [/home/aiml/Desktop/IITB_AI_ML/ahir_release/vhdl/ahir.vhdl:20741]
WARNING: [Synth 8-6014] Unused sequential element DeepFifo.notShiftReg.queue/queue_size_reg was removed.  [/home/aiml/Desktop/IITB_AI_ML/ahir_release/vhdl/ahir.vhdl:20751]
WARNING: [Synth 8-6014] Unused sequential element DeepFifo.notShiftReg.queue/write_pointer_reg was removed.  [/home/aiml/Desktop/IITB_AI_ML/ahir_release/vhdl/ahir.vhdl:20742]
WARNING: [Synth 8-6014] Unused sequential element DeepFifo.notShiftReg.queue/read_pointer_reg was removed.  [/home/aiml/Desktop/IITB_AI_ML/ahir_release/vhdl/ahir.vhdl:20741]
WARNING: [Synth 8-6014] Unused sequential element DeepFifo.notShiftReg.queue/queue_size_reg was removed.  [/home/aiml/Desktop/IITB_AI_ML/ahir_release/vhdl/ahir.vhdl:20751]
WARNING: [Synth 8-6014] Unused sequential element DeepFifo.notShiftReg.queue/write_pointer_reg was removed.  [/home/aiml/Desktop/IITB_AI_ML/ahir_release/vhdl/ahir.vhdl:20742]
WARNING: [Synth 8-6014] Unused sequential element DeepFifo.notShiftReg.queue/read_pointer_reg was removed.  [/home/aiml/Desktop/IITB_AI_ML/ahir_release/vhdl/ahir.vhdl:20741]
WARNING: [Synth 8-6014] Unused sequential element DeepFifo.notShiftReg.queue/queue_size_reg was removed.  [/home/aiml/Desktop/IITB_AI_ML/ahir_release/vhdl/ahir.vhdl:20751]
WARNING: [Synth 8-6014] Unused sequential element DeepFifo.notShiftReg.queue/write_pointer_reg was removed.  [/home/aiml/Desktop/IITB_AI_ML/ahir_release/vhdl/ahir.vhdl:20742]
WARNING: [Synth 8-6014] Unused sequential element DeepFifo.notShiftReg.queue/read_pointer_reg was removed.  [/home/aiml/Desktop/IITB_AI_ML/ahir_release/vhdl/ahir.vhdl:20741]
WARNING: [Synth 8-6014] Unused sequential element DeepFifo.notShiftReg.queue/queue_size_reg was removed.  [/home/aiml/Desktop/IITB_AI_ML/ahir_release/vhdl/ahir.vhdl:20751]
WARNING: [Synth 8-6014] Unused sequential element DeepFifo.notShiftReg.queue/write_pointer_reg was removed.  [/home/aiml/Desktop/IITB_AI_ML/ahir_release/vhdl/ahir.vhdl:20742]
WARNING: [Synth 8-6014] Unused sequential element DeepFifo.notShiftReg.queue/read_pointer_reg was removed.  [/home/aiml/Desktop/IITB_AI_ML/ahir_release/vhdl/ahir.vhdl:20741]
WARNING: [Synth 8-6014] Unused sequential element DeepFifo.notShiftReg.queue/queue_size_reg was removed.  [/home/aiml/Desktop/IITB_AI_ML/ahir_release/vhdl/ahir.vhdl:20751]
WARNING: [Synth 8-6014] Unused sequential element DeepFifo.notShiftReg.queue/write_pointer_reg was removed.  [/home/aiml/Desktop/IITB_AI_ML/ahir_release/vhdl/ahir.vhdl:20742]
WARNING: [Synth 8-6014] Unused sequential element DeepFifo.notShiftReg.queue/read_pointer_reg was removed.  [/home/aiml/Desktop/IITB_AI_ML/ahir_release/vhdl/ahir.vhdl:20741]
WARNING: [Synth 8-6014] Unused sequential element DeepFifo.notShiftReg.queue/queue_size_reg was removed.  [/home/aiml/Desktop/IITB_AI_ML/ahir_release/vhdl/ahir.vhdl:20751]
WARNING: [Synth 8-6014] Unused sequential element DeepFifo.notShiftReg.queue/write_pointer_reg was removed.  [/home/aiml/Desktop/IITB_AI_ML/ahir_release/vhdl/ahir.vhdl:20742]
WARNING: [Synth 8-6014] Unused sequential element DeepFifo.notShiftReg.queue/read_pointer_reg was removed.  [/home/aiml/Desktop/IITB_AI_ML/ahir_release/vhdl/ahir.vhdl:20741]
WARNING: [Synth 8-6014] Unused sequential element DeepFifo.notShiftReg.queue/queue_size_reg was removed.  [/home/aiml/Desktop/IITB_AI_ML/ahir_release/vhdl/ahir.vhdl:20751]
WARNING: [Synth 8-6014] Unused sequential element DeepFifo.notShiftReg.queue/write_pointer_reg was removed.  [/home/aiml/Desktop/IITB_AI_ML/ahir_release/vhdl/ahir.vhdl:20742]
WARNING: [Synth 8-6014] Unused sequential element DeepFifo.notShiftReg.queue/read_pointer_reg was removed.  [/home/aiml/Desktop/IITB_AI_ML/ahir_release/vhdl/ahir.vhdl:20741]
WARNING: [Synth 8-6014] Unused sequential element available_iterations_reg was removed.  [/home/aiml/Desktop/IITB_AI_ML/ahir_release/vhdl/ahir.vhdl:14083]
WARNING: [Synth 8-6014] Unused sequential element placegen[1].placeBlock.pI/CapGtOne.token_latch_reg was removed.  [/home/aiml/Desktop/IITB_AI_ML/ahir_release/vhdl/ahir.vhdl:14858]
WARNING: [Synth 8-6014] Unused sequential element placegen[1].placeBlock.pI/CapGtOne.token_latch_reg was removed.  [/home/aiml/Desktop/IITB_AI_ML/ahir_release/vhdl/ahir.vhdl:14858]
WARNING: [Synth 8-6014] Unused sequential element placegen[2].placeBlock.pI/CapGtOne.token_latch_reg was removed.  [/home/aiml/Desktop/IITB_AI_ML/ahir_release/vhdl/ahir.vhdl:14858]
WARNING: [Synth 8-6014] Unused sequential element placegen[3].placeBlock.pI/CapGtOne.token_latch_reg was removed.  [/home/aiml/Desktop/IITB_AI_ML/ahir_release/vhdl/ahir.vhdl:14858]
WARNING: [Synth 8-6014] Unused sequential element placegen[4].placeBlock.pI/CapGtOne.token_latch_reg was removed.  [/home/aiml/Desktop/IITB_AI_ML/ahir_release/vhdl/ahir.vhdl:14858]
WARNING: [Synth 8-6014] Unused sequential element placegen[5].placeBlock.pI/CapGtOne.token_latch_reg was removed.  [/home/aiml/Desktop/IITB_AI_ML/ahir_release/vhdl/ahir.vhdl:14858]
WARNING: [Synth 8-6014] Unused sequential element placegen[6].placeBlock.pI/CapGtOne.token_latch_reg was removed.  [/home/aiml/Desktop/IITB_AI_ML/ahir_release/vhdl/ahir.vhdl:14858]
WARNING: [Synth 8-6014] Unused sequential element placegen[7].placeBlock.pI/CapGtOne.token_latch_reg was removed.  [/home/aiml/Desktop/IITB_AI_ML/ahir_release/vhdl/ahir.vhdl:14858]
WARNING: [Synth 8-6014] Unused sequential element placegen[8].placeBlock.pI/CapGtOne.token_latch_reg was removed.  [/home/aiml/Desktop/IITB_AI_ML/ahir_release/vhdl/ahir.vhdl:14858]
WARNING: [Synth 8-6014] Unused sequential element placegen[9].placeBlock.pI/CapGtOne.token_latch_reg was removed.  [/home/aiml/Desktop/IITB_AI_ML/ahir_release/vhdl/ahir.vhdl:14858]
WARNING: [Synth 8-6014] Unused sequential element placegen[18].placeBlock.pI/CapGtOne.token_latch_reg was removed.  [/home/aiml/Desktop/IITB_AI_ML/ahir_release/vhdl/ahir.vhdl:14858]
WARNING: [Synth 8-6014] Unused sequential element placegen[19].placeBlock.pI/CapGtOne.token_latch_reg was removed.  [/home/aiml/Desktop/IITB_AI_ML/ahir_release/vhdl/ahir.vhdl:14858]
WARNING: [Synth 8-6014] Unused sequential element placegen[24].placeBlock.pI/CapGtOne.token_latch_reg was removed.  [/home/aiml/Desktop/IITB_AI_ML/ahir_release/vhdl/ahir.vhdl:14858]
WARNING: [Synth 8-6014] Unused sequential element placegen[29].placeBlock.pI/CapGtOne.token_latch_reg was removed.  [/home/aiml/Desktop/IITB_AI_ML/ahir_release/vhdl/ahir.vhdl:14858]
WARNING: [Synth 8-6014] Unused sequential element placegen[30].placeBlock.pI/CapGtOne.token_latch_reg was removed.  [/home/aiml/Desktop/IITB_AI_ML/ahir_release/vhdl/ahir.vhdl:14858]
WARNING: [Synth 8-6014] Unused sequential element placegen[31].placeBlock.pI/CapGtOne.token_latch_reg was removed.  [/home/aiml/Desktop/IITB_AI_ML/ahir_release/vhdl/ahir.vhdl:14858]
WARNING: [Synth 8-6014] Unused sequential element placegen[32].placeBlock.pI/CapGtOne.token_latch_reg was removed.  [/home/aiml/Desktop/IITB_AI_ML/ahir_release/vhdl/ahir.vhdl:14858]
WARNING: [Synth 8-6014] Unused sequential element placegen[33].placeBlock.pI/CapGtOne.token_latch_reg was removed.  [/home/aiml/Desktop/IITB_AI_ML/ahir_release/vhdl/ahir.vhdl:14858]
WARNING: [Synth 8-6014] Unused sequential element placegen[34].placeBlock.pI/CapGtOne.token_latch_reg was removed.  [/home/aiml/Desktop/IITB_AI_ML/ahir_release/vhdl/ahir.vhdl:14858]
WARNING: [Synth 8-6014] Unused sequential element placegen[30].placeBlock.pI/CapGtOne.token_latch_reg was removed.  [/home/aiml/Desktop/IITB_AI_ML/ahir_release/vhdl/ahir.vhdl:14858]
WARNING: [Synth 8-6014] Unused sequential element placegen[1].placeBlock.pI/CapGtOne.token_latch_reg was removed.  [/home/aiml/Desktop/IITB_AI_ML/ahir_release/vhdl/ahir.vhdl:14858]
WARNING: [Synth 8-6014] Unused sequential element placegen[2].placeBlock.pI/CapGtOne.token_latch_reg was removed.  [/home/aiml/Desktop/IITB_AI_ML/ahir_release/vhdl/ahir.vhdl:14858]
WARNING: [Synth 8-6014] Unused sequential element placegen[3].placeBlock.pI/CapGtOne.token_latch_reg was removed.  [/home/aiml/Desktop/IITB_AI_ML/ahir_release/vhdl/ahir.vhdl:14858]
WARNING: [Synth 8-6014] Unused sequential element placegen[4].placeBlock.pI/CapGtOne.token_latch_reg was removed.  [/home/aiml/Desktop/IITB_AI_ML/ahir_release/vhdl/ahir.vhdl:14858]
WARNING: [Synth 8-6014] Unused sequential element placegen[5].placeBlock.pI/CapGtOne.token_latch_reg was removed.  [/home/aiml/Desktop/IITB_AI_ML/ahir_release/vhdl/ahir.vhdl:14858]
WARNING: [Synth 8-6014] Unused sequential element placegen[6].placeBlock.pI/CapGtOne.token_latch_reg was removed.  [/home/aiml/Desktop/IITB_AI_ML/ahir_release/vhdl/ahir.vhdl:14858]
WARNING: [Synth 8-6014] Unused sequential element placegen[7].placeBlock.pI/CapGtOne.token_latch_reg was removed.  [/home/aiml/Desktop/IITB_AI_ML/ahir_release/vhdl/ahir.vhdl:14858]
WARNING: [Synth 8-6014] Unused sequential element placegen[8].placeBlock.pI/CapGtOne.token_latch_reg was removed.  [/home/aiml/Desktop/IITB_AI_ML/ahir_release/vhdl/ahir.vhdl:14858]
WARNING: [Synth 8-6014] Unused sequential element placegen[9].placeBlock.pI/CapGtOne.token_latch_reg was removed.  [/home/aiml/Desktop/IITB_AI_ML/ahir_release/vhdl/ahir.vhdl:14858]
WARNING: [Synth 8-6014] Unused sequential element placegen[18].placeBlock.pI/CapGtOne.token_latch_reg was removed.  [/home/aiml/Desktop/IITB_AI_ML/ahir_release/vhdl/ahir.vhdl:14858]
WARNING: [Synth 8-6014] Unused sequential element placegen[19].placeBlock.pI/CapGtOne.token_latch_reg was removed.  [/home/aiml/Desktop/IITB_AI_ML/ahir_release/vhdl/ahir.vhdl:14858]
WARNING: [Synth 8-6014] Unused sequential element placegen[25].placeBlock.pI/CapGtOne.token_latch_reg was removed.  [/home/aiml/Desktop/IITB_AI_ML/ahir_release/vhdl/ahir.vhdl:14858]
WARNING: [Synth 8-6014] Unused sequential element placegen[29].placeBlock.pI/CapGtOne.token_latch_reg was removed.  [/home/aiml/Desktop/IITB_AI_ML/ahir_release/vhdl/ahir.vhdl:14858]
WARNING: [Synth 8-6014] Unused sequential element placegen[30].placeBlock.pI/CapGtOne.token_latch_reg was removed.  [/home/aiml/Desktop/IITB_AI_ML/ahir_release/vhdl/ahir.vhdl:14858]
WARNING: [Synth 8-6014] Unused sequential element placegen[31].placeBlock.pI/CapGtOne.token_latch_reg was removed.  [/home/aiml/Desktop/IITB_AI_ML/ahir_release/vhdl/ahir.vhdl:14858]
WARNING: [Synth 8-6014] Unused sequential element placegen[32].placeBlock.pI/CapGtOne.token_latch_reg was removed.  [/home/aiml/Desktop/IITB_AI_ML/ahir_release/vhdl/ahir.vhdl:14858]
WARNING: [Synth 8-6014] Unused sequential element placegen[33].placeBlock.pI/CapGtOne.token_latch_reg was removed.  [/home/aiml/Desktop/IITB_AI_ML/ahir_release/vhdl/ahir.vhdl:14858]
WARNING: [Synth 8-6014] Unused sequential element placegen[34].placeBlock.pI/CapGtOne.token_latch_reg was removed.  [/home/aiml/Desktop/IITB_AI_ML/ahir_release/vhdl/ahir.vhdl:14858]
WARNING: [Synth 8-6014] Unused sequential element placegen[1].placeBlock.pI/CapGtOne.token_latch_reg was removed.  [/home/aiml/Desktop/IITB_AI_ML/ahir_release/vhdl/ahir.vhdl:14858]
WARNING: [Synth 8-6014] Unused sequential element placegen[1].placeBlock.pI/CapGtOne.token_latch_reg was removed.  [/home/aiml/Desktop/IITB_AI_ML/ahir_release/vhdl/ahir.vhdl:14858]
WARNING: [Synth 8-6014] Unused sequential element placegen[3].placeBlock.pI/CapGtOne.token_latch_reg was removed.  [/home/aiml/Desktop/IITB_AI_ML/ahir_release/vhdl/ahir.vhdl:14858]
WARNING: [Synth 8-6014] Unused sequential element placegen[1].placeBlock.pI/CapGtOne.token_latch_reg was removed.  [/home/aiml/Desktop/IITB_AI_ML/ahir_release/vhdl/ahir.vhdl:14858]
WARNING: [Synth 8-6014] Unused sequential element placegen[3].placeBlock.pI/CapGtOne.token_latch_reg was removed.  [/home/aiml/Desktop/IITB_AI_ML/ahir_release/vhdl/ahir.vhdl:14858]
WARNING: [Synth 8-6014] Unused sequential element placegen[1].placeBlock.pI/CapGtOne.token_latch_reg was removed.  [/home/aiml/Desktop/IITB_AI_ML/ahir_release/vhdl/ahir.vhdl:14858]
WARNING: [Synth 8-6014] Unused sequential element placegen[3].placeBlock.pI/CapGtOne.token_latch_reg was removed.  [/home/aiml/Desktop/IITB_AI_ML/ahir_release/vhdl/ahir.vhdl:14858]
WARNING: [Synth 8-6014] Unused sequential element placegen[1].placeBlock.pI/CapGtOne.token_latch_reg was removed.  [/home/aiml/Desktop/IITB_AI_ML/ahir_release/vhdl/ahir.vhdl:14858]
WARNING: [Synth 8-6014] Unused sequential element placegen[3].placeBlock.pI/CapGtOne.token_latch_reg was removed.  [/home/aiml/Desktop/IITB_AI_ML/ahir_release/vhdl/ahir.vhdl:14858]
WARNING: [Synth 8-6014] Unused sequential element placegen[1].placeBlock.pI/CapGtOne.token_latch_reg was removed.  [/home/aiml/Desktop/IITB_AI_ML/ahir_release/vhdl/ahir.vhdl:14858]
WARNING: [Synth 8-6014] Unused sequential element placegen[3].placeBlock.pI/CapGtOne.token_latch_reg was removed.  [/home/aiml/Desktop/IITB_AI_ML/ahir_release/vhdl/ahir.vhdl:14858]
WARNING: [Synth 8-6014] Unused sequential element placegen[2].placeBlock.pI/CapGtOne.token_latch_reg was removed.  [/home/aiml/Desktop/IITB_AI_ML/ahir_release/vhdl/ahir.vhdl:14858]
WARNING: [Synth 8-6014] Unused sequential element placegen[3].placeBlock.pI/CapGtOne.token_latch_reg was removed.  [/home/aiml/Desktop/IITB_AI_ML/ahir_release/vhdl/ahir.vhdl:14858]
WARNING: [Synth 8-6014] Unused sequential element placegen[2].placeBlock.pI/CapGtOne.token_latch_reg was removed.  [/home/aiml/Desktop/IITB_AI_ML/ahir_release/vhdl/ahir.vhdl:14858]
WARNING: [Synth 8-6014] Unused sequential element placegen[3].placeBlock.pI/CapGtOne.token_latch_reg was removed.  [/home/aiml/Desktop/IITB_AI_ML/ahir_release/vhdl/ahir.vhdl:14858]
WARNING: [Synth 8-6014] Unused sequential element placegen[2].placeBlock.pI/CapGtOne.token_latch_reg was removed.  [/home/aiml/Desktop/IITB_AI_ML/ahir_release/vhdl/ahir.vhdl:14858]
WARNING: [Synth 8-6014] Unused sequential element placegen[3].placeBlock.pI/CapGtOne.token_latch_reg was removed.  [/home/aiml/Desktop/IITB_AI_ML/ahir_release/vhdl/ahir.vhdl:14858]
WARNING: [Synth 8-6014] Unused sequential element placegen[1].placeBlock.pI/CapGtOne.token_latch_reg was removed.  [/home/aiml/Desktop/IITB_AI_ML/ahir_release/vhdl/ahir.vhdl:14858]
WARNING: [Synth 8-6014] Unused sequential element placegen[3].placeBlock.pI/CapGtOne.token_latch_reg was removed.  [/home/aiml/Desktop/IITB_AI_ML/ahir_release/vhdl/ahir.vhdl:14858]
WARNING: [Synth 8-6014] Unused sequential element placegen[1].placeBlock.pI/CapGtOne.token_latch_reg was removed.  [/home/aiml/Desktop/IITB_AI_ML/ahir_release/vhdl/ahir.vhdl:14858]
WARNING: [Synth 8-6014] Unused sequential element placegen[3].placeBlock.pI/CapGtOne.token_latch_reg was removed.  [/home/aiml/Desktop/IITB_AI_ML/ahir_release/vhdl/ahir.vhdl:14858]
WARNING: [Synth 8-6014] Unused sequential element placegen[1].placeBlock.pI/CapGtOne.token_latch_reg was removed.  [/home/aiml/Desktop/IITB_AI_ML/ahir_release/vhdl/ahir.vhdl:14858]
INFO: [Common 17-14] Message 'Synth 8-6014' appears 100 times and further instances of the messages will be disabled. Use the Tcl command set_msg_config to change the current settings.
INFO: [Synth 8-4471] merging register 'out_buffer_write_req_symbol_join.gj_out_buffer_write_req_symbol_join/placegen[2].placeBlock.dly/UnitDelay.ack_reg' into 'in_buffer_unload_req_symbol_join.gj_in_buffer_unload_req_symbol_join/placegen[2].placeBlock.dly/UnitDelay.ack_reg' [/home/aiml/Desktop/IITB_AI_ML/ahir_release/vhdl/ahir.vhdl:13367]
INFO: [Synth 8-4471] merging register 'accumulator_CP_420.accumulator_cp_element_group_36.gj_accumulator_cp_element_group_36/placegen[2].placeBlock.dly/UnitDelay.ack_reg' into 'accumulator_CP_420.accumulator_cp_element_group_15.gj_accumulator_cp_element_group_15/placegen[2].placeBlock.dly/UnitDelay.ack_reg' [/home/aiml/Desktop/IITB_AI_ML/ahir_release/vhdl/ahir.vhdl:13367]
INFO: [Synth 8-4471] merging register 'accumulator_CP_420.accumulator_cp_element_group_57.gj_accumulator_cp_element_group_57/placegen[2].placeBlock.dly/UnitDelay.ack_reg' into 'accumulator_CP_420.accumulator_cp_element_group_15.gj_accumulator_cp_element_group_15/placegen[2].placeBlock.dly/UnitDelay.ack_reg' [/home/aiml/Desktop/IITB_AI_ML/ahir_release/vhdl/ahir.vhdl:13367]
INFO: [Synth 8-4471] merging register 'accumulator_CP_420.accumulator_cp_element_group_78.gj_accumulator_cp_element_group_78/placegen[2].placeBlock.dly/UnitDelay.ack_reg' into 'accumulator_CP_420.accumulator_cp_element_group_15.gj_accumulator_cp_element_group_15/placegen[2].placeBlock.dly/UnitDelay.ack_reg' [/home/aiml/Desktop/IITB_AI_ML/ahir_release/vhdl/ahir.vhdl:13367]
INFO: [Synth 8-4471] merging register 'accumulator_CP_420.accumulator_cp_element_group_99.gj_accumulator_cp_element_group_99/placegen[2].placeBlock.dly/UnitDelay.ack_reg' into 'accumulator_CP_420.accumulator_cp_element_group_15.gj_accumulator_cp_element_group_15/placegen[2].placeBlock.dly/UnitDelay.ack_reg' [/home/aiml/Desktop/IITB_AI_ML/ahir_release/vhdl/ahir.vhdl:13367]
INFO: [Synth 8-4471] merging register 'accumulator_CP_420.accumulator_cp_element_group_120.gj_accumulator_cp_element_group_120/placegen[2].placeBlock.dly/UnitDelay.ack_reg' into 'accumulator_CP_420.accumulator_cp_element_group_15.gj_accumulator_cp_element_group_15/placegen[2].placeBlock.dly/UnitDelay.ack_reg' [/home/aiml/Desktop/IITB_AI_ML/ahir_release/vhdl/ahir.vhdl:13367]
INFO: [Synth 8-4471] merging register 'accumulator_CP_420.accumulator_cp_element_group_141.gj_accumulator_cp_element_group_141/placegen[2].placeBlock.dly/UnitDelay.ack_reg' into 'accumulator_CP_420.accumulator_cp_element_group_15.gj_accumulator_cp_element_group_15/placegen[2].placeBlock.dly/UnitDelay.ack_reg' [/home/aiml/Desktop/IITB_AI_ML/ahir_release/vhdl/ahir.vhdl:13367]
INFO: [Synth 8-4471] merging register 'accumulator_CP_420.accumulator_cp_element_group_162.gj_accumulator_cp_element_group_162/placegen[2].placeBlock.dly/UnitDelay.ack_reg' into 'accumulator_CP_420.accumulator_cp_element_group_15.gj_accumulator_cp_element_group_15/placegen[2].placeBlock.dly/UnitDelay.ack_reg' [/home/aiml/Desktop/IITB_AI_ML/ahir_release/vhdl/ahir.vhdl:13367]
INFO: [Synth 8-4471] merging register 'accumulator_CP_420.accumulator_cp_element_group_183.gj_accumulator_cp_element_group_183/placegen[2].placeBlock.dly/UnitDelay.ack_reg' into 'accumulator_CP_420.accumulator_cp_element_group_15.gj_accumulator_cp_element_group_15/placegen[2].placeBlock.dly/UnitDelay.ack_reg' [/home/aiml/Desktop/IITB_AI_ML/ahir_release/vhdl/ahir.vhdl:13367]
INFO: [Synth 8-4471] merging register 'accumulator_CP_420.accumulator_cp_element_group_204.gj_accumulator_cp_element_group_204/placegen[2].placeBlock.dly/UnitDelay.ack_reg' into 'accumulator_CP_420.accumulator_cp_element_group_15.gj_accumulator_cp_element_group_15/placegen[2].placeBlock.dly/UnitDelay.ack_reg' [/home/aiml/Desktop/IITB_AI_ML/ahir_release/vhdl/ahir.vhdl:13367]
INFO: [Synth 8-4471] merging register 'accumulator_CP_420.accumulator_cp_element_group_223.gj_accumulator_cp_element_group_223/placegen[2].placeBlock.dly/UnitDelay.ack_reg' into 'accumulator_CP_420.accumulator_cp_element_group_15.gj_accumulator_cp_element_group_15/placegen[2].placeBlock.dly/UnitDelay.ack_reg' [/home/aiml/Desktop/IITB_AI_ML/ahir_release/vhdl/ahir.vhdl:13367]
INFO: [Synth 8-4471] merging register 'accumulator_CP_420.accumulator_cp_element_group_244.gj_accumulator_cp_element_group_244/placegen[2].placeBlock.dly/UnitDelay.ack_reg' into 'accumulator_CP_420.accumulator_cp_element_group_15.gj_accumulator_cp_element_group_15/placegen[2].placeBlock.dly/UnitDelay.ack_reg' [/home/aiml/Desktop/IITB_AI_ML/ahir_release/vhdl/ahir.vhdl:13367]
INFO: [Synth 8-4471] merging register 'accumulator_CP_420.accumulator_cp_element_group_265.gj_accumulator_cp_element_group_265/placegen[2].placeBlock.dly/UnitDelay.ack_reg' into 'accumulator_CP_420.accumulator_cp_element_group_15.gj_accumulator_cp_element_group_15/placegen[2].placeBlock.dly/UnitDelay.ack_reg' [/home/aiml/Desktop/IITB_AI_ML/ahir_release/vhdl/ahir.vhdl:13367]
INFO: [Synth 8-4471] merging register 'accumulator_CP_420.accumulator_cp_element_group_286.gj_accumulator_cp_element_group_286/placegen[2].placeBlock.dly/UnitDelay.ack_reg' into 'accumulator_CP_420.accumulator_cp_element_group_15.gj_accumulator_cp_element_group_15/placegen[2].placeBlock.dly/UnitDelay.ack_reg' [/home/aiml/Desktop/IITB_AI_ML/ahir_release/vhdl/ahir.vhdl:13367]
INFO: [Synth 8-4471] merging register 'accumulator_CP_420.accumulator_cp_element_group_307.gj_accumulator_cp_element_group_307/placegen[2].placeBlock.dly/UnitDelay.ack_reg' into 'accumulator_CP_420.accumulator_cp_element_group_15.gj_accumulator_cp_element_group_15/placegen[2].placeBlock.dly/UnitDelay.ack_reg' [/home/aiml/Desktop/IITB_AI_ML/ahir_release/vhdl/ahir.vhdl:13367]
INFO: [Synth 8-4471] merging register 'accumulator_CP_420.accumulator_cp_element_group_328.gj_accumulator_cp_element_group_328/placegen[2].placeBlock.dly/UnitDelay.ack_reg' into 'accumulator_CP_420.accumulator_cp_element_group_15.gj_accumulator_cp_element_group_15/placegen[2].placeBlock.dly/UnitDelay.ack_reg' [/home/aiml/Desktop/IITB_AI_ML/ahir_release/vhdl/ahir.vhdl:13367]
INFO: [Synth 8-4471] merging register 'accumulator_CP_420.accumulator_cp_element_group_349.gj_accumulator_cp_element_group_349/placegen[2].placeBlock.dly/UnitDelay.ack_reg' into 'accumulator_CP_420.accumulator_cp_element_group_15.gj_accumulator_cp_element_group_15/placegen[2].placeBlock.dly/UnitDelay.ack_reg' [/home/aiml/Desktop/IITB_AI_ML/ahir_release/vhdl/ahir.vhdl:13367]
INFO: [Synth 8-4471] merging register 'accumulator_CP_420.accumulator_cp_element_group_368.gj_accumulator_cp_element_group_368/placegen[2].placeBlock.dly/UnitDelay.ack_reg' into 'accumulator_CP_420.accumulator_cp_element_group_15.gj_accumulator_cp_element_group_15/placegen[2].placeBlock.dly/UnitDelay.ack_reg' [/home/aiml/Desktop/IITB_AI_ML/ahir_release/vhdl/ahir.vhdl:13367]
DSP Report: Generating DSP x, operation Mode is: (C:0xffffffffffff)+A2*B2.
DSP Report: register B is absorbed into DSP x.
DSP Report: register in_buffer/NotRevisedCase.ShallowCase.ulReg/noBypass.read_data_reg is absorbed into DSP x.
DSP Report: operator x is absorbed into DSP x.
DSP Report: operator x is absorbed into DSP x.
INFO: [Synth 8-4471] merging register 'out_buffer_write_req_symbol_join.gj_out_buffer_write_req_symbol_join/placegen[2].placeBlock.dly/UnitDelay.ack_reg' into 'in_buffer_unload_req_symbol_join.gj_in_buffer_unload_req_symbol_join/placegen[2].placeBlock.dly/UnitDelay.ack_reg' [/home/aiml/Desktop/IITB_AI_ML/ahir_release/vhdl/ahir.vhdl:13367]
INFO: [Synth 8-4471] merging register 'sendInner1_CP_20278.sendInner1_cp_element_group_111.gj_sendInner1_cp_element_group_111/placegen[2].placeBlock.dly/UnitDelay.ack_reg' into 'sendInner1_CP_20278.sendInner1_cp_element_group_35.gj_sendInner1_cp_element_group_35/placegen[2].placeBlock.dly/UnitDelay.ack_reg' [/home/aiml/Desktop/IITB_AI_ML/ahir_release/vhdl/ahir.vhdl:13367]
INFO: [Synth 8-4471] merging register 'sendInner1_CP_20278.sendInner1_cp_element_group_149.gj_sendInner1_cp_element_group_149/placegen[2].placeBlock.dly/UnitDelay.ack_reg' into 'sendInner1_CP_20278.sendInner1_cp_element_group_35.gj_sendInner1_cp_element_group_35/placegen[2].placeBlock.dly/UnitDelay.ack_reg' [/home/aiml/Desktop/IITB_AI_ML/ahir_release/vhdl/ahir.vhdl:13367]
INFO: [Synth 8-5546] ROM "result" won't be mapped to RAM because it is too sparse
DSP Report: Generating DSP x, operation Mode is: A2*B2.
DSP Report: register B is absorbed into DSP x.
DSP Report: register A is absorbed into DSP x.
DSP Report: operator x is absorbed into DSP x.
WARNING: [Synth 8-3331] design UnsharedOperatorWithBuffering__parameterized51 has unconnected port dataL[63]
WARNING: [Synth 8-3331] design UnsharedOperatorWithBuffering__parameterized51 has unconnected port dataL[62]
WARNING: [Synth 8-3331] design UnsharedOperatorWithBuffering__parameterized51 has unconnected port dataL[61]
WARNING: [Synth 8-3331] design UnsharedOperatorWithBuffering__parameterized49 has unconnected port dataL[63]
WARNING: [Synth 8-3331] design UnsharedOperatorWithBuffering__parameterized49 has unconnected port dataL[62]
WARNING: [Synth 8-3331] design UnsharedOperatorWithBuffering__parameterized49 has unconnected port dataL[61]
WARNING: [Synth 8-3331] design sendInner1 has unconnected port writeModule_convolution_return_data[0]
INFO: [Synth 8-3886] merging instance 'sendInner1_instance/data_path.ApIntLSHR_group_59.UnsharedOperator/noFlowThrough.ilb/NoFlowThrough.interlockBuf.buf/NotRevisedCase.ShallowCase.ulReg/noBypass.read_data_reg[29]' (FDRE) to 'sendInner1_instance/data_path.ApIntLSHR_group_59.UnsharedOperator/noFlowThrough.ilb/NoFlowThrough.interlockBuf.buf/NotRevisedCase.ShallowCase.ulReg/noBypass.read_data_reg[30]'
INFO: [Synth 8-3886] merging instance 'sendInner1_instance/data_path.ApIntLSHR_group_59.UnsharedOperator/noFlowThrough.ilb/NoFlowThrough.interlockBuf.buf/NotRevisedCase.ShallowCase.ulReg/noBypass.read_data_reg[30]' (FDRE) to 'sendInner1_instance/data_path.ApIntLSHR_group_59.UnsharedOperator/noFlowThrough.ilb/NoFlowThrough.interlockBuf.buf/NotRevisedCase.ShallowCase.ulReg/noBypass.read_data_reg[31]'
INFO: [Synth 8-3333] propagating constant 0 across sequential element (sendInner1_instance/\data_path.ApIntLSHR_group_59.UnsharedOperator/noFlowThrough.ilb/NoFlowThrough.interlockBuf.buf/NotRevisedCase.ShallowCase.ulReg/noBypass.read_data_reg[31] )
INFO: [Synth 8-3886] merging instance 'sendInner1_instance/data_path.writeModule_convolution_call_group_0.CallReq/RxGen[0].rxBuf/FRR.bufRptr/data_reg_reg[101]' (FDE) to 'sendInner1_instance/data_path.writeModule_convolution_call_group_0.CallReq/RxGen[0].rxBuf/FRR.bufRptr/data_reg_reg[102]'
INFO: [Synth 8-3886] merging instance 'sendInner1_instance/data_path.writeModule_convolution_call_group_0.CallReq/RxGen[0].rxBuf/FRR.bufRptr/data_reg_reg[102]' (FDE) to 'sendInner1_instance/data_path.writeModule_convolution_call_group_0.CallReq/RxGen[0].rxBuf/FRR.bufRptr/data_reg_reg[103]'
INFO: [Synth 8-3333] propagating constant 0 across sequential element (sendInner1_instance/\data_path.writeModule_convolution_call_group_0.CallReq /\RxGen[0].rxBuf/FRR.bufRptr/data_reg_reg[103] )
WARNING: [Synth 8-3332] Sequential element (req_registered_reg[1]) is unused and will be removed from module PhiBase__parameterized11.
WARNING: [Synth 8-3332] Sequential element (req_registered_reg[1]) is unused and will be removed from module PhiBase__parameterized13.
WARNING: [Synth 8-3332] Sequential element (req_registered_reg[1]) is unused and will be removed from module PhiBase__parameterized15.
WARNING: [Synth 8-3332] Sequential element (req_registered_reg[1]) is unused and will be removed from module PhiBase__parameterized17.
WARNING: [Synth 8-3332] Sequential element (req_registered_reg[1]) is unused and will be removed from module PhiBase__parameterized19.
WARNING: [Synth 8-3332] Sequential element (req_registered_reg[1]) is unused and will be removed from module PhiBase__parameterized21.
WARNING: [Synth 8-3332] Sequential element (req_registered_reg[1]) is unused and will be removed from module PhiBase__parameterized23.
WARNING: [Synth 8-3332] Sequential element (req_registered_reg[1]) is unused and will be removed from module PhiBase__parameterized25.
WARNING: [Synth 8-3332] Sequential element (req_registered_reg[1]) is unused and will be removed from module PhiBase__parameterized27.
WARNING: [Synth 8-3332] Sequential element (req_registered_reg[1]) is unused and will be removed from module PhiBase__parameterized29.
WARNING: [Synth 8-3332] Sequential element (req_registered_reg[1]) is unused and will be removed from module PhiBase__parameterized31.
WARNING: [Synth 8-3332] Sequential element (req_registered_reg[1]) is unused and will be removed from module PhiBase__parameterized33.
WARNING: [Synth 8-3332] Sequential element (req_registered_reg[1]) is unused and will be removed from module PhiBase__parameterized35.
WARNING: [Synth 8-3332] Sequential element (req_registered_reg[1]) is unused and will be removed from module PhiBase__parameterized37.
WARNING: [Synth 8-3332] Sequential element (req_registered_reg[1]) is unused and will be removed from module PhiBase__parameterized39.
WARNING: [Synth 8-3332] Sequential element (req_registered_reg[1]) is unused and will be removed from module PhiBase__parameterized41.
WARNING: [Synth 8-3332] Sequential element (req_registered_reg[1]) is unused and will be removed from module PhiBase__parameterized43.
WARNING: [Synth 8-3332] Sequential element (req_registered_reg[1]) is unused and will be removed from module PhiBase__parameterized45.
WARNING: [Synth 8-3332] Sequential element (in_buffer/NotRevisedCase.ShallowCase.ulReg/noBypass.read_data_reg[65]) is unused and will be removed from module accumulator.
WARNING: [Synth 8-3332] Sequential element (in_buffer/NotRevisedCase.ShallowCase.ulReg/noBypass.read_data_reg[31]) is unused and will be removed from module accumulator.
WARNING: [Synth 8-3332] Sequential element (in_buffer/NotRevisedCase.ShallowCase.ulReg/noBypass.read_data_reg[30]) is unused and will be removed from module accumulator.
WARNING: [Synth 8-3332] Sequential element (in_buffer/NotRevisedCase.ShallowCase.ulReg/noBypass.read_data_reg[29]) is unused and will be removed from module accumulator.
WARNING: [Synth 8-3332] Sequential element (in_buffer/NotRevisedCase.ShallowCase.ulReg/noBypass.read_data_reg[28]) is unused and will be removed from module accumulator.
WARNING: [Synth 8-3332] Sequential element (in_buffer/NotRevisedCase.ShallowCase.ulReg/noBypass.read_data_reg[27]) is unused and will be removed from module accumulator.
WARNING: [Synth 8-3332] Sequential element (in_buffer/NotRevisedCase.ShallowCase.ulReg/noBypass.read_data_reg[26]) is unused and will be removed from module accumulator.
WARNING: [Synth 8-3332] Sequential element (in_buffer/NotRevisedCase.ShallowCase.ulReg/noBypass.read_data_reg[25]) is unused and will be removed from module accumulator.
WARNING: [Synth 8-3332] Sequential element (in_buffer/NotRevisedCase.ShallowCase.ulReg/noBypass.read_data_reg[24]) is unused and will be removed from module accumulator.
WARNING: [Synth 8-3332] Sequential element (in_buffer/NotRevisedCase.ShallowCase.ulReg/noBypass.read_data_reg[23]) is unused and will be removed from module accumulator.
WARNING: [Synth 8-3332] Sequential element (in_buffer/NotRevisedCase.ShallowCase.ulReg/noBypass.read_data_reg[22]) is unused and will be removed from module accumulator.
WARNING: [Synth 8-3332] Sequential element (in_buffer/NotRevisedCase.ShallowCase.ulReg/noBypass.read_data_reg[21]) is unused and will be removed from module accumulator.
WARNING: [Synth 8-3332] Sequential element (in_buffer/NotRevisedCase.ShallowCase.ulReg/noBypass.read_data_reg[20]) is unused and will be removed from module accumulator.
WARNING: [Synth 8-3332] Sequential element (in_buffer/NotRevisedCase.ShallowCase.ulReg/noBypass.read_data_reg[19]) is unused and will be removed from module accumulator.
WARNING: [Synth 8-3332] Sequential element (in_buffer/NotRevisedCase.ShallowCase.ulReg/noBypass.read_data_reg[18]) is unused and will be removed from module accumulator.
WARNING: [Synth 8-3332] Sequential element (in_buffer/NotRevisedCase.ShallowCase.ulReg/noBypass.read_data_reg[17]) is unused and will be removed from module accumulator.
WARNING: [Synth 8-3332] Sequential element (in_buffer/NotRevisedCase.ShallowCase.ulReg/noBypass.read_data_reg[16]) is unused and will be removed from module accumulator.
WARNING: [Synth 8-3332] Sequential element (in_buffer/NotRevisedCase.ShallowCase.ulReg/noBypass.read_data_reg[15]) is unused and will be removed from module accumulator.
WARNING: [Synth 8-3332] Sequential element (in_buffer/NotRevisedCase.ShallowCase.ulReg/noBypass.read_data_reg[14]) is unused and will be removed from module accumulator.
WARNING: [Synth 8-3332] Sequential element (in_buffer/NotRevisedCase.ShallowCase.ulReg/noBypass.read_data_reg[13]) is unused and will be removed from module accumulator.
WARNING: [Synth 8-3332] Sequential element (in_buffer/NotRevisedCase.ShallowCase.ulReg/noBypass.read_data_reg[12]) is unused and will be removed from module accumulator.
WARNING: [Synth 8-3332] Sequential element (in_buffer/NotRevisedCase.ShallowCase.ulReg/noBypass.read_data_reg[11]) is unused and will be removed from module accumulator.
WARNING: [Synth 8-3332] Sequential element (in_buffer/NotRevisedCase.ShallowCase.ulReg/noBypass.read_data_reg[10]) is unused and will be removed from module accumulator.
WARNING: [Synth 8-3332] Sequential element (in_buffer/NotRevisedCase.ShallowCase.ulReg/noBypass.read_data_reg[9]) is unused and will be removed from module accumulator.
WARNING: [Synth 8-3332] Sequential element (in_buffer/NotRevisedCase.ShallowCase.ulReg/noBypass.read_data_reg[8]) is unused and will be removed from module accumulator.
WARNING: [Synth 8-3332] Sequential element (in_buffer/NotRevisedCase.ShallowCase.ulReg/noBypass.read_data_reg[7]) is unused and will be removed from module accumulator.
WARNING: [Synth 8-3332] Sequential element (in_buffer/NotRevisedCase.ShallowCase.ulReg/noBypass.read_data_reg[6]) is unused and will be removed from module accumulator.
WARNING: [Synth 8-3332] Sequential element (in_buffer/NotRevisedCase.ShallowCase.ulReg/noBypass.read_data_reg[5]) is unused and will be removed from module accumulator.
WARNING: [Synth 8-3332] Sequential element (in_buffer/NotRevisedCase.ShallowCase.ulReg/noBypass.read_data_reg[4]) is unused and will be removed from module accumulator.
WARNING: [Synth 8-3332] Sequential element (in_buffer/NotRevisedCase.ShallowCase.ulReg/noBypass.read_data_reg[3]) is unused and will be removed from module accumulator.
WARNING: [Synth 8-3332] Sequential element (in_buffer/NotRevisedCase.ShallowCase.ulReg/noBypass.read_data_reg[2]) is unused and will be removed from module accumulator.
WARNING: [Synth 8-3332] Sequential element (in_buffer/NotRevisedCase.ShallowCase.ulReg/noBypass.read_data_reg[1]) is unused and will be removed from module accumulator.
WARNING: [Synth 8-3332] Sequential element (in_buffer/NotRevisedCase.ShallowCase.ulReg/noBypass.read_data_reg[0]) is unused and will be removed from module accumulator.
WARNING: [Synth 8-3332] Sequential element (tagIlock/NoFlowThrough.interlockBuf.buf/NotRevisedCase.ShallowCase.ulReg/noBypass.read_data_reg[1]) is unused and will be removed from module accumulator.
WARNING: [Synth 8-3332] Sequential element (out_buffer/notFRR.bufPipe/Shallow.notSaveSlot.queue/qD1.RB.data_reg_reg[1]) is unused and will be removed from module accumulator.
WARNING: [Synth 8-3332] Sequential element (placegen[1].placeBlock.pI/CapEqOne.non_zero_reg) is unused and will be removed from module generic_join__parameterized4718.
WARNING: [Synth 8-3332] Sequential element (placegen[2].placeBlock.pI/CapEqOne.non_zero_reg) is unused and will be removed from module generic_join__parameterized4718.
WARNING: [Synth 8-3332] Sequential element (placegen[3].placeBlock.pI/CapEqOne.non_zero_reg) is unused and will be removed from module generic_join__parameterized4718.
WARNING: [Synth 8-3332] Sequential element (placegen[4].placeBlock.pI/CapEqOne.non_zero_reg) is unused and will be removed from module generic_join__parameterized4718.
WARNING: [Synth 8-3332] Sequential element (placegen[1].placeBlock.pI/CapEqOne.non_zero_reg) is unused and will be removed from module generic_join__parameterized4728.
WARNING: [Synth 8-3332] Sequential element (placegen[2].placeBlock.pI/CapEqOne.non_zero_reg) is unused and will be removed from module generic_join__parameterized4728.
WARNING: [Synth 8-3332] Sequential element (placegen[3].placeBlock.pI/CapEqOne.non_zero_reg) is unused and will be removed from module generic_join__parameterized4728.
WARNING: [Synth 8-3332] Sequential element (placegen[4].placeBlock.pI/CapEqOne.non_zero_reg) is unused and will be removed from module generic_join__parameterized4728.
WARNING: [Synth 8-3332] Sequential element (req_registered_reg[1]) is unused and will be removed from module PhiBase__parameterized185.
WARNING: [Synth 8-3332] Sequential element (req_registered_reg[1]) is unused and will be removed from module PhiBase__parameterized197.
WARNING: [Synth 8-3332] Sequential element (req_registered_reg[1]) is unused and will be removed from module PhiBase__parameterized199.
WARNING: [Synth 8-3332] Sequential element (req_registered_reg[1]) is unused and will be removed from module PhiBase__parameterized201.
WARNING: [Synth 8-3332] Sequential element (req_registered_reg[1]) is unused and will be removed from module PhiBase__parameterized209.
WARNING: [Synth 8-3332] Sequential element (noFlowThrough.ilb/NoFlowThrough.interlockBuf.buf/NotRevisedCase.ShallowCase.ulReg/noBypass.read_data_reg[63]) is unused and will be removed from module UnsharedOperatorWithBuffering__parameterized49.
WARNING: [Synth 8-3332] Sequential element (noFlowThrough.ilb/NoFlowThrough.interlockBuf.buf/NotRevisedCase.ShallowCase.ulReg/noBypass.read_data_reg[62]) is unused and will be removed from module UnsharedOperatorWithBuffering__parameterized49.
WARNING: [Synth 8-3332] Sequential element (noFlowThrough.ilb/NoFlowThrough.interlockBuf.buf/NotRevisedCase.ShallowCase.ulReg/noBypass.read_data_reg[61]) is unused and will be removed from module UnsharedOperatorWithBuffering__parameterized49.
WARNING: [Synth 8-3332] Sequential element (noFlowThrough.ilb/NoFlowThrough.interlockBuf.buf/NotRevisedCase.ShallowCase.ulReg/noBypass.read_data_reg[60]) is unused and will be removed from module UnsharedOperatorWithBuffering__parameterized49.
WARNING: [Synth 8-3332] Sequential element (noFlowThrough.ilb/NoFlowThrough.interlockBuf.buf/NotRevisedCase.ShallowCase.ulReg/noBypass.read_data_reg[59]) is unused and will be removed from module UnsharedOperatorWithBuffering__parameterized49.
WARNING: [Synth 8-3332] Sequential element (noFlowThrough.ilb/NoFlowThrough.interlockBuf.buf/NotRevisedCase.ShallowCase.ulReg/noBypass.read_data_reg[58]) is unused and will be removed from module UnsharedOperatorWithBuffering__parameterized49.
WARNING: [Synth 8-3332] Sequential element (noFlowThrough.ilb/NoFlowThrough.interlockBuf.buf/NotRevisedCase.ShallowCase.ulReg/noBypass.read_data_reg[57]) is unused and will be removed from module UnsharedOperatorWithBuffering__parameterized49.
WARNING: [Synth 8-3332] Sequential element (noFlowThrough.ilb/NoFlowThrough.interlockBuf.buf/NotRevisedCase.ShallowCase.ulReg/noBypass.read_data_reg[56]) is unused and will be removed from module UnsharedOperatorWithBuffering__parameterized49.
WARNING: [Synth 8-3332] Sequential element (noFlowThrough.ilb/NoFlowThrough.interlockBuf.buf/NotRevisedCase.ShallowCase.ulReg/noBypass.read_data_reg[55]) is unused and will be removed from module UnsharedOperatorWithBuffering__parameterized49.
WARNING: [Synth 8-3332] Sequential element (noFlowThrough.ilb/NoFlowThrough.interlockBuf.buf/NotRevisedCase.ShallowCase.ulReg/noBypass.read_data_reg[54]) is unused and will be removed from module UnsharedOperatorWithBuffering__parameterized49.
WARNING: [Synth 8-3332] Sequential element (noFlowThrough.ilb/NoFlowThrough.interlockBuf.buf/NotRevisedCase.ShallowCase.ulReg/noBypass.read_data_reg[53]) is unused and will be removed from module UnsharedOperatorWithBuffering__parameterized49.
WARNING: [Synth 8-3332] Sequential element (noFlowThrough.ilb/NoFlowThrough.interlockBuf.buf/NotRevisedCase.ShallowCase.ulReg/noBypass.read_data_reg[52]) is unused and will be removed from module UnsharedOperatorWithBuffering__parameterized49.
WARNING: [Synth 8-3332] Sequential element (noFlowThrough.ilb/NoFlowThrough.interlockBuf.buf/NotRevisedCase.ShallowCase.ulReg/noBypass.read_data_reg[51]) is unused and will be removed from module UnsharedOperatorWithBuffering__parameterized49.
WARNING: [Synth 8-3332] Sequential element (noFlowThrough.ilb/NoFlowThrough.interlockBuf.buf/NotRevisedCase.ShallowCase.ulReg/noBypass.read_data_reg[50]) is unused and will be removed from module UnsharedOperatorWithBuffering__parameterized49.
WARNING: [Synth 8-3332] Sequential element (noFlowThrough.ilb/NoFlowThrough.interlockBuf.buf/NotRevisedCase.ShallowCase.ulReg/noBypass.read_data_reg[49]) is unused and will be removed from module UnsharedOperatorWithBuffering__parameterized49.
WARNING: [Synth 8-3332] Sequential element (noFlowThrough.ilb/NoFlowThrough.interlockBuf.buf/NotRevisedCase.ShallowCase.ulReg/noBypass.read_data_reg[48]) is unused and will be removed from module UnsharedOperatorWithBuffering__parameterized49.
WARNING: [Synth 8-3332] Sequential element (noFlowThrough.ilb/NoFlowThrough.interlockBuf.buf/NotRevisedCase.ShallowCase.ulReg/noBypass.read_data_reg[47]) is unused and will be removed from module UnsharedOperatorWithBuffering__parameterized49.
WARNING: [Synth 8-3332] Sequential element (noFlowThrough.ilb/NoFlowThrough.interlockBuf.buf/NotRevisedCase.ShallowCase.ulReg/noBypass.read_data_reg[46]) is unused and will be removed from module UnsharedOperatorWithBuffering__parameterized49.
WARNING: [Synth 8-3332] Sequential element (noFlowThrough.ilb/NoFlowThrough.interlockBuf.buf/NotRevisedCase.ShallowCase.ulReg/noBypass.read_data_reg[45]) is unused and will be removed from module UnsharedOperatorWithBuffering__parameterized49.
WARNING: [Synth 8-3332] Sequential element (noFlowThrough.ilb/NoFlowThrough.interlockBuf.buf/NotRevisedCase.ShallowCase.ulReg/noBypass.read_data_reg[44]) is unused and will be removed from module UnsharedOperatorWithBuffering__parameterized49.
WARNING: [Synth 8-3332] Sequential element (noFlowThrough.ilb/NoFlowThrough.interlockBuf.buf/NotRevisedCase.ShallowCase.ulReg/noBypass.read_data_reg[43]) is unused and will be removed from module UnsharedOperatorWithBuffering__parameterized49.
WARNING: [Synth 8-3332] Sequential element (noFlowThrough.ilb/NoFlowThrough.interlockBuf.buf/NotRevisedCase.ShallowCase.ulReg/noBypass.read_data_reg[42]) is unused and will be removed from module UnsharedOperatorWithBuffering__parameterized49.
WARNING: [Synth 8-3332] Sequential element (noFlowThrough.ilb/NoFlowThrough.interlockBuf.buf/NotRevisedCase.ShallowCase.ulReg/noBypass.read_data_reg[41]) is unused and will be removed from module UnsharedOperatorWithBuffering__parameterized49.
WARNING: [Synth 8-3332] Sequential element (noFlowThrough.ilb/NoFlowThrough.interlockBuf.buf/NotRevisedCase.ShallowCase.ulReg/noBypass.read_data_reg[40]) is unused and will be removed from module UnsharedOperatorWithBuffering__parameterized49.
WARNING: [Synth 8-3332] Sequential element (noFlowThrough.ilb/NoFlowThrough.interlockBuf.buf/NotRevisedCase.ShallowCase.ulReg/noBypass.read_data_reg[39]) is unused and will be removed from module UnsharedOperatorWithBuffering__parameterized49.
WARNING: [Synth 8-3332] Sequential element (noFlowThrough.ilb/NoFlowThrough.interlockBuf.buf/NotRevisedCase.ShallowCase.ulReg/noBypass.read_data_reg[38]) is unused and will be removed from module UnsharedOperatorWithBuffering__parameterized49.
WARNING: [Synth 8-3332] Sequential element (noFlowThrough.ilb/NoFlowThrough.interlockBuf.buf/NotRevisedCase.ShallowCase.ulReg/noBypass.read_data_reg[37]) is unused and will be removed from module UnsharedOperatorWithBuffering__parameterized49.
WARNING: [Synth 8-3332] Sequential element (noFlowThrough.ilb/NoFlowThrough.interlockBuf.buf/NotRevisedCase.ShallowCase.ulReg/noBypass.read_data_reg[36]) is unused and will be removed from module UnsharedOperatorWithBuffering__parameterized49.
WARNING: [Synth 8-3332] Sequential element (noFlowThrough.ilb/NoFlowThrough.interlockBuf.buf/NotRevisedCase.ShallowCase.ulReg/noBypass.read_data_reg[35]) is unused and will be removed from module UnsharedOperatorWithBuffering__parameterized49.
WARNING: [Synth 8-3332] Sequential element (noFlowThrough.ilb/NoFlowThrough.interlockBuf.buf/NotRevisedCase.ShallowCase.ulReg/noBypass.read_data_reg[34]) is unused and will be removed from module UnsharedOperatorWithBuffering__parameterized49.
WARNING: [Synth 8-3332] Sequential element (noFlowThrough.ilb/NoFlowThrough.interlockBuf.buf/NotRevisedCase.ShallowCase.ulReg/noBypass.read_data_reg[33]) is unused and will be removed from module UnsharedOperatorWithBuffering__parameterized49.
WARNING: [Synth 8-3332] Sequential element (noFlowThrough.ilb/NoFlowThrough.interlockBuf.buf/NotRevisedCase.ShallowCase.ulReg/noBypass.read_data_reg[32]) is unused and will be removed from module UnsharedOperatorWithBuffering__parameterized49.
WARNING: [Synth 8-3332] Sequential element (noFlowThrough.ilb/NoFlowThrough.interlockBuf.buf/NotRevisedCase.ShallowCase.ulReg/noBypass.read_data_reg[31]) is unused and will be removed from module UnsharedOperatorWithBuffering__parameterized49.
WARNING: [Synth 8-3332] Sequential element (noFlowThrough.ilb/NoFlowThrough.interlockBuf.buf/NotRevisedCase.ShallowCase.ulReg/noBypass.read_data_reg[30]) is unused and will be removed from module UnsharedOperatorWithBuffering__parameterized49.
INFO: [Common 17-14] Message 'Synth 8-3332' appears 100 times and further instances of the messages will be disabled. Use the Tcl command set_msg_config to change the current settings.
INFO: [Synth 8-3886] merging instance 'sendInner1_instance/tag_ilock_write_req_symbol_join.gj_tag_ilock_write_req_symbol_join/placegen[2].placeBlock.dly/UnitDelay.ack_reg' (FDR) to 'sendInner1_instance/tagIlock/NoFlowThrough.interlockBuf.buf/NotRevisedCase.ShallowCase.ulReg/noBypass.unload_ack_reg'
INFO: [Synth 8-3886] merging instance 'sendInner1_instance/sendInner1_CP_20278.sendInner1_cp_element_group_249.gj_sendInner1_cp_element_group_249/placegen[2].placeBlock.dly/UnitDelay.ack_reg' (FDR) to 'sendInner1_instance/data_path.ApIntLSHR_group_59.UnsharedOperator/noFlowThrough.ilb/NoFlowThrough.interlockBuf.buf/NotRevisedCase.ShallowCase.ulReg/noBypass.unload_ack_reg'
INFO: [Synth 8-3886] merging instance 'sendInner1_instance/data_path.max_chl_11013_buf_block.max_chl_11013_buf/NoFlowThrough.interlockBuf.buf/NotRevisedCase.ShallowCase.ulReg/noBypass.unload_ack_reg' (FDR) to 'sendInner1_instance/data_path.init_addr_11023_buf_block.init_addr_11023_buf/NoFlowThrough.interlockBuf.buf/NotRevisedCase.ShallowCase.ulReg/noBypass.unload_ack_reg'
