xilinx rtfpga
DSP Report: Generating DSP x, operation Mode is: A*B.
DSP Report: operator x is absorbed into DSP x.
DSP Report: Generating DSP x, operation Mode is: A*B.
DSP Report: operator x is absorbed into DSP x.
DSP Report: Generating DSP x, operation Mode is: A*B.
DSP Report: operator x is absorbed into DSP x.
DSP Report: Generating DSP x, operation Mode is: A*B.
DSP Report: operator x is absorbed into DSP x.
DSP Report: Generating DSP x, operation Mode is: A*B.
DSP Report: operator x is absorbed into DSP x.
DSP Report: Generating DSP x, operation Mode is: A*B.
DSP Report: operator x is absorbed into DSP x.
DSP Report: Generating DSP x, operation Mode is: A*B.
DSP Report: operator x is absorbed into DSP x.
DSP Report: Generating DSP x, operation Mode is: A*B.
DSP Report: operator x is absorbed into DSP x.
DSP Report: Generating DSP x, operation Mode is: A*B.
DSP Report: operator x is absorbed into DSP x.
DSP Report: Generating DSP x, operation Mode is: A*B.
DSP Report: operator x is absorbed into DSP x.
DSP Report: Generating DSP x, operation Mode is: A*B.
DSP Report: operator x is absorbed into DSP x.
DSP Report: Generating DSP x, operation Mode is: A*B.
DSP Report: operator x is absorbed into DSP x.
DSP Report: Generating DSP x, operation Mode is: A*B.
DSP Report: operator x is absorbed into DSP x.
DSP Report: Generating DSP x, operation Mode is: A*B.
DSP Report: operator x is absorbed into DSP x.
DSP Report: Generating DSP x, operation Mode is: A*B.
DSP Report: operator x is absorbed into DSP x.
DSP Report: Generating DSP x, operation Mode is: A*B.
DSP Report: operator x is absorbed into DSP x.
DSP Report: Generating DSP x, operation Mode is: A*B.
DSP Report: operator x is absorbed into DSP x.
DSP Report: Generating DSP x, operation Mode is: A*B.
DSP Report: operator x is absorbed into DSP x.
DSP Report: Generating DSP x, operation Mode is: A*B.
DSP Report: operator x is absorbed into DSP x.
DSP Report: Generating DSP x, operation Mode is: A*B.
DSP Report: operator x is absorbed into DSP x.
DSP Report: Generating DSP x, operation Mode is: A*B.
DSP Report: operator x is absorbed into DSP x.
DSP Report: Generating DSP x, operation Mode is: A*B.
DSP Report: operator x is absorbed into DSP x.
DSP Report: Generating DSP x, operation Mode is: A*B.
DSP Report: operator x is absorbed into DSP x.
DSP Report: Generating DSP x, operation Mode is: A*B.
DSP Report: operator x is absorbed into DSP x.
DSP Report: Generating DSP x, operation Mode is: A*B.
DSP Report: operator x is absorbed into DSP x.
DSP Report: Generating DSP x, operation Mode is: A*B.
DSP Report: operator x is absorbed into DSP x.
DSP Report: Generating DSP x, operation Mode is: A*B.
DSP Report: operator x is absorbed into DSP x.
DSP Report: Generating DSP x, operation Mode is: A*B.
DSP Report: operator x is absorbed into DSP x.
DSP Report: Generating DSP x, operation Mode is: A*B.
DSP Report: operator x is absorbed into DSP x.
DSP Report: Generating DSP x, operation Mode is: A*B.
DSP Report: operator x is absorbed into DSP x.
DSP Report: Generating DSP x, operation Mode is: A*B.
DSP Report: operator x is absorbed into DSP x.
DSP Report: Generating DSP x, operation Mode is: A*B.
DSP Report: operator x is absorbed into DSP x.
DSP Report: Generating DSP x, operation Mode is: A*B.
DSP Report: operator x is absorbed into DSP x.
DSP Report: Generating DSP x, operation Mode is: A*B.
DSP Report: operator x is absorbed into DSP x.
DSP Report: Generating DSP x, operation Mode is: A*B.
DSP Report: operator x is absorbed into DSP x.
DSP Report: Generating DSP x, operation Mode is: A*B.
DSP Report: operator x is absorbed into DSP x.
DSP Report: Generating DSP x, operation Mode is: A*B.
DSP Report: operator x is absorbed into DSP x.
DSP Report: Generating DSP x, operation Mode is: A*B.
DSP Report: operator x is absorbed into DSP x.
DSP Report: Generating DSP x, operation Mode is: A*B.
DSP Report: operator x is absorbed into DSP x.
DSP Report: Generating DSP x, operation Mode is: A*B.
DSP Report: operator x is absorbed into DSP x.
DSP Report: Generating DSP x, operation Mode is: A*B.
DSP Report: operator x is absorbed into DSP x.
DSP Report: Generating DSP x, operation Mode is: A*B.
DSP Report: operator x is absorbed into DSP x.
DSP Report: Generating DSP x, operation Mode is: A*B.
DSP Report: operator x is absorbed into DSP x.
DSP Report: Generating DSP x, operation Mode is: A*B.
DSP Report: operator x is absorbed into DSP x.
DSP Report: Generating DSP x, operation Mode is: A*B.
DSP Report: operator x is absorbed into DSP x.
DSP Report: Generating DSP x, operation Mode is: A*B.
DSP Report: operator x is absorbed into DSP x.
DSP Report: Generating DSP x, operation Mode is: A*B.
DSP Report: operator x is absorbed into DSP x.
DSP Report: Generating DSP x, operation Mode is: A*B.
DSP Report: operator x is absorbed into DSP x.
DSP Report: Generating DSP x, operation Mode is: A*B.
DSP Report: operator x is absorbed into DSP x.
DSP Report: Generating DSP x, operation Mode is: A*B.
DSP Report: operator x is absorbed into DSP x.
DSP Report: Generating DSP x, operation Mode is: A*B.
DSP Report: operator x is absorbed into DSP x.
DSP Report: Generating DSP x, operation Mode is: A*B.
DSP Report: operator x is absorbed into DSP x.
DSP Report: Generating DSP x, operation Mode is: A*B.
DSP Report: operator x is absorbed into DSP x.
DSP Report: Generating DSP x, operation Mode is: A*B.
DSP Report: operator x is absorbed into DSP x.
DSP Report: Generating DSP x, operation Mode is: A*B.
DSP Report: operator x is absorbed into DSP x.
DSP Report: Generating DSP x, operation Mode is: A*B.
DSP Report: operator x is absorbed into DSP x.
DSP Report: Generating DSP x, operation Mode is: A*B.
DSP Report: operator x is absorbed into DSP x.
DSP Report: Generating DSP x, operation Mode is: A*B.
DSP Report: operator x is absorbed into DSP x.
DSP Report: Generating DSP x, operation Mode is: A*B.
DSP Report: operator x is absorbed into DSP x.
DSP Report: Generating DSP x, operation Mode is: A*B.
DSP Report: operator x is absorbed into DSP x.
DSP Report: Generating DSP x, operation Mode is: A*B.
DSP Report: operator x is absorbed into DSP x.
DSP Report: Generating DSP x, operation Mode is: A*B.
DSP Report: operator x is absorbed into DSP x.
DSP Report: Generating DSP x, operation Mode is: A*B.
DSP Report: operator x is absorbed into DSP x.
DSP Report: Generating DSP x, operation Mode is: A*B.
DSP Report: operator x is absorbed into DSP x.
DSP Report: Generating DSP x, operation Mode is: A*B.
DSP Report: operator x is absorbed into DSP x.
DSP Report: Generating DSP x, operation Mode is: A*B.
DSP Report: operator x is absorbed into DSP x.
DSP Report: Generating DSP x, operation Mode is: A*B.
DSP Report: operator x is absorbed into DSP x.
DSP Report: Generating DSP x, operation Mode is: A*B.
DSP Report: operator x is absorbed into DSP x.
DSP Report: Generating DSP x, operation Mode is: A*B.
DSP Report: operator x is absorbed into DSP x.
DSP Report: Generating DSP x, operation Mode is: A*B.
DSP Report: operator x is absorbed into DSP x.
DSP Report: Generating DSP x, operation Mode is: A*B.
DSP Report: operator x is absorbed into DSP x.
DSP Report: Generating DSP x, operation Mode is: A*B.
DSP Report: operator x is absorbed into DSP x.
DSP Report: Generating DSP x, operation Mode is: A*B.
DSP Report: operator x is absorbed into DSP x.
DSP Report: Generating DSP x, operation Mode is: A*B.
DSP Report: operator x is absorbed into DSP x.
DSP Report: Generating DSP x, operation Mode is: A*B.
DSP Report: operator x is absorbed into DSP x.
DSP Report: Generating DSP x, operation Mode is: A*B.
DSP Report: operator x is absorbed into DSP x.
DSP Report: Generating DSP x, operation Mode is: A*B.
DSP Report: operator x is absorbed into DSP x.
DSP Report: Generating DSP x, operation Mode is: A*B.
DSP Report: operator x is absorbed into DSP x.
DSP Report: Generating DSP x, operation Mode is: A*B.
DSP Report: operator x is absorbed into DSP x.
DSP Report: Generating DSP x, operation Mode is: A*B.
DSP Report: operator x is absorbed into DSP x.
DSP Report: Generating DSP x, operation Mode is: A*B.
DSP Report: operator x is absorbed into DSP x.
DSP Report: Generating DSP x, operation Mode is: A*B.
DSP Report: operator x is absorbed into DSP x.
DSP Report: Generating DSP x, operation Mode is: A*B.
DSP Report: operator x is absorbed into DSP x.
DSP Report: Generating DSP x, operation Mode is: A*B.
DSP Report: operator x is absorbed into DSP x.
DSP Report: Generating DSP x, operation Mode is: A*B.
DSP Report: operator x is absorbed into DSP x.
DSP Report: Generating DSP x, operation Mode is: A*B.
DSP Report: operator x is absorbed into DSP x.
DSP Report: Generating DSP x, operation Mode is: A*B.
DSP Report: operator x is absorbed into DSP x.
DSP Report: Generating DSP x, operation Mode is: A*B.
DSP Report: operator x is absorbed into DSP x.
DSP Report: Generating DSP x, operation Mode is: A*B.
DSP Report: operator x is absorbed into DSP x.
DSP Report: Generating DSP x, operation Mode is: A*B.
DSP Report: operator x is absorbed into DSP x.
DSP Report: Generating DSP x, operation Mode is: A*B.
DSP Report: operator x is absorbed into DSP x.
DSP Report: Generating DSP x, operation Mode is: A*B.
DSP Report: operator x is absorbed into DSP x.
DSP Report: Generating DSP x, operation Mode is: A*B.
DSP Report: operator x is absorbed into DSP x.
DSP Report: Generating DSP x, operation Mode is: A*B.
DSP Report: operator x is absorbed into DSP x.
DSP Report: Generating DSP x, operation Mode is: A*B.
DSP Report: operator x is absorbed into DSP x.
DSP Report: Generating DSP x, operation Mode is: A*B.
DSP Report: operator x is absorbed into DSP x.
INFO: [Synth 8-3886] merging instance 'data_path.operator_multiplier_26803_block.call_stmt_6363_call/data_path.ApIntToApIntSigned_group_1.UnsharedOperator/noFlowThrough.ilb/NoFlowThrough.interlockBuf.buf/NotRevisedCase.ShallowCase.ulReg/noBypass.read_data_reg[7]' (FDRE) to 'data_path.operator_multiplier_26803_block.call_stmt_6363_call/data_path.ApIntToApIntSigned_group_1.UnsharedOperator/noFlowThrough.ilb/NoFlowThrough.interlockBuf.buf/NotRevisedCase.ShallowCase.ulReg/noBypass.read_data_reg[8]'
INFO: [Synth 8-3886] merging instance 'data_path.operator_multiplier_26806_block.call_stmt_6369_call/data_path.ApIntToApIntSigned_group_1.UnsharedOperator/noFlowThrough.ilb/NoFlowThrough.interlockBuf.buf/NotRevisedCase.ShallowCase.ulReg/noBypass.read_data_reg[7]' (FDRE) to 'data_path.operator_multiplier_26806_block.call_stmt_6369_call/data_path.ApIntToApIntSigned_group_1.UnsharedOperator/noFlowThrough.ilb/NoFlowThrough.interlockBuf.buf/NotRevisedCase.ShallowCase.ulReg/noBypass.read_data_reg[8]'
INFO: [Synth 8-3886] merging instance 'data_path.operator_multiplier_26800_block.call_stmt_6357_call/data_path.ApIntToApIntSigned_group_1.UnsharedOperator/noFlowThrough.ilb/NoFlowThrough.interlockBuf.buf/NotRevisedCase.ShallowCase.ulReg/noBypass.read_data_reg[7]' (FDRE) to 'data_path.operator_multiplier_26800_block.call_stmt_6357_call/data_path.ApIntToApIntSigned_group_1.UnsharedOperator/noFlowThrough.ilb/NoFlowThrough.interlockBuf.buf/NotRevisedCase.ShallowCase.ulReg/noBypass.read_data_reg[8]'
INFO: [Synth 8-3886] merging instance 'data_path.operator_multiplier_26803_block.call_stmt_6363_call/data_path.ApIntToApIntSigned_group_1.UnsharedOperator/noFlowThrough.ilb/NoFlowThrough.interlockBuf.buf/NotRevisedCase.ShallowCase.ulReg/noBypass.read_data_reg[8]' (FDRE) to 'data_path.operator_multiplier_26803_block.call_stmt_6363_call/data_path.ApIntToApIntSigned_group_1.UnsharedOperator/noFlowThrough.ilb/NoFlowThrough.interlockBuf.buf/NotRevisedCase.ShallowCase.ulReg/noBypass.read_data_reg[9]'
INFO: [Synth 8-3886] merging instance 'data_path.operator_multiplier_26806_block.call_stmt_6369_call/data_path.ApIntToApIntSigned_group_1.UnsharedOperator/noFlowThrough.ilb/NoFlowThrough.interlockBuf.buf/NotRevisedCase.ShallowCase.ulReg/noBypass.read_data_reg[8]' (FDRE) to 'data_path.operator_multiplier_26806_block.call_stmt_6369_call/data_path.ApIntToApIntSigned_group_1.UnsharedOperator/noFlowThrough.ilb/NoFlowThrough.interlockBuf.buf/NotRevisedCase.ShallowCase.ulReg/noBypass.read_data_reg[9]'
INFO: [Synth 8-3886] merging instance 'data_path.operator_multiplier_26800_block.call_stmt_6357_call/data_path.ApIntToApIntSigned_group_1.UnsharedOperator/noFlowThrough.ilb/NoFlowThrough.interlockBuf.buf/NotRevisedCase.ShallowCase.ulReg/noBypass.read_data_reg[8]' (FDRE) to 'data_path.operator_multiplier_26800_block.call_stmt_6357_call/data_path.ApIntToApIntSigned_group_1.UnsharedOperator/noFlowThrough.ilb/NoFlowThrough.interlockBuf.buf/NotRevisedCase.ShallowCase.ulReg/noBypass.read_data_reg[9]'
INFO: [Synth 8-3886] merging instance 'data_path.operator_multiplier_26803_block.call_stmt_6363_call/data_path.ApIntToApIntSigned_group_1.UnsharedOperator/noFlowThrough.ilb/NoFlowThrough.interlockBuf.buf/NotRevisedCase.ShallowCase.ulReg/noBypass.read_data_reg[9]' (FDRE) to 'data_path.operator_multiplier_26803_block.call_stmt_6363_call/data_path.ApIntToApIntSigned_group_1.UnsharedOperator/noFlowThrough.ilb/NoFlowThrough.interlockBuf.buf/NotRevisedCase.ShallowCase.ulReg/noBypass.read_data_reg[10]'
INFO: [Synth 8-3886] merging instance 'data_path.operator_multiplier_26806_block.call_stmt_6369_call/data_path.ApIntToApIntSigned_group_1.UnsharedOperator/noFlowThrough.ilb/NoFlowThrough.interlockBuf.buf/NotRevisedCase.ShallowCase.ulReg/noBypass.read_data_reg[9]' (FDRE) to 'data_path.operator_multiplier_26806_block.call_stmt_6369_call/data_path.ApIntToApIntSigned_group_1.UnsharedOperator/noFlowThrough.ilb/NoFlowThrough.interlockBuf.buf/NotRevisedCase.ShallowCase.ulReg/noBypass.read_data_reg[10]'
INFO: [Synth 8-3886] merging instance 'data_path.operator_multiplier_26800_block.call_stmt_6357_call/data_path.ApIntToApIntSigned_group_1.UnsharedOperator/noFlowThrough.ilb/NoFlowThrough.interlockBuf.buf/NotRevisedCase.ShallowCase.ulReg/noBypass.read_data_reg[9]' (FDRE) to 'data_path.operator_multiplier_26800_block.call_stmt_6357_call/data_path.ApIntToApIntSigned_group_1.UnsharedOperator/noFlowThrough.ilb/NoFlowThrough.interlockBuf.buf/NotRevisedCase.ShallowCase.ulReg/noBypass.read_data_reg[10]'
INFO: [Synth 8-3886] merging instance 'data_path.operator_multiplier_26803_block.call_stmt_6363_call/data_path.ApIntToApIntSigned_group_1.UnsharedOperator/noFlowThrough.ilb/NoFlowThrough.interlockBuf.buf/NotRevisedCase.ShallowCase.ulReg/noBypass.read_data_reg[10]' (FDRE) to 'data_path.operator_multiplier_26803_block.call_stmt_6363_call/data_path.ApIntToApIntSigned_group_1.UnsharedOperator/noFlowThrough.ilb/NoFlowThrough.interlockBuf.buf/NotRevisedCase.ShallowCase.ulReg/noBypass.read_data_reg[11]'
INFO: [Synth 8-3886] merging instance 'data_path.operator_multiplier_26806_block.call_stmt_6369_call/data_path.ApIntToApIntSigned_group_1.UnsharedOperator/noFlowThrough.ilb/NoFlowThrough.interlockBuf.buf/NotRevisedCase.ShallowCase.ulReg/noBypass.read_data_reg[10]' (FDRE) to 'data_path.operator_multiplier_26806_block.call_stmt_6369_call/data_path.ApIntToApIntSigned_group_1.UnsharedOperator/noFlowThrough.ilb/NoFlowThrough.interlockBuf.buf/NotRevisedCase.ShallowCase.ulReg/noBypass.read_data_reg[11]'
INFO: [Synth 8-3886] merging instance 'data_path.operator_multiplier_26800_block.call_stmt_6357_call/data_path.ApIntToApIntSigned_group_1.UnsharedOperator/noFlowThrough.ilb/NoFlowThrough.interlockBuf.buf/NotRevisedCase.ShallowCase.ulReg/noBypass.read_data_reg[10]' (FDRE) to 'data_path.operator_multiplier_26800_block.call_stmt_6357_call/data_path.ApIntToApIntSigned_group_1.UnsharedOperator/noFlowThrough.ilb/NoFlowThrough.interlockBuf.buf/NotRevisedCase.ShallowCase.ulReg/noBypass.read_data_reg[11]'
INFO: [Synth 8-3886] merging instance 'data_path.operator_multiplier_26803_block.call_stmt_6363_call/data_path.ApIntToApIntSigned_group_1.UnsharedOperator/noFlowThrough.ilb/NoFlowThrough.interlockBuf.buf/NotRevisedCase.ShallowCase.ulReg/noBypass.read_data_reg[11]' (FDRE) to 'data_path.operator_multiplier_26803_block.call_stmt_6363_call/data_path.ApIntToApIntSigned_group_1.UnsharedOperator/noFlowThrough.ilb/NoFlowThrough.interlockBuf.buf/NotRevisedCase.ShallowCase.ulReg/noBypass.read_data_reg[12]'
INFO: [Synth 8-3886] merging instance 'data_path.operator_multiplier_26806_block.call_stmt_6369_call/data_path.ApIntToApIntSigned_group_1.UnsharedOperator/noFlowThrough.ilb/NoFlowThrough.interlockBuf.buf/NotRevisedCase.ShallowCase.ulReg/noBypass.read_data_reg[11]' (FDRE) to 'data_path.operator_multiplier_26806_block.call_stmt_6369_call/data_path.ApIntToApIntSigned_group_1.UnsharedOperator/noFlowThrough.ilb/NoFlowThrough.interlockBuf.buf/NotRevisedCase.ShallowCase.ulReg/noBypass.read_data_reg[12]'
INFO: [Synth 8-3886] merging instance 'data_path.operator_multiplier_26800_block.call_stmt_6357_call/data_path.ApIntToApIntSigned_group_1.UnsharedOperator/noFlowThrough.ilb/NoFlowThrough.interlockBuf.buf/NotRevisedCase.ShallowCase.ulReg/noBypass.read_data_reg[11]' (FDRE) to 'data_path.operator_multiplier_26800_block.call_stmt_6357_call/data_path.ApIntToApIntSigned_group_1.UnsharedOperator/noFlowThrough.ilb/NoFlowThrough.interlockBuf.buf/NotRevisedCase.ShallowCase.ulReg/noBypass.read_data_reg[12]'
INFO: [Synth 8-3886] merging instance 'data_path.operator_multiplier_26803_block.call_stmt_6363_call/data_path.ApIntToApIntSigned_group_1.UnsharedOperator/noFlowThrough.ilb/NoFlowThrough.interlockBuf.buf/NotRevisedCase.ShallowCase.ulReg/noBypass.read_data_reg[12]' (FDRE) to 'data_path.operator_multiplier_26803_block.call_stmt_6363_call/data_path.ApIntToApIntSigned_group_1.UnsharedOperator/noFlowThrough.ilb/NoFlowThrough.interlockBuf.buf/NotRevisedCase.ShallowCase.ulReg/noBypass.read_data_reg[13]'
INFO: [Synth 8-3886] merging instance 'data_path.operator_multiplier_26806_block.call_stmt_6369_call/data_path.ApIntToApIntSigned_group_1.UnsharedOperator/noFlowThrough.ilb/NoFlowThrough.interlockBuf.buf/NotRevisedCase.ShallowCase.ulReg/noBypass.read_data_reg[12]' (FDRE) to 'data_path.operator_multiplier_26806_block.call_stmt_6369_call/data_path.ApIntToApIntSigned_group_1.UnsharedOperator/noFlowThrough.ilb/NoFlowThrough.interlockBuf.buf/NotRevisedCase.ShallowCase.ulReg/noBypass.read_data_reg[13]'
INFO: [Synth 8-3886] merging instance 'data_path.operator_multiplier_26800_block.call_stmt_6357_call/data_path.ApIntToApIntSigned_group_1.UnsharedOperator/noFlowThrough.ilb/NoFlowThrough.interlockBuf.buf/NotRevisedCase.ShallowCase.ulReg/noBypass.read_data_reg[12]' (FDRE) to 'data_path.operator_multiplier_26800_block.call_stmt_6357_call/data_path.ApIntToApIntSigned_group_1.UnsharedOperator/noFlowThrough.ilb/NoFlowThrough.interlockBuf.buf/NotRevisedCase.ShallowCase.ulReg/noBypass.read_data_reg[13]'
INFO: [Synth 8-3886] merging instance 'data_path.operator_multiplier_26803_block.call_stmt_6363_call/data_path.ApIntToApIntSigned_group_1.UnsharedOperator/noFlowThrough.ilb/NoFlowThrough.interlockBuf.buf/NotRevisedCase.ShallowCase.ulReg/noBypass.read_data_reg[13]' (FDRE) to 'data_path.operator_multiplier_26803_block.call_stmt_6363_call/data_path.ApIntToApIntSigned_group_1.UnsharedOperator/noFlowThrough.ilb/NoFlowThrough.interlockBuf.buf/NotRevisedCase.ShallowCase.ulReg/noBypass.read_data_reg[14]'
INFO: [Synth 8-3886] merging instance 'data_path.operator_multiplier_26806_block.call_stmt_6369_call/data_path.ApIntToApIntSigned_group_1.UnsharedOperator/noFlowThrough.ilb/NoFlowThrough.interlockBuf.buf/NotRevisedCase.ShallowCase.ulReg/noBypass.read_data_reg[13]' (FDRE) to 'data_path.operator_multiplier_26806_block.call_stmt_6369_call/data_path.ApIntToApIntSigned_group_1.UnsharedOperator/noFlowThrough.ilb/NoFlowThrough.interlockBuf.buf/NotRevisedCase.ShallowCase.ulReg/noBypass.read_data_reg[14]'
INFO: [Synth 8-3886] merging instance 'data_path.operator_multiplier_26800_block.call_stmt_6357_call/data_path.ApIntToApIntSigned_group_1.UnsharedOperator/noFlowThrough.ilb/NoFlowThrough.interlockBuf.buf/NotRevisedCase.ShallowCase.ulReg/noBypass.read_data_reg[13]' (FDRE) to 'data_path.operator_multiplier_26800_block.call_stmt_6357_call/data_path.ApIntToApIntSigned_group_1.UnsharedOperator/noFlowThrough.ilb/NoFlowThrough.interlockBuf.buf/NotRevisedCase.ShallowCase.ulReg/noBypass.read_data_reg[14]'
INFO: [Synth 8-3886] merging instance 'data_path.operator_multiplier_26803_block.call_stmt_6363_call/data_path.ApIntToApIntSigned_group_1.UnsharedOperator/noFlowThrough.ilb/NoFlowThrough.interlockBuf.buf/NotRevisedCase.ShallowCase.ulReg/noBypass.read_data_reg[14]' (FDRE) to 'data_path.operator_multiplier_26803_block.call_stmt_6363_call/data_path.ApIntToApIntSigned_group_1.UnsharedOperator/noFlowThrough.ilb/NoFlowThrough.interlockBuf.buf/NotRevisedCase.ShallowCase.ulReg/noBypass.read_data_reg[15]'
INFO: [Synth 8-3886] merging instance 'data_path.operator_multiplier_26806_block.call_stmt_6369_call/data_path.ApIntToApIntSigned_group_1.UnsharedOperator/noFlowThrough.ilb/NoFlowThrough.interlockBuf.buf/NotRevisedCase.ShallowCase.ulReg/noBypass.read_data_reg[14]' (FDRE) to 'data_path.operator_multiplier_26806_block.call_stmt_6369_call/data_path.ApIntToApIntSigned_group_1.UnsharedOperator/noFlowThrough.ilb/NoFlowThrough.interlockBuf.buf/NotRevisedCase.ShallowCase.ulReg/noBypass.read_data_reg[15]'
INFO: [Synth 8-3886] merging instance 'data_path.operator_multiplier_26800_block.call_stmt_6357_call/data_path.ApIntToApIntSigned_group_1.UnsharedOperator/noFlowThrough.ilb/NoFlowThrough.interlockBuf.buf/NotRevisedCase.ShallowCase.ulReg/noBypass.read_data_reg[14]' (FDRE) to 'data_path.operator_multiplier_26800_block.call_stmt_6357_call/data_path.ApIntToApIntSigned_group_1.UnsharedOperator/noFlowThrough.ilb/NoFlowThrough.interlockBuf.buf/NotRevisedCase.ShallowCase.ulReg/noBypass.read_data_reg[15]'
INFO: [Synth 8-3886] merging instance 'data_path.operator_multiplier_26614_block.call_stmt_5880_call/data_path.ApIntToApIntSigned_group_1.UnsharedOperator/noFlowThrough.ilb/NoFlowThrough.interlockBuf.buf/NotRevisedCase.ShallowCase.ulReg/noBypass.read_data_reg[7]' (FDRE) to 'data_path.operator_multiplier_26614_block.call_stmt_5880_call/data_path.ApIntToApIntSigned_group_1.UnsharedOperator/noFlowThrough.ilb/NoFlowThrough.interlockBuf.buf/NotRevisedCase.ShallowCase.ulReg/noBypass.read_data_reg[8]'
INFO: [Synth 8-3886] merging instance 'data_path.operator_multiplier_26698_block.call_stmt_6097_call/data_path.ApIntToApIntSigned_group_1.UnsharedOperator/noFlowThrough.ilb/NoFlowThrough.interlockBuf.buf/NotRevisedCase.ShallowCase.ulReg/noBypass.read_data_reg[7]' (FDRE) to 'data_path.operator_multiplier_26698_block.call_stmt_6097_call/data_path.ApIntToApIntSigned_group_1.UnsharedOperator/noFlowThrough.ilb/NoFlowThrough.interlockBuf.buf/NotRevisedCase.ShallowCase.ulReg/noBypass.read_data_reg[8]'
INFO: [Synth 8-3886] merging instance 'data_path.operator_multiplier_26785_block.call_stmt_6327_call/data_path.ApIntToApIntSigned_group_1.UnsharedOperator/noFlowThrough.ilb/NoFlowThrough.interlockBuf.buf/NotRevisedCase.ShallowCase.ulReg/noBypass.read_data_reg[7]' (FDRE) to 'data_path.operator_multiplier_26785_block.call_stmt_6327_call/data_path.ApIntToApIntSigned_group_1.UnsharedOperator/noFlowThrough.ilb/NoFlowThrough.interlockBuf.buf/NotRevisedCase.ShallowCase.ulReg/noBypass.read_data_reg[8]'
INFO: [Synth 8-3886] merging instance 'data_path.operator_multiplier_26614_block.call_stmt_5880_call/data_path.ApIntToApIntSigned_group_1.UnsharedOperator/noFlowThrough.ilb/NoFlowThrough.interlockBuf.buf/NotRevisedCase.ShallowCase.ulReg/noBypass.read_data_reg[8]' (FDRE) to 'data_path.operator_multiplier_26614_block.call_stmt_5880_call/data_path.ApIntToApIntSigned_group_1.UnsharedOperator/noFlowThrough.ilb/NoFlowThrough.interlockBuf.buf/NotRevisedCase.ShallowCase.ulReg/noBypass.read_data_reg[9]'
INFO: [Synth 8-3886] merging instance 'data_path.operator_multiplier_26698_block.call_stmt_6097_call/data_path.ApIntToApIntSigned_group_1.UnsharedOperator/noFlowThrough.ilb/NoFlowThrough.interlockBuf.buf/NotRevisedCase.ShallowCase.ulReg/noBypass.read_data_reg[8]' (FDRE) to 'data_path.operator_multiplier_26698_block.call_stmt_6097_call/data_path.ApIntToApIntSigned_group_1.UnsharedOperator/noFlowThrough.ilb/NoFlowThrough.interlockBuf.buf/NotRevisedCase.ShallowCase.ulReg/noBypass.read_data_reg[9]'
INFO: [Synth 8-3886] merging instance 'data_path.operator_multiplier_26785_block.call_stmt_6327_call/data_path.ApIntToApIntSigned_group_1.UnsharedOperator/noFlowThrough.ilb/NoFlowThrough.interlockBuf.buf/NotRevisedCase.ShallowCase.ulReg/noBypass.read_data_reg[8]' (FDRE) to 'data_path.operator_multiplier_26785_block.call_stmt_6327_call/data_path.ApIntToApIntSigned_group_1.UnsharedOperator/noFlowThrough.ilb/NoFlowThrough.interlockBuf.buf/NotRevisedCase.ShallowCase.ulReg/noBypass.read_data_reg[9]'
INFO: [Synth 8-3886] merging instance 'data_path.operator_multiplier_26614_block.call_stmt_5880_call/data_path.ApIntToApIntSigned_group_1.UnsharedOperator/noFlowThrough.ilb/NoFlowThrough.interlockBuf.buf/NotRevisedCase.ShallowCase.ulReg/noBypass.read_data_reg[9]' (FDRE) to 'data_path.operator_multiplier_26614_block.call_stmt_5880_call/data_path.ApIntToApIntSigned_group_1.UnsharedOperator/noFlowThrough.ilb/NoFlowThrough.interlockBuf.buf/NotRevisedCase.ShallowCase.ulReg/noBypass.read_data_reg[10]'
INFO: [Synth 8-3886] merging instance 'data_path.operator_multiplier_26698_block.call_stmt_6097_call/data_path.ApIntToApIntSigned_group_1.UnsharedOperator/noFlowThrough.ilb/NoFlowThrough.interlockBuf.buf/NotRevisedCase.ShallowCase.ulReg/noBypass.read_data_reg[9]' (FDRE) to 'data_path.operator_multiplier_26698_block.call_stmt_6097_call/data_path.ApIntToApIntSigned_group_1.UnsharedOperator/noFlowThrough.ilb/NoFlowThrough.interlockBuf.buf/NotRevisedCase.ShallowCase.ulReg/noBypass.read_data_reg[10]'
INFO: [Synth 8-3886] merging instance 'data_path.operator_multiplier_26785_block.call_stmt_6327_call/data_path.ApIntToApIntSigned_group_1.UnsharedOperator/noFlowThrough.ilb/NoFlowThrough.interlockBuf.buf/NotRevisedCase.ShallowCase.ulReg/noBypass.read_data_reg[9]' (FDRE) to 'data_path.operator_multiplier_26785_block.call_stmt_6327_call/data_path.ApIntToApIntSigned_group_1.UnsharedOperator/noFlowThrough.ilb/NoFlowThrough.interlockBuf.buf/NotRevisedCase.ShallowCase.ulReg/noBypass.read_data_reg[10]'
INFO: [Synth 8-3886] merging instance 'data_path.operator_multiplier_26614_block.call_stmt_5880_call/data_path.ApIntToApIntSigned_group_1.UnsharedOperator/noFlowThrough.ilb/NoFlowThrough.interlockBuf.buf/NotRevisedCase.ShallowCase.ulReg/noBypass.read_data_reg[10]' (FDRE) to 'data_path.operator_multiplier_26614_block.call_stmt_5880_call/data_path.ApIntToApIntSigned_group_1.UnsharedOperator/noFlowThrough.ilb/NoFlowThrough.interlockBuf.buf/NotRevisedCase.ShallowCase.ulReg/noBypass.read_data_reg[11]'
INFO: [Synth 8-3886] merging instance 'data_path.operator_multiplier_26698_block.call_stmt_6097_call/data_path.ApIntToApIntSigned_group_1.UnsharedOperator/noFlowThrough.ilb/NoFlowThrough.interlockBuf.buf/NotRevisedCase.ShallowCase.ulReg/noBypass.read_data_reg[10]' (FDRE) to 'data_path.operator_multiplier_26698_block.call_stmt_6097_call/data_path.ApIntToApIntSigned_group_1.UnsharedOperator/noFlowThrough.ilb/NoFlowThrough.interlockBuf.buf/NotRevisedCase.ShallowCase.ulReg/noBypass.read_data_reg[11]'
INFO: [Synth 8-3886] merging instance 'data_path.operator_multiplier_26785_block.call_stmt_6327_call/data_path.ApIntToApIntSigned_group_1.UnsharedOperator/noFlowThrough.ilb/NoFlowThrough.interlockBuf.buf/NotRevisedCase.ShallowCase.ulReg/noBypass.read_data_reg[10]' (FDRE) to 'data_path.operator_multiplier_26785_block.call_stmt_6327_call/data_path.ApIntToApIntSigned_group_1.UnsharedOperator/noFlowThrough.ilb/NoFlowThrough.interlockBuf.buf/NotRevisedCase.ShallowCase.ulReg/noBypass.read_data_reg[11]'
INFO: [Synth 8-3886] merging instance 'data_path.operator_multiplier_26614_block.call_stmt_5880_call/data_path.ApIntToApIntSigned_group_1.UnsharedOperator/noFlowThrough.ilb/NoFlowThrough.interlockBuf.buf/NotRevisedCase.ShallowCase.ulReg/noBypass.read_data_reg[11]' (FDRE) to 'data_path.operator_multiplier_26614_block.call_stmt_5880_call/data_path.ApIntToApIntSigned_group_1.UnsharedOperator/noFlowThrough.ilb/NoFlowThrough.interlockBuf.buf/NotRevisedCase.ShallowCase.ulReg/noBypass.read_data_reg[12]'
INFO: [Synth 8-3886] merging instance 'data_path.operator_multiplier_26698_block.call_stmt_6097_call/data_path.ApIntToApIntSigned_group_1.UnsharedOperator/noFlowThrough.ilb/NoFlowThrough.interlockBuf.buf/NotRevisedCase.ShallowCase.ulReg/noBypass.read_data_reg[11]' (FDRE) to 'data_path.operator_multiplier_26698_block.call_stmt_6097_call/data_path.ApIntToApIntSigned_group_1.UnsharedOperator/noFlowThrough.ilb/NoFlowThrough.interlockBuf.buf/NotRevisedCase.ShallowCase.ulReg/noBypass.read_data_reg[12]'
INFO: [Synth 8-3886] merging instance 'data_path.operator_multiplier_26785_block.call_stmt_6327_call/data_path.ApIntToApIntSigned_group_1.UnsharedOperator/noFlowThrough.ilb/NoFlowThrough.interlockBuf.buf/NotRevisedCase.ShallowCase.ulReg/noBypass.read_data_reg[11]' (FDRE) to 'data_path.operator_multiplier_26785_block.call_stmt_6327_call/data_path.ApIntToApIntSigned_group_1.UnsharedOperator/noFlowThrough.ilb/NoFlowThrough.interlockBuf.buf/NotRevisedCase.ShallowCase.ulReg/noBypass.read_data_reg[12]'
INFO: [Synth 8-3886] merging instance 'data_path.operator_multiplier_26614_block.call_stmt_5880_call/data_path.ApIntToApIntSigned_group_1.UnsharedOperator/noFlowThrough.ilb/NoFlowThrough.interlockBuf.buf/NotRevisedCase.ShallowCase.ulReg/noBypass.read_data_reg[12]' (FDRE) to 'data_path.operator_multiplier_26614_block.call_stmt_5880_call/data_path.ApIntToApIntSigned_group_1.UnsharedOperator/noFlowThrough.ilb/NoFlowThrough.interlockBuf.buf/NotRevisedCase.ShallowCase.ulReg/noBypass.read_data_reg[13]'
INFO: [Synth 8-3886] merging instance 'data_path.operator_multiplier_26698_block.call_stmt_6097_call/data_path.ApIntToApIntSigned_group_1.UnsharedOperator/noFlowThrough.ilb/NoFlowThrough.interlockBuf.buf/NotRevisedCase.ShallowCase.ulReg/noBypass.read_data_reg[12]' (FDRE) to 'data_path.operator_multiplier_26698_block.call_stmt_6097_call/data_path.ApIntToApIntSigned_group_1.UnsharedOperator/noFlowThrough.ilb/NoFlowThrough.interlockBuf.buf/NotRevisedCase.ShallowCase.ulReg/noBypass.read_data_reg[13]'
INFO: [Synth 8-3886] merging instance 'data_path.operator_multiplier_26785_block.call_stmt_6327_call/data_path.ApIntToApIntSigned_group_1.UnsharedOperator/noFlowThrough.ilb/NoFlowThrough.interlockBuf.buf/NotRevisedCase.ShallowCase.ulReg/noBypass.read_data_reg[12]' (FDRE) to 'data_path.operator_multiplier_26785_block.call_stmt_6327_call/data_path.ApIntToApIntSigned_group_1.UnsharedOperator/noFlowThrough.ilb/NoFlowThrough.interlockBuf.buf/NotRevisedCase.ShallowCase.ulReg/noBypass.read_data_reg[13]'
INFO: [Synth 8-3886] merging instance 'data_path.operator_multiplier_26614_block.call_stmt_5880_call/data_path.ApIntToApIntSigned_group_1.UnsharedOperator/noFlowThrough.ilb/NoFlowThrough.interlockBuf.buf/NotRevisedCase.ShallowCase.ulReg/noBypass.read_data_reg[13]' (FDRE) to 'data_path.operator_multiplier_26614_block.call_stmt_5880_call/data_path.ApIntToApIntSigned_group_1.UnsharedOperator/noFlowThrough.ilb/NoFlowThrough.interlockBuf.buf/NotRevisedCase.ShallowCase.ulReg/noBypass.read_data_reg[14]'
INFO: [Synth 8-3886] merging instance 'data_path.operator_multiplier_26698_block.call_stmt_6097_call/data_path.ApIntToApIntSigned_group_1.UnsharedOperator/noFlowThrough.ilb/NoFlowThrough.interlockBuf.buf/NotRevisedCase.ShallowCase.ulReg/noBypass.read_data_reg[13]' (FDRE) to 'data_path.operator_multiplier_26698_block.call_stmt_6097_call/data_path.ApIntToApIntSigned_group_1.UnsharedOperator/noFlowThrough.ilb/NoFlowThrough.interlockBuf.buf/NotRevisedCase.ShallowCase.ulReg/noBypass.read_data_reg[14]'
INFO: [Synth 8-3886] merging instance 'data_path.operator_multiplier_26785_block.call_stmt_6327_call/data_path.ApIntToApIntSigned_group_1.UnsharedOperator/noFlowThrough.ilb/NoFlowThrough.interlockBuf.buf/NotRevisedCase.ShallowCase.ulReg/noBypass.read_data_reg[13]' (FDRE) to 'data_path.operator_multiplier_26785_block.call_stmt_6327_call/data_path.ApIntToApIntSigned_group_1.UnsharedOperator/noFlowThrough.ilb/NoFlowThrough.interlockBuf.buf/NotRevisedCase.ShallowCase.ulReg/noBypass.read_data_reg[14]'
INFO: [Synth 8-3886] merging instance 'data_path.operator_multiplier_26614_block.call_stmt_5880_call/data_path.ApIntToApIntSigned_group_1.UnsharedOperator/noFlowThrough.ilb/NoFlowThrough.interlockBuf.buf/NotRevisedCase.ShallowCase.ulReg/noBypass.read_data_reg[14]' (FDRE) to 'data_path.operator_multiplier_26614_block.call_stmt_5880_call/data_path.ApIntToApIntSigned_group_1.UnsharedOperator/noFlowThrough.ilb/NoFlowThrough.interlockBuf.buf/NotRevisedCase.ShallowCase.ulReg/noBypass.read_data_reg[15]'
INFO: [Synth 8-3886] merging instance 'data_path.operator_multiplier_26698_block.call_stmt_6097_call/data_path.ApIntToApIntSigned_group_1.UnsharedOperator/noFlowThrough.ilb/NoFlowThrough.interlockBuf.buf/NotRevisedCase.ShallowCase.ulReg/noBypass.read_data_reg[14]' (FDRE) to 'data_path.operator_multiplier_26698_block.call_stmt_6097_call/data_path.ApIntToApIntSigned_group_1.UnsharedOperator/noFlowThrough.ilb/NoFlowThrough.interlockBuf.buf/NotRevisedCase.ShallowCase.ulReg/noBypass.read_data_reg[15]'
INFO: [Synth 8-3886] merging instance 'data_path.operator_multiplier_26785_block.call_stmt_6327_call/data_path.ApIntToApIntSigned_group_1.UnsharedOperator/noFlowThrough.ilb/NoFlowThrough.interlockBuf.buf/NotRevisedCase.ShallowCase.ulReg/noBypass.read_data_reg[14]' (FDRE) to 'data_path.operator_multiplier_26785_block.call_stmt_6327_call/data_path.ApIntToApIntSigned_group_1.UnsharedOperator/noFlowThrough.ilb/NoFlowThrough.interlockBuf.buf/NotRevisedCase.ShallowCase.ulReg/noBypass.read_data_reg[15]'
INFO: [Synth 8-3886] merging instance 'data_path.operator_multiplier_26626_block.call_stmt_5904_call/data_path.ApIntToApIntSigned_group_1.UnsharedOperator/noFlowThrough.ilb/NoFlowThrough.interlockBuf.buf/NotRevisedCase.ShallowCase.ulReg/noBypass.read_data_reg[7]' (FDRE) to 'data_path.operator_multiplier_26626_block.call_stmt_5904_call/data_path.ApIntToApIntSigned_group_1.UnsharedOperator/noFlowThrough.ilb/NoFlowThrough.interlockBuf.buf/NotRevisedCase.ShallowCase.ulReg/noBypass.read_data_reg[8]'
INFO: [Synth 8-3886] merging instance 'data_path.operator_multiplier_26617_block.call_stmt_5886_call/data_path.ApIntToApIntSigned_group_1.UnsharedOperator/noFlowThrough.ilb/NoFlowThrough.interlockBuf.buf/NotRevisedCase.ShallowCase.ulReg/noBypass.read_data_reg[7]' (FDRE) to 'data_path.operator_multiplier_26617_block.call_stmt_5886_call/data_path.ApIntToApIntSigned_group_1.UnsharedOperator/noFlowThrough.ilb/NoFlowThrough.interlockBuf.buf/NotRevisedCase.ShallowCase.ulReg/noBypass.read_data_reg[8]'
INFO: [Synth 8-3886] merging instance 'data_path.operator_multiplier_26620_block.call_stmt_5892_call/data_path.ApIntToApIntSigned_group_1.UnsharedOperator/noFlowThrough.ilb/NoFlowThrough.interlockBuf.buf/NotRevisedCase.ShallowCase.ulReg/noBypass.read_data_reg[7]' (FDRE) to 'data_path.operator_multiplier_26620_block.call_stmt_5892_call/data_path.ApIntToApIntSigned_group_1.UnsharedOperator/noFlowThrough.ilb/NoFlowThrough.interlockBuf.buf/NotRevisedCase.ShallowCase.ulReg/noBypass.read_data_reg[8]'
INFO: [Synth 8-3886] merging instance 'data_path.operator_multiplier_26626_block.call_stmt_5904_call/data_path.ApIntToApIntSigned_group_1.UnsharedOperator/noFlowThrough.ilb/NoFlowThrough.interlockBuf.buf/NotRevisedCase.ShallowCase.ulReg/noBypass.read_data_reg[8]' (FDRE) to 'data_path.operator_multiplier_26626_block.call_stmt_5904_call/data_path.ApIntToApIntSigned_group_1.UnsharedOperator/noFlowThrough.ilb/NoFlowThrough.interlockBuf.buf/NotRevisedCase.ShallowCase.ulReg/noBypass.read_data_reg[9]'
INFO: [Synth 8-3886] merging instance 'data_path.operator_multiplier_26617_block.call_stmt_5886_call/data_path.ApIntToApIntSigned_group_1.UnsharedOperator/noFlowThrough.ilb/NoFlowThrough.interlockBuf.buf/NotRevisedCase.ShallowCase.ulReg/noBypass.read_data_reg[8]' (FDRE) to 'data_path.operator_multiplier_26617_block.call_stmt_5886_call/data_path.ApIntToApIntSigned_group_1.UnsharedOperator/noFlowThrough.ilb/NoFlowThrough.interlockBuf.buf/NotRevisedCase.ShallowCase.ulReg/noBypass.read_data_reg[9]'
INFO: [Synth 8-3886] merging instance 'data_path.operator_multiplier_26620_block.call_stmt_5892_call/data_path.ApIntToApIntSigned_group_1.UnsharedOperator/noFlowThrough.ilb/NoFlowThrough.interlockBuf.buf/NotRevisedCase.ShallowCase.ulReg/noBypass.read_data_reg[8]' (FDRE) to 'data_path.operator_multiplier_26620_block.call_stmt_5892_call/data_path.ApIntToApIntSigned_group_1.UnsharedOperator/noFlowThrough.ilb/NoFlowThrough.interlockBuf.buf/NotRevisedCase.ShallowCase.ulReg/noBypass.read_data_reg[9]'
INFO: [Synth 8-3886] merging instance 'data_path.operator_multiplier_26626_block.call_stmt_5904_call/data_path.ApIntToApIntSigned_group_1.UnsharedOperator/noFlowThrough.ilb/NoFlowThrough.interlockBuf.buf/NotRevisedCase.ShallowCase.ulReg/noBypass.read_data_reg[9]' (FDRE) to 'data_path.operator_multiplier_26626_block.call_stmt_5904_call/data_path.ApIntToApIntSigned_group_1.UnsharedOperator/noFlowThrough.ilb/NoFlowThrough.interlockBuf.buf/NotRevisedCase.ShallowCase.ulReg/noBypass.read_data_reg[10]'
INFO: [Synth 8-3886] merging instance 'data_path.operator_multiplier_26617_block.call_stmt_5886_call/data_path.ApIntToApIntSigned_group_1.UnsharedOperator/noFlowThrough.ilb/NoFlowThrough.interlockBuf.buf/NotRevisedCase.ShallowCase.ulReg/noBypass.read_data_reg[9]' (FDRE) to 'data_path.operator_multiplier_26617_block.call_stmt_5886_call/data_path.ApIntToApIntSigned_group_1.UnsharedOperator/noFlowThrough.ilb/NoFlowThrough.interlockBuf.buf/NotRevisedCase.ShallowCase.ulReg/noBypass.read_data_reg[10]'
INFO: [Synth 8-3886] merging instance 'data_path.operator_multiplier_26620_block.call_stmt_5892_call/data_path.ApIntToApIntSigned_group_1.UnsharedOperator/noFlowThrough.ilb/NoFlowThrough.interlockBuf.buf/NotRevisedCase.ShallowCase.ulReg/noBypass.read_data_reg[9]' (FDRE) to 'data_path.operator_multiplier_26620_block.call_stmt_5892_call/data_path.ApIntToApIntSigned_group_1.UnsharedOperator/noFlowThrough.ilb/NoFlowThrough.interlockBuf.buf/NotRevisedCase.ShallowCase.ulReg/noBypass.read_data_reg[10]'
INFO: [Synth 8-3886] merging instance 'data_path.operator_multiplier_26626_block.call_stmt_5904_call/data_path.ApIntToApIntSigned_group_1.UnsharedOperator/noFlowThrough.ilb/NoFlowThrough.interlockBuf.buf/NotRevisedCase.ShallowCase.ulReg/noBypass.read_data_reg[10]' (FDRE) to 'data_path.operator_multiplier_26626_block.call_stmt_5904_call/data_path.ApIntToApIntSigned_group_1.UnsharedOperator/noFlowThrough.ilb/NoFlowThrough.interlockBuf.buf/NotRevisedCase.ShallowCase.ulReg/noBypass.read_data_reg[11]'
INFO: [Synth 8-3886] merging instance 'data_path.operator_multiplier_26617_block.call_stmt_5886_call/data_path.ApIntToApIntSigned_group_1.UnsharedOperator/noFlowThrough.ilb/NoFlowThrough.interlockBuf.buf/NotRevisedCase.ShallowCase.ulReg/noBypass.read_data_reg[10]' (FDRE) to 'data_path.operator_multiplier_26617_block.call_stmt_5886_call/data_path.ApIntToApIntSigned_group_1.UnsharedOperator/noFlowThrough.ilb/NoFlowThrough.interlockBuf.buf/NotRevisedCase.ShallowCase.ulReg/noBypass.read_data_reg[11]'
INFO: [Synth 8-3886] merging instance 'data_path.operator_multiplier_26620_block.call_stmt_5892_call/data_path.ApIntToApIntSigned_group_1.UnsharedOperator/noFlowThrough.ilb/NoFlowThrough.interlockBuf.buf/NotRevisedCase.ShallowCase.ulReg/noBypass.read_data_reg[10]' (FDRE) to 'data_path.operator_multiplier_26620_block.call_stmt_5892_call/data_path.ApIntToApIntSigned_group_1.UnsharedOperator/noFlowThrough.ilb/NoFlowThrough.interlockBuf.buf/NotRevisedCase.ShallowCase.ulReg/noBypass.read_data_reg[11]'
INFO: [Synth 8-3886] merging instance 'data_path.operator_multiplier_26626_block.call_stmt_5904_call/data_path.ApIntToApIntSigned_group_1.UnsharedOperator/noFlowThrough.ilb/NoFlowThrough.interlockBuf.buf/NotRevisedCase.ShallowCase.ulReg/noBypass.read_data_reg[11]' (FDRE) to 'data_path.operator_multiplier_26626_block.call_stmt_5904_call/data_path.ApIntToApIntSigned_group_1.UnsharedOperator/noFlowThrough.ilb/NoFlowThrough.interlockBuf.buf/NotRevisedCase.ShallowCase.ulReg/noBypass.read_data_reg[12]'
INFO: [Synth 8-3886] merging instance 'data_path.operator_multiplier_26617_block.call_stmt_5886_call/data_path.ApIntToApIntSigned_group_1.UnsharedOperator/noFlowThrough.ilb/NoFlowThrough.interlockBuf.buf/NotRevisedCase.ShallowCase.ulReg/noBypass.read_data_reg[11]' (FDRE) to 'data_path.operator_multiplier_26617_block.call_stmt_5886_call/data_path.ApIntToApIntSigned_group_1.UnsharedOperator/noFlowThrough.ilb/NoFlowThrough.interlockBuf.buf/NotRevisedCase.ShallowCase.ulReg/noBypass.read_data_reg[12]'
INFO: [Synth 8-3886] merging instance 'data_path.operator_multiplier_26620_block.call_stmt_5892_call/data_path.ApIntToApIntSigned_group_1.UnsharedOperator/noFlowThrough.ilb/NoFlowThrough.interlockBuf.buf/NotRevisedCase.ShallowCase.ulReg/noBypass.read_data_reg[11]' (FDRE) to 'data_path.operator_multiplier_26620_block.call_stmt_5892_call/data_path.ApIntToApIntSigned_group_1.UnsharedOperator/noFlowThrough.ilb/NoFlowThrough.interlockBuf.buf/NotRevisedCase.ShallowCase.ulReg/noBypass.read_data_reg[12]'
INFO: [Synth 8-3886] merging instance 'data_path.operator_multiplier_26626_block.call_stmt_5904_call/data_path.ApIntToApIntSigned_group_1.UnsharedOperator/noFlowThrough.ilb/NoFlowThrough.interlockBuf.buf/NotRevisedCase.ShallowCase.ulReg/noBypass.read_data_reg[12]' (FDRE) to 'data_path.operator_multiplier_26626_block.call_stmt_5904_call/data_path.ApIntToApIntSigned_group_1.UnsharedOperator/noFlowThrough.ilb/NoFlowThrough.interlockBuf.buf/NotRevisedCase.ShallowCase.ulReg/noBypass.read_data_reg[13]'
INFO: [Synth 8-3886] merging instance 'data_path.operator_multiplier_26617_block.call_stmt_5886_call/data_path.ApIntToApIntSigned_group_1.UnsharedOperator/noFlowThrough.ilb/NoFlowThrough.interlockBuf.buf/NotRevisedCase.ShallowCase.ulReg/noBypass.read_data_reg[12]' (FDRE) to 'data_path.operator_multiplier_26617_block.call_stmt_5886_call/data_path.ApIntToApIntSigned_group_1.UnsharedOperator/noFlowThrough.ilb/NoFlowThrough.interlockBuf.buf/NotRevisedCase.ShallowCase.ulReg/noBypass.read_data_reg[13]'
INFO: [Synth 8-3886] merging instance 'data_path.operator_multiplier_26620_block.call_stmt_5892_call/data_path.ApIntToApIntSigned_group_1.UnsharedOperator/noFlowThrough.ilb/NoFlowThrough.interlockBuf.buf/NotRevisedCase.ShallowCase.ulReg/noBypass.read_data_reg[12]' (FDRE) to 'data_path.operator_multiplier_26620_block.call_stmt_5892_call/data_path.ApIntToApIntSigned_group_1.UnsharedOperator/noFlowThrough.ilb/NoFlowThrough.interlockBuf.buf/NotRevisedCase.ShallowCase.ulReg/noBypass.read_data_reg[13]'
INFO: [Synth 8-3886] merging instance 'data_path.operator_multiplier_26626_block.call_stmt_5904_call/data_path.ApIntToApIntSigned_group_1.UnsharedOperator/noFlowThrough.ilb/NoFlowThrough.interlockBuf.buf/NotRevisedCase.ShallowCase.ulReg/noBypass.read_data_reg[13]' (FDRE) to 'data_path.operator_multiplier_26626_block.call_stmt_5904_call/data_path.ApIntToApIntSigned_group_1.UnsharedOperator/noFlowThrough.ilb/NoFlowThrough.interlockBuf.buf/NotRevisedCase.ShallowCase.ulReg/noBypass.read_data_reg[14]'
INFO: [Synth 8-3886] merging instance 'data_path.operator_multiplier_26617_block.call_stmt_5886_call/data_path.ApIntToApIntSigned_group_1.UnsharedOperator/noFlowThrough.ilb/NoFlowThrough.interlockBuf.buf/NotRevisedCase.ShallowCase.ulReg/noBypass.read_data_reg[13]' (FDRE) to 'data_path.operator_multiplier_26617_block.call_stmt_5886_call/data_path.ApIntToApIntSigned_group_1.UnsharedOperator/noFlowThrough.ilb/NoFlowThrough.interlockBuf.buf/NotRevisedCase.ShallowCase.ulReg/noBypass.read_data_reg[14]'
INFO: [Synth 8-3886] merging instance 'data_path.operator_multiplier_26620_block.call_stmt_5892_call/data_path.ApIntToApIntSigned_group_1.UnsharedOperator/noFlowThrough.ilb/NoFlowThrough.interlockBuf.buf/NotRevisedCase.ShallowCase.ulReg/noBypass.read_data_reg[13]' (FDRE) to 'data_path.operator_multiplier_26620_block.call_stmt_5892_call/data_path.ApIntToApIntSigned_group_1.UnsharedOperator/noFlowThrough.ilb/NoFlowThrough.interlockBuf.buf/NotRevisedCase.ShallowCase.ulReg/noBypass.read_data_reg[14]'
INFO: [Synth 8-3886] merging instance 'data_path.operator_multiplier_26626_block.call_stmt_5904_call/data_path.ApIntToApIntSigned_group_1.UnsharedOperator/noFlowThrough.ilb/NoFlowThrough.interlockBuf.buf/NotRevisedCase.ShallowCase.ulReg/noBypass.read_data_reg[14]' (FDRE) to 'data_path.operator_multiplier_26626_block.call_stmt_5904_call/data_path.ApIntToApIntSigned_group_1.UnsharedOperator/noFlowThrough.ilb/NoFlowThrough.interlockBuf.buf/NotRevisedCase.ShallowCase.ulReg/noBypass.read_data_reg[15]'
INFO: [Synth 8-3886] merging instance 'data_path.operator_multiplier_26617_block.call_stmt_5886_call/data_path.ApIntToApIntSigned_group_1.UnsharedOperator/noFlowThrough.ilb/NoFlowThrough.interlockBuf.buf/NotRevisedCase.ShallowCase.ulReg/noBypass.read_data_reg[14]' (FDRE) to 'data_path.operator_multiplier_26617_block.call_stmt_5886_call/data_path.ApIntToApIntSigned_group_1.UnsharedOperator/noFlowThrough.ilb/NoFlowThrough.interlockBuf.buf/NotRevisedCase.ShallowCase.ulReg/noBypass.read_data_reg[15]'
INFO: [Synth 8-3886] merging instance 'data_path.operator_multiplier_26620_block.call_stmt_5892_call/data_path.ApIntToApIntSigned_group_1.UnsharedOperator/noFlowThrough.ilb/NoFlowThrough.interlockBuf.buf/NotRevisedCase.ShallowCase.ulReg/noBypass.read_data_reg[14]' (FDRE) to 'data_path.operator_multiplier_26620_block.call_stmt_5892_call/data_path.ApIntToApIntSigned_group_1.UnsharedOperator/noFlowThrough.ilb/NoFlowThrough.interlockBuf.buf/NotRevisedCase.ShallowCase.ulReg/noBypass.read_data_reg[15]'
INFO: [Synth 8-3886] merging instance 'data_path.operator_multiplier_26623_block.call_stmt_5898_call/data_path.ApIntToApIntSigned_group_1.UnsharedOperator/noFlowThrough.ilb/NoFlowThrough.interlockBuf.buf/NotRevisedCase.ShallowCase.ulReg/noBypass.read_data_reg[7]' (FDRE) to 'data_path.operator_multiplier_26623_block.call_stmt_5898_call/data_path.ApIntToApIntSigned_group_1.UnsharedOperator/noFlowThrough.ilb/NoFlowThrough.interlockBuf.buf/NotRevisedCase.ShallowCase.ulReg/noBypass.read_data_reg[8]'
INFO: [Synth 8-3886] merging instance 'data_path.operator_multiplier_26629_block.call_stmt_5910_call/data_path.ApIntToApIntSigned_group_1.UnsharedOperator/noFlowThrough.ilb/NoFlowThrough.interlockBuf.buf/NotRevisedCase.ShallowCase.ulReg/noBypass.read_data_reg[7]' (FDRE) to 'data_path.operator_multiplier_26629_block.call_stmt_5910_call/data_path.ApIntToApIntSigned_group_1.UnsharedOperator/noFlowThrough.ilb/NoFlowThrough.interlockBuf.buf/NotRevisedCase.ShallowCase.ulReg/noBypass.read_data_reg[8]'
INFO: [Synth 8-3886] merging instance 'data_path.operator_multiplier_26632_block.call_stmt_5916_call/data_path.ApIntToApIntSigned_group_1.UnsharedOperator/noFlowThrough.ilb/NoFlowThrough.interlockBuf.buf/NotRevisedCase.ShallowCase.ulReg/noBypass.read_data_reg[7]' (FDRE) to 'data_path.operator_multiplier_26632_block.call_stmt_5916_call/data_path.ApIntToApIntSigned_group_1.UnsharedOperator/noFlowThrough.ilb/NoFlowThrough.interlockBuf.buf/NotRevisedCase.ShallowCase.ulReg/noBypass.read_data_reg[8]'
INFO: [Synth 8-3886] merging instance 'data_path.operator_multiplier_26623_block.call_stmt_5898_call/data_path.ApIntToApIntSigned_group_1.UnsharedOperator/noFlowThrough.ilb/NoFlowThrough.interlockBuf.buf/NotRevisedCase.ShallowCase.ulReg/noBypass.read_data_reg[8]' (FDRE) to 'data_path.operator_multiplier_26623_block.call_stmt_5898_call/data_path.ApIntToApIntSigned_group_1.UnsharedOperator/noFlowThrough.ilb/NoFlowThrough.interlockBuf.buf/NotRevisedCase.ShallowCase.ulReg/noBypass.read_data_reg[9]'
INFO: [Synth 8-3886] merging instance 'data_path.operator_multiplier_26629_block.call_stmt_5910_call/data_path.ApIntToApIntSigned_group_1.UnsharedOperator/noFlowThrough.ilb/NoFlowThrough.interlockBuf.buf/NotRevisedCase.ShallowCase.ulReg/noBypass.read_data_reg[8]' (FDRE) to 'data_path.operator_multiplier_26629_block.call_stmt_5910_call/data_path.ApIntToApIntSigned_group_1.UnsharedOperator/noFlowThrough.ilb/NoFlowThrough.interlockBuf.buf/NotRevisedCase.ShallowCase.ulReg/noBypass.read_data_reg[9]'
INFO: [Synth 8-3886] merging instance 'data_path.operator_multiplier_26632_block.call_stmt_5916_call/data_path.ApIntToApIntSigned_group_1.UnsharedOperator/noFlowThrough.ilb/NoFlowThrough.interlockBuf.buf/NotRevisedCase.ShallowCase.ulReg/noBypass.read_data_reg[8]' (FDRE) to 'data_path.operator_multiplier_26632_block.call_stmt_5916_call/data_path.ApIntToApIntSigned_group_1.UnsharedOperator/noFlowThrough.ilb/NoFlowThrough.interlockBuf.buf/NotRevisedCase.ShallowCase.ulReg/noBypass.read_data_reg[9]'
INFO: [Synth 8-3886] merging instance 'data_path.operator_multiplier_26623_block.call_stmt_5898_call/data_path.ApIntToApIntSigned_group_1.UnsharedOperator/noFlowThrough.ilb/NoFlowThrough.interlockBuf.buf/NotRevisedCase.ShallowCase.ulReg/noBypass.read_data_reg[9]' (FDRE) to 'data_path.operator_multiplier_26623_block.call_stmt_5898_call/data_path.ApIntToApIntSigned_group_1.UnsharedOperator/noFlowThrough.ilb/NoFlowThrough.interlockBuf.buf/NotRevisedCase.ShallowCase.ulReg/noBypass.read_data_reg[10]'
INFO: [Synth 8-3886] merging instance 'data_path.operator_multiplier_26629_block.call_stmt_5910_call/data_path.ApIntToApIntSigned_group_1.UnsharedOperator/noFlowThrough.ilb/NoFlowThrough.interlockBuf.buf/NotRevisedCase.ShallowCase.ulReg/noBypass.read_data_reg[9]' (FDRE) to 'data_path.operator_multiplier_26629_block.call_stmt_5910_call/data_path.ApIntToApIntSigned_group_1.UnsharedOperator/noFlowThrough.ilb/NoFlowThrough.interlockBuf.buf/NotRevisedCase.ShallowCase.ulReg/noBypass.read_data_reg[10]'
INFO: [Synth 8-3886] merging instance 'data_path.operator_multiplier_26632_block.call_stmt_5916_call/data_path.ApIntToApIntSigned_group_1.UnsharedOperator/noFlowThrough.ilb/NoFlowThrough.interlockBuf.buf/NotRevisedCase.ShallowCase.ulReg/noBypass.read_data_reg[9]' (FDRE) to 'data_path.operator_multiplier_26632_block.call_stmt_5916_call/data_path.ApIntToApIntSigned_group_1.UnsharedOperator/noFlowThrough.ilb/NoFlowThrough.interlockBuf.buf/NotRevisedCase.ShallowCase.ulReg/noBypass.read_data_reg[10]'
INFO: [Synth 8-3886] merging instance 'data_path.operator_multiplier_26623_block.call_stmt_5898_call/data_path.ApIntToApIntSigned_group_1.UnsharedOperator/noFlowThrough.ilb/NoFlowThrough.interlockBuf.buf/NotRevisedCase.ShallowCase.ulReg/noBypass.read_data_reg[10]' (FDRE) to 'data_path.operator_multiplier_26623_block.call_stmt_5898_call/data_path.ApIntToApIntSigned_group_1.UnsharedOperator/noFlowThrough.ilb/NoFlowThrough.interlockBuf.buf/NotRevisedCase.ShallowCase.ulReg/noBypass.read_data_reg[11]'
INFO: [Synth 8-3886] merging instance 'data_path.operator_multiplier_26629_block.call_stmt_5910_call/data_path.ApIntToApIntSigned_group_1.UnsharedOperator/noFlowThrough.ilb/NoFlowThrough.interlockBuf.buf/NotRevisedCase.ShallowCase.ulReg/noBypass.read_data_reg[10]' (FDRE) to 'data_path.operator_multiplier_26629_block.call_stmt_5910_call/data_path.ApIntToApIntSigned_group_1.UnsharedOperator/noFlowThrough.ilb/NoFlowThrough.interlockBuf.buf/NotRevisedCase.ShallowCase.ulReg/noBypass.read_data_reg[11]'
INFO: [Synth 8-3886] merging instance 'data_path.operator_multiplier_26632_block.call_stmt_5916_call/data_path.ApIntToApIntSigned_group_1.UnsharedOperator/noFlowThrough.ilb/NoFlowThrough.interlockBuf.buf/NotRevisedCase.ShallowCase.ulReg/noBypass.read_data_reg[10]' (FDRE) to 'data_path.operator_multiplier_26632_block.call_stmt_5916_call/data_path.ApIntToApIntSigned_group_1.UnsharedOperator/noFlowThrough.ilb/NoFlowThrough.interlockBuf.buf/NotRevisedCase.ShallowCase.ulReg/noBypass.read_data_reg[11]'
INFO: [Synth 8-3886] merging instance 'data_path.operator_multiplier_26623_block.call_stmt_5898_call/data_path.ApIntToApIntSigned_group_1.UnsharedOperator/noFlowThrough.ilb/NoFlowThrough.interlockBuf.buf/NotRevisedCase.ShallowCase.ulReg/noBypass.read_data_reg[11]' (FDRE) to 'data_path.operator_multiplier_26623_block.call_stmt_5898_call/data_path.ApIntToApIntSigned_group_1.UnsharedOperator/noFlowThrough.ilb/NoFlowThrough.interlockBuf.buf/NotRevisedCase.ShallowCase.ulReg/noBypass.read_data_reg[12]'
INFO: [Synth 8-3886] merging instance 'data_path.operator_multiplier_26629_block.call_stmt_5910_call/data_path.ApIntToApIntSigned_group_1.UnsharedOperator/noFlowThrough.ilb/NoFlowThrough.interlockBuf.buf/NotRevisedCase.ShallowCase.ulReg/noBypass.read_data_reg[11]' (FDRE) to 'data_path.operator_multiplier_26629_block.call_stmt_5910_call/data_path.ApIntToApIntSigned_group_1.UnsharedOperator/noFlowThrough.ilb/NoFlowThrough.interlockBuf.buf/NotRevisedCase.ShallowCase.ulReg/noBypass.read_data_reg[12]'
INFO: [Synth 8-3886] merging instance 'data_path.operator_multiplier_26632_block.call_stmt_5916_call/data_path.ApIntToApIntSigned_group_1.UnsharedOperator/noFlowThrough.ilb/NoFlowThrough.interlockBuf.buf/NotRevisedCase.ShallowCase.ulReg/noBypass.read_data_reg[11]' (FDRE) to 'data_path.operator_multiplier_26632_block.call_stmt_5916_call/data_path.ApIntToApIntSigned_group_1.UnsharedOperator/noFlowThrough.ilb/NoFlowThrough.interlockBuf.buf/NotRevisedCase.ShallowCase.ulReg/noBypass.read_data_reg[12]'
INFO: [Synth 8-3886] merging instance 'data_path.operator_multiplier_26623_block.call_stmt_5898_call/data_path.ApIntToApIntSigned_group_1.UnsharedOperator/noFlowThrough.ilb/NoFlowThrough.interlockBuf.buf/NotRevisedCase.ShallowCase.ulReg/noBypass.read_data_reg[12]' (FDRE) to 'data_path.operator_multiplier_26623_block.call_stmt_5898_call/data_path.ApIntToApIntSigned_group_1.UnsharedOperator/noFlowThrough.ilb/NoFlowThrough.interlockBuf.buf/NotRevisedCase.ShallowCase.ulReg/noBypass.read_data_reg[13]'
INFO: [Synth 8-3886] merging instance 'data_path.operator_multiplier_26629_block.call_stmt_5910_call/data_path.ApIntToApIntSigned_group_1.UnsharedOperator/noFlowThrough.ilb/NoFlowThrough.interlockBuf.buf/NotRevisedCase.ShallowCase.ulReg/noBypass.read_data_reg[12]' (FDRE) to 'data_path.operator_multiplier_26629_block.call_stmt_5910_call/data_path.ApIntToApIntSigned_group_1.UnsharedOperator/noFlowThrough.ilb/NoFlowThrough.interlockBuf.buf/NotRevisedCase.ShallowCase.ulReg/noBypass.read_data_reg[13]'
INFO: [Synth 8-3886] merging instance 'data_path.operator_multiplier_26632_block.call_stmt_5916_call/data_path.ApIntToApIntSigned_group_1.UnsharedOperator/noFlowThrough.ilb/NoFlowThrough.interlockBuf.buf/NotRevisedCase.ShallowCase.ulReg/noBypass.read_data_reg[12]' (FDRE) to 'data_path.operator_multiplier_26632_block.call_stmt_5916_call/data_path.ApIntToApIntSigned_group_1.UnsharedOperator/noFlowThrough.ilb/NoFlowThrough.interlockBuf.buf/NotRevisedCase.ShallowCase.ulReg/noBypass.read_data_reg[13]'
INFO: [Synth 8-3886] merging instance 'data_path.operator_multiplier_26623_block.call_stmt_5898_call/data_path.ApIntToApIntSigned_group_1.UnsharedOperator/noFlowThrough.ilb/NoFlowThrough.interlockBuf.buf/NotRevisedCase.ShallowCase.ulReg/noBypass.read_data_reg[13]' (FDRE) to 'data_path.operator_multiplier_26623_block.call_stmt_5898_call/data_path.ApIntToApIntSigned_group_1.UnsharedOperator/noFlowThrough.ilb/NoFlowThrough.interlockBuf.buf/NotRevisedCase.ShallowCase.ulReg/noBypass.read_data_reg[14]'
INFO: [Synth 8-3886] merging instance 'data_path.operator_multiplier_26629_block.call_stmt_5910_call/data_path.ApIntToApIntSigned_group_1.UnsharedOperator/noFlowThrough.ilb/NoFlowThrough.interlockBuf.buf/NotRevisedCase.ShallowCase.ulReg/noBypass.read_data_reg[13]' (FDRE) to 'data_path.operator_multiplier_26629_block.call_stmt_5910_call/data_path.ApIntToApIntSigned_group_1.UnsharedOperator/noFlowThrough.ilb/NoFlowThrough.interlockBuf.buf/NotRevisedCase.ShallowCase.ulReg/noBypass.read_data_reg[14]'
INFO: [Synth 8-3886] merging instance 'data_path.operator_multiplier_26632_block.call_stmt_5916_call/data_path.ApIntToApIntSigned_group_1.UnsharedOperator/noFlowThrough.ilb/NoFlowThrough.interlockBuf.buf/NotRevisedCase.ShallowCase.ulReg/noBypass.read_data_reg[13]' (FDRE) to 'data_path.operator_multiplier_26632_block.call_stmt_5916_call/data_path.ApIntToApIntSigned_group_1.UnsharedOperator/noFlowThrough.ilb/NoFlowThrough.interlockBuf.buf/NotRevisedCase.ShallowCase.ulReg/noBypass.read_data_reg[14]'
INFO: [Synth 8-3886] merging instance 'data_path.operator_multiplier_26623_block.call_stmt_5898_call/data_path.ApIntToApIntSigned_group_1.UnsharedOperator/noFlowThrough.ilb/NoFlowThrough.interlockBuf.buf/NotRevisedCase.ShallowCase.ulReg/noBypass.read_data_reg[14]' (FDRE) to 'data_path.operator_multiplier_26623_block.call_stmt_5898_call/data_path.ApIntToApIntSigned_group_1.UnsharedOperator/noFlowThrough.ilb/NoFlowThrough.interlockBuf.buf/NotRevisedCase.ShallowCase.ulReg/noBypass.read_data_reg[15]'
INFO: [Synth 8-3886] merging instance 'data_path.operator_multiplier_26629_block.call_stmt_5910_call/data_path.ApIntToApIntSigned_group_1.UnsharedOperator/noFlowThrough.ilb/NoFlowThrough.interlockBuf.buf/NotRevisedCase.ShallowCase.ulReg/noBypass.read_data_reg[14]' (FDRE) to 'data_path.operator_multiplier_26629_block.call_stmt_5910_call/data_path.ApIntToApIntSigned_group_1.UnsharedOperator/noFlowThrough.ilb/NoFlowThrough.interlockBuf.buf/NotRevisedCase.ShallowCase.ulReg/noBypass.read_data_reg[15]'
INFO: [Synth 8-3886] merging instance 'data_path.operator_multiplier_26632_block.call_stmt_5916_call/data_path.ApIntToApIntSigned_group_1.UnsharedOperator/noFlowThrough.ilb/NoFlowThrough.interlockBuf.buf/NotRevisedCase.ShallowCase.ulReg/noBypass.read_data_reg[14]' (FDRE) to 'data_path.operator_multiplier_26632_block.call_stmt_5916_call/data_path.ApIntToApIntSigned_group_1.UnsharedOperator/noFlowThrough.ilb/NoFlowThrough.interlockBuf.buf/NotRevisedCase.ShallowCase.ulReg/noBypass.read_data_reg[15]'
INFO: [Synth 8-3886] merging instance 'data_path.operator_multiplier_26635_block.call_stmt_5922_call/data_path.ApIntToApIntSigned_group_1.UnsharedOperator/noFlowThrough.ilb/NoFlowThrough.interlockBuf.buf/NotRevisedCase.ShallowCase.ulReg/noBypass.read_data_reg[7]' (FDRE) to 'data_path.operator_multiplier_26635_block.call_stmt_5922_call/data_path.ApIntToApIntSigned_group_1.UnsharedOperator/noFlowThrough.ilb/NoFlowThrough.interlockBuf.buf/NotRevisedCase.ShallowCase.ulReg/noBypass.read_data_reg[8]'
INFO: [Synth 8-3886] merging instance 'data_path.operator_multiplier_26704_block.call_stmt_6109_call/data_path.ApIntToApIntSigned_group_1.UnsharedOperator/noFlowThrough.ilb/NoFlowThrough.interlockBuf.buf/NotRevisedCase.ShallowCase.ulReg/noBypass.read_data_reg[7]' (FDRE) to 'data_path.operator_multiplier_26704_block.call_stmt_6109_call/data_path.ApIntToApIntSigned_group_1.UnsharedOperator/noFlowThrough.ilb/NoFlowThrough.interlockBuf.buf/NotRevisedCase.ShallowCase.ulReg/noBypass.read_data_reg[8]'
INFO: [Synth 8-3886] merging instance 'data_path.operator_multiplier_26710_block.call_stmt_6121_call/data_path.ApIntToApIntSigned_group_1.UnsharedOperator/noFlowThrough.ilb/NoFlowThrough.interlockBuf.buf/NotRevisedCase.ShallowCase.ulReg/noBypass.read_data_reg[7]' (FDRE) to 'data_path.operator_multiplier_26710_block.call_stmt_6121_call/data_path.ApIntToApIntSigned_group_1.UnsharedOperator/noFlowThrough.ilb/NoFlowThrough.interlockBuf.buf/NotRevisedCase.ShallowCase.ulReg/noBypass.read_data_reg[8]'
INFO: [Synth 8-3886] merging instance 'data_path.operator_multiplier_26635_block.call_stmt_5922_call/data_path.ApIntToApIntSigned_group_1.UnsharedOperator/noFlowThrough.ilb/NoFlowThrough.interlockBuf.buf/NotRevisedCase.ShallowCase.ulReg/noBypass.read_data_reg[8]' (FDRE) to 'data_path.operator_multiplier_26635_block.call_stmt_5922_call/data_path.ApIntToApIntSigned_group_1.UnsharedOperator/noFlowThrough.ilb/NoFlowThrough.interlockBuf.buf/NotRevisedCase.ShallowCase.ulReg/noBypass.read_data_reg[9]'
INFO: [Common 17-14] Message 'Synth 8-3886' appears 100 times and further instances of the messages will be disabled. Use the Tcl command set_msg_config to change the current settings.
WARNING: [Synth 8-3332] Sequential element (multiplier_CP_8496.multiplier_cp_element_group_2.gj_multiplier_cp_element_group_2/placegen[1].placeBlock.pI/CapEqOne.non_zero_reg) is unused and will be removed from module multiplier_Operator__97.
WARNING: [Synth 8-3332] Sequential element (multiplier_CP_8496.multiplier_cp_element_group_3.gj_multiplier_cp_element_group_3/placegen[1].placeBlock.pI/CapEqOne.non_zero_reg) is unused and will be removed from module multiplier_Operator__97.
WARNING: [Synth 8-3332] Sequential element (multiplier_CP_8496.multiplier_cp_element_group_2.gj_multiplier_cp_element_group_2/placegen[1].placeBlock.pI/CapEqOne.non_zero_reg) is unused and will be removed from module multiplier_Operator__98.
WARNING: [Synth 8-3332] Sequential element (multiplier_CP_8496.multiplier_cp_element_group_3.gj_multiplier_cp_element_group_3/placegen[1].placeBlock.pI/CapEqOne.non_zero_reg) is unused and will be removed from module multiplier_Operator__98.
WARNING: [Synth 8-3332] Sequential element (multiplier_CP_8496.multiplier_cp_element_group_2.gj_multiplier_cp_element_group_2/placegen[1].placeBlock.pI/CapEqOne.non_zero_reg) is unused and will be removed from module multiplier_Operator__99.
WARNING: [Synth 8-3332] Sequential element (multiplier_CP_8496.multiplier_cp_element_group_3.gj_multiplier_cp_element_group_3/placegen[1].placeBlock.pI/CapEqOne.non_zero_reg) is unused and will be removed from module multiplier_Operator__99.
WARNING: [Synth 8-3332] Sequential element (multiplier_CP_8496.multiplier_cp_element_group_2.gj_multiplier_cp_element_group_2/placegen[1].placeBlock.pI/CapEqOne.non_zero_reg) is unused and will be removed from module multiplier_Operator__100.
WARNING: [Synth 8-3332] Sequential element (multiplier_CP_8496.multiplier_cp_element_group_3.gj_multiplier_cp_element_group_3/placegen[1].placeBlock.pI/CapEqOne.non_zero_reg) is unused and will be removed from module multiplier_Operator__100.
WARNING: [Synth 8-3332] Sequential element (multiplier_CP_8496.multiplier_cp_element_group_2.gj_multiplier_cp_element_group_2/placegen[1].placeBlock.pI/CapEqOne.non_zero_reg) is unused and will be removed from module multiplier_Operator__101.
WARNING: [Synth 8-3332] Sequential element (multiplier_CP_8496.multiplier_cp_element_group_3.gj_multiplier_cp_element_group_3/placegen[1].placeBlock.pI/CapEqOne.non_zero_reg) is unused and will be removed from module multiplier_Operator__101.
WARNING: [Synth 8-3332] Sequential element (multiplier_CP_8496.multiplier_cp_element_group_2.gj_multiplier_cp_element_group_2/placegen[1].placeBlock.pI/CapEqOne.non_zero_reg) is unused and will be removed from module multiplier_Operator__102.
WARNING: [Synth 8-3332] Sequential element (multiplier_CP_8496.multiplier_cp_element_group_3.gj_multiplier_cp_element_group_3/placegen[1].placeBlock.pI/CapEqOne.non_zero_reg) is unused and will be removed from module multiplier_Operator__102.
WARNING: [Synth 8-3332] Sequential element (multiplier_CP_8496.multiplier_cp_element_group_2.gj_multiplier_cp_element_group_2/placegen[1].placeBlock.pI/CapEqOne.non_zero_reg) is unused and will be removed from module multiplier_Operator__103.
WARNING: [Synth 8-3332] Sequential element (multiplier_CP_8496.multiplier_cp_element_group_3.gj_multiplier_cp_element_group_3/placegen[1].placeBlock.pI/CapEqOne.non_zero_reg) is unused and will be removed from module multiplier_Operator__103.
WARNING: [Synth 8-3332] Sequential element (multiplier_CP_8496.multiplier_cp_element_group_2.gj_multiplier_cp_element_group_2/placegen[1].placeBlock.pI/CapEqOne.non_zero_reg) is unused and will be removed from module multiplier_Operator__104.
WARNING: [Synth 8-3332] Sequential element (multiplier_CP_8496.multiplier_cp_element_group_3.gj_multiplier_cp_element_group_3/placegen[1].placeBlock.pI/CapEqOne.non_zero_reg) is unused and will be removed from module multiplier_Operator__104.
WARNING: [Synth 8-3332] Sequential element (multiplier_CP_8496.multiplier_cp_element_group_2.gj_multiplier_cp_element_group_2/placegen[1].placeBlock.pI/CapEqOne.non_zero_reg) is unused and will be removed from module multiplier_Operator__105.
WARNING: [Synth 8-3332] Sequential element (multiplier_CP_8496.multiplier_cp_element_group_3.gj_multiplier_cp_element_group_3/placegen[1].placeBlock.pI/CapEqOne.non_zero_reg) is unused and will be removed from module multiplier_Operator__105.
WARNING: [Synth 8-3332] Sequential element (multiplier_CP_8496.multiplier_cp_element_group_2.gj_multiplier_cp_element_group_2/placegen[1].placeBlock.pI/CapEqOne.non_zero_reg) is unused and will be removed from module multiplier_Operator__106.
WARNING: [Synth 8-3332] Sequential element (multiplier_CP_8496.multiplier_cp_element_group_3.gj_multiplier_cp_element_group_3/placegen[1].placeBlock.pI/CapEqOne.non_zero_reg) is unused and will be removed from module multiplier_Operator__106.
WARNING: [Synth 8-3332] Sequential element (multiplier_CP_8496.multiplier_cp_element_group_2.gj_multiplier_cp_element_group_2/placegen[1].placeBlock.pI/CapEqOne.non_zero_reg) is unused and will be removed from module multiplier_Operator__107.
WARNING: [Synth 8-3332] Sequential element (multiplier_CP_8496.multiplier_cp_element_group_3.gj_multiplier_cp_element_group_3/placegen[1].placeBlock.pI/CapEqOne.non_zero_reg) is unused and will be removed from module multiplier_Operator__107.
WARNING: [Synth 8-3332] Sequential element (multiplier_CP_8496.multiplier_cp_element_group_2.gj_multiplier_cp_element_group_2/placegen[1].placeBlock.pI/CapEqOne.non_zero_reg) is unused and will be removed from module multiplier_Operator__108.
WARNING: [Synth 8-3332] Sequential element (multiplier_CP_8496.multiplier_cp_element_group_3.gj_multiplier_cp_element_group_3/placegen[1].placeBlock.pI/CapEqOne.non_zero_reg) is unused and will be removed from module multiplier_Operator__108.
WARNING: [Synth 8-3332] Sequential element (multiplier_CP_8496.multiplier_cp_element_group_2.gj_multiplier_cp_element_group_2/placegen[1].placeBlock.pI/CapEqOne.non_zero_reg) is unused and will be removed from module multiplier_Operator__109.
WARNING: [Synth 8-3332] Sequential element (multiplier_CP_8496.multiplier_cp_element_group_3.gj_multiplier_cp_element_group_3/placegen[1].placeBlock.pI/CapEqOne.non_zero_reg) is unused and will be removed from module multiplier_Operator__109.
WARNING: [Synth 8-3332] Sequential element (multiplier_CP_8496.multiplier_cp_element_group_2.gj_multiplier_cp_element_group_2/placegen[1].placeBlock.pI/CapEqOne.non_zero_reg) is unused and will be removed from module multiplier_Operator__110.
WARNING: [Synth 8-3332] Sequential element (multiplier_CP_8496.multiplier_cp_element_group_3.gj_multiplier_cp_element_group_3/placegen[1].placeBlock.pI/CapEqOne.non_zero_reg) is unused and will be removed from module multiplier_Operator__110.
WARNING: [Synth 8-3332] Sequential element (multiplier_CP_8496.multiplier_cp_element_group_2.gj_multiplier_cp_element_group_2/placegen[1].placeBlock.pI/CapEqOne.non_zero_reg) is unused and will be removed from module multiplier_Operator__111.
WARNING: [Synth 8-3332] Sequential element (multiplier_CP_8496.multiplier_cp_element_group_3.gj_multiplier_cp_element_group_3/placegen[1].placeBlock.pI/CapEqOne.non_zero_reg) is unused and will be removed from module multiplier_Operator__111.
WARNING: [Synth 8-3332] Sequential element (multiplier_CP_8496.multiplier_cp_element_group_2.gj_multiplier_cp_element_group_2/placegen[1].placeBlock.pI/CapEqOne.non_zero_reg) is unused and will be removed from module multiplier_Operator__112.
WARNING: [Synth 8-3332] Sequential element (multiplier_CP_8496.multiplier_cp_element_group_3.gj_multiplier_cp_element_group_3/placegen[1].placeBlock.pI/CapEqOne.non_zero_reg) is unused and will be removed from module multiplier_Operator__112.
WARNING: [Synth 8-3332] Sequential element (multiplier_CP_8496.multiplier_cp_element_group_2.gj_multiplier_cp_element_group_2/placegen[1].placeBlock.pI/CapEqOne.non_zero_reg) is unused and will be removed from module multiplier_Operator__113.
WARNING: [Synth 8-3332] Sequential element (multiplier_CP_8496.multiplier_cp_element_group_3.gj_multiplier_cp_element_group_3/placegen[1].placeBlock.pI/CapEqOne.non_zero_reg) is unused and will be removed from module multiplier_Operator__113.
WARNING: [Synth 8-3332] Sequential element (multiplier_CP_8496.multiplier_cp_element_group_2.gj_multiplier_cp_element_group_2/placegen[1].placeBlock.pI/CapEqOne.non_zero_reg) is unused and will be removed from module multiplier_Operator__114.
WARNING: [Synth 8-3332] Sequential element (multiplier_CP_8496.multiplier_cp_element_group_3.gj_multiplier_cp_element_group_3/placegen[1].placeBlock.pI/CapEqOne.non_zero_reg) is unused and will be removed from module multiplier_Operator__114.
WARNING: [Synth 8-3332] Sequential element (multiplier_CP_8496.multiplier_cp_element_group_2.gj_multiplier_cp_element_group_2/placegen[1].placeBlock.pI/CapEqOne.non_zero_reg) is unused and will be removed from module multiplier_Operator__115.
WARNING: [Synth 8-3332] Sequential element (multiplier_CP_8496.multiplier_cp_element_group_3.gj_multiplier_cp_element_group_3/placegen[1].placeBlock.pI/CapEqOne.non_zero_reg) is unused and will be removed from module multiplier_Operator__115.
WARNING: [Synth 8-3332] Sequential element (multiplier_CP_8496.multiplier_cp_element_group_2.gj_multiplier_cp_element_group_2/placegen[1].placeBlock.pI/CapEqOne.non_zero_reg) is unused and will be removed from module multiplier_Operator__116.
WARNING: [Synth 8-3332] Sequential element (multiplier_CP_8496.multiplier_cp_element_group_3.gj_multiplier_cp_element_group_3/placegen[1].placeBlock.pI/CapEqOne.non_zero_reg) is unused and will be removed from module multiplier_Operator__116.
WARNING: [Synth 8-3332] Sequential element (multiplier_CP_8496.multiplier_cp_element_group_2.gj_multiplier_cp_element_group_2/placegen[1].placeBlock.pI/CapEqOne.non_zero_reg) is unused and will be removed from module multiplier_Operator__117.
WARNING: [Synth 8-3332] Sequential element (multiplier_CP_8496.multiplier_cp_element_group_3.gj_multiplier_cp_element_group_3/placegen[1].placeBlock.pI/CapEqOne.non_zero_reg) is unused and will be removed from module multiplier_Operator__117.
WARNING: [Synth 8-3332] Sequential element (multiplier_CP_8496.multiplier_cp_element_group_2.gj_multiplier_cp_element_group_2/placegen[1].placeBlock.pI/CapEqOne.non_zero_reg) is unused and will be removed from module multiplier_Operator__118.
WARNING: [Synth 8-3332] Sequential element (multiplier_CP_8496.multiplier_cp_element_group_3.gj_multiplier_cp_element_group_3/placegen[1].placeBlock.pI/CapEqOne.non_zero_reg) is unused and will be removed from module multiplier_Operator__118.
WARNING: [Synth 8-3332] Sequential element (multiplier_CP_8496.multiplier_cp_element_group_2.gj_multiplier_cp_element_group_2/placegen[1].placeBlock.pI/CapEqOne.non_zero_reg) is unused and will be removed from module multiplier_Operator__119.
WARNING: [Synth 8-3332] Sequential element (multiplier_CP_8496.multiplier_cp_element_group_3.gj_multiplier_cp_element_group_3/placegen[1].placeBlock.pI/CapEqOne.non_zero_reg) is unused and will be removed from module multiplier_Operator__119.
WARNING: [Synth 8-3332] Sequential element (multiplier_CP_8496.multiplier_cp_element_group_2.gj_multiplier_cp_element_group_2/placegen[1].placeBlock.pI/CapEqOne.non_zero_reg) is unused and will be removed from module multiplier_Operator__120.
WARNING: [Synth 8-3332] Sequential element (multiplier_CP_8496.multiplier_cp_element_group_3.gj_multiplier_cp_element_group_3/placegen[1].placeBlock.pI/CapEqOne.non_zero_reg) is unused and will be removed from module multiplier_Operator__120.
WARNING: [Synth 8-3332] Sequential element (multiplier_CP_8496.multiplier_cp_element_group_2.gj_multiplier_cp_element_group_2/placegen[1].placeBlock.pI/CapEqOne.non_zero_reg) is unused and will be removed from module multiplier_Operator__121.
WARNING: [Synth 8-3332] Sequential element (multiplier_CP_8496.multiplier_cp_element_group_3.gj_multiplier_cp_element_group_3/placegen[1].placeBlock.pI/CapEqOne.non_zero_reg) is unused and will be removed from module multiplier_Operator__121.
WARNING: [Synth 8-3332] Sequential element (multiplier_CP_8496.multiplier_cp_element_group_2.gj_multiplier_cp_element_group_2/placegen[1].placeBlock.pI/CapEqOne.non_zero_reg) is unused and will be removed from module multiplier_Operator__122.
WARNING: [Synth 8-3332] Sequential element (multiplier_CP_8496.multiplier_cp_element_group_3.gj_multiplier_cp_element_group_3/placegen[1].placeBlock.pI/CapEqOne.non_zero_reg) is unused and will be removed from module multiplier_Operator__122.
WARNING: [Synth 8-3332] Sequential element (multiplier_CP_8496.multiplier_cp_element_group_2.gj_multiplier_cp_element_group_2/placegen[1].placeBlock.pI/CapEqOne.non_zero_reg) is unused and will be removed from module multiplier_Operator__123.
WARNING: [Synth 8-3332] Sequential element (multiplier_CP_8496.multiplier_cp_element_group_3.gj_multiplier_cp_element_group_3/placegen[1].placeBlock.pI/CapEqOne.non_zero_reg) is unused and will be removed from module multiplier_Operator__123.
WARNING: [Synth 8-3332] Sequential element (multiplier_CP_8496.multiplier_cp_element_group_2.gj_multiplier_cp_element_group_2/placegen[1].placeBlock.pI/CapEqOne.non_zero_reg) is unused and will be removed from module multiplier_Operator__124.
WARNING: [Synth 8-3332] Sequential element (multiplier_CP_8496.multiplier_cp_element_group_3.gj_multiplier_cp_element_group_3/placegen[1].placeBlock.pI/CapEqOne.non_zero_reg) is unused and will be removed from module multiplier_Operator__124.
WARNING: [Synth 8-3332] Sequential element (multiplier_CP_8496.multiplier_cp_element_group_2.gj_multiplier_cp_element_group_2/placegen[1].placeBlock.pI/CapEqOne.non_zero_reg) is unused and will be removed from module multiplier_Operator__125.
WARNING: [Synth 8-3332] Sequential element (multiplier_CP_8496.multiplier_cp_element_group_3.gj_multiplier_cp_element_group_3/placegen[1].placeBlock.pI/CapEqOne.non_zero_reg) is unused and will be removed from module multiplier_Operator__125.
WARNING: [Synth 8-3332] Sequential element (multiplier_CP_8496.multiplier_cp_element_group_2.gj_multiplier_cp_element_group_2/placegen[1].placeBlock.pI/CapEqOne.non_zero_reg) is unused and will be removed from module multiplier_Operator__126.
WARNING: [Synth 8-3332] Sequential element (multiplier_CP_8496.multiplier_cp_element_group_3.gj_multiplier_cp_element_group_3/placegen[1].placeBlock.pI/CapEqOne.non_zero_reg) is unused and will be removed from module multiplier_Operator__126.
WARNING: [Synth 8-3332] Sequential element (multiplier_CP_8496.multiplier_cp_element_group_2.gj_multiplier_cp_element_group_2/placegen[1].placeBlock.pI/CapEqOne.non_zero_reg) is unused and will be removed from module multiplier_Operator__127.
WARNING: [Synth 8-3332] Sequential element (multiplier_CP_8496.multiplier_cp_element_group_3.gj_multiplier_cp_element_group_3/placegen[1].placeBlock.pI/CapEqOne.non_zero_reg) is unused and will be removed from module multiplier_Operator__127.
WARNING: [Synth 8-3332] Sequential element (multiplier_CP_8496.multiplier_cp_element_group_2.gj_multiplier_cp_element_group_2/placegen[1].placeBlock.pI/CapEqOne.non_zero_reg) is unused and will be removed from module multiplier_Operator__128.
WARNING: [Synth 8-3332] Sequential element (multiplier_CP_8496.multiplier_cp_element_group_3.gj_multiplier_cp_element_group_3/placegen[1].placeBlock.pI/CapEqOne.non_zero_reg) is unused and will be removed from module multiplier_Operator__128.
WARNING: [Synth 8-3332] Sequential element (multiplier_CP_8496.multiplier_cp_element_group_2.gj_multiplier_cp_element_group_2/placegen[1].placeBlock.pI/CapEqOne.non_zero_reg) is unused and will be removed from module multiplier_Operator__129.
WARNING: [Synth 8-3332] Sequential element (multiplier_CP_8496.multiplier_cp_element_group_3.gj_multiplier_cp_element_group_3/placegen[1].placeBlock.pI/CapEqOne.non_zero_reg) is unused and will be removed from module multiplier_Operator__129.
WARNING: [Synth 8-3332] Sequential element (multiplier_CP_8496.multiplier_cp_element_group_2.gj_multiplier_cp_element_group_2/placegen[1].placeBlock.pI/CapEqOne.non_zero_reg) is unused and will be removed from module multiplier_Operator__130.
WARNING: [Synth 8-3332] Sequential element (multiplier_CP_8496.multiplier_cp_element_group_3.gj_multiplier_cp_element_group_3/placegen[1].placeBlock.pI/CapEqOne.non_zero_reg) is unused and will be removed from module multiplier_Operator__130.
WARNING: [Synth 8-3332] Sequential element (multiplier_CP_8496.multiplier_cp_element_group_2.gj_multiplier_cp_element_group_2/placegen[1].placeBlock.pI/CapEqOne.non_zero_reg) is unused and will be removed from module multiplier_Operator__131.
WARNING: [Synth 8-3332] Sequential element (multiplier_CP_8496.multiplier_cp_element_group_3.gj_multiplier_cp_element_group_3/placegen[1].placeBlock.pI/CapEqOne.non_zero_reg) is unused and will be removed from module multiplier_Operator__131.
WARNING: [Synth 8-3332] Sequential element (multiplier_CP_8496.multiplier_cp_element_group_2.gj_multiplier_cp_element_group_2/placegen[1].placeBlock.pI/CapEqOne.non_zero_reg) is unused and will be removed from module multiplier_Operator__132.
WARNING: [Synth 8-3332] Sequential element (multiplier_CP_8496.multiplier_cp_element_group_3.gj_multiplier_cp_element_group_3/placegen[1].placeBlock.pI/CapEqOne.non_zero_reg) is unused and will be removed from module multiplier_Operator__132.
WARNING: [Synth 8-3332] Sequential element (multiplier_CP_8496.multiplier_cp_element_group_2.gj_multiplier_cp_element_group_2/placegen[1].placeBlock.pI/CapEqOne.non_zero_reg) is unused and will be removed from module multiplier_Operator__133.
WARNING: [Synth 8-3332] Sequential element (multiplier_CP_8496.multiplier_cp_element_group_3.gj_multiplier_cp_element_group_3/placegen[1].placeBlock.pI/CapEqOne.non_zero_reg) is unused and will be removed from module multiplier_Operator__133.
WARNING: [Synth 8-3332] Sequential element (multiplier_CP_8496.multiplier_cp_element_group_2.gj_multiplier_cp_element_group_2/placegen[1].placeBlock.pI/CapEqOne.non_zero_reg) is unused and will be removed from module multiplier_Operator__134.
WARNING: [Synth 8-3332] Sequential element (multiplier_CP_8496.multiplier_cp_element_group_3.gj_multiplier_cp_element_group_3/placegen[1].placeBlock.pI/CapEqOne.non_zero_reg) is unused and will be removed from module multiplier_Operator__134.
WARNING: [Synth 8-3332] Sequential element (multiplier_CP_8496.multiplier_cp_element_group_2.gj_multiplier_cp_element_group_2/placegen[1].placeBlock.pI/CapEqOne.non_zero_reg) is unused and will be removed from module multiplier_Operator__135.
WARNING: [Synth 8-3332] Sequential element (multiplier_CP_8496.multiplier_cp_element_group_3.gj_multiplier_cp_element_group_3/placegen[1].placeBlock.pI/CapEqOne.non_zero_reg) is unused and will be removed from module multiplier_Operator__135.
WARNING: [Synth 8-3332] Sequential element (multiplier_CP_8496.multiplier_cp_element_group_2.gj_multiplier_cp_element_group_2/placegen[1].placeBlock.pI/CapEqOne.non_zero_reg) is unused and will be removed from module multiplier_Operator__136.
WARNING: [Synth 8-3332] Sequential element (multiplier_CP_8496.multiplier_cp_element_group_3.gj_multiplier_cp_element_group_3/placegen[1].placeBlock.pI/CapEqOne.non_zero_reg) is unused and will be removed from module multiplier_Operator__136.
WARNING: [Synth 8-3332] Sequential element (multiplier_CP_8496.multiplier_cp_element_group_2.gj_multiplier_cp_element_group_2/placegen[1].placeBlock.pI/CapEqOne.non_zero_reg) is unused and will be removed from module multiplier_Operator__137.
WARNING: [Synth 8-3332] Sequential element (multiplier_CP_8496.multiplier_cp_element_group_3.gj_multiplier_cp_element_group_3/placegen[1].placeBlock.pI/CapEqOne.non_zero_reg) is unused and will be removed from module multiplier_Operator__137.
WARNING: [Synth 8-3332] Sequential element (multiplier_CP_8496.multiplier_cp_element_group_2.gj_multiplier_cp_element_group_2/placegen[1].placeBlock.pI/CapEqOne.non_zero_reg) is unused and will be removed from module multiplier_Operator__138.
WARNING: [Synth 8-3332] Sequential element (multiplier_CP_8496.multiplier_cp_element_group_3.gj_multiplier_cp_element_group_3/placegen[1].placeBlock.pI/CapEqOne.non_zero_reg) is unused and will be removed from module multiplier_Operator__138.
WARNING: [Synth 8-3332] Sequential element (multiplier_CP_8496.multiplier_cp_element_group_2.gj_multiplier_cp_element_group_2/placegen[1].placeBlock.pI/CapEqOne.non_zero_reg) is unused and will be removed from module multiplier_Operator__139.
WARNING: [Synth 8-3332] Sequential element (multiplier_CP_8496.multiplier_cp_element_group_3.gj_multiplier_cp_element_group_3/placegen[1].placeBlock.pI/CapEqOne.non_zero_reg) is unused and will be removed from module multiplier_Operator__139.
WARNING: [Synth 8-3332] Sequential element (multiplier_CP_8496.multiplier_cp_element_group_2.gj_multiplier_cp_element_group_2/placegen[1].placeBlock.pI/CapEqOne.non_zero_reg) is unused and will be removed from module multiplier_Operator__140.
WARNING: [Synth 8-3332] Sequential element (multiplier_CP_8496.multiplier_cp_element_group_3.gj_multiplier_cp_element_group_3/placegen[1].placeBlock.pI/CapEqOne.non_zero_reg) is unused and will be removed from module multiplier_Operator__140.
WARNING: [Synth 8-3332] Sequential element (multiplier_CP_8496.multiplier_cp_element_group_2.gj_multiplier_cp_element_group_2/placegen[1].placeBlock.pI/CapEqOne.non_zero_reg) is unused and will be removed from module multiplier_Operator__141.
WARNING: [Synth 8-3332] Sequential element (multiplier_CP_8496.multiplier_cp_element_group_3.gj_multiplier_cp_element_group_3/placegen[1].placeBlock.pI/CapEqOne.non_zero_reg) is unused and will be removed from module multiplier_Operator__141.
WARNING: [Synth 8-3332] Sequential element (multiplier_CP_8496.multiplier_cp_element_group_2.gj_multiplier_cp_element_group_2/placegen[1].placeBlock.pI/CapEqOne.non_zero_reg) is unused and will be removed from module multiplier_Operator__142.
WARNING: [Synth 8-3332] Sequential element (multiplier_CP_8496.multiplier_cp_element_group_3.gj_multiplier_cp_element_group_3/placegen[1].placeBlock.pI/CapEqOne.non_zero_reg) is unused and will be removed from module multiplier_Operator__142.
WARNING: [Synth 8-3332] Sequential element (multiplier_CP_8496.multiplier_cp_element_group_2.gj_multiplier_cp_element_group_2/placegen[1].placeBlock.pI/CapEqOne.non_zero_reg) is unused and will be removed from module multiplier_Operator__143.
INFO: [Common 17-14] Message 'Synth 8-3332' appears 100 times and further instances of the messages will be disabled. Use the Tcl command set_msg_config to change the current settings.
