#-----------------------------------------------------------
# Vivado v2017.1 (64-bit)
# SW Build 1846317 on Fri Apr 14 18:54:47 MDT 2017
# IP Build 1846188 on Fri Apr 14 20:52:08 MDT 2017
# Start of session at: Wed Apr 27 17:43:10 2022
# Process ID: 31843
# Current directory: /home/madhav/ai_ml_sample_project/vivado_synth
# Command line: vivado -mode batch -source bitgen.tcl
# Log file: /home/madhav/ai_ml_sample_project/vivado_synth/vivado.log
# Journal file: /home/madhav/ai_ml_sample_project/vivado_synth/vivado.jou
#-----------------------------------------------------------
source bitgen.tcl
# read_vhdl -library ahir_ieee_proposed ../vhdl_libs/aHiR_ieee_proposed.vhdl
# read_vhdl -library ahir ../vhdl_libs/ahir.vhdl
# read_vhdl -library simpleUartLib ../misc_vhdl/lib/simpleUartLib.vhdl
# read_vhdl -library RtUart ../misc_vhdl/lib/RtUart.vhdl
# read_vhdl -library work ../ahir/ahir_system_global_package.vhdl
# read_vhdl -library work ../ahir/ahir_system.vhdl
# read_vhdl ../toplevel/fpga_top.vhdl
# read_xdc ../constraint/kc705.xdc
# set_property part xc7k325tffg900-2 [current_project]
# set_property board_part xilinx.com:kc705:part0:1.1 [current_project]
# read_ip   ../ip/ClkWiz80MHz/ClockingWizFor80MHz/ClockingWizFor80MHz.srcs/sources_1/ip/clk_wiz_0/clk_wiz_0.xci
INFO: [IP_Flow 19-234] Refreshing IP repositories
INFO: [IP_Flow 19-1704] No user IP repositories specified
INFO: [IP_Flow 19-2313] Loaded Vivado IP repository '/home/Xilinx_2017.1/Vivado/2017.1/data/ip'.
# synth_design -fsm_extraction off -top fpga_top -part xc7k325tffg900-2
Command: synth_design -fsm_extraction off -top fpga_top -part xc7k325tffg900-2
Starting synth_design
WARNING: [Vivado_Tcl 4-393] The 'Implementation' target of the following IPs are stale, please generate the output products using the generate_target or synth_ip command before running synth_design.
/home/madhav/ai_ml_sample_project/ip/ClkWiz80MHz/ClockingWizFor80MHz/ClockingWizFor80MHz.srcs/sources_1/ip/clk_wiz_0/clk_wiz_0.xci

WARNING: [IP_Flow 19-2162] IP 'clk_wiz_0' is locked:
* This IP has board specific outputs. Current project board 'xilinx.com:kc705:part0:1.1' and the board 'xilinx.com:vc709:part0:1.8' used to customize the IP 'clk_wiz_0' do not match.
* Current project part 'xc7k325tffg900-2' and the part 'xc7vx690tffg1761-2' used to customize the IP 'clk_wiz_0' do not match.
Please select 'Report IP Status' from the 'Tools/Report' menu or run Tcl command 'report_ip_status' for more information.
Attempting to get a license for feature 'Synthesis' and/or device 'xc7k325t-ffg900'
WARNING: [Common 17-348] Failed to get the license for feature 'Synthesis' and/or device 'xc7k325t-ffg900'. Explanation: Problem encountered while checking for license feature Synthesis license version 2017.04. Try setting the environment variable FLEXLM_DIAGNOSTICS=3 and re-running this software to get more information.
Resolution: Check the status of your licenses in the Vivado License Manager. For debug help search Xilinx Support for "Licensing FAQ". 
0 Infos, 3 Warnings, 0 Critical Warnings and 1 Errors encountered.
synth_design failed
ERROR: [Common 17-345] A valid license was not found for feature 'Synthesis' and/or device 'xc7k325t-ffg900'. Please run the Vivado License Manager for assistance in determining
which features and devices are licensed for your system.
Resolution: Check the status of your licenses in the Vivado License Manager. For debug help search Xilinx Support for "Licensing FAQ". 
INFO: [Common 17-206] Exiting Vivado at Wed Apr 27 17:45:53 2022...
