#-----------------------------------------------------------
# Vivado v2019.1 (64-bit)
# SW Build 2552052 on Fri May 24 14:47:09 MDT 2019
# IP Build 2548770 on Fri May 24 18:01:18 MDT 2019
# Start of session at: Wed Apr 27 18:00:44 2022
# Process ID: 13042
# Current directory: /home/madhav/seagate/ai_ml_git/IITB_AI_ML/fpga/sample_project_basys3/vivado_synth
# Command line: vivado -mode batch -source bitgen.tcl
# Log file: /home/madhav/seagate/ai_ml_git/IITB_AI_ML/fpga/sample_project_basys3/vivado_synth/vivado.log
# Journal file: /home/madhav/seagate/ai_ml_git/IITB_AI_ML/fpga/sample_project_basys3/vivado_synth/vivado.jou
#-----------------------------------------------------------
source bitgen.tcl
# read_vhdl -library ahir_ieee_proposed ../vhdl_libs/aHiR_ieee_proposed.vhdl
# read_vhdl -library ahir ../vhdl_libs/ahir.vhdl
# read_vhdl -library simpleUartLib ../misc_vhdl/lib/simpleUartLib.vhdl
# read_vhdl -library RtUart ../misc_vhdl/lib/RtUart.vhdl
# read_vhdl -library work ../ahir/ahir_system_global_package.vhdl
# read_vhdl -library work ../ahir/ahir_system.vhdl
# read_vhdl ../toplevel/fpga_top.vhdl
# read_xdc ../constraint/kc705.xdc
# set_property part xc7k325tffg900-2 [current_project]
ERROR: [Common 17-69] Command failed: Part 'xc7k325tffg900-2' not found
INFO: [Common 17-206] Exiting Vivado at Wed Apr 27 18:01:10 2022...
