xilinx rtfpga
WARNING: [Synth 8-6014] Unused sequential element placegen[1].placeBlock.pI/CapGtOne.token_latch_reg was removed.  [/home/aiml/Desktop/IITB_AI_ML/ahir_release/vhdl/ahir.vhdl:14858]
WARNING: [Synth 8-6014] Unused sequential element placegen[3].placeBlock.pI/CapGtOne.token_latch_reg was removed.  [/home/aiml/Desktop/IITB_AI_ML/ahir_release/vhdl/ahir.vhdl:14858]
WARNING: [Synth 8-6014] Unused sequential element placegen[1].placeBlock.pI/CapGtOne.token_latch_reg was removed.  [/home/aiml/Desktop/IITB_AI_ML/ahir_release/vhdl/ahir.vhdl:14858]
WARNING: [Synth 8-6014] Unused sequential element placegen[3].placeBlock.pI/CapGtOne.token_latch_reg was removed.  [/home/aiml/Desktop/IITB_AI_ML/ahir_release/vhdl/ahir.vhdl:14858]
WARNING: [Synth 8-6014] Unused sequential element placegen[1].placeBlock.pI/CapGtOne.token_latch_reg was removed.  [/home/aiml/Desktop/IITB_AI_ML/ahir_release/vhdl/ahir.vhdl:14858]
WARNING: [Synth 8-6014] Unused sequential element placegen[2].placeBlock.pI/CapGtOne.token_latch_reg was removed.  [/home/aiml/Desktop/IITB_AI_ML/ahir_release/vhdl/ahir.vhdl:14858]
WARNING: [Synth 8-6014] Unused sequential element placegen[1].placeBlock.pI/CapGtOne.token_latch_reg was removed.  [/home/aiml/Desktop/IITB_AI_ML/ahir_release/vhdl/ahir.vhdl:14858]
WARNING: [Synth 8-6014] Unused sequential element placegen[3].placeBlock.pI/CapGtOne.token_latch_reg was removed.  [/home/aiml/Desktop/IITB_AI_ML/ahir_release/vhdl/ahir.vhdl:14858]
WARNING: [Synth 8-6014] Unused sequential element placegen[1].placeBlock.pI/CapGtOne.token_latch_reg was removed.  [/home/aiml/Desktop/IITB_AI_ML/ahir_release/vhdl/ahir.vhdl:14858]
WARNING: [Synth 8-6014] Unused sequential element placegen[3].placeBlock.pI/CapGtOne.token_latch_reg was removed.  [/home/aiml/Desktop/IITB_AI_ML/ahir_release/vhdl/ahir.vhdl:14858]
WARNING: [Synth 8-6014] Unused sequential element placegen[1].placeBlock.pI/CapGtOne.token_latch_reg was removed.  [/home/aiml/Desktop/IITB_AI_ML/ahir_release/vhdl/ahir.vhdl:14858]
WARNING: [Synth 8-6014] Unused sequential element placegen[2].placeBlock.pI/CapGtOne.token_latch_reg was removed.  [/home/aiml/Desktop/IITB_AI_ML/ahir_release/vhdl/ahir.vhdl:14858]
WARNING: [Synth 8-6014] Unused sequential element placegen[1].placeBlock.pI/CapGtOne.token_latch_reg was removed.  [/home/aiml/Desktop/IITB_AI_ML/ahir_release/vhdl/ahir.vhdl:14858]
WARNING: [Synth 8-6014] Unused sequential element placegen[2].placeBlock.pI/CapGtOne.token_latch_reg was removed.  [/home/aiml/Desktop/IITB_AI_ML/ahir_release/vhdl/ahir.vhdl:14858]
WARNING: [Synth 8-6014] Unused sequential element placegen[1].placeBlock.pI/CapGtOne.token_latch_reg was removed.  [/home/aiml/Desktop/IITB_AI_ML/ahir_release/vhdl/ahir.vhdl:14858]
WARNING: [Synth 8-6014] Unused sequential element placegen[2].placeBlock.pI/CapGtOne.token_latch_reg was removed.  [/home/aiml/Desktop/IITB_AI_ML/ahir_release/vhdl/ahir.vhdl:14858]
WARNING: [Synth 8-6014] Unused sequential element placegen[1].placeBlock.pI/CapGtOne.token_latch_reg was removed.  [/home/aiml/Desktop/IITB_AI_ML/ahir_release/vhdl/ahir.vhdl:14858]
WARNING: [Synth 8-6014] Unused sequential element placegen[2].placeBlock.pI/CapGtOne.token_latch_reg was removed.  [/home/aiml/Desktop/IITB_AI_ML/ahir_release/vhdl/ahir.vhdl:14858]
WARNING: [Synth 8-6014] Unused sequential element placegen[1].placeBlock.pI/CapGtOne.token_latch_reg was removed.  [/home/aiml/Desktop/IITB_AI_ML/ahir_release/vhdl/ahir.vhdl:14858]
WARNING: [Synth 8-6014] Unused sequential element placegen[2].placeBlock.pI/CapGtOne.token_latch_reg was removed.  [/home/aiml/Desktop/IITB_AI_ML/ahir_release/vhdl/ahir.vhdl:14858]
WARNING: [Synth 8-6014] Unused sequential element placegen[1].placeBlock.pI/CapGtOne.token_latch_reg was removed.  [/home/aiml/Desktop/IITB_AI_ML/ahir_release/vhdl/ahir.vhdl:14858]
WARNING: [Synth 8-6014] Unused sequential element placegen[3].placeBlock.pI/CapGtOne.token_latch_reg was removed.  [/home/aiml/Desktop/IITB_AI_ML/ahir_release/vhdl/ahir.vhdl:14858]
WARNING: [Synth 8-6014] Unused sequential element placegen[1].placeBlock.pI/CapGtOne.token_latch_reg was removed.  [/home/aiml/Desktop/IITB_AI_ML/ahir_release/vhdl/ahir.vhdl:14858]
WARNING: [Synth 8-6014] Unused sequential element placegen[3].placeBlock.pI/CapGtOne.token_latch_reg was removed.  [/home/aiml/Desktop/IITB_AI_ML/ahir_release/vhdl/ahir.vhdl:14858]
WARNING: [Synth 8-6014] Unused sequential element placegen[1].placeBlock.pI/CapGtOne.token_latch_reg was removed.  [/home/aiml/Desktop/IITB_AI_ML/ahir_release/vhdl/ahir.vhdl:14858]
WARNING: [Synth 8-6014] Unused sequential element placegen[2].placeBlock.pI/CapGtOne.token_latch_reg was removed.  [/home/aiml/Desktop/IITB_AI_ML/ahir_release/vhdl/ahir.vhdl:14858]
WARNING: [Synth 8-6014] Unused sequential element placegen[1].placeBlock.pI/CapGtOne.token_latch_reg was removed.  [/home/aiml/Desktop/IITB_AI_ML/ahir_release/vhdl/ahir.vhdl:14858]
WARNING: [Synth 8-6014] Unused sequential element placegen[2].placeBlock.pI/CapGtOne.token_latch_reg was removed.  [/home/aiml/Desktop/IITB_AI_ML/ahir_release/vhdl/ahir.vhdl:14858]
WARNING: [Synth 8-6014] Unused sequential element placegen[1].placeBlock.pI/CapGtOne.token_latch_reg was removed.  [/home/aiml/Desktop/IITB_AI_ML/ahir_release/vhdl/ahir.vhdl:14858]
WARNING: [Synth 8-6014] Unused sequential element placegen[2].placeBlock.pI/CapGtOne.token_latch_reg was removed.  [/home/aiml/Desktop/IITB_AI_ML/ahir_release/vhdl/ahir.vhdl:14858]
WARNING: [Synth 8-6014] Unused sequential element placegen[1].placeBlock.pI/CapGtOne.token_latch_reg was removed.  [/home/aiml/Desktop/IITB_AI_ML/ahir_release/vhdl/ahir.vhdl:14858]
WARNING: [Synth 8-6014] Unused sequential element placegen[2].placeBlock.pI/CapGtOne.token_latch_reg was removed.  [/home/aiml/Desktop/IITB_AI_ML/ahir_release/vhdl/ahir.vhdl:14858]
WARNING: [Synth 8-6014] Unused sequential element placegen[1].placeBlock.pI/CapGtOne.token_latch_reg was removed.  [/home/aiml/Desktop/IITB_AI_ML/ahir_release/vhdl/ahir.vhdl:14858]
WARNING: [Synth 8-6014] Unused sequential element placegen[3].placeBlock.pI/CapGtOne.token_latch_reg was removed.  [/home/aiml/Desktop/IITB_AI_ML/ahir_release/vhdl/ahir.vhdl:14858]
WARNING: [Synth 8-6014] Unused sequential element placegen[1].placeBlock.pI/CapGtOne.token_latch_reg was removed.  [/home/aiml/Desktop/IITB_AI_ML/ahir_release/vhdl/ahir.vhdl:14858]
WARNING: [Synth 8-6014] Unused sequential element placegen[3].placeBlock.pI/CapGtOne.token_latch_reg was removed.  [/home/aiml/Desktop/IITB_AI_ML/ahir_release/vhdl/ahir.vhdl:14858]
WARNING: [Synth 8-6014] Unused sequential element placegen[1].placeBlock.pI/CapGtOne.token_latch_reg was removed.  [/home/aiml/Desktop/IITB_AI_ML/ahir_release/vhdl/ahir.vhdl:14858]
WARNING: [Synth 8-6014] Unused sequential element placegen[2].placeBlock.pI/CapGtOne.token_latch_reg was removed.  [/home/aiml/Desktop/IITB_AI_ML/ahir_release/vhdl/ahir.vhdl:14858]
WARNING: [Synth 8-6014] Unused sequential element placegen[1].placeBlock.pI/CapGtOne.token_latch_reg was removed.  [/home/aiml/Desktop/IITB_AI_ML/ahir_release/vhdl/ahir.vhdl:14858]
WARNING: [Synth 8-6014] Unused sequential element placegen[3].placeBlock.pI/CapGtOne.token_latch_reg was removed.  [/home/aiml/Desktop/IITB_AI_ML/ahir_release/vhdl/ahir.vhdl:14858]
WARNING: [Synth 8-6014] Unused sequential element placegen[1].placeBlock.pI/CapGtOne.token_latch_reg was removed.  [/home/aiml/Desktop/IITB_AI_ML/ahir_release/vhdl/ahir.vhdl:14858]
WARNING: [Synth 8-6014] Unused sequential element placegen[3].placeBlock.pI/CapGtOne.token_latch_reg was removed.  [/home/aiml/Desktop/IITB_AI_ML/ahir_release/vhdl/ahir.vhdl:14858]
WARNING: [Synth 8-6014] Unused sequential element placegen[1].placeBlock.pI/CapGtOne.token_latch_reg was removed.  [/home/aiml/Desktop/IITB_AI_ML/ahir_release/vhdl/ahir.vhdl:14858]
WARNING: [Synth 8-6014] Unused sequential element placegen[2].placeBlock.pI/CapGtOne.token_latch_reg was removed.  [/home/aiml/Desktop/IITB_AI_ML/ahir_release/vhdl/ahir.vhdl:14858]
WARNING: [Synth 8-6014] Unused sequential element placegen[1].placeBlock.pI/CapGtOne.token_latch_reg was removed.  [/home/aiml/Desktop/IITB_AI_ML/ahir_release/vhdl/ahir.vhdl:14858]
WARNING: [Synth 8-6014] Unused sequential element placegen[3].placeBlock.pI/CapGtOne.token_latch_reg was removed.  [/home/aiml/Desktop/IITB_AI_ML/ahir_release/vhdl/ahir.vhdl:14858]
WARNING: [Synth 8-6014] Unused sequential element placegen[1].placeBlock.pI/CapGtOne.token_latch_reg was removed.  [/home/aiml/Desktop/IITB_AI_ML/ahir_release/vhdl/ahir.vhdl:14858]
WARNING: [Synth 8-6014] Unused sequential element placegen[3].placeBlock.pI/CapGtOne.token_latch_reg was removed.  [/home/aiml/Desktop/IITB_AI_ML/ahir_release/vhdl/ahir.vhdl:14858]
WARNING: [Synth 8-6014] Unused sequential element placegen[1].placeBlock.pI/CapGtOne.token_latch_reg was removed.  [/home/aiml/Desktop/IITB_AI_ML/ahir_release/vhdl/ahir.vhdl:14858]
WARNING: [Synth 8-6014] Unused sequential element placegen[2].placeBlock.pI/CapGtOne.token_latch_reg was removed.  [/home/aiml/Desktop/IITB_AI_ML/ahir_release/vhdl/ahir.vhdl:14858]
WARNING: [Synth 8-6014] Unused sequential element placegen[1].placeBlock.pI/CapGtOne.token_latch_reg was removed.  [/home/aiml/Desktop/IITB_AI_ML/ahir_release/vhdl/ahir.vhdl:14858]
WARNING: [Synth 8-6014] Unused sequential element placegen[2].placeBlock.pI/CapGtOne.token_latch_reg was removed.  [/home/aiml/Desktop/IITB_AI_ML/ahir_release/vhdl/ahir.vhdl:14858]
WARNING: [Synth 8-6014] Unused sequential element placegen[1].placeBlock.pI/CapGtOne.token_latch_reg was removed.  [/home/aiml/Desktop/IITB_AI_ML/ahir_release/vhdl/ahir.vhdl:14858]
WARNING: [Synth 8-6014] Unused sequential element placegen[2].placeBlock.pI/CapGtOne.token_latch_reg was removed.  [/home/aiml/Desktop/IITB_AI_ML/ahir_release/vhdl/ahir.vhdl:14858]
WARNING: [Synth 8-6014] Unused sequential element placegen[1].placeBlock.pI/CapGtOne.token_latch_reg was removed.  [/home/aiml/Desktop/IITB_AI_ML/ahir_release/vhdl/ahir.vhdl:14858]
WARNING: [Synth 8-6014] Unused sequential element placegen[2].placeBlock.pI/CapGtOne.token_latch_reg was removed.  [/home/aiml/Desktop/IITB_AI_ML/ahir_release/vhdl/ahir.vhdl:14858]
WARNING: [Synth 8-6014] Unused sequential element placegen[1].placeBlock.pI/CapGtOne.token_latch_reg was removed.  [/home/aiml/Desktop/IITB_AI_ML/ahir_release/vhdl/ahir.vhdl:14858]
WARNING: [Synth 8-6014] Unused sequential element placegen[2].placeBlock.pI/CapGtOne.token_latch_reg was removed.  [/home/aiml/Desktop/IITB_AI_ML/ahir_release/vhdl/ahir.vhdl:14858]
WARNING: [Synth 8-6014] Unused sequential element placegen[1].placeBlock.pI/CapGtOne.token_latch_reg was removed.  [/home/aiml/Desktop/IITB_AI_ML/ahir_release/vhdl/ahir.vhdl:14858]
WARNING: [Synth 8-6014] Unused sequential element placegen[2].placeBlock.pI/CapGtOne.token_latch_reg was removed.  [/home/aiml/Desktop/IITB_AI_ML/ahir_release/vhdl/ahir.vhdl:14858]
WARNING: [Synth 8-6014] Unused sequential element placegen[2].placeBlock.pI/CapGtOne.token_latch_reg was removed.  [/home/aiml/Desktop/IITB_AI_ML/ahir_release/vhdl/ahir.vhdl:14858]
WARNING: [Synth 8-6014] Unused sequential element placegen[3].placeBlock.pI/CapGtOne.token_latch_reg was removed.  [/home/aiml/Desktop/IITB_AI_ML/ahir_release/vhdl/ahir.vhdl:14858]
WARNING: [Synth 8-6014] Unused sequential element placegen[1].placeBlock.pI/CapGtOne.token_latch_reg was removed.  [/home/aiml/Desktop/IITB_AI_ML/ahir_release/vhdl/ahir.vhdl:14858]
WARNING: [Synth 8-6014] Unused sequential element placegen[2].placeBlock.pI/CapGtOne.token_latch_reg was removed.  [/home/aiml/Desktop/IITB_AI_ML/ahir_release/vhdl/ahir.vhdl:14858]
WARNING: [Synth 8-6014] Unused sequential element placegen[1].placeBlock.pI/CapGtOne.token_latch_reg was removed.  [/home/aiml/Desktop/IITB_AI_ML/ahir_release/vhdl/ahir.vhdl:14858]
WARNING: [Synth 8-6014] Unused sequential element placegen[2].placeBlock.pI/CapGtOne.token_latch_reg was removed.  [/home/aiml/Desktop/IITB_AI_ML/ahir_release/vhdl/ahir.vhdl:14858]
WARNING: [Synth 8-6014] Unused sequential element placegen[1].placeBlock.pI/CapGtOne.token_latch_reg was removed.  [/home/aiml/Desktop/IITB_AI_ML/ahir_release/vhdl/ahir.vhdl:14858]
WARNING: [Synth 8-6014] Unused sequential element placegen[2].placeBlock.pI/CapGtOne.token_latch_reg was removed.  [/home/aiml/Desktop/IITB_AI_ML/ahir_release/vhdl/ahir.vhdl:14858]
WARNING: [Synth 8-6014] Unused sequential element placegen[1].placeBlock.pI/CapGtOne.token_latch_reg was removed.  [/home/aiml/Desktop/IITB_AI_ML/ahir_release/vhdl/ahir.vhdl:14858]
WARNING: [Synth 8-6014] Unused sequential element placegen[2].placeBlock.pI/CapGtOne.token_latch_reg was removed.  [/home/aiml/Desktop/IITB_AI_ML/ahir_release/vhdl/ahir.vhdl:14858]
WARNING: [Synth 8-6014] Unused sequential element placegen[1].placeBlock.pI/CapGtOne.token_latch_reg was removed.  [/home/aiml/Desktop/IITB_AI_ML/ahir_release/vhdl/ahir.vhdl:14858]
WARNING: [Synth 8-6014] Unused sequential element placegen[2].placeBlock.pI/CapGtOne.token_latch_reg was removed.  [/home/aiml/Desktop/IITB_AI_ML/ahir_release/vhdl/ahir.vhdl:14858]
WARNING: [Synth 8-6014] Unused sequential element data_path.OutportGroup_16.conv1_kp1_write_16/BufGen[0].update_ack_reg was removed.  [/home/aiml/Desktop/IITB_AI_ML/ahir_release/vhdl/ahir.vhdl:27424]
WARNING: [Synth 8-6014] Unused sequential element data_path.OutportGroup_17.conv1_kp2_write_17/BufGen[0].update_ack_reg was removed.  [/home/aiml/Desktop/IITB_AI_ML/ahir_release/vhdl/ahir.vhdl:27424]
WARNING: [Synth 8-6014] Unused sequential element data_path.OutportGroup_18.conv1_kp3_write_18/BufGen[0].update_ack_reg was removed.  [/home/aiml/Desktop/IITB_AI_ML/ahir_release/vhdl/ahir.vhdl:27424]
WARNING: [Synth 8-6014] Unused sequential element data_path.OutportGroup_37.conv8_kp1_write_37/BufGen[0].update_ack_reg was removed.  [/home/aiml/Desktop/IITB_AI_ML/ahir_release/vhdl/ahir.vhdl:27424]
WARNING: [Synth 8-6014] Unused sequential element data_path.OutportGroup_38.conv8_kp2_write_38/BufGen[0].update_ack_reg was removed.  [/home/aiml/Desktop/IITB_AI_ML/ahir_release/vhdl/ahir.vhdl:27424]
WARNING: [Synth 8-6014] Unused sequential element data_path.OutportGroup_39.conv8_kp3_write_39/BufGen[0].update_ack_reg was removed.  [/home/aiml/Desktop/IITB_AI_ML/ahir_release/vhdl/ahir.vhdl:27424]
WARNING: [Synth 8-6014] Unused sequential element data_path.OutportGroup_41.conv_ip2_write_41/BufGen[0].update_ack_reg was removed.  [/home/aiml/Desktop/IITB_AI_ML/ahir_release/vhdl/ahir.vhdl:27424]
WARNING: [Synth 8-6014] Unused sequential element data_path.OutportGroup_42.conv_ip3_write_42/BufGen[0].update_ack_reg was removed.  [/home/aiml/Desktop/IITB_AI_ML/ahir_release/vhdl/ahir.vhdl:27424]
WARNING: [Synth 8-6014] Unused sequential element data_path.OutportGroup_43.conv_ip4_write_43/BufGen[0].update_ack_reg was removed.  [/home/aiml/Desktop/IITB_AI_ML/ahir_release/vhdl/ahir.vhdl:27424]
INFO: [Synth 8-5546] ROM "result" won't be mapped to RAM because it is too sparse
WARNING: [Synth 8-6014] Unused sequential element convolveCore_CP_4964.convolveCore_cp_element_group_2845.gj_convolveCore_cp_element_group_2845/placegen[1].placeBlock.pI/CapGtOne.token_latch_reg was removed.  [/home/aiml/Desktop/IITB_AI_ML/ahir_release/vhdl/ahir.vhdl:14858]
WARNING: [Synth 8-6014] Unused sequential element convolveCore_CP_4964.convolveCore_cp_element_group_2849.gj_convolveCore_cp_element_group_2849/placegen[1].placeBlock.pI/CapGtOne.token_latch_reg was removed.  [/home/aiml/Desktop/IITB_AI_ML/ahir_release/vhdl/ahir.vhdl:14858]
WARNING: [Synth 8-6014] Unused sequential element convolveCore_CP_4964.convolveCore_cp_element_group_2953.gj_convolveCore_cp_element_group_2953/placegen[1].placeBlock.pI/CapGtOne.token_latch_reg was removed.  [/home/aiml/Desktop/IITB_AI_ML/ahir_release/vhdl/ahir.vhdl:14858]
WARNING: [Synth 8-6014] Unused sequential element convolveCore_CP_4964.convolveCore_cp_element_group_2957.gj_convolveCore_cp_element_group_2957/placegen[1].placeBlock.pI/CapGtOne.token_latch_reg was removed.  [/home/aiml/Desktop/IITB_AI_ML/ahir_release/vhdl/ahir.vhdl:14858]
WARNING: [Synth 8-6014] Unused sequential element convolveCore_CP_4964.convolveCore_cp_element_group_2741.gj_convolveCore_cp_element_group_2741/placegen[1].placeBlock.pI/CapGtOne.token_latch_reg was removed.  [/home/aiml/Desktop/IITB_AI_ML/ahir_release/vhdl/ahir.vhdl:14858]
WARNING: [Synth 8-6014] Unused sequential element convolveCore_CP_4964.convolveCore_cp_element_group_2737.gj_convolveCore_cp_element_group_2737/placegen[1].placeBlock.pI/CapGtOne.token_latch_reg was removed.  [/home/aiml/Desktop/IITB_AI_ML/ahir_release/vhdl/ahir.vhdl:14858]
WARNING: [Synth 8-6014] Unused sequential element convolveCore_CP_4964.convolveCore_cp_element_group_2051.gj_convolveCore_cp_element_group_2051/placegen[1].placeBlock.pI/CapGtOne.token_latch_reg was removed.  [/home/aiml/Desktop/IITB_AI_ML/ahir_release/vhdl/ahir.vhdl:14858]
WARNING: [Synth 8-6014] Unused sequential element convolveCore_CP_4964.convolveCore_cp_element_group_1922.gj_convolveCore_cp_element_group_1922/placegen[1].placeBlock.pI/CapGtOne.token_latch_reg was removed.  [/home/aiml/Desktop/IITB_AI_ML/ahir_release/vhdl/ahir.vhdl:14858]
WARNING: [Synth 8-6014] Unused sequential element convolveCore_CP_4964.convolveCore_cp_element_group_1814.gj_convolveCore_cp_element_group_1814/placegen[1].placeBlock.pI/CapGtOne.token_latch_reg was removed.  [/home/aiml/Desktop/IITB_AI_ML/ahir_release/vhdl/ahir.vhdl:14858]
WARNING: [Synth 8-6014] Unused sequential element convolveCore_CP_4964.convolveCore_cp_element_group_1706.gj_convolveCore_cp_element_group_1706/placegen[1].placeBlock.pI/CapGtOne.token_latch_reg was removed.  [/home/aiml/Desktop/IITB_AI_ML/ahir_release/vhdl/ahir.vhdl:14858]
WARNING: [Synth 8-6014] Unused sequential element convolveCore_CP_4964.convolveCore_cp_element_group_1577.gj_convolveCore_cp_element_group_1577/placegen[1].placeBlock.pI/CapGtOne.token_latch_reg was removed.  [/home/aiml/Desktop/IITB_AI_ML/ahir_release/vhdl/ahir.vhdl:14858]
WARNING: [Synth 8-6014] Unused sequential element convolveCore_CP_4964.convolveCore_cp_element_group_1469.gj_convolveCore_cp_element_group_1469/placegen[1].placeBlock.pI/CapGtOne.token_latch_reg was removed.  [/home/aiml/Desktop/IITB_AI_ML/ahir_release/vhdl/ahir.vhdl:14858]
WARNING: [Synth 8-6014] Unused sequential element convolveCore_CP_4964.convolveCore_cp_element_group_1361.gj_convolveCore_cp_element_group_1361/placegen[1].placeBlock.pI/CapGtOne.token_latch_reg was removed.  [/home/aiml/Desktop/IITB_AI_ML/ahir_release/vhdl/ahir.vhdl:14858]
WARNING: [Synth 8-6014] Unused sequential element convolveCore_CP_4964.convolveCore_cp_element_group_1232.gj_convolveCore_cp_element_group_1232/placegen[1].placeBlock.pI/CapGtOne.token_latch_reg was removed.  [/home/aiml/Desktop/IITB_AI_ML/ahir_release/vhdl/ahir.vhdl:14858]
WARNING: [Synth 8-6014] Unused sequential element convolveCore_CP_4964.convolveCore_cp_element_group_1124.gj_convolveCore_cp_element_group_1124/placegen[1].placeBlock.pI/CapGtOne.token_latch_reg was removed.  [/home/aiml/Desktop/IITB_AI_ML/ahir_release/vhdl/ahir.vhdl:14858]
WARNING: [Synth 8-6014] Unused sequential element convolveCore_CP_4964.convolveCore_cp_element_group_1016.gj_convolveCore_cp_element_group_1016/placegen[1].placeBlock.pI/CapGtOne.token_latch_reg was removed.  [/home/aiml/Desktop/IITB_AI_ML/ahir_release/vhdl/ahir.vhdl:14858]
WARNING: [Synth 8-6014] Unused sequential element convolveCore_CP_4964.convolveCore_cp_element_group_887.gj_convolveCore_cp_element_group_887/placegen[1].placeBlock.pI/CapGtOne.token_latch_reg was removed.  [/home/aiml/Desktop/IITB_AI_ML/ahir_release/vhdl/ahir.vhdl:14858]
WARNING: [Synth 8-6014] Unused sequential element convolveCore_CP_4964.convolveCore_cp_element_group_779.gj_convolveCore_cp_element_group_779/placegen[1].placeBlock.pI/CapGtOne.token_latch_reg was removed.  [/home/aiml/Desktop/IITB_AI_ML/ahir_release/vhdl/ahir.vhdl:14858]
WARNING: [Synth 8-6014] Unused sequential element convolveCore_CP_4964.convolveCore_cp_element_group_671.gj_convolveCore_cp_element_group_671/placegen[1].placeBlock.pI/CapGtOne.token_latch_reg was removed.  [/home/aiml/Desktop/IITB_AI_ML/ahir_release/vhdl/ahir.vhdl:14858]
INFO: [Common 17-14] Message 'Synth 8-6014' appears 100 times and further instances of the messages will be disabled. Use the Tcl command set_msg_config to change the current settings.
INFO: [Synth 8-3886] merging instance 'data_path.ApIntToApIntSigned_group_1172.UnsharedOperator/noFlowThrough.ilb/NoFlowThrough.interlockBuf.buf/NotRevisedCase.ShallowCase.ulReg/noBypass.read_data_reg[7]' (FDRE) to 'data_path.ApIntToApIntSigned_group_1172.UnsharedOperator/noFlowThrough.ilb/NoFlowThrough.interlockBuf.buf/NotRevisedCase.ShallowCase.ulReg/noBypass.read_data_reg[8]'
INFO: [Synth 8-3886] merging instance 'data_path.ApIntToApIntSigned_group_1173.UnsharedOperator/noFlowThrough.ilb/NoFlowThrough.interlockBuf.buf/NotRevisedCase.ShallowCase.ulReg/noBypass.read_data_reg[7]' (FDRE) to 'data_path.ApIntToApIntSigned_group_1173.UnsharedOperator/noFlowThrough.ilb/NoFlowThrough.interlockBuf.buf/NotRevisedCase.ShallowCase.ulReg/noBypass.read_data_reg[8]'
INFO: [Synth 8-3886] merging instance 'data_path.ApIntToApIntSigned_group_1171.UnsharedOperator/noFlowThrough.ilb/NoFlowThrough.interlockBuf.buf/NotRevisedCase.ShallowCase.ulReg/noBypass.read_data_reg[7]' (FDRE) to 'data_path.ApIntToApIntSigned_group_1171.UnsharedOperator/noFlowThrough.ilb/NoFlowThrough.interlockBuf.buf/NotRevisedCase.ShallowCase.ulReg/noBypass.read_data_reg[8]'
INFO: [Synth 8-3886] merging instance 'data_path.ApIntToApIntSigned_group_1172.UnsharedOperator/noFlowThrough.ilb/NoFlowThrough.interlockBuf.buf/NotRevisedCase.ShallowCase.ulReg/noBypass.read_data_reg[8]' (FDRE) to 'data_path.ApIntToApIntSigned_group_1172.UnsharedOperator/noFlowThrough.ilb/NoFlowThrough.interlockBuf.buf/NotRevisedCase.ShallowCase.ulReg/noBypass.read_data_reg[9]'
INFO: [Synth 8-3886] merging instance 'data_path.ApIntToApIntSigned_group_1173.UnsharedOperator/noFlowThrough.ilb/NoFlowThrough.interlockBuf.buf/NotRevisedCase.ShallowCase.ulReg/noBypass.read_data_reg[8]' (FDRE) to 'data_path.ApIntToApIntSigned_group_1173.UnsharedOperator/noFlowThrough.ilb/NoFlowThrough.interlockBuf.buf/NotRevisedCase.ShallowCase.ulReg/noBypass.read_data_reg[9]'
INFO: [Synth 8-3886] merging instance 'data_path.ApIntToApIntSigned_group_1171.UnsharedOperator/noFlowThrough.ilb/NoFlowThrough.interlockBuf.buf/NotRevisedCase.ShallowCase.ulReg/noBypass.read_data_reg[8]' (FDRE) to 'data_path.ApIntToApIntSigned_group_1171.UnsharedOperator/noFlowThrough.ilb/NoFlowThrough.interlockBuf.buf/NotRevisedCase.ShallowCase.ulReg/noBypass.read_data_reg[9]'
INFO: [Synth 8-3886] merging instance 'data_path.ApIntToApIntSigned_group_1172.UnsharedOperator/noFlowThrough.ilb/NoFlowThrough.interlockBuf.buf/NotRevisedCase.ShallowCase.ulReg/noBypass.read_data_reg[9]' (FDRE) to 'data_path.ApIntToApIntSigned_group_1172.UnsharedOperator/noFlowThrough.ilb/NoFlowThrough.interlockBuf.buf/NotRevisedCase.ShallowCase.ulReg/noBypass.read_data_reg[10]'
INFO: [Synth 8-3886] merging instance 'data_path.ApIntToApIntSigned_group_1173.UnsharedOperator/noFlowThrough.ilb/NoFlowThrough.interlockBuf.buf/NotRevisedCase.ShallowCase.ulReg/noBypass.read_data_reg[9]' (FDRE) to 'data_path.ApIntToApIntSigned_group_1173.UnsharedOperator/noFlowThrough.ilb/NoFlowThrough.interlockBuf.buf/NotRevisedCase.ShallowCase.ulReg/noBypass.read_data_reg[10]'
INFO: [Synth 8-3886] merging instance 'data_path.ApIntToApIntSigned_group_1171.UnsharedOperator/noFlowThrough.ilb/NoFlowThrough.interlockBuf.buf/NotRevisedCase.ShallowCase.ulReg/noBypass.read_data_reg[9]' (FDRE) to 'data_path.ApIntToApIntSigned_group_1171.UnsharedOperator/noFlowThrough.ilb/NoFlowThrough.interlockBuf.buf/NotRevisedCase.ShallowCase.ulReg/noBypass.read_data_reg[10]'
INFO: [Synth 8-3886] merging instance 'data_path.ApIntToApIntSigned_group_1172.UnsharedOperator/noFlowThrough.ilb/NoFlowThrough.interlockBuf.buf/NotRevisedCase.ShallowCase.ulReg/noBypass.read_data_reg[10]' (FDRE) to 'data_path.ApIntToApIntSigned_group_1172.UnsharedOperator/noFlowThrough.ilb/NoFlowThrough.interlockBuf.buf/NotRevisedCase.ShallowCase.ulReg/noBypass.read_data_reg[11]'
INFO: [Synth 8-3886] merging instance 'data_path.ApIntToApIntSigned_group_1173.UnsharedOperator/noFlowThrough.ilb/NoFlowThrough.interlockBuf.buf/NotRevisedCase.ShallowCase.ulReg/noBypass.read_data_reg[10]' (FDRE) to 'data_path.ApIntToApIntSigned_group_1173.UnsharedOperator/noFlowThrough.ilb/NoFlowThrough.interlockBuf.buf/NotRevisedCase.ShallowCase.ulReg/noBypass.read_data_reg[11]'
INFO: [Synth 8-3886] merging instance 'data_path.ApIntToApIntSigned_group_1171.UnsharedOperator/noFlowThrough.ilb/NoFlowThrough.interlockBuf.buf/NotRevisedCase.ShallowCase.ulReg/noBypass.read_data_reg[10]' (FDRE) to 'data_path.ApIntToApIntSigned_group_1171.UnsharedOperator/noFlowThrough.ilb/NoFlowThrough.interlockBuf.buf/NotRevisedCase.ShallowCase.ulReg/noBypass.read_data_reg[11]'
INFO: [Synth 8-3886] merging instance 'data_path.ApIntToApIntSigned_group_1172.UnsharedOperator/noFlowThrough.ilb/NoFlowThrough.interlockBuf.buf/NotRevisedCase.ShallowCase.ulReg/noBypass.read_data_reg[11]' (FDRE) to 'data_path.ApIntToApIntSigned_group_1172.UnsharedOperator/noFlowThrough.ilb/NoFlowThrough.interlockBuf.buf/NotRevisedCase.ShallowCase.ulReg/noBypass.read_data_reg[12]'
INFO: [Synth 8-3886] merging instance 'data_path.ApIntToApIntSigned_group_1173.UnsharedOperator/noFlowThrough.ilb/NoFlowThrough.interlockBuf.buf/NotRevisedCase.ShallowCase.ulReg/noBypass.read_data_reg[11]' (FDRE) to 'data_path.ApIntToApIntSigned_group_1173.UnsharedOperator/noFlowThrough.ilb/NoFlowThrough.interlockBuf.buf/NotRevisedCase.ShallowCase.ulReg/noBypass.read_data_reg[12]'
INFO: [Synth 8-3886] merging instance 'data_path.ApIntToApIntSigned_group_1171.UnsharedOperator/noFlowThrough.ilb/NoFlowThrough.interlockBuf.buf/NotRevisedCase.ShallowCase.ulReg/noBypass.read_data_reg[11]' (FDRE) to 'data_path.ApIntToApIntSigned_group_1171.UnsharedOperator/noFlowThrough.ilb/NoFlowThrough.interlockBuf.buf/NotRevisedCase.ShallowCase.ulReg/noBypass.read_data_reg[12]'
INFO: [Synth 8-3886] merging instance 'data_path.ApIntToApIntSigned_group_1172.UnsharedOperator/noFlowThrough.ilb/NoFlowThrough.interlockBuf.buf/NotRevisedCase.ShallowCase.ulReg/noBypass.read_data_reg[12]' (FDRE) to 'data_path.ApIntToApIntSigned_group_1172.UnsharedOperator/noFlowThrough.ilb/NoFlowThrough.interlockBuf.buf/NotRevisedCase.ShallowCase.ulReg/noBypass.read_data_reg[13]'
INFO: [Synth 8-3886] merging instance 'data_path.ApIntToApIntSigned_group_1173.UnsharedOperator/noFlowThrough.ilb/NoFlowThrough.interlockBuf.buf/NotRevisedCase.ShallowCase.ulReg/noBypass.read_data_reg[12]' (FDRE) to 'data_path.ApIntToApIntSigned_group_1173.UnsharedOperator/noFlowThrough.ilb/NoFlowThrough.interlockBuf.buf/NotRevisedCase.ShallowCase.ulReg/noBypass.read_data_reg[13]'
INFO: [Synth 8-3886] merging instance 'data_path.ApIntToApIntSigned_group_1171.UnsharedOperator/noFlowThrough.ilb/NoFlowThrough.interlockBuf.buf/NotRevisedCase.ShallowCase.ulReg/noBypass.read_data_reg[12]' (FDRE) to 'data_path.ApIntToApIntSigned_group_1171.UnsharedOperator/noFlowThrough.ilb/NoFlowThrough.interlockBuf.buf/NotRevisedCase.ShallowCase.ulReg/noBypass.read_data_reg[13]'
INFO: [Synth 8-3886] merging instance 'data_path.ApIntToApIntSigned_group_1172.UnsharedOperator/noFlowThrough.ilb/NoFlowThrough.interlockBuf.buf/NotRevisedCase.ShallowCase.ulReg/noBypass.read_data_reg[13]' (FDRE) to 'data_path.ApIntToApIntSigned_group_1172.UnsharedOperator/noFlowThrough.ilb/NoFlowThrough.interlockBuf.buf/NotRevisedCase.ShallowCase.ulReg/noBypass.read_data_reg[14]'
INFO: [Synth 8-3886] merging instance 'data_path.ApIntToApIntSigned_group_1173.UnsharedOperator/noFlowThrough.ilb/NoFlowThrough.interlockBuf.buf/NotRevisedCase.ShallowCase.ulReg/noBypass.read_data_reg[13]' (FDRE) to 'data_path.ApIntToApIntSigned_group_1173.UnsharedOperator/noFlowThrough.ilb/NoFlowThrough.interlockBuf.buf/NotRevisedCase.ShallowCase.ulReg/noBypass.read_data_reg[14]'
INFO: [Synth 8-3886] merging instance 'data_path.ApIntToApIntSigned_group_1171.UnsharedOperator/noFlowThrough.ilb/NoFlowThrough.interlockBuf.buf/NotRevisedCase.ShallowCase.ulReg/noBypass.read_data_reg[13]' (FDRE) to 'data_path.ApIntToApIntSigned_group_1171.UnsharedOperator/noFlowThrough.ilb/NoFlowThrough.interlockBuf.buf/NotRevisedCase.ShallowCase.ulReg/noBypass.read_data_reg[14]'
INFO: [Synth 8-3886] merging instance 'data_path.ApIntToApIntSigned_group_1172.UnsharedOperator/noFlowThrough.ilb/NoFlowThrough.interlockBuf.buf/NotRevisedCase.ShallowCase.ulReg/noBypass.read_data_reg[14]' (FDRE) to 'data_path.ApIntToApIntSigned_group_1172.UnsharedOperator/noFlowThrough.ilb/NoFlowThrough.interlockBuf.buf/NotRevisedCase.ShallowCase.ulReg/noBypass.read_data_reg[15]'
INFO: [Synth 8-3886] merging instance 'data_path.ApIntToApIntSigned_group_1173.UnsharedOperator/noFlowThrough.ilb/NoFlowThrough.interlockBuf.buf/NotRevisedCase.ShallowCase.ulReg/noBypass.read_data_reg[14]' (FDRE) to 'data_path.ApIntToApIntSigned_group_1173.UnsharedOperator/noFlowThrough.ilb/NoFlowThrough.interlockBuf.buf/NotRevisedCase.ShallowCase.ulReg/noBypass.read_data_reg[15]'
INFO: [Synth 8-3886] merging instance 'data_path.ApIntToApIntSigned_group_1171.UnsharedOperator/noFlowThrough.ilb/NoFlowThrough.interlockBuf.buf/NotRevisedCase.ShallowCase.ulReg/noBypass.read_data_reg[14]' (FDRE) to 'data_path.ApIntToApIntSigned_group_1171.UnsharedOperator/noFlowThrough.ilb/NoFlowThrough.interlockBuf.buf/NotRevisedCase.ShallowCase.ulReg/noBypass.read_data_reg[15]'
INFO: [Synth 8-3886] merging instance 'data_path.ApIntToApIntSigned_group_1134.UnsharedOperator/noFlowThrough.ilb/NoFlowThrough.interlockBuf.buf/NotRevisedCase.ShallowCase.ulReg/noBypass.read_data_reg[7]' (FDRE) to 'data_path.ApIntToApIntSigned_group_1134.UnsharedOperator/noFlowThrough.ilb/NoFlowThrough.interlockBuf.buf/NotRevisedCase.ShallowCase.ulReg/noBypass.read_data_reg[8]'
INFO: [Synth 8-3886] merging instance 'data_path.ApIntToApIntSigned_group_1150.UnsharedOperator/noFlowThrough.ilb/NoFlowThrough.interlockBuf.buf/NotRevisedCase.ShallowCase.ulReg/noBypass.read_data_reg[7]' (FDRE) to 'data_path.ApIntToApIntSigned_group_1150.UnsharedOperator/noFlowThrough.ilb/NoFlowThrough.interlockBuf.buf/NotRevisedCase.ShallowCase.ulReg/noBypass.read_data_reg[8]'
INFO: [Synth 8-3886] merging instance 'data_path.ApIntToApIntSigned_group_1166.UnsharedOperator/noFlowThrough.ilb/NoFlowThrough.interlockBuf.buf/NotRevisedCase.ShallowCase.ulReg/noBypass.read_data_reg[7]' (FDRE) to 'data_path.ApIntToApIntSigned_group_1166.UnsharedOperator/noFlowThrough.ilb/NoFlowThrough.interlockBuf.buf/NotRevisedCase.ShallowCase.ulReg/noBypass.read_data_reg[8]'
INFO: [Synth 8-3886] merging instance 'data_path.ApIntToApIntSigned_group_1134.UnsharedOperator/noFlowThrough.ilb/NoFlowThrough.interlockBuf.buf/NotRevisedCase.ShallowCase.ulReg/noBypass.read_data_reg[8]' (FDRE) to 'data_path.ApIntToApIntSigned_group_1134.UnsharedOperator/noFlowThrough.ilb/NoFlowThrough.interlockBuf.buf/NotRevisedCase.ShallowCase.ulReg/noBypass.read_data_reg[9]'
INFO: [Synth 8-3886] merging instance 'data_path.ApIntToApIntSigned_group_1150.UnsharedOperator/noFlowThrough.ilb/NoFlowThrough.interlockBuf.buf/NotRevisedCase.ShallowCase.ulReg/noBypass.read_data_reg[8]' (FDRE) to 'data_path.ApIntToApIntSigned_group_1150.UnsharedOperator/noFlowThrough.ilb/NoFlowThrough.interlockBuf.buf/NotRevisedCase.ShallowCase.ulReg/noBypass.read_data_reg[9]'
INFO: [Synth 8-3886] merging instance 'data_path.ApIntToApIntSigned_group_1166.UnsharedOperator/noFlowThrough.ilb/NoFlowThrough.interlockBuf.buf/NotRevisedCase.ShallowCase.ulReg/noBypass.read_data_reg[8]' (FDRE) to 'data_path.ApIntToApIntSigned_group_1166.UnsharedOperator/noFlowThrough.ilb/NoFlowThrough.interlockBuf.buf/NotRevisedCase.ShallowCase.ulReg/noBypass.read_data_reg[9]'
INFO: [Synth 8-3886] merging instance 'data_path.ApIntToApIntSigned_group_1134.UnsharedOperator/noFlowThrough.ilb/NoFlowThrough.interlockBuf.buf/NotRevisedCase.ShallowCase.ulReg/noBypass.read_data_reg[9]' (FDRE) to 'data_path.ApIntToApIntSigned_group_1134.UnsharedOperator/noFlowThrough.ilb/NoFlowThrough.interlockBuf.buf/NotRevisedCase.ShallowCase.ulReg/noBypass.read_data_reg[10]'
INFO: [Synth 8-3886] merging instance 'data_path.ApIntToApIntSigned_group_1150.UnsharedOperator/noFlowThrough.ilb/NoFlowThrough.interlockBuf.buf/NotRevisedCase.ShallowCase.ulReg/noBypass.read_data_reg[9]' (FDRE) to 'data_path.ApIntToApIntSigned_group_1150.UnsharedOperator/noFlowThrough.ilb/NoFlowThrough.interlockBuf.buf/NotRevisedCase.ShallowCase.ulReg/noBypass.read_data_reg[10]'
INFO: [Synth 8-3886] merging instance 'data_path.ApIntToApIntSigned_group_1166.UnsharedOperator/noFlowThrough.ilb/NoFlowThrough.interlockBuf.buf/NotRevisedCase.ShallowCase.ulReg/noBypass.read_data_reg[9]' (FDRE) to 'data_path.ApIntToApIntSigned_group_1166.UnsharedOperator/noFlowThrough.ilb/NoFlowThrough.interlockBuf.buf/NotRevisedCase.ShallowCase.ulReg/noBypass.read_data_reg[10]'
INFO: [Synth 8-3886] merging instance 'data_path.ApIntToApIntSigned_group_1134.UnsharedOperator/noFlowThrough.ilb/NoFlowThrough.interlockBuf.buf/NotRevisedCase.ShallowCase.ulReg/noBypass.read_data_reg[10]' (FDRE) to 'data_path.ApIntToApIntSigned_group_1134.UnsharedOperator/noFlowThrough.ilb/NoFlowThrough.interlockBuf.buf/NotRevisedCase.ShallowCase.ulReg/noBypass.read_data_reg[11]'
INFO: [Synth 8-3886] merging instance 'data_path.ApIntToApIntSigned_group_1150.UnsharedOperator/noFlowThrough.ilb/NoFlowThrough.interlockBuf.buf/NotRevisedCase.ShallowCase.ulReg/noBypass.read_data_reg[10]' (FDRE) to 'data_path.ApIntToApIntSigned_group_1150.UnsharedOperator/noFlowThrough.ilb/NoFlowThrough.interlockBuf.buf/NotRevisedCase.ShallowCase.ulReg/noBypass.read_data_reg[11]'
INFO: [Synth 8-3886] merging instance 'data_path.ApIntToApIntSigned_group_1166.UnsharedOperator/noFlowThrough.ilb/NoFlowThrough.interlockBuf.buf/NotRevisedCase.ShallowCase.ulReg/noBypass.read_data_reg[10]' (FDRE) to 'data_path.ApIntToApIntSigned_group_1166.UnsharedOperator/noFlowThrough.ilb/NoFlowThrough.interlockBuf.buf/NotRevisedCase.ShallowCase.ulReg/noBypass.read_data_reg[11]'
INFO: [Synth 8-3886] merging instance 'data_path.ApIntToApIntSigned_group_1134.UnsharedOperator/noFlowThrough.ilb/NoFlowThrough.interlockBuf.buf/NotRevisedCase.ShallowCase.ulReg/noBypass.read_data_reg[11]' (FDRE) to 'data_path.ApIntToApIntSigned_group_1134.UnsharedOperator/noFlowThrough.ilb/NoFlowThrough.interlockBuf.buf/NotRevisedCase.ShallowCase.ulReg/noBypass.read_data_reg[12]'
INFO: [Synth 8-3886] merging instance 'data_path.ApIntToApIntSigned_group_1150.UnsharedOperator/noFlowThrough.ilb/NoFlowThrough.interlockBuf.buf/NotRevisedCase.ShallowCase.ulReg/noBypass.read_data_reg[11]' (FDRE) to 'data_path.ApIntToApIntSigned_group_1150.UnsharedOperator/noFlowThrough.ilb/NoFlowThrough.interlockBuf.buf/NotRevisedCase.ShallowCase.ulReg/noBypass.read_data_reg[12]'
INFO: [Synth 8-3886] merging instance 'data_path.ApIntToApIntSigned_group_1166.UnsharedOperator/noFlowThrough.ilb/NoFlowThrough.interlockBuf.buf/NotRevisedCase.ShallowCase.ulReg/noBypass.read_data_reg[11]' (FDRE) to 'data_path.ApIntToApIntSigned_group_1166.UnsharedOperator/noFlowThrough.ilb/NoFlowThrough.interlockBuf.buf/NotRevisedCase.ShallowCase.ulReg/noBypass.read_data_reg[12]'
INFO: [Synth 8-3886] merging instance 'data_path.ApIntToApIntSigned_group_1134.UnsharedOperator/noFlowThrough.ilb/NoFlowThrough.interlockBuf.buf/NotRevisedCase.ShallowCase.ulReg/noBypass.read_data_reg[12]' (FDRE) to 'data_path.ApIntToApIntSigned_group_1134.UnsharedOperator/noFlowThrough.ilb/NoFlowThrough.interlockBuf.buf/NotRevisedCase.ShallowCase.ulReg/noBypass.read_data_reg[13]'
INFO: [Synth 8-3886] merging instance 'data_path.ApIntToApIntSigned_group_1150.UnsharedOperator/noFlowThrough.ilb/NoFlowThrough.interlockBuf.buf/NotRevisedCase.ShallowCase.ulReg/noBypass.read_data_reg[12]' (FDRE) to 'data_path.ApIntToApIntSigned_group_1150.UnsharedOperator/noFlowThrough.ilb/NoFlowThrough.interlockBuf.buf/NotRevisedCase.ShallowCase.ulReg/noBypass.read_data_reg[13]'
INFO: [Synth 8-3886] merging instance 'data_path.ApIntToApIntSigned_group_1166.UnsharedOperator/noFlowThrough.ilb/NoFlowThrough.interlockBuf.buf/NotRevisedCase.ShallowCase.ulReg/noBypass.read_data_reg[12]' (FDRE) to 'data_path.ApIntToApIntSigned_group_1166.UnsharedOperator/noFlowThrough.ilb/NoFlowThrough.interlockBuf.buf/NotRevisedCase.ShallowCase.ulReg/noBypass.read_data_reg[13]'
INFO: [Synth 8-3886] merging instance 'data_path.ApIntToApIntSigned_group_1134.UnsharedOperator/noFlowThrough.ilb/NoFlowThrough.interlockBuf.buf/NotRevisedCase.ShallowCase.ulReg/noBypass.read_data_reg[13]' (FDRE) to 'data_path.ApIntToApIntSigned_group_1134.UnsharedOperator/noFlowThrough.ilb/NoFlowThrough.interlockBuf.buf/NotRevisedCase.ShallowCase.ulReg/noBypass.read_data_reg[14]'
INFO: [Synth 8-3886] merging instance 'data_path.ApIntToApIntSigned_group_1150.UnsharedOperator/noFlowThrough.ilb/NoFlowThrough.interlockBuf.buf/NotRevisedCase.ShallowCase.ulReg/noBypass.read_data_reg[13]' (FDRE) to 'data_path.ApIntToApIntSigned_group_1150.UnsharedOperator/noFlowThrough.ilb/NoFlowThrough.interlockBuf.buf/NotRevisedCase.ShallowCase.ulReg/noBypass.read_data_reg[14]'
INFO: [Synth 8-3886] merging instance 'data_path.ApIntToApIntSigned_group_1166.UnsharedOperator/noFlowThrough.ilb/NoFlowThrough.interlockBuf.buf/NotRevisedCase.ShallowCase.ulReg/noBypass.read_data_reg[13]' (FDRE) to 'data_path.ApIntToApIntSigned_group_1166.UnsharedOperator/noFlowThrough.ilb/NoFlowThrough.interlockBuf.buf/NotRevisedCase.ShallowCase.ulReg/noBypass.read_data_reg[14]'
INFO: [Synth 8-3886] merging instance 'data_path.ApIntToApIntSigned_group_1134.UnsharedOperator/noFlowThrough.ilb/NoFlowThrough.interlockBuf.buf/NotRevisedCase.ShallowCase.ulReg/noBypass.read_data_reg[14]' (FDRE) to 'data_path.ApIntToApIntSigned_group_1134.UnsharedOperator/noFlowThrough.ilb/NoFlowThrough.interlockBuf.buf/NotRevisedCase.ShallowCase.ulReg/noBypass.read_data_reg[15]'
INFO: [Synth 8-3886] merging instance 'data_path.ApIntToApIntSigned_group_1150.UnsharedOperator/noFlowThrough.ilb/NoFlowThrough.interlockBuf.buf/NotRevisedCase.ShallowCase.ulReg/noBypass.read_data_reg[14]' (FDRE) to 'data_path.ApIntToApIntSigned_group_1150.UnsharedOperator/noFlowThrough.ilb/NoFlowThrough.interlockBuf.buf/NotRevisedCase.ShallowCase.ulReg/noBypass.read_data_reg[15]'
INFO: [Synth 8-3886] merging instance 'data_path.ApIntToApIntSigned_group_1166.UnsharedOperator/noFlowThrough.ilb/NoFlowThrough.interlockBuf.buf/NotRevisedCase.ShallowCase.ulReg/noBypass.read_data_reg[14]' (FDRE) to 'data_path.ApIntToApIntSigned_group_1166.UnsharedOperator/noFlowThrough.ilb/NoFlowThrough.interlockBuf.buf/NotRevisedCase.ShallowCase.ulReg/noBypass.read_data_reg[15]'
INFO: [Synth 8-3886] merging instance 'data_path.ApIntToApIntSigned_group_1138.UnsharedOperator/noFlowThrough.ilb/NoFlowThrough.interlockBuf.buf/NotRevisedCase.ShallowCase.ulReg/noBypass.read_data_reg[7]' (FDRE) to 'data_path.ApIntToApIntSigned_group_1138.UnsharedOperator/noFlowThrough.ilb/NoFlowThrough.interlockBuf.buf/NotRevisedCase.ShallowCase.ulReg/noBypass.read_data_reg[8]'
INFO: [Synth 8-3886] merging instance 'data_path.ApIntToApIntSigned_group_1135.UnsharedOperator/noFlowThrough.ilb/NoFlowThrough.interlockBuf.buf/NotRevisedCase.ShallowCase.ulReg/noBypass.read_data_reg[7]' (FDRE) to 'data_path.ApIntToApIntSigned_group_1135.UnsharedOperator/noFlowThrough.ilb/NoFlowThrough.interlockBuf.buf/NotRevisedCase.ShallowCase.ulReg/noBypass.read_data_reg[8]'
INFO: [Synth 8-3886] merging instance 'data_path.ApIntToApIntSigned_group_1136.UnsharedOperator/noFlowThrough.ilb/NoFlowThrough.interlockBuf.buf/NotRevisedCase.ShallowCase.ulReg/noBypass.read_data_reg[7]' (FDRE) to 'data_path.ApIntToApIntSigned_group_1136.UnsharedOperator/noFlowThrough.ilb/NoFlowThrough.interlockBuf.buf/NotRevisedCase.ShallowCase.ulReg/noBypass.read_data_reg[8]'
INFO: [Synth 8-3886] merging instance 'data_path.ApIntToApIntSigned_group_1138.UnsharedOperator/noFlowThrough.ilb/NoFlowThrough.interlockBuf.buf/NotRevisedCase.ShallowCase.ulReg/noBypass.read_data_reg[8]' (FDRE) to 'data_path.ApIntToApIntSigned_group_1138.UnsharedOperator/noFlowThrough.ilb/NoFlowThrough.interlockBuf.buf/NotRevisedCase.ShallowCase.ulReg/noBypass.read_data_reg[9]'
INFO: [Synth 8-3886] merging instance 'data_path.ApIntToApIntSigned_group_1135.UnsharedOperator/noFlowThrough.ilb/NoFlowThrough.interlockBuf.buf/NotRevisedCase.ShallowCase.ulReg/noBypass.read_data_reg[8]' (FDRE) to 'data_path.ApIntToApIntSigned_group_1135.UnsharedOperator/noFlowThrough.ilb/NoFlowThrough.interlockBuf.buf/NotRevisedCase.ShallowCase.ulReg/noBypass.read_data_reg[9]'
INFO: [Synth 8-3886] merging instance 'data_path.ApIntToApIntSigned_group_1136.UnsharedOperator/noFlowThrough.ilb/NoFlowThrough.interlockBuf.buf/NotRevisedCase.ShallowCase.ulReg/noBypass.read_data_reg[8]' (FDRE) to 'data_path.ApIntToApIntSigned_group_1136.UnsharedOperator/noFlowThrough.ilb/NoFlowThrough.interlockBuf.buf/NotRevisedCase.ShallowCase.ulReg/noBypass.read_data_reg[9]'
INFO: [Synth 8-3886] merging instance 'data_path.ApIntToApIntSigned_group_1138.UnsharedOperator/noFlowThrough.ilb/NoFlowThrough.interlockBuf.buf/NotRevisedCase.ShallowCase.ulReg/noBypass.read_data_reg[9]' (FDRE) to 'data_path.ApIntToApIntSigned_group_1138.UnsharedOperator/noFlowThrough.ilb/NoFlowThrough.interlockBuf.buf/NotRevisedCase.ShallowCase.ulReg/noBypass.read_data_reg[10]'
INFO: [Synth 8-3886] merging instance 'data_path.ApIntToApIntSigned_group_1135.UnsharedOperator/noFlowThrough.ilb/NoFlowThrough.interlockBuf.buf/NotRevisedCase.ShallowCase.ulReg/noBypass.read_data_reg[9]' (FDRE) to 'data_path.ApIntToApIntSigned_group_1135.UnsharedOperator/noFlowThrough.ilb/NoFlowThrough.interlockBuf.buf/NotRevisedCase.ShallowCase.ulReg/noBypass.read_data_reg[10]'
INFO: [Synth 8-3886] merging instance 'data_path.ApIntToApIntSigned_group_1136.UnsharedOperator/noFlowThrough.ilb/NoFlowThrough.interlockBuf.buf/NotRevisedCase.ShallowCase.ulReg/noBypass.read_data_reg[9]' (FDRE) to 'data_path.ApIntToApIntSigned_group_1136.UnsharedOperator/noFlowThrough.ilb/NoFlowThrough.interlockBuf.buf/NotRevisedCase.ShallowCase.ulReg/noBypass.read_data_reg[10]'
INFO: [Synth 8-3886] merging instance 'data_path.ApIntToApIntSigned_group_1138.UnsharedOperator/noFlowThrough.ilb/NoFlowThrough.interlockBuf.buf/NotRevisedCase.ShallowCase.ulReg/noBypass.read_data_reg[10]' (FDRE) to 'data_path.ApIntToApIntSigned_group_1138.UnsharedOperator/noFlowThrough.ilb/NoFlowThrough.interlockBuf.buf/NotRevisedCase.ShallowCase.ulReg/noBypass.read_data_reg[11]'
INFO: [Synth 8-3886] merging instance 'data_path.ApIntToApIntSigned_group_1135.UnsharedOperator/noFlowThrough.ilb/NoFlowThrough.interlockBuf.buf/NotRevisedCase.ShallowCase.ulReg/noBypass.read_data_reg[10]' (FDRE) to 'data_path.ApIntToApIntSigned_group_1135.UnsharedOperator/noFlowThrough.ilb/NoFlowThrough.interlockBuf.buf/NotRevisedCase.ShallowCase.ulReg/noBypass.read_data_reg[11]'
INFO: [Synth 8-3886] merging instance 'data_path.ApIntToApIntSigned_group_1136.UnsharedOperator/noFlowThrough.ilb/NoFlowThrough.interlockBuf.buf/NotRevisedCase.ShallowCase.ulReg/noBypass.read_data_reg[10]' (FDRE) to 'data_path.ApIntToApIntSigned_group_1136.UnsharedOperator/noFlowThrough.ilb/NoFlowThrough.interlockBuf.buf/NotRevisedCase.ShallowCase.ulReg/noBypass.read_data_reg[11]'
INFO: [Synth 8-3886] merging instance 'data_path.ApIntToApIntSigned_group_1138.UnsharedOperator/noFlowThrough.ilb/NoFlowThrough.interlockBuf.buf/NotRevisedCase.ShallowCase.ulReg/noBypass.read_data_reg[11]' (FDRE) to 'data_path.ApIntToApIntSigned_group_1138.UnsharedOperator/noFlowThrough.ilb/NoFlowThrough.interlockBuf.buf/NotRevisedCase.ShallowCase.ulReg/noBypass.read_data_reg[12]'
INFO: [Synth 8-3886] merging instance 'data_path.ApIntToApIntSigned_group_1135.UnsharedOperator/noFlowThrough.ilb/NoFlowThrough.interlockBuf.buf/NotRevisedCase.ShallowCase.ulReg/noBypass.read_data_reg[11]' (FDRE) to 'data_path.ApIntToApIntSigned_group_1135.UnsharedOperator/noFlowThrough.ilb/NoFlowThrough.interlockBuf.buf/NotRevisedCase.ShallowCase.ulReg/noBypass.read_data_reg[12]'
INFO: [Synth 8-3886] merging instance 'data_path.ApIntToApIntSigned_group_1136.UnsharedOperator/noFlowThrough.ilb/NoFlowThrough.interlockBuf.buf/NotRevisedCase.ShallowCase.ulReg/noBypass.read_data_reg[11]' (FDRE) to 'data_path.ApIntToApIntSigned_group_1136.UnsharedOperator/noFlowThrough.ilb/NoFlowThrough.interlockBuf.buf/NotRevisedCase.ShallowCase.ulReg/noBypass.read_data_reg[12]'
INFO: [Synth 8-3886] merging instance 'data_path.ApIntToApIntSigned_group_1138.UnsharedOperator/noFlowThrough.ilb/NoFlowThrough.interlockBuf.buf/NotRevisedCase.ShallowCase.ulReg/noBypass.read_data_reg[12]' (FDRE) to 'data_path.ApIntToApIntSigned_group_1138.UnsharedOperator/noFlowThrough.ilb/NoFlowThrough.interlockBuf.buf/NotRevisedCase.ShallowCase.ulReg/noBypass.read_data_reg[13]'
INFO: [Synth 8-3886] merging instance 'data_path.ApIntToApIntSigned_group_1135.UnsharedOperator/noFlowThrough.ilb/NoFlowThrough.interlockBuf.buf/NotRevisedCase.ShallowCase.ulReg/noBypass.read_data_reg[12]' (FDRE) to 'data_path.ApIntToApIntSigned_group_1135.UnsharedOperator/noFlowThrough.ilb/NoFlowThrough.interlockBuf.buf/NotRevisedCase.ShallowCase.ulReg/noBypass.read_data_reg[13]'
INFO: [Synth 8-3886] merging instance 'data_path.ApIntToApIntSigned_group_1136.UnsharedOperator/noFlowThrough.ilb/NoFlowThrough.interlockBuf.buf/NotRevisedCase.ShallowCase.ulReg/noBypass.read_data_reg[12]' (FDRE) to 'data_path.ApIntToApIntSigned_group_1136.UnsharedOperator/noFlowThrough.ilb/NoFlowThrough.interlockBuf.buf/NotRevisedCase.ShallowCase.ulReg/noBypass.read_data_reg[13]'
INFO: [Synth 8-3886] merging instance 'data_path.ApIntToApIntSigned_group_1138.UnsharedOperator/noFlowThrough.ilb/NoFlowThrough.interlockBuf.buf/NotRevisedCase.ShallowCase.ulReg/noBypass.read_data_reg[13]' (FDRE) to 'data_path.ApIntToApIntSigned_group_1138.UnsharedOperator/noFlowThrough.ilb/NoFlowThrough.interlockBuf.buf/NotRevisedCase.ShallowCase.ulReg/noBypass.read_data_reg[14]'
INFO: [Synth 8-3886] merging instance 'data_path.ApIntToApIntSigned_group_1135.UnsharedOperator/noFlowThrough.ilb/NoFlowThrough.interlockBuf.buf/NotRevisedCase.ShallowCase.ulReg/noBypass.read_data_reg[13]' (FDRE) to 'data_path.ApIntToApIntSigned_group_1135.UnsharedOperator/noFlowThrough.ilb/NoFlowThrough.interlockBuf.buf/NotRevisedCase.ShallowCase.ulReg/noBypass.read_data_reg[14]'
INFO: [Synth 8-3886] merging instance 'data_path.ApIntToApIntSigned_group_1136.UnsharedOperator/noFlowThrough.ilb/NoFlowThrough.interlockBuf.buf/NotRevisedCase.ShallowCase.ulReg/noBypass.read_data_reg[13]' (FDRE) to 'data_path.ApIntToApIntSigned_group_1136.UnsharedOperator/noFlowThrough.ilb/NoFlowThrough.interlockBuf.buf/NotRevisedCase.ShallowCase.ulReg/noBypass.read_data_reg[14]'
INFO: [Synth 8-3886] merging instance 'data_path.ApIntToApIntSigned_group_1138.UnsharedOperator/noFlowThrough.ilb/NoFlowThrough.interlockBuf.buf/NotRevisedCase.ShallowCase.ulReg/noBypass.read_data_reg[14]' (FDRE) to 'data_path.ApIntToApIntSigned_group_1138.UnsharedOperator/noFlowThrough.ilb/NoFlowThrough.interlockBuf.buf/NotRevisedCase.ShallowCase.ulReg/noBypass.read_data_reg[15]'
INFO: [Synth 8-3886] merging instance 'data_path.ApIntToApIntSigned_group_1135.UnsharedOperator/noFlowThrough.ilb/NoFlowThrough.interlockBuf.buf/NotRevisedCase.ShallowCase.ulReg/noBypass.read_data_reg[14]' (FDRE) to 'data_path.ApIntToApIntSigned_group_1135.UnsharedOperator/noFlowThrough.ilb/NoFlowThrough.interlockBuf.buf/NotRevisedCase.ShallowCase.ulReg/noBypass.read_data_reg[15]'
INFO: [Synth 8-3886] merging instance 'data_path.ApIntToApIntSigned_group_1136.UnsharedOperator/noFlowThrough.ilb/NoFlowThrough.interlockBuf.buf/NotRevisedCase.ShallowCase.ulReg/noBypass.read_data_reg[14]' (FDRE) to 'data_path.ApIntToApIntSigned_group_1136.UnsharedOperator/noFlowThrough.ilb/NoFlowThrough.interlockBuf.buf/NotRevisedCase.ShallowCase.ulReg/noBypass.read_data_reg[15]'
INFO: [Synth 8-3886] merging instance 'data_path.ApIntToApIntSigned_group_1137.UnsharedOperator/noFlowThrough.ilb/NoFlowThrough.interlockBuf.buf/NotRevisedCase.ShallowCase.ulReg/noBypass.read_data_reg[7]' (FDRE) to 'data_path.ApIntToApIntSigned_group_1137.UnsharedOperator/noFlowThrough.ilb/NoFlowThrough.interlockBuf.buf/NotRevisedCase.ShallowCase.ulReg/noBypass.read_data_reg[8]'
INFO: [Synth 8-3886] merging instance 'data_path.ApIntToApIntSigned_group_1139.UnsharedOperator/noFlowThrough.ilb/NoFlowThrough.interlockBuf.buf/NotRevisedCase.ShallowCase.ulReg/noBypass.read_data_reg[7]' (FDRE) to 'data_path.ApIntToApIntSigned_group_1139.UnsharedOperator/noFlowThrough.ilb/NoFlowThrough.interlockBuf.buf/NotRevisedCase.ShallowCase.ulReg/noBypass.read_data_reg[8]'
INFO: [Synth 8-3886] merging instance 'data_path.ApIntToApIntSigned_group_1140.UnsharedOperator/noFlowThrough.ilb/NoFlowThrough.interlockBuf.buf/NotRevisedCase.ShallowCase.ulReg/noBypass.read_data_reg[7]' (FDRE) to 'data_path.ApIntToApIntSigned_group_1140.UnsharedOperator/noFlowThrough.ilb/NoFlowThrough.interlockBuf.buf/NotRevisedCase.ShallowCase.ulReg/noBypass.read_data_reg[8]'
INFO: [Synth 8-3886] merging instance 'data_path.ApIntToApIntSigned_group_1137.UnsharedOperator/noFlowThrough.ilb/NoFlowThrough.interlockBuf.buf/NotRevisedCase.ShallowCase.ulReg/noBypass.read_data_reg[8]' (FDRE) to 'data_path.ApIntToApIntSigned_group_1137.UnsharedOperator/noFlowThrough.ilb/NoFlowThrough.interlockBuf.buf/NotRevisedCase.ShallowCase.ulReg/noBypass.read_data_reg[9]'
INFO: [Synth 8-3886] merging instance 'data_path.ApIntToApIntSigned_group_1139.UnsharedOperator/noFlowThrough.ilb/NoFlowThrough.interlockBuf.buf/NotRevisedCase.ShallowCase.ulReg/noBypass.read_data_reg[8]' (FDRE) to 'data_path.ApIntToApIntSigned_group_1139.UnsharedOperator/noFlowThrough.ilb/NoFlowThrough.interlockBuf.buf/NotRevisedCase.ShallowCase.ulReg/noBypass.read_data_reg[9]'
INFO: [Synth 8-3886] merging instance 'data_path.ApIntToApIntSigned_group_1140.UnsharedOperator/noFlowThrough.ilb/NoFlowThrough.interlockBuf.buf/NotRevisedCase.ShallowCase.ulReg/noBypass.read_data_reg[8]' (FDRE) to 'data_path.ApIntToApIntSigned_group_1140.UnsharedOperator/noFlowThrough.ilb/NoFlowThrough.interlockBuf.buf/NotRevisedCase.ShallowCase.ulReg/noBypass.read_data_reg[9]'
INFO: [Synth 8-3886] merging instance 'data_path.ApIntToApIntSigned_group_1137.UnsharedOperator/noFlowThrough.ilb/NoFlowThrough.interlockBuf.buf/NotRevisedCase.ShallowCase.ulReg/noBypass.read_data_reg[9]' (FDRE) to 'data_path.ApIntToApIntSigned_group_1137.UnsharedOperator/noFlowThrough.ilb/NoFlowThrough.interlockBuf.buf/NotRevisedCase.ShallowCase.ulReg/noBypass.read_data_reg[10]'
INFO: [Synth 8-3886] merging instance 'data_path.ApIntToApIntSigned_group_1139.UnsharedOperator/noFlowThrough.ilb/NoFlowThrough.interlockBuf.buf/NotRevisedCase.ShallowCase.ulReg/noBypass.read_data_reg[9]' (FDRE) to 'data_path.ApIntToApIntSigned_group_1139.UnsharedOperator/noFlowThrough.ilb/NoFlowThrough.interlockBuf.buf/NotRevisedCase.ShallowCase.ulReg/noBypass.read_data_reg[10]'
INFO: [Synth 8-3886] merging instance 'data_path.ApIntToApIntSigned_group_1140.UnsharedOperator/noFlowThrough.ilb/NoFlowThrough.interlockBuf.buf/NotRevisedCase.ShallowCase.ulReg/noBypass.read_data_reg[9]' (FDRE) to 'data_path.ApIntToApIntSigned_group_1140.UnsharedOperator/noFlowThrough.ilb/NoFlowThrough.interlockBuf.buf/NotRevisedCase.ShallowCase.ulReg/noBypass.read_data_reg[10]'
INFO: [Synth 8-3886] merging instance 'data_path.ApIntToApIntSigned_group_1137.UnsharedOperator/noFlowThrough.ilb/NoFlowThrough.interlockBuf.buf/NotRevisedCase.ShallowCase.ulReg/noBypass.read_data_reg[10]' (FDRE) to 'data_path.ApIntToApIntSigned_group_1137.UnsharedOperator/noFlowThrough.ilb/NoFlowThrough.interlockBuf.buf/NotRevisedCase.ShallowCase.ulReg/noBypass.read_data_reg[11]'
INFO: [Synth 8-3886] merging instance 'data_path.ApIntToApIntSigned_group_1139.UnsharedOperator/noFlowThrough.ilb/NoFlowThrough.interlockBuf.buf/NotRevisedCase.ShallowCase.ulReg/noBypass.read_data_reg[10]' (FDRE) to 'data_path.ApIntToApIntSigned_group_1139.UnsharedOperator/noFlowThrough.ilb/NoFlowThrough.interlockBuf.buf/NotRevisedCase.ShallowCase.ulReg/noBypass.read_data_reg[11]'
INFO: [Synth 8-3886] merging instance 'data_path.ApIntToApIntSigned_group_1140.UnsharedOperator/noFlowThrough.ilb/NoFlowThrough.interlockBuf.buf/NotRevisedCase.ShallowCase.ulReg/noBypass.read_data_reg[10]' (FDRE) to 'data_path.ApIntToApIntSigned_group_1140.UnsharedOperator/noFlowThrough.ilb/NoFlowThrough.interlockBuf.buf/NotRevisedCase.ShallowCase.ulReg/noBypass.read_data_reg[11]'
INFO: [Synth 8-3886] merging instance 'data_path.ApIntToApIntSigned_group_1137.UnsharedOperator/noFlowThrough.ilb/NoFlowThrough.interlockBuf.buf/NotRevisedCase.ShallowCase.ulReg/noBypass.read_data_reg[11]' (FDRE) to 'data_path.ApIntToApIntSigned_group_1137.UnsharedOperator/noFlowThrough.ilb/NoFlowThrough.interlockBuf.buf/NotRevisedCase.ShallowCase.ulReg/noBypass.read_data_reg[12]'
INFO: [Synth 8-3886] merging instance 'data_path.ApIntToApIntSigned_group_1139.UnsharedOperator/noFlowThrough.ilb/NoFlowThrough.interlockBuf.buf/NotRevisedCase.ShallowCase.ulReg/noBypass.read_data_reg[11]' (FDRE) to 'data_path.ApIntToApIntSigned_group_1139.UnsharedOperator/noFlowThrough.ilb/NoFlowThrough.interlockBuf.buf/NotRevisedCase.ShallowCase.ulReg/noBypass.read_data_reg[12]'
INFO: [Synth 8-3886] merging instance 'data_path.ApIntToApIntSigned_group_1140.UnsharedOperator/noFlowThrough.ilb/NoFlowThrough.interlockBuf.buf/NotRevisedCase.ShallowCase.ulReg/noBypass.read_data_reg[11]' (FDRE) to 'data_path.ApIntToApIntSigned_group_1140.UnsharedOperator/noFlowThrough.ilb/NoFlowThrough.interlockBuf.buf/NotRevisedCase.ShallowCase.ulReg/noBypass.read_data_reg[12]'
INFO: [Synth 8-3886] merging instance 'data_path.ApIntToApIntSigned_group_1137.UnsharedOperator/noFlowThrough.ilb/NoFlowThrough.interlockBuf.buf/NotRevisedCase.ShallowCase.ulReg/noBypass.read_data_reg[12]' (FDRE) to 'data_path.ApIntToApIntSigned_group_1137.UnsharedOperator/noFlowThrough.ilb/NoFlowThrough.interlockBuf.buf/NotRevisedCase.ShallowCase.ulReg/noBypass.read_data_reg[13]'
INFO: [Synth 8-3886] merging instance 'data_path.ApIntToApIntSigned_group_1139.UnsharedOperator/noFlowThrough.ilb/NoFlowThrough.interlockBuf.buf/NotRevisedCase.ShallowCase.ulReg/noBypass.read_data_reg[12]' (FDRE) to 'data_path.ApIntToApIntSigned_group_1139.UnsharedOperator/noFlowThrough.ilb/NoFlowThrough.interlockBuf.buf/NotRevisedCase.ShallowCase.ulReg/noBypass.read_data_reg[13]'
INFO: [Synth 8-3886] merging instance 'data_path.ApIntToApIntSigned_group_1140.UnsharedOperator/noFlowThrough.ilb/NoFlowThrough.interlockBuf.buf/NotRevisedCase.ShallowCase.ulReg/noBypass.read_data_reg[12]' (FDRE) to 'data_path.ApIntToApIntSigned_group_1140.UnsharedOperator/noFlowThrough.ilb/NoFlowThrough.interlockBuf.buf/NotRevisedCase.ShallowCase.ulReg/noBypass.read_data_reg[13]'
INFO: [Synth 8-3886] merging instance 'data_path.ApIntToApIntSigned_group_1137.UnsharedOperator/noFlowThrough.ilb/NoFlowThrough.interlockBuf.buf/NotRevisedCase.ShallowCase.ulReg/noBypass.read_data_reg[13]' (FDRE) to 'data_path.ApIntToApIntSigned_group_1137.UnsharedOperator/noFlowThrough.ilb/NoFlowThrough.interlockBuf.buf/NotRevisedCase.ShallowCase.ulReg/noBypass.read_data_reg[14]'
INFO: [Synth 8-3886] merging instance 'data_path.ApIntToApIntSigned_group_1139.UnsharedOperator/noFlowThrough.ilb/NoFlowThrough.interlockBuf.buf/NotRevisedCase.ShallowCase.ulReg/noBypass.read_data_reg[13]' (FDRE) to 'data_path.ApIntToApIntSigned_group_1139.UnsharedOperator/noFlowThrough.ilb/NoFlowThrough.interlockBuf.buf/NotRevisedCase.ShallowCase.ulReg/noBypass.read_data_reg[14]'
INFO: [Synth 8-3886] merging instance 'data_path.ApIntToApIntSigned_group_1140.UnsharedOperator/noFlowThrough.ilb/NoFlowThrough.interlockBuf.buf/NotRevisedCase.ShallowCase.ulReg/noBypass.read_data_reg[13]' (FDRE) to 'data_path.ApIntToApIntSigned_group_1140.UnsharedOperator/noFlowThrough.ilb/NoFlowThrough.interlockBuf.buf/NotRevisedCase.ShallowCase.ulReg/noBypass.read_data_reg[14]'
INFO: [Synth 8-3886] merging instance 'data_path.ApIntToApIntSigned_group_1137.UnsharedOperator/noFlowThrough.ilb/NoFlowThrough.interlockBuf.buf/NotRevisedCase.ShallowCase.ulReg/noBypass.read_data_reg[14]' (FDRE) to 'data_path.ApIntToApIntSigned_group_1137.UnsharedOperator/noFlowThrough.ilb/NoFlowThrough.interlockBuf.buf/NotRevisedCase.ShallowCase.ulReg/noBypass.read_data_reg[15]'
INFO: [Synth 8-3886] merging instance 'data_path.ApIntToApIntSigned_group_1139.UnsharedOperator/noFlowThrough.ilb/NoFlowThrough.interlockBuf.buf/NotRevisedCase.ShallowCase.ulReg/noBypass.read_data_reg[14]' (FDRE) to 'data_path.ApIntToApIntSigned_group_1139.UnsharedOperator/noFlowThrough.ilb/NoFlowThrough.interlockBuf.buf/NotRevisedCase.ShallowCase.ulReg/noBypass.read_data_reg[15]'
INFO: [Synth 8-3886] merging instance 'data_path.ApIntToApIntSigned_group_1140.UnsharedOperator/noFlowThrough.ilb/NoFlowThrough.interlockBuf.buf/NotRevisedCase.ShallowCase.ulReg/noBypass.read_data_reg[14]' (FDRE) to 'data_path.ApIntToApIntSigned_group_1140.UnsharedOperator/noFlowThrough.ilb/NoFlowThrough.interlockBuf.buf/NotRevisedCase.ShallowCase.ulReg/noBypass.read_data_reg[15]'
INFO: [Synth 8-3886] merging instance 'data_path.ApIntToApIntSigned_group_1141.UnsharedOperator/noFlowThrough.ilb/NoFlowThrough.interlockBuf.buf/NotRevisedCase.ShallowCase.ulReg/noBypass.read_data_reg[7]' (FDRE) to 'data_path.ApIntToApIntSigned_group_1141.UnsharedOperator/noFlowThrough.ilb/NoFlowThrough.interlockBuf.buf/NotRevisedCase.ShallowCase.ulReg/noBypass.read_data_reg[8]'
INFO: [Synth 8-3886] merging instance 'data_path.ApIntToApIntSigned_group_1152.UnsharedOperator/noFlowThrough.ilb/NoFlowThrough.interlockBuf.buf/NotRevisedCase.ShallowCase.ulReg/noBypass.read_data_reg[7]' (FDRE) to 'data_path.ApIntToApIntSigned_group_1152.UnsharedOperator/noFlowThrough.ilb/NoFlowThrough.interlockBuf.buf/NotRevisedCase.ShallowCase.ulReg/noBypass.read_data_reg[8]'
INFO: [Synth 8-3886] merging instance 'data_path.ApIntToApIntSigned_group_1154.UnsharedOperator/noFlowThrough.ilb/NoFlowThrough.interlockBuf.buf/NotRevisedCase.ShallowCase.ulReg/noBypass.read_data_reg[7]' (FDRE) to 'data_path.ApIntToApIntSigned_group_1154.UnsharedOperator/noFlowThrough.ilb/NoFlowThrough.interlockBuf.buf/NotRevisedCase.ShallowCase.ulReg/noBypass.read_data_reg[8]'
INFO: [Synth 8-3886] merging instance 'data_path.ApIntToApIntSigned_group_1141.UnsharedOperator/noFlowThrough.ilb/NoFlowThrough.interlockBuf.buf/NotRevisedCase.ShallowCase.ulReg/noBypass.read_data_reg[8]' (FDRE) to 'data_path.ApIntToApIntSigned_group_1141.UnsharedOperator/noFlowThrough.ilb/NoFlowThrough.interlockBuf.buf/NotRevisedCase.ShallowCase.ulReg/noBypass.read_data_reg[9]'
INFO: [Common 17-14] Message 'Synth 8-3886' appears 100 times and further instances of the messages will be disabled. Use the Tcl command set_msg_config to change the current settings.
