xilinx rtfpga
WARNING: [Synth 8-6014] Unused sequential element placegen[1].placeBlock.pI/CapGtOne.token_latch_reg was removed.  [/home/aiml/Desktop/IITB_AI_ML/ahir_release/vhdl/ahir.vhdl:14858]
WARNING: [Synth 8-6014] Unused sequential element placegen[2].placeBlock.pI/CapGtOne.token_latch_reg was removed.  [/home/aiml/Desktop/IITB_AI_ML/ahir_release/vhdl/ahir.vhdl:14858]
WARNING: [Synth 8-6014] Unused sequential element placegen[3].placeBlock.pI/CapGtOne.token_latch_reg was removed.  [/home/aiml/Desktop/IITB_AI_ML/ahir_release/vhdl/ahir.vhdl:14858]
WARNING: [Synth 8-6014] Unused sequential element placegen[5].placeBlock.pI/CapGtOne.token_latch_reg was removed.  [/home/aiml/Desktop/IITB_AI_ML/ahir_release/vhdl/ahir.vhdl:14858]
WARNING: [Synth 8-6014] Unused sequential element placegen[1].placeBlock.pI/CapGtOne.token_latch_reg was removed.  [/home/aiml/Desktop/IITB_AI_ML/ahir_release/vhdl/ahir.vhdl:14858]
WARNING: [Synth 8-6014] Unused sequential element placegen[3].placeBlock.pI/CapGtOne.token_latch_reg was removed.  [/home/aiml/Desktop/IITB_AI_ML/ahir_release/vhdl/ahir.vhdl:14858]
WARNING: [Synth 8-6014] Unused sequential element placegen[1].placeBlock.pI/CapGtOne.token_latch_reg was removed.  [/home/aiml/Desktop/IITB_AI_ML/ahir_release/vhdl/ahir.vhdl:14858]
WARNING: [Synth 8-6014] Unused sequential element placegen[1].placeBlock.pI/CapGtOne.token_latch_reg was removed.  [/home/aiml/Desktop/IITB_AI_ML/ahir_release/vhdl/ahir.vhdl:14858]
WARNING: [Synth 8-6014] Unused sequential element placegen[1].placeBlock.pI/CapGtOne.token_latch_reg was removed.  [/home/aiml/Desktop/IITB_AI_ML/ahir_release/vhdl/ahir.vhdl:14858]
WARNING: [Synth 8-6014] Unused sequential element placegen[2].placeBlock.pI/CapGtOne.token_latch_reg was removed.  [/home/aiml/Desktop/IITB_AI_ML/ahir_release/vhdl/ahir.vhdl:14858]
WARNING: [Synth 8-6014] Unused sequential element placegen[1].placeBlock.pI/CapGtOne.token_latch_reg was removed.  [/home/aiml/Desktop/IITB_AI_ML/ahir_release/vhdl/ahir.vhdl:14858]
WARNING: [Synth 8-6014] Unused sequential element placegen[2].placeBlock.pI/CapGtOne.token_latch_reg was removed.  [/home/aiml/Desktop/IITB_AI_ML/ahir_release/vhdl/ahir.vhdl:14858]
WARNING: [Synth 8-6014] Unused sequential element placegen[1].placeBlock.pI/CapGtOne.token_latch_reg was removed.  [/home/aiml/Desktop/IITB_AI_ML/ahir_release/vhdl/ahir.vhdl:14858]
WARNING: [Synth 8-6014] Unused sequential element placegen[2].placeBlock.pI/CapGtOne.token_latch_reg was removed.  [/home/aiml/Desktop/IITB_AI_ML/ahir_release/vhdl/ahir.vhdl:14858]
WARNING: [Synth 8-6014] Unused sequential element placegen[1].placeBlock.pI/CapGtOne.token_latch_reg was removed.  [/home/aiml/Desktop/IITB_AI_ML/ahir_release/vhdl/ahir.vhdl:14858]
WARNING: [Synth 8-6014] Unused sequential element placegen[2].placeBlock.pI/CapGtOne.token_latch_reg was removed.  [/home/aiml/Desktop/IITB_AI_ML/ahir_release/vhdl/ahir.vhdl:14858]
INFO: [Synth 8-5546] ROM "result" won't be mapped to RAM because it is too sparse
INFO: [Synth 8-5546] ROM "result" won't be mapped to RAM because it is too sparse
INFO: [Synth 8-5546] ROM "result" won't be mapped to RAM because it is too sparse
INFO: [Synth 8-5546] ROM "result" won't be mapped to RAM because it is too sparse
INFO: [Synth 8-5546] ROM "result" won't be mapped to RAM because it is too sparse
WARNING: [Synth 8-6014] Unused sequential element tag_ilock_write_req_symbol_join.gj_tag_ilock_write_req_symbol_join/placegen[1].placeBlock.pI/CapGtOne.token_latch_reg was removed.  [/home/aiml/Desktop/IITB_AI_ML/ahir_release/vhdl/ahir.vhdl:14858]
WARNING: [Synth 8-6014] Unused sequential element writeModule_convolution_CP_16149.writeModule_convolution_cp_element_group_26.gj_writeModule_convolution_cp_element_group_26/placegen[1].placeBlock.pI/CapGtOne.token_latch_reg was removed.  [/home/aiml/Desktop/IITB_AI_ML/ahir_release/vhdl/ahir.vhdl:14858]
WARNING: [Synth 8-6014] Unused sequential element writeModule_convolution_CP_16149.writeModule_convolution_cp_element_group_27.gj_writeModule_convolution_cp_element_group_27/placegen[1].placeBlock.pI/CapGtOne.token_latch_reg was removed.  [/home/aiml/Desktop/IITB_AI_ML/ahir_release/vhdl/ahir.vhdl:14858]
WARNING: [Synth 8-6014] Unused sequential element writeModule_convolution_CP_16149.writeModule_convolution_cp_element_group_30.gj_writeModule_convolution_cp_element_group_30/placegen[1].placeBlock.pI/CapGtOne.token_latch_reg was removed.  [/home/aiml/Desktop/IITB_AI_ML/ahir_release/vhdl/ahir.vhdl:14858]
WARNING: [Synth 8-6014] Unused sequential element writeModule_convolution_CP_16149.writeModule_convolution_cp_element_group_30.gj_writeModule_convolution_cp_element_group_30/placegen[2].placeBlock.pI/CapGtOne.token_latch_reg was removed.  [/home/aiml/Desktop/IITB_AI_ML/ahir_release/vhdl/ahir.vhdl:14858]
WARNING: [Synth 8-6014] Unused sequential element available_iterations_reg was removed.  [/home/aiml/Desktop/IITB_AI_ML/ahir_release/vhdl/ahir.vhdl:14083]
WARNING: [Synth 8-6014] Unused sequential element placegen[1].placeBlock.pI/CapGtOne.token_latch_reg was removed.  [/home/aiml/Desktop/IITB_AI_ML/ahir_release/vhdl/ahir.vhdl:14858]
WARNING: [Synth 8-6014] Unused sequential element placegen[2].placeBlock.pI/CapGtOne.token_latch_reg was removed.  [/home/aiml/Desktop/IITB_AI_ML/ahir_release/vhdl/ahir.vhdl:14858]
WARNING: [Synth 8-6014] Unused sequential element placegen[3].placeBlock.pI/CapGtOne.token_latch_reg was removed.  [/home/aiml/Desktop/IITB_AI_ML/ahir_release/vhdl/ahir.vhdl:14858]
WARNING: [Synth 8-6014] Unused sequential element placegen[1].placeBlock.pI/CapGtOne.token_latch_reg was removed.  [/home/aiml/Desktop/IITB_AI_ML/ahir_release/vhdl/ahir.vhdl:14858]
WARNING: [Synth 8-6014] Unused sequential element placegen[2].placeBlock.pI/CapGtOne.token_latch_reg was removed.  [/home/aiml/Desktop/IITB_AI_ML/ahir_release/vhdl/ahir.vhdl:14858]
WARNING: [Synth 8-6014] Unused sequential element placegen[3].placeBlock.pI/CapGtOne.token_latch_reg was removed.  [/home/aiml/Desktop/IITB_AI_ML/ahir_release/vhdl/ahir.vhdl:14858]
WARNING: [Synth 8-6014] Unused sequential element placegen[4].placeBlock.pI/CapGtOne.token_latch_reg was removed.  [/home/aiml/Desktop/IITB_AI_ML/ahir_release/vhdl/ahir.vhdl:14858]
WARNING: [Synth 8-6014] Unused sequential element placegen[5].placeBlock.pI/CapGtOne.token_latch_reg was removed.  [/home/aiml/Desktop/IITB_AI_ML/ahir_release/vhdl/ahir.vhdl:14858]
WARNING: [Synth 8-6014] Unused sequential element placegen[1].placeBlock.pI/CapGtOne.token_latch_reg was removed.  [/home/aiml/Desktop/IITB_AI_ML/ahir_release/vhdl/ahir.vhdl:14858]
WARNING: [Synth 8-6014] Unused sequential element placegen[2].placeBlock.pI/CapGtOne.token_latch_reg was removed.  [/home/aiml/Desktop/IITB_AI_ML/ahir_release/vhdl/ahir.vhdl:14858]
WARNING: [Synth 8-6014] Unused sequential element placegen[3].placeBlock.pI/CapGtOne.token_latch_reg was removed.  [/home/aiml/Desktop/IITB_AI_ML/ahir_release/vhdl/ahir.vhdl:14858]
WARNING: [Synth 8-6014] Unused sequential element placegen[4].placeBlock.pI/CapGtOne.token_latch_reg was removed.  [/home/aiml/Desktop/IITB_AI_ML/ahir_release/vhdl/ahir.vhdl:14858]
WARNING: [Synth 8-6014] Unused sequential element placegen[5].placeBlock.pI/CapGtOne.token_latch_reg was removed.  [/home/aiml/Desktop/IITB_AI_ML/ahir_release/vhdl/ahir.vhdl:14858]
WARNING: [Synth 8-6014] Unused sequential element placegen[1].placeBlock.pI/CapGtOne.token_latch_reg was removed.  [/home/aiml/Desktop/IITB_AI_ML/ahir_release/vhdl/ahir.vhdl:14858]
WARNING: [Synth 8-6014] Unused sequential element placegen[2].placeBlock.pI/CapGtOne.token_latch_reg was removed.  [/home/aiml/Desktop/IITB_AI_ML/ahir_release/vhdl/ahir.vhdl:14858]
WARNING: [Synth 8-6014] Unused sequential element placegen[3].placeBlock.pI/CapGtOne.token_latch_reg was removed.  [/home/aiml/Desktop/IITB_AI_ML/ahir_release/vhdl/ahir.vhdl:14858]
WARNING: [Synth 8-6014] Unused sequential element placegen[4].placeBlock.pI/CapGtOne.token_latch_reg was removed.  [/home/aiml/Desktop/IITB_AI_ML/ahir_release/vhdl/ahir.vhdl:14858]
WARNING: [Synth 8-6014] Unused sequential element placegen[5].placeBlock.pI/CapGtOne.token_latch_reg was removed.  [/home/aiml/Desktop/IITB_AI_ML/ahir_release/vhdl/ahir.vhdl:14858]
WARNING: [Synth 8-6014] Unused sequential element placegen[1].placeBlock.pI/CapGtOne.token_latch_reg was removed.  [/home/aiml/Desktop/IITB_AI_ML/ahir_release/vhdl/ahir.vhdl:14858]
WARNING: [Synth 8-6014] Unused sequential element placegen[2].placeBlock.pI/CapGtOne.token_latch_reg was removed.  [/home/aiml/Desktop/IITB_AI_ML/ahir_release/vhdl/ahir.vhdl:14858]
WARNING: [Synth 8-6014] Unused sequential element placegen[3].placeBlock.pI/CapGtOne.token_latch_reg was removed.  [/home/aiml/Desktop/IITB_AI_ML/ahir_release/vhdl/ahir.vhdl:14858]
WARNING: [Synth 8-6014] Unused sequential element placegen[4].placeBlock.pI/CapGtOne.token_latch_reg was removed.  [/home/aiml/Desktop/IITB_AI_ML/ahir_release/vhdl/ahir.vhdl:14858]
WARNING: [Synth 8-6014] Unused sequential element placegen[5].placeBlock.pI/CapGtOne.token_latch_reg was removed.  [/home/aiml/Desktop/IITB_AI_ML/ahir_release/vhdl/ahir.vhdl:14858]
WARNING: [Synth 8-6014] Unused sequential element placegen[1].placeBlock.pI/CapGtOne.token_latch_reg was removed.  [/home/aiml/Desktop/IITB_AI_ML/ahir_release/vhdl/ahir.vhdl:14858]
WARNING: [Synth 8-6014] Unused sequential element placegen[1].placeBlock.pI/CapGtOne.token_latch_reg was removed.  [/home/aiml/Desktop/IITB_AI_ML/ahir_release/vhdl/ahir.vhdl:14858]
WARNING: [Synth 8-6014] Unused sequential element placegen[1].placeBlock.pI/CapGtOne.token_latch_reg was removed.  [/home/aiml/Desktop/IITB_AI_ML/ahir_release/vhdl/ahir.vhdl:14858]
WARNING: [Synth 8-6014] Unused sequential element placegen[1].placeBlock.pI/CapGtOne.token_latch_reg was removed.  [/home/aiml/Desktop/IITB_AI_ML/ahir_release/vhdl/ahir.vhdl:14858]
WARNING: [Synth 8-6014] Unused sequential element placegen[1].placeBlock.pI/CapGtOne.token_latch_reg was removed.  [/home/aiml/Desktop/IITB_AI_ML/ahir_release/vhdl/ahir.vhdl:14858]
WARNING: [Synth 8-6014] Unused sequential element placegen[1].placeBlock.pI/CapGtOne.token_latch_reg was removed.  [/home/aiml/Desktop/IITB_AI_ML/ahir_release/vhdl/ahir.vhdl:14858]
WARNING: [Synth 8-6014] Unused sequential element placegen[1].placeBlock.pI/CapGtOne.token_latch_reg was removed.  [/home/aiml/Desktop/IITB_AI_ML/ahir_release/vhdl/ahir.vhdl:14858]
WARNING: [Synth 8-6014] Unused sequential element placegen[2].placeBlock.pI/CapGtOne.token_latch_reg was removed.  [/home/aiml/Desktop/IITB_AI_ML/ahir_release/vhdl/ahir.vhdl:14858]
WARNING: [Synth 8-6014] Unused sequential element placegen[1].placeBlock.pI/CapGtOne.token_latch_reg was removed.  [/home/aiml/Desktop/IITB_AI_ML/ahir_release/vhdl/ahir.vhdl:14858]
WARNING: [Synth 8-6014] Unused sequential element placegen[2].placeBlock.pI/CapGtOne.token_latch_reg was removed.  [/home/aiml/Desktop/IITB_AI_ML/ahir_release/vhdl/ahir.vhdl:14858]
WARNING: [Synth 8-6014] Unused sequential element placegen[1].placeBlock.pI/CapGtOne.token_latch_reg was removed.  [/home/aiml/Desktop/IITB_AI_ML/ahir_release/vhdl/ahir.vhdl:14858]
WARNING: [Synth 8-6014] Unused sequential element placegen[2].placeBlock.pI/CapGtOne.token_latch_reg was removed.  [/home/aiml/Desktop/IITB_AI_ML/ahir_release/vhdl/ahir.vhdl:14858]
WARNING: [Synth 8-6014] Unused sequential element placegen[1].placeBlock.pI/CapGtOne.token_latch_reg was removed.  [/home/aiml/Desktop/IITB_AI_ML/ahir_release/vhdl/ahir.vhdl:14858]
WARNING: [Synth 8-6014] Unused sequential element placegen[2].placeBlock.pI/CapGtOne.token_latch_reg was removed.  [/home/aiml/Desktop/IITB_AI_ML/ahir_release/vhdl/ahir.vhdl:14858]
WARNING: [Synth 8-6014] Unused sequential element placegen[1].placeBlock.pI/CapGtOne.token_latch_reg was removed.  [/home/aiml/Desktop/IITB_AI_ML/ahir_release/vhdl/ahir.vhdl:14858]
WARNING: [Synth 8-6014] Unused sequential element placegen[2].placeBlock.pI/CapGtOne.token_latch_reg was removed.  [/home/aiml/Desktop/IITB_AI_ML/ahir_release/vhdl/ahir.vhdl:14858]
WARNING: [Synth 8-6014] Unused sequential element placegen[3].placeBlock.pI/CapGtOne.token_latch_reg was removed.  [/home/aiml/Desktop/IITB_AI_ML/ahir_release/vhdl/ahir.vhdl:14858]
WARNING: [Synth 8-6014] Unused sequential element placegen[4].placeBlock.pI/CapGtOne.token_latch_reg was removed.  [/home/aiml/Desktop/IITB_AI_ML/ahir_release/vhdl/ahir.vhdl:14858]
WARNING: [Synth 8-6014] Unused sequential element placegen[5].placeBlock.pI/CapGtOne.token_latch_reg was removed.  [/home/aiml/Desktop/IITB_AI_ML/ahir_release/vhdl/ahir.vhdl:14858]
WARNING: [Synth 8-6014] Unused sequential element placegen[6].placeBlock.pI/CapGtOne.token_latch_reg was removed.  [/home/aiml/Desktop/IITB_AI_ML/ahir_release/vhdl/ahir.vhdl:14858]
WARNING: [Synth 8-6014] Unused sequential element trigForkSample/inTransPlaceBlock.pI/CapGtOne.token_latch_reg was removed.  [/home/aiml/Desktop/IITB_AI_ML/ahir_release/vhdl/ahir.vhdl:14858]
WARNING: [Synth 8-6014] Unused sequential element trigForkSample/TrigPlaces[0].placeBlock.pI/CapGtOne.token_latch_reg was removed.  [/home/aiml/Desktop/IITB_AI_ML/ahir_release/vhdl/ahir.vhdl:14858]
WARNING: [Synth 8-6014] Unused sequential element trigForkSample/TrigPlaces[1].placeBlock.pI/CapGtOne.token_latch_reg was removed.  [/home/aiml/Desktop/IITB_AI_ML/ahir_release/vhdl/ahir.vhdl:14858]
WARNING: [Synth 8-6014] Unused sequential element trigForkUpdate/inTransPlaceBlock.pI/CapGtOne.token_latch_reg was removed.  [/home/aiml/Desktop/IITB_AI_ML/ahir_release/vhdl/ahir.vhdl:14858]
WARNING: [Synth 8-6014] Unused sequential element trigForkUpdate/TrigPlaces[0].placeBlock.pI/CapGtOne.token_latch_reg was removed.  [/home/aiml/Desktop/IITB_AI_ML/ahir_release/vhdl/ahir.vhdl:14858]
WARNING: [Synth 8-6014] Unused sequential element trigForkUpdate/TrigPlaces[1].placeBlock.pI/CapGtOne.token_latch_reg was removed.  [/home/aiml/Desktop/IITB_AI_ML/ahir_release/vhdl/ahir.vhdl:14858]
WARNING: [Synth 8-6014] Unused sequential element trigForkSample/inTransPlaceBlock.pI/CapGtOne.token_latch_reg was removed.  [/home/aiml/Desktop/IITB_AI_ML/ahir_release/vhdl/ahir.vhdl:14858]
WARNING: [Synth 8-6014] Unused sequential element trigForkSample/TrigPlaces[0].placeBlock.pI/CapGtOne.token_latch_reg was removed.  [/home/aiml/Desktop/IITB_AI_ML/ahir_release/vhdl/ahir.vhdl:14858]
WARNING: [Synth 8-6014] Unused sequential element trigForkSample/TrigPlaces[1].placeBlock.pI/CapGtOne.token_latch_reg was removed.  [/home/aiml/Desktop/IITB_AI_ML/ahir_release/vhdl/ahir.vhdl:14858]
WARNING: [Synth 8-6014] Unused sequential element trigForkUpdate/inTransPlaceBlock.pI/CapGtOne.token_latch_reg was removed.  [/home/aiml/Desktop/IITB_AI_ML/ahir_release/vhdl/ahir.vhdl:14858]
WARNING: [Synth 8-6014] Unused sequential element trigForkUpdate/TrigPlaces[0].placeBlock.pI/CapGtOne.token_latch_reg was removed.  [/home/aiml/Desktop/IITB_AI_ML/ahir_release/vhdl/ahir.vhdl:14858]
WARNING: [Synth 8-6014] Unused sequential element trigForkUpdate/TrigPlaces[1].placeBlock.pI/CapGtOne.token_latch_reg was removed.  [/home/aiml/Desktop/IITB_AI_ML/ahir_release/vhdl/ahir.vhdl:14858]
WARNING: [Synth 8-6014] Unused sequential element trigForkSample/inTransPlaceBlock.pI/CapGtOne.token_latch_reg was removed.  [/home/aiml/Desktop/IITB_AI_ML/ahir_release/vhdl/ahir.vhdl:14858]
WARNING: [Synth 8-6014] Unused sequential element trigForkSample/TrigPlaces[0].placeBlock.pI/CapGtOne.token_latch_reg was removed.  [/home/aiml/Desktop/IITB_AI_ML/ahir_release/vhdl/ahir.vhdl:14858]
WARNING: [Synth 8-6014] Unused sequential element trigForkSample/TrigPlaces[1].placeBlock.pI/CapGtOne.token_latch_reg was removed.  [/home/aiml/Desktop/IITB_AI_ML/ahir_release/vhdl/ahir.vhdl:14858]
WARNING: [Synth 8-6014] Unused sequential element trigForkUpdate/inTransPlaceBlock.pI/CapGtOne.token_latch_reg was removed.  [/home/aiml/Desktop/IITB_AI_ML/ahir_release/vhdl/ahir.vhdl:14858]
WARNING: [Synth 8-6014] Unused sequential element trigForkUpdate/TrigPlaces[0].placeBlock.pI/CapGtOne.token_latch_reg was removed.  [/home/aiml/Desktop/IITB_AI_ML/ahir_release/vhdl/ahir.vhdl:14858]
WARNING: [Synth 8-6014] Unused sequential element trigForkUpdate/TrigPlaces[1].placeBlock.pI/CapGtOne.token_latch_reg was removed.  [/home/aiml/Desktop/IITB_AI_ML/ahir_release/vhdl/ahir.vhdl:14858]
WARNING: [Synth 8-6014] Unused sequential element trigForkSample/inTransPlaceBlock.pI/CapGtOne.token_latch_reg was removed.  [/home/aiml/Desktop/IITB_AI_ML/ahir_release/vhdl/ahir.vhdl:14858]
WARNING: [Synth 8-6014] Unused sequential element trigForkSample/TrigPlaces[0].placeBlock.pI/CapGtOne.token_latch_reg was removed.  [/home/aiml/Desktop/IITB_AI_ML/ahir_release/vhdl/ahir.vhdl:14858]
WARNING: [Synth 8-6014] Unused sequential element trigForkSample/TrigPlaces[1].placeBlock.pI/CapGtOne.token_latch_reg was removed.  [/home/aiml/Desktop/IITB_AI_ML/ahir_release/vhdl/ahir.vhdl:14858]
WARNING: [Synth 8-6014] Unused sequential element trigForkUpdate/inTransPlaceBlock.pI/CapGtOne.token_latch_reg was removed.  [/home/aiml/Desktop/IITB_AI_ML/ahir_release/vhdl/ahir.vhdl:14858]
WARNING: [Synth 8-6014] Unused sequential element trigForkUpdate/TrigPlaces[0].placeBlock.pI/CapGtOne.token_latch_reg was removed.  [/home/aiml/Desktop/IITB_AI_ML/ahir_release/vhdl/ahir.vhdl:14858]
WARNING: [Synth 8-6014] Unused sequential element trigForkUpdate/TrigPlaces[1].placeBlock.pI/CapGtOne.token_latch_reg was removed.  [/home/aiml/Desktop/IITB_AI_ML/ahir_release/vhdl/ahir.vhdl:14858]
WARNING: [Synth 8-6014] Unused sequential element trigForkSample/inTransPlaceBlock.pI/CapGtOne.token_latch_reg was removed.  [/home/aiml/Desktop/IITB_AI_ML/ahir_release/vhdl/ahir.vhdl:14858]
WARNING: [Synth 8-6014] Unused sequential element trigForkSample/TrigPlaces[0].placeBlock.pI/CapGtOne.token_latch_reg was removed.  [/home/aiml/Desktop/IITB_AI_ML/ahir_release/vhdl/ahir.vhdl:14858]
WARNING: [Synth 8-6014] Unused sequential element trigForkSample/TrigPlaces[1].placeBlock.pI/CapGtOne.token_latch_reg was removed.  [/home/aiml/Desktop/IITB_AI_ML/ahir_release/vhdl/ahir.vhdl:14858]
WARNING: [Synth 8-6014] Unused sequential element trigForkUpdate/inTransPlaceBlock.pI/CapGtOne.token_latch_reg was removed.  [/home/aiml/Desktop/IITB_AI_ML/ahir_release/vhdl/ahir.vhdl:14858]
WARNING: [Synth 8-6014] Unused sequential element trigForkUpdate/TrigPlaces[0].placeBlock.pI/CapGtOne.token_latch_reg was removed.  [/home/aiml/Desktop/IITB_AI_ML/ahir_release/vhdl/ahir.vhdl:14858]
WARNING: [Synth 8-6014] Unused sequential element trigForkUpdate/TrigPlaces[1].placeBlock.pI/CapGtOne.token_latch_reg was removed.  [/home/aiml/Desktop/IITB_AI_ML/ahir_release/vhdl/ahir.vhdl:14858]
INFO: [Synth 8-4471] merging register 'out_buffer_write_req_symbol_join.gj_out_buffer_write_req_symbol_join/placegen[2].placeBlock.dly/UnitDelay.ack_reg' into 'in_buffer_unload_req_symbol_join.gj_in_buffer_unload_req_symbol_join/placegen[2].placeBlock.dly/UnitDelay.ack_reg' [/home/aiml/Desktop/IITB_AI_ML/ahir_release/vhdl/ahir.vhdl:13367]
WARNING: [Synth 8-6014] Unused sequential element out_buffer_write_req_symbol_join.gj_out_buffer_write_req_symbol_join/placegen[2].placeBlock.dly/UnitDelay.ack_reg was removed.  [/home/aiml/Desktop/IITB_AI_ML/ahir_release/vhdl/ahir.vhdl:13367]
INFO: [Synth 8-5546] ROM "result" won't be mapped to RAM because it is too sparse
WARNING: [Synth 8-6014] Unused sequential element  was removed.  [/home/aiml/Desktop/IITB_AI_ML/ahir_release/vhdl/ahir.vhdl:5240]
WARNING: [Synth 8-6014] Unused sequential element  was removed.  [/home/aiml/Desktop/IITB_AI_ML/ahir_release/vhdl/ahir.vhdl:5240]
WARNING: [Synth 8-6014] Unused sequential element sendModule_generic_CP_19659.sendModule_generic_cp_element_group_47.gj_sendModule_generic_cp_element_group_47/placegen[1].placeBlock.pI/CapGtOne.token_latch_reg was removed.  [/home/aiml/Desktop/IITB_AI_ML/ahir_release/vhdl/ahir.vhdl:14858]
WARNING: [Synth 8-6014] Unused sequential element sendModule_generic_CP_19659.sendModule_generic_cp_element_group_48.gj_sendModule_generic_cp_element_group_48/placegen[1].placeBlock.pI/CapGtOne.token_latch_reg was removed.  [/home/aiml/Desktop/IITB_AI_ML/ahir_release/vhdl/ahir.vhdl:14858]
INFO: [Common 17-14] Message 'Synth 8-6014' appears 100 times and further instances of the messages will be disabled. Use the Tcl command set_msg_config to change the current settings.
DSP Report: Generating DSP x, operation Mode is: A2*B2.
DSP Report: register B is absorbed into DSP x.
DSP Report: register A is absorbed into DSP x.
DSP Report: operator x is absorbed into DSP x.
INFO: [Synth 8-5546] ROM "result" won't be mapped to RAM because it is too sparse
INFO: [Synth 8-5546] ROM "result" won't be mapped to RAM because it is too sparse
INFO: [Synth 8-5546] ROM "result" won't be mapped to RAM because it is too sparse
INFO: [Synth 8-5546] ROM "result" won't be mapped to RAM because it is too sparse
INFO: [Synth 8-5546] ROM "result" won't be mapped to RAM because it is too sparse
INFO: [Synth 8-4471] merging register 'out_buffer_write_req_symbol_join.gj_out_buffer_write_req_symbol_join/placegen[2].placeBlock.dly/UnitDelay.ack_reg' into 'in_buffer_unload_req_symbol_join.gj_in_buffer_unload_req_symbol_join/placegen[4].placeBlock.dly/UnitDelay.ack_reg' [/home/aiml/Desktop/IITB_AI_ML/ahir_release/vhdl/ahir.vhdl:13367]
INFO: [Synth 8-5546] ROM "result" won't be mapped to RAM because it is too sparse
INFO: [Synth 8-5546] ROM "result" won't be mapped to RAM because it is too sparse
WARNING: [Synth 8-3331] design SplitGuardInterface__parameterized1315 has unconnected port guards[1]
WARNING: [Synth 8-3331] design SplitGuardInterface__parameterized1313 has unconnected port guards[1]
WARNING: [Synth 8-3331] design SplitOperatorBase has unconnected port dataL[63]
WARNING: [Synth 8-3331] design SplitOperatorBase has unconnected port dataL[62]
WARNING: [Synth 8-3331] design SplitOperatorBase has unconnected port dataL[61]
WARNING: [Synth 8-3331] design SplitOperatorBase has unconnected port dataL[60]
WARNING: [Synth 8-3331] design SplitOperatorBase has unconnected port dataL[59]
WARNING: [Synth 8-3331] design SplitOperatorBase has unconnected port dataL[58]
WARNING: [Synth 8-3331] design SplitOperatorBase has unconnected port dataL[57]
WARNING: [Synth 8-3331] design SplitOperatorBase has unconnected port dataL[56]
WARNING: [Synth 8-3331] design SplitOperatorBase has unconnected port dataL[55]
WARNING: [Synth 8-3331] design SplitOperatorBase has unconnected port dataL[54]
WARNING: [Synth 8-3331] design SplitOperatorBase has unconnected port dataL[53]
WARNING: [Synth 8-3331] design SplitOperatorBase has unconnected port dataL[52]
WARNING: [Synth 8-3331] design SplitOperatorBase has unconnected port dataL[51]
WARNING: [Synth 8-3331] design SplitOperatorBase has unconnected port dataL[50]
WARNING: [Synth 8-3331] design SplitOperatorBase has unconnected port dataL[49]
WARNING: [Synth 8-3331] design SplitOperatorBase has unconnected port dataL[48]
WARNING: [Synth 8-3331] design SplitOperatorBase has unconnected port dataL[47]
WARNING: [Synth 8-3331] design SplitOperatorBase has unconnected port dataL[46]
WARNING: [Synth 8-3331] design SplitOperatorBase has unconnected port dataL[45]
WARNING: [Synth 8-3331] design SplitOperatorBase has unconnected port dataL[44]
WARNING: [Synth 8-3331] design SplitOperatorBase has unconnected port dataL[43]
WARNING: [Synth 8-3331] design SplitOperatorBase has unconnected port dataL[42]
WARNING: [Synth 8-3331] design SplitOperatorBase has unconnected port dataL[41]
WARNING: [Synth 8-3331] design SplitOperatorBase has unconnected port dataL[40]
WARNING: [Synth 8-3331] design SplitOperatorBase has unconnected port dataL[39]
WARNING: [Synth 8-3331] design SplitOperatorBase has unconnected port dataL[38]
WARNING: [Synth 8-3331] design SplitOperatorBase has unconnected port dataL[37]
WARNING: [Synth 8-3331] design SplitOperatorBase has unconnected port dataL[36]
WARNING: [Synth 8-3331] design SplitOperatorBase has unconnected port dataL[35]
WARNING: [Synth 8-3331] design SplitOperatorBase has unconnected port dataL[34]
WARNING: [Synth 8-3331] design SplitOperatorBase has unconnected port dataL[33]
WARNING: [Synth 8-3331] design SplitOperatorBase has unconnected port dataL[32]
WARNING: [Synth 8-3331] design SplitOperatorBase has unconnected port dataL[31]
WARNING: [Synth 8-3331] design SplitOperatorBase has unconnected port dataL[30]
WARNING: [Synth 8-3331] design SplitOperatorBase has unconnected port dataL[29]
WARNING: [Synth 8-3331] design SplitOperatorBase has unconnected port dataL[28]
WARNING: [Synth 8-3331] design SplitOperatorBase has unconnected port dataL[27]
WARNING: [Synth 8-3331] design SplitOperatorBase has unconnected port dataL[26]
WARNING: [Synth 8-3331] design SplitOperatorBase has unconnected port dataL[25]
WARNING: [Synth 8-3331] design SplitOperatorBase has unconnected port dataL[24]
WARNING: [Synth 8-3331] design SplitOperatorBase has unconnected port dataL[23]
WARNING: [Synth 8-3331] design SplitOperatorBase has unconnected port dataL[22]
WARNING: [Synth 8-3331] design SplitOperatorBase has unconnected port dataL[21]
WARNING: [Synth 8-3331] design SplitOperatorBase has unconnected port dataL[20]
WARNING: [Synth 8-3331] design SplitOperatorBase has unconnected port dataL[19]
WARNING: [Synth 8-3331] design SplitOperatorBase has unconnected port dataL[18]
WARNING: [Synth 8-3331] design SplitOperatorBase has unconnected port dataL[17]
WARNING: [Synth 8-3331] design SplitOperatorBase has unconnected port dataL[16]
WARNING: [Synth 8-3331] design SplitOperatorBase has unconnected port dataL[15]
WARNING: [Synth 8-3331] design SplitOperatorBase has unconnected port dataL[14]
WARNING: [Synth 8-3331] design SplitOperatorBase has unconnected port dataL[13]
WARNING: [Synth 8-3331] design SplitOperatorBase has unconnected port dataL[12]
WARNING: [Synth 8-3331] design SplitOperatorBase has unconnected port dataL[11]
WARNING: [Synth 8-3331] design SplitOperatorBase has unconnected port dataL[10]
WARNING: [Synth 8-3331] design SplitOperatorBase has unconnected port dataL[9]
WARNING: [Synth 8-3331] design SplitOperatorBase has unconnected port dataL[8]
WARNING: [Synth 8-3331] design SplitOperatorBase has unconnected port dataL[7]
WARNING: [Synth 8-3331] design SplitOperatorBase has unconnected port clk
WARNING: [Synth 8-3331] design SplitOperatorBase has unconnected port reset
INFO: [Synth 8-3886] merging instance 'sendModule_generic_instance/data_path.readModule_convolution2_call_group_0.CallReq/RxGen[1].rxBuf/FRR.bufRptr/data_reg_reg[29]' (FDE) to 'sendModule_generic_instance/data_path.readModule_convolution2_call_group_0.CallReq/RxGen[1].rxBuf/FRR.bufRptr/data_reg_reg[30]'
INFO: [Synth 8-3886] merging instance 'sendModule_generic_instance/data_path.readModule_convolution2_call_group_0.CallReq/RxGen[0].rxBuf/FRR.bufRptr/data_reg_reg[29]' (FDE) to 'sendModule_generic_instance/data_path.readModule_convolution2_call_group_0.CallReq/RxGen[0].rxBuf/FRR.bufRptr/data_reg_reg[30]'
INFO: [Synth 8-3886] merging instance 'sendModule_generic_instance/data_path.readModule_convolution2_call_group_0.CallReq/RxGen[1].rxBuf/FRR.bufRptr/data_reg_reg[30]' (FDE) to 'sendModule_generic_instance/data_path.readModule_convolution2_call_group_0.CallReq/RxGen[1].rxBuf/FRR.bufRptr/data_reg_reg[31]'
INFO: [Synth 8-3886] merging instance 'sendModule_generic_instance/data_path.readModule_convolution2_call_group_0.CallReq/RxGen[0].rxBuf/FRR.bufRptr/data_reg_reg[30]' (FDE) to 'sendModule_generic_instance/data_path.readModule_convolution2_call_group_0.CallReq/RxGen[0].rxBuf/FRR.bufRptr/data_reg_reg[31]'
INFO: [Synth 8-3333] propagating constant 0 across sequential element (sendModule_generic_instance/\data_path.readModule_convolution2_call_group_0.CallReq /\RxGen[1].rxBuf/FRR.bufRptr/data_reg_reg[31] )
INFO: [Synth 8-3333] propagating constant 0 across sequential element (sendModule_generic_instance/\data_path.readModule_convolution2_call_group_0.CallReq /\RxGen[0].rxBuf/FRR.bufRptr/data_reg_reg[31] )
INFO: [Synth 8-3886] merging instance 'sendModule_generic_instance/data_path.type_cast_11185_inst_block.type_cast_11185_inst/NoFlowThrough.interlockBuf.buf/NotRevisedCase.ShallowCase.ulReg/noBypass.read_data_reg[16]' (FDRE) to 'sendModule_generic_instance/data_path.type_cast_11185_inst_block.type_cast_11185_inst/NoFlowThrough.interlockBuf.buf/NotRevisedCase.ShallowCase.ulReg/noBypass.read_data_reg[31]'
INFO: [Synth 8-3886] merging instance 'sendModule_generic_instance/data_path.type_cast_11185_inst_block.type_cast_11185_inst/NoFlowThrough.interlockBuf.buf/NotRevisedCase.ShallowCase.ulReg/noBypass.read_data_reg[17]' (FDRE) to 'sendModule_generic_instance/data_path.type_cast_11185_inst_block.type_cast_11185_inst/NoFlowThrough.interlockBuf.buf/NotRevisedCase.ShallowCase.ulReg/noBypass.read_data_reg[31]'
INFO: [Synth 8-3886] merging instance 'sendModule_generic_instance/data_path.type_cast_11185_inst_block.type_cast_11185_inst/NoFlowThrough.interlockBuf.buf/NotRevisedCase.ShallowCase.ulReg/noBypass.read_data_reg[18]' (FDRE) to 'sendModule_generic_instance/data_path.type_cast_11185_inst_block.type_cast_11185_inst/NoFlowThrough.interlockBuf.buf/NotRevisedCase.ShallowCase.ulReg/noBypass.read_data_reg[31]'
INFO: [Synth 8-3886] merging instance 'sendModule_generic_instance/data_path.type_cast_11185_inst_block.type_cast_11185_inst/NoFlowThrough.interlockBuf.buf/NotRevisedCase.ShallowCase.ulReg/noBypass.read_data_reg[19]' (FDRE) to 'sendModule_generic_instance/data_path.type_cast_11185_inst_block.type_cast_11185_inst/NoFlowThrough.interlockBuf.buf/NotRevisedCase.ShallowCase.ulReg/noBypass.read_data_reg[31]'
INFO: [Synth 8-3886] merging instance 'sendModule_generic_instance/data_path.type_cast_11185_inst_block.type_cast_11185_inst/NoFlowThrough.interlockBuf.buf/NotRevisedCase.ShallowCase.ulReg/noBypass.read_data_reg[20]' (FDRE) to 'sendModule_generic_instance/data_path.type_cast_11185_inst_block.type_cast_11185_inst/NoFlowThrough.interlockBuf.buf/NotRevisedCase.ShallowCase.ulReg/noBypass.read_data_reg[31]'
INFO: [Synth 8-3886] merging instance 'sendModule_generic_instance/data_path.type_cast_11185_inst_block.type_cast_11185_inst/NoFlowThrough.interlockBuf.buf/NotRevisedCase.ShallowCase.ulReg/noBypass.read_data_reg[21]' (FDRE) to 'sendModule_generic_instance/data_path.type_cast_11185_inst_block.type_cast_11185_inst/NoFlowThrough.interlockBuf.buf/NotRevisedCase.ShallowCase.ulReg/noBypass.read_data_reg[31]'
INFO: [Synth 8-3886] merging instance 'sendModule_generic_instance/data_path.type_cast_11185_inst_block.type_cast_11185_inst/NoFlowThrough.interlockBuf.buf/NotRevisedCase.ShallowCase.ulReg/noBypass.read_data_reg[22]' (FDRE) to 'sendModule_generic_instance/data_path.type_cast_11185_inst_block.type_cast_11185_inst/NoFlowThrough.interlockBuf.buf/NotRevisedCase.ShallowCase.ulReg/noBypass.read_data_reg[31]'
INFO: [Synth 8-3886] merging instance 'sendModule_generic_instance/data_path.type_cast_11185_inst_block.type_cast_11185_inst/NoFlowThrough.interlockBuf.buf/NotRevisedCase.ShallowCase.ulReg/noBypass.read_data_reg[23]' (FDRE) to 'sendModule_generic_instance/data_path.type_cast_11185_inst_block.type_cast_11185_inst/NoFlowThrough.interlockBuf.buf/NotRevisedCase.ShallowCase.ulReg/noBypass.read_data_reg[31]'
INFO: [Synth 8-3886] merging instance 'sendModule_generic_instance/data_path.type_cast_11185_inst_block.type_cast_11185_inst/NoFlowThrough.interlockBuf.buf/NotRevisedCase.ShallowCase.ulReg/noBypass.read_data_reg[24]' (FDRE) to 'sendModule_generic_instance/data_path.type_cast_11185_inst_block.type_cast_11185_inst/NoFlowThrough.interlockBuf.buf/NotRevisedCase.ShallowCase.ulReg/noBypass.read_data_reg[31]'
INFO: [Synth 8-3886] merging instance 'sendModule_generic_instance/data_path.type_cast_11185_inst_block.type_cast_11185_inst/NoFlowThrough.interlockBuf.buf/NotRevisedCase.ShallowCase.ulReg/noBypass.read_data_reg[25]' (FDRE) to 'sendModule_generic_instance/data_path.type_cast_11185_inst_block.type_cast_11185_inst/NoFlowThrough.interlockBuf.buf/NotRevisedCase.ShallowCase.ulReg/noBypass.read_data_reg[31]'
INFO: [Synth 8-3886] merging instance 'sendModule_generic_instance/data_path.type_cast_11185_inst_block.type_cast_11185_inst/NoFlowThrough.interlockBuf.buf/NotRevisedCase.ShallowCase.ulReg/noBypass.read_data_reg[26]' (FDRE) to 'sendModule_generic_instance/data_path.type_cast_11185_inst_block.type_cast_11185_inst/NoFlowThrough.interlockBuf.buf/NotRevisedCase.ShallowCase.ulReg/noBypass.read_data_reg[31]'
INFO: [Synth 8-3886] merging instance 'sendModule_generic_instance/data_path.type_cast_11185_inst_block.type_cast_11185_inst/NoFlowThrough.interlockBuf.buf/NotRevisedCase.ShallowCase.ulReg/noBypass.read_data_reg[27]' (FDRE) to 'sendModule_generic_instance/data_path.type_cast_11185_inst_block.type_cast_11185_inst/NoFlowThrough.interlockBuf.buf/NotRevisedCase.ShallowCase.ulReg/noBypass.read_data_reg[31]'
INFO: [Synth 8-3886] merging instance 'sendModule_generic_instance/data_path.type_cast_11185_inst_block.type_cast_11185_inst/NoFlowThrough.interlockBuf.buf/NotRevisedCase.ShallowCase.ulReg/noBypass.read_data_reg[28]' (FDRE) to 'sendModule_generic_instance/data_path.type_cast_11185_inst_block.type_cast_11185_inst/NoFlowThrough.interlockBuf.buf/NotRevisedCase.ShallowCase.ulReg/noBypass.read_data_reg[31]'
INFO: [Synth 8-3886] merging instance 'sendModule_generic_instance/data_path.type_cast_11185_inst_block.type_cast_11185_inst/NoFlowThrough.interlockBuf.buf/NotRevisedCase.ShallowCase.ulReg/noBypass.read_data_reg[29]' (FDRE) to 'sendModule_generic_instance/data_path.type_cast_11185_inst_block.type_cast_11185_inst/NoFlowThrough.interlockBuf.buf/NotRevisedCase.ShallowCase.ulReg/noBypass.read_data_reg[31]'
INFO: [Synth 8-3886] merging instance 'sendModule_generic_instance/data_path.type_cast_11185_inst_block.type_cast_11185_inst/NoFlowThrough.interlockBuf.buf/NotRevisedCase.ShallowCase.ulReg/noBypass.read_data_reg[30]' (FDRE) to 'sendModule_generic_instance/data_path.type_cast_11185_inst_block.type_cast_11185_inst/NoFlowThrough.interlockBuf.buf/NotRevisedCase.ShallowCase.ulReg/noBypass.read_data_reg[31]'
INFO: [Synth 8-3333] propagating constant 0 across sequential element (sendModule_generic_instance/\data_path.type_cast_11185_inst_block.type_cast_11185_inst/NoFlowThrough.interlockBuf.buf/NotRevisedCase.ShallowCase.ulReg/noBypass.read_data_reg[31] )
INFO: [Synth 8-3886] merging instance 'readModule_convolution2_instance/in_buffer_unload_req_symbol_join.gj_in_buffer_unload_req_symbol_join/placegen[4].placeBlock.dly/UnitDelay.ack_reg' (FDR) to 'readModule_convolution2_instance/out_buffer_write_req_symbol_join.gj_out_buffer_write_req_symbol_join/placegen[2].placeBlock.dly/UnitDelay.ack_reg'
INFO: [Synth 8-3886] merging instance 'readModule_convolution_instance/data_path.memoryModule_call_group_0.CallReq/RxGen[1].rxBuf/FRR.bufRptr/data_reg_reg[0]' (FDE) to 'readModule_convolution_instance/data_path.memoryModule_call_group_0.CallReq/RxGen[1].rxBuf/FRR.bufRptr/data_reg_reg[1]'
INFO: [Synth 8-3886] merging instance 'readModule_convolution_instance/data_path.memoryModule_call_group_0.CallReq/RxGen[0].rxBuf/FRR.bufRptr/data_reg_reg[0]' (FDE) to 'readModule_convolution_instance/data_path.memoryModule_call_group_0.CallReq/RxGen[0].rxBuf/FRR.bufRptr/data_reg_reg[1]'
INFO: [Synth 8-3886] merging instance 'readModule_convolution2_instance/data_path.memoryModule_call_group_0.CallReq/RxGen[4].rxBuf/FRR.bufRptr/data_reg_reg[0]' (FDE) to 'readModule_convolution2_instance/data_path.memoryModule_call_group_0.CallReq/RxGen[4].rxBuf/FRR.bufRptr/data_reg_reg[1]'
INFO: [Synth 8-3886] merging instance 'readModule_convolution2_instance/data_path.memoryModule_call_group_0.CallReq/RxGen[3].rxBuf/FRR.bufRptr/data_reg_reg[0]' (FDE) to 'readModule_convolution2_instance/data_path.memoryModule_call_group_0.CallReq/RxGen[3].rxBuf/FRR.bufRptr/data_reg_reg[1]'
INFO: [Synth 8-3886] merging instance 'readModule_convolution2_instance/data_path.memoryModule_call_group_0.CallReq/RxGen[2].rxBuf/FRR.bufRptr/data_reg_reg[0]' (FDE) to 'readModule_convolution2_instance/data_path.memoryModule_call_group_0.CallReq/RxGen[2].rxBuf/FRR.bufRptr/data_reg_reg[1]'
INFO: [Synth 8-3886] merging instance 'readModule_convolution2_instance/data_path.memoryModule_call_group_0.CallReq/RxGen[1].rxBuf/FRR.bufRptr/data_reg_reg[0]' (FDE) to 'readModule_convolution2_instance/data_path.memoryModule_call_group_0.CallReq/RxGen[1].rxBuf/FRR.bufRptr/data_reg_reg[1]'
INFO: [Synth 8-3886] merging instance 'readModule_convolution2_instance/data_path.memoryModule_call_group_0.CallReq/RxGen[0].rxBuf/FRR.bufRptr/data_reg_reg[0]' (FDE) to 'readModule_convolution2_instance/data_path.memoryModule_call_group_0.CallReq/RxGen[0].rxBuf/FRR.bufRptr/data_reg_reg[1]'
INFO: [Synth 8-3886] merging instance 'readModule_convolution_instance/data_path.memoryModule_call_group_0.CallReq/RxGen[1].rxBuf/FRR.bufRptr/data_reg_reg[1]' (FDE) to 'readModule_convolution_instance/data_path.memoryModule_call_group_0.CallReq/RxGen[1].rxBuf/FRR.bufRptr/data_reg_reg[2]'
INFO: [Synth 8-3886] merging instance 'readModule_convolution_instance/data_path.memoryModule_call_group_0.CallReq/RxGen[0].rxBuf/FRR.bufRptr/data_reg_reg[1]' (FDE) to 'readModule_convolution_instance/data_path.memoryModule_call_group_0.CallReq/RxGen[0].rxBuf/FRR.bufRptr/data_reg_reg[2]'
INFO: [Synth 8-3886] merging instance 'readModule_convolution2_instance/data_path.memoryModule_call_group_0.CallReq/RxGen[4].rxBuf/FRR.bufRptr/data_reg_reg[1]' (FDE) to 'readModule_convolution2_instance/data_path.memoryModule_call_group_0.CallReq/RxGen[4].rxBuf/FRR.bufRptr/data_reg_reg[2]'
INFO: [Synth 8-3886] merging instance 'readModule_convolution2_instance/data_path.memoryModule_call_group_0.CallReq/RxGen[3].rxBuf/FRR.bufRptr/data_reg_reg[1]' (FDE) to 'readModule_convolution2_instance/data_path.memoryModule_call_group_0.CallReq/RxGen[3].rxBuf/FRR.bufRptr/data_reg_reg[2]'
INFO: [Synth 8-3886] merging instance 'readModule_convolution2_instance/data_path.memoryModule_call_group_0.CallReq/RxGen[2].rxBuf/FRR.bufRptr/data_reg_reg[1]' (FDE) to 'readModule_convolution2_instance/data_path.memoryModule_call_group_0.CallReq/RxGen[2].rxBuf/FRR.bufRptr/data_reg_reg[2]'
INFO: [Synth 8-3886] merging instance 'readModule_convolution2_instance/data_path.memoryModule_call_group_0.CallReq/RxGen[1].rxBuf/FRR.bufRptr/data_reg_reg[1]' (FDE) to 'readModule_convolution2_instance/data_path.memoryModule_call_group_0.CallReq/RxGen[1].rxBuf/FRR.bufRptr/data_reg_reg[2]'
INFO: [Synth 8-3886] merging instance 'readModule_convolution2_instance/data_path.memoryModule_call_group_0.CallReq/RxGen[0].rxBuf/FRR.bufRptr/data_reg_reg[1]' (FDE) to 'readModule_convolution2_instance/data_path.memoryModule_call_group_0.CallReq/RxGen[0].rxBuf/FRR.bufRptr/data_reg_reg[2]'
INFO: [Synth 8-3886] merging instance 'readModule_convolution_instance/data_path.memoryModule_call_group_0.CallReq/RxGen[1].rxBuf/FRR.bufRptr/data_reg_reg[2]' (FDE) to 'readModule_convolution_instance/data_path.memoryModule_call_group_0.CallReq/RxGen[1].rxBuf/FRR.bufRptr/data_reg_reg[3]'
INFO: [Synth 8-3886] merging instance 'readModule_convolution_instance/data_path.memoryModule_call_group_0.CallReq/RxGen[0].rxBuf/FRR.bufRptr/data_reg_reg[2]' (FDE) to 'readModule_convolution_instance/data_path.memoryModule_call_group_0.CallReq/RxGen[0].rxBuf/FRR.bufRptr/data_reg_reg[3]'
INFO: [Synth 8-3886] merging instance 'readModule_convolution2_instance/data_path.memoryModule_call_group_0.CallReq/RxGen[4].rxBuf/FRR.bufRptr/data_reg_reg[2]' (FDE) to 'readModule_convolution2_instance/data_path.memoryModule_call_group_0.CallReq/RxGen[4].rxBuf/FRR.bufRptr/data_reg_reg[3]'
INFO: [Synth 8-3886] merging instance 'readModule_convolution2_instance/data_path.memoryModule_call_group_0.CallReq/RxGen[3].rxBuf/FRR.bufRptr/data_reg_reg[2]' (FDE) to 'readModule_convolution2_instance/data_path.memoryModule_call_group_0.CallReq/RxGen[3].rxBuf/FRR.bufRptr/data_reg_reg[3]'
INFO: [Synth 8-3886] merging instance 'readModule_convolution2_instance/data_path.memoryModule_call_group_0.CallReq/RxGen[2].rxBuf/FRR.bufRptr/data_reg_reg[2]' (FDE) to 'readModule_convolution2_instance/data_path.memoryModule_call_group_0.CallReq/RxGen[2].rxBuf/FRR.bufRptr/data_reg_reg[3]'
INFO: [Synth 8-3886] merging instance 'readModule_convolution2_instance/data_path.memoryModule_call_group_0.CallReq/RxGen[1].rxBuf/FRR.bufRptr/data_reg_reg[2]' (FDE) to 'readModule_convolution2_instance/data_path.memoryModule_call_group_0.CallReq/RxGen[1].rxBuf/FRR.bufRptr/data_reg_reg[3]'
INFO: [Synth 8-3886] merging instance 'readModule_convolution2_instance/data_path.memoryModule_call_group_0.CallReq/RxGen[0].rxBuf/FRR.bufRptr/data_reg_reg[2]' (FDE) to 'readModule_convolution2_instance/data_path.memoryModule_call_group_0.CallReq/RxGen[0].rxBuf/FRR.bufRptr/data_reg_reg[3]'
INFO: [Synth 8-3886] merging instance 'readModule_convolution_instance/data_path.memoryModule_call_group_0.CallReq/RxGen[1].rxBuf/FRR.bufRptr/data_reg_reg[3]' (FDE) to 'readModule_convolution_instance/data_path.memoryModule_call_group_0.CallReq/RxGen[1].rxBuf/FRR.bufRptr/data_reg_reg[4]'
INFO: [Synth 8-3886] merging instance 'readModule_convolution_instance/data_path.memoryModule_call_group_0.CallReq/RxGen[0].rxBuf/FRR.bufRptr/data_reg_reg[3]' (FDE) to 'readModule_convolution_instance/data_path.memoryModule_call_group_0.CallReq/RxGen[0].rxBuf/FRR.bufRptr/data_reg_reg[4]'
INFO: [Synth 8-3886] merging instance 'readModule_convolution2_instance/data_path.memoryModule_call_group_0.CallReq/RxGen[4].rxBuf/FRR.bufRptr/data_reg_reg[3]' (FDE) to 'readModule_convolution2_instance/data_path.memoryModule_call_group_0.CallReq/RxGen[4].rxBuf/FRR.bufRptr/data_reg_reg[4]'
INFO: [Synth 8-3886] merging instance 'readModule_convolution2_instance/data_path.memoryModule_call_group_0.CallReq/RxGen[3].rxBuf/FRR.bufRptr/data_reg_reg[3]' (FDE) to 'readModule_convolution2_instance/data_path.memoryModule_call_group_0.CallReq/RxGen[3].rxBuf/FRR.bufRptr/data_reg_reg[4]'
INFO: [Synth 8-3886] merging instance 'readModule_convolution2_instance/data_path.memoryModule_call_group_0.CallReq/RxGen[2].rxBuf/FRR.bufRptr/data_reg_reg[3]' (FDE) to 'readModule_convolution2_instance/data_path.memoryModule_call_group_0.CallReq/RxGen[2].rxBuf/FRR.bufRptr/data_reg_reg[4]'
INFO: [Synth 8-3886] merging instance 'readModule_convolution2_instance/data_path.memoryModule_call_group_0.CallReq/RxGen[1].rxBuf/FRR.bufRptr/data_reg_reg[3]' (FDE) to 'readModule_convolution2_instance/data_path.memoryModule_call_group_0.CallReq/RxGen[1].rxBuf/FRR.bufRptr/data_reg_reg[4]'
INFO: [Synth 8-3886] merging instance 'readModule_convolution2_instance/data_path.memoryModule_call_group_0.CallReq/RxGen[0].rxBuf/FRR.bufRptr/data_reg_reg[3]' (FDE) to 'readModule_convolution2_instance/data_path.memoryModule_call_group_0.CallReq/RxGen[0].rxBuf/FRR.bufRptr/data_reg_reg[4]'
INFO: [Synth 8-3886] merging instance 'readModule_convolution_instance/data_path.memoryModule_call_group_0.CallReq/RxGen[1].rxBuf/FRR.bufRptr/data_reg_reg[4]' (FDE) to 'readModule_convolution_instance/data_path.memoryModule_call_group_0.CallReq/RxGen[1].rxBuf/FRR.bufRptr/data_reg_reg[5]'
INFO: [Synth 8-3886] merging instance 'readModule_convolution_instance/data_path.memoryModule_call_group_0.CallReq/RxGen[0].rxBuf/FRR.bufRptr/data_reg_reg[4]' (FDE) to 'readModule_convolution_instance/data_path.memoryModule_call_group_0.CallReq/RxGen[0].rxBuf/FRR.bufRptr/data_reg_reg[5]'
INFO: [Synth 8-3886] merging instance 'readModule_convolution2_instance/data_path.memoryModule_call_group_0.CallReq/RxGen[4].rxBuf/FRR.bufRptr/data_reg_reg[4]' (FDE) to 'readModule_convolution2_instance/data_path.memoryModule_call_group_0.CallReq/RxGen[4].rxBuf/FRR.bufRptr/data_reg_reg[5]'
INFO: [Synth 8-3886] merging instance 'readModule_convolution2_instance/data_path.memoryModule_call_group_0.CallReq/RxGen[3].rxBuf/FRR.bufRptr/data_reg_reg[4]' (FDE) to 'readModule_convolution2_instance/data_path.memoryModule_call_group_0.CallReq/RxGen[3].rxBuf/FRR.bufRptr/data_reg_reg[5]'
INFO: [Synth 8-3886] merging instance 'readModule_convolution2_instance/data_path.memoryModule_call_group_0.CallReq/RxGen[2].rxBuf/FRR.bufRptr/data_reg_reg[4]' (FDE) to 'readModule_convolution2_instance/data_path.memoryModule_call_group_0.CallReq/RxGen[2].rxBuf/FRR.bufRptr/data_reg_reg[5]'
INFO: [Synth 8-3886] merging instance 'readModule_convolution2_instance/data_path.memoryModule_call_group_0.CallReq/RxGen[1].rxBuf/FRR.bufRptr/data_reg_reg[4]' (FDE) to 'readModule_convolution2_instance/data_path.memoryModule_call_group_0.CallReq/RxGen[1].rxBuf/FRR.bufRptr/data_reg_reg[5]'
INFO: [Synth 8-3886] merging instance 'readModule_convolution2_instance/data_path.memoryModule_call_group_0.CallReq/RxGen[0].rxBuf/FRR.bufRptr/data_reg_reg[4]' (FDE) to 'readModule_convolution2_instance/data_path.memoryModule_call_group_0.CallReq/RxGen[0].rxBuf/FRR.bufRptr/data_reg_reg[5]'
INFO: [Synth 8-3886] merging instance 'readModule_convolution_instance/data_path.memoryModule_call_group_0.CallReq/RxGen[1].rxBuf/FRR.bufRptr/data_reg_reg[5]' (FDE) to 'readModule_convolution_instance/data_path.memoryModule_call_group_0.CallReq/RxGen[1].rxBuf/FRR.bufRptr/data_reg_reg[6]'
INFO: [Synth 8-3886] merging instance 'readModule_convolution_instance/data_path.memoryModule_call_group_0.CallReq/RxGen[0].rxBuf/FRR.bufRptr/data_reg_reg[5]' (FDE) to 'readModule_convolution_instance/data_path.memoryModule_call_group_0.CallReq/RxGen[0].rxBuf/FRR.bufRptr/data_reg_reg[6]'
INFO: [Synth 8-3886] merging instance 'readModule_convolution2_instance/data_path.memoryModule_call_group_0.CallReq/RxGen[4].rxBuf/FRR.bufRptr/data_reg_reg[5]' (FDE) to 'readModule_convolution2_instance/data_path.memoryModule_call_group_0.CallReq/RxGen[4].rxBuf/FRR.bufRptr/data_reg_reg[6]'
INFO: [Synth 8-3886] merging instance 'readModule_convolution2_instance/data_path.memoryModule_call_group_0.CallReq/RxGen[3].rxBuf/FRR.bufRptr/data_reg_reg[5]' (FDE) to 'readModule_convolution2_instance/data_path.memoryModule_call_group_0.CallReq/RxGen[3].rxBuf/FRR.bufRptr/data_reg_reg[6]'
INFO: [Synth 8-3886] merging instance 'readModule_convolution2_instance/data_path.memoryModule_call_group_0.CallReq/RxGen[2].rxBuf/FRR.bufRptr/data_reg_reg[5]' (FDE) to 'readModule_convolution2_instance/data_path.memoryModule_call_group_0.CallReq/RxGen[2].rxBuf/FRR.bufRptr/data_reg_reg[6]'
INFO: [Synth 8-3886] merging instance 'readModule_convolution2_instance/data_path.memoryModule_call_group_0.CallReq/RxGen[1].rxBuf/FRR.bufRptr/data_reg_reg[5]' (FDE) to 'readModule_convolution2_instance/data_path.memoryModule_call_group_0.CallReq/RxGen[1].rxBuf/FRR.bufRptr/data_reg_reg[6]'
INFO: [Synth 8-3886] merging instance 'readModule_convolution2_instance/data_path.memoryModule_call_group_0.CallReq/RxGen[0].rxBuf/FRR.bufRptr/data_reg_reg[5]' (FDE) to 'readModule_convolution2_instance/data_path.memoryModule_call_group_0.CallReq/RxGen[0].rxBuf/FRR.bufRptr/data_reg_reg[6]'
INFO: [Synth 8-3886] merging instance 'readModule_convolution_instance/data_path.memoryModule_call_group_0.CallReq/RxGen[1].rxBuf/FRR.bufRptr/data_reg_reg[6]' (FDE) to 'readModule_convolution_instance/data_path.memoryModule_call_group_0.CallReq/RxGen[1].rxBuf/FRR.bufRptr/data_reg_reg[7]'
INFO: [Synth 8-3886] merging instance 'readModule_convolution_instance/data_path.memoryModule_call_group_0.CallReq/RxGen[0].rxBuf/FRR.bufRptr/data_reg_reg[6]' (FDE) to 'readModule_convolution_instance/data_path.memoryModule_call_group_0.CallReq/RxGen[0].rxBuf/FRR.bufRptr/data_reg_reg[7]'
INFO: [Synth 8-3886] merging instance 'readModule_convolution2_instance/data_path.memoryModule_call_group_0.CallReq/RxGen[4].rxBuf/FRR.bufRptr/data_reg_reg[6]' (FDE) to 'readModule_convolution2_instance/data_path.memoryModule_call_group_0.CallReq/RxGen[4].rxBuf/FRR.bufRptr/data_reg_reg[7]'
INFO: [Synth 8-3886] merging instance 'readModule_convolution2_instance/data_path.memoryModule_call_group_0.CallReq/RxGen[3].rxBuf/FRR.bufRptr/data_reg_reg[6]' (FDE) to 'readModule_convolution2_instance/data_path.memoryModule_call_group_0.CallReq/RxGen[3].rxBuf/FRR.bufRptr/data_reg_reg[7]'
INFO: [Synth 8-3886] merging instance 'readModule_convolution2_instance/data_path.memoryModule_call_group_0.CallReq/RxGen[2].rxBuf/FRR.bufRptr/data_reg_reg[6]' (FDE) to 'readModule_convolution2_instance/data_path.memoryModule_call_group_0.CallReq/RxGen[2].rxBuf/FRR.bufRptr/data_reg_reg[7]'
INFO: [Synth 8-3886] merging instance 'readModule_convolution2_instance/data_path.memoryModule_call_group_0.CallReq/RxGen[1].rxBuf/FRR.bufRptr/data_reg_reg[6]' (FDE) to 'readModule_convolution2_instance/data_path.memoryModule_call_group_0.CallReq/RxGen[1].rxBuf/FRR.bufRptr/data_reg_reg[7]'
INFO: [Synth 8-3886] merging instance 'readModule_convolution2_instance/data_path.memoryModule_call_group_0.CallReq/RxGen[0].rxBuf/FRR.bufRptr/data_reg_reg[6]' (FDE) to 'readModule_convolution2_instance/data_path.memoryModule_call_group_0.CallReq/RxGen[0].rxBuf/FRR.bufRptr/data_reg_reg[7]'
INFO: [Synth 8-3886] merging instance 'readModule_convolution_instance/data_path.memoryModule_call_group_0.CallReq/RxGen[1].rxBuf/FRR.bufRptr/data_reg_reg[7]' (FDE) to 'readModule_convolution_instance/data_path.memoryModule_call_group_0.CallReq/RxGen[1].rxBuf/FRR.bufRptr/data_reg_reg[8]'
INFO: [Synth 8-3886] merging instance 'readModule_convolution_instance/data_path.memoryModule_call_group_0.CallReq/RxGen[0].rxBuf/FRR.bufRptr/data_reg_reg[7]' (FDE) to 'readModule_convolution_instance/data_path.memoryModule_call_group_0.CallReq/RxGen[0].rxBuf/FRR.bufRptr/data_reg_reg[8]'
INFO: [Synth 8-3886] merging instance 'readModule_convolution2_instance/data_path.memoryModule_call_group_0.CallReq/RxGen[4].rxBuf/FRR.bufRptr/data_reg_reg[7]' (FDE) to 'readModule_convolution2_instance/data_path.memoryModule_call_group_0.CallReq/RxGen[4].rxBuf/FRR.bufRptr/data_reg_reg[8]'
INFO: [Synth 8-3886] merging instance 'readModule_convolution2_instance/data_path.memoryModule_call_group_0.CallReq/RxGen[3].rxBuf/FRR.bufRptr/data_reg_reg[7]' (FDE) to 'readModule_convolution2_instance/data_path.memoryModule_call_group_0.CallReq/RxGen[3].rxBuf/FRR.bufRptr/data_reg_reg[8]'
INFO: [Synth 8-3886] merging instance 'readModule_convolution2_instance/data_path.memoryModule_call_group_0.CallReq/RxGen[2].rxBuf/FRR.bufRptr/data_reg_reg[7]' (FDE) to 'readModule_convolution2_instance/data_path.memoryModule_call_group_0.CallReq/RxGen[2].rxBuf/FRR.bufRptr/data_reg_reg[8]'
INFO: [Synth 8-3886] merging instance 'readModule_convolution2_instance/data_path.memoryModule_call_group_0.CallReq/RxGen[1].rxBuf/FRR.bufRptr/data_reg_reg[7]' (FDE) to 'readModule_convolution2_instance/data_path.memoryModule_call_group_0.CallReq/RxGen[1].rxBuf/FRR.bufRptr/data_reg_reg[8]'
INFO: [Synth 8-3886] merging instance 'readModule_convolution2_instance/data_path.memoryModule_call_group_0.CallReq/RxGen[0].rxBuf/FRR.bufRptr/data_reg_reg[7]' (FDE) to 'readModule_convolution2_instance/data_path.memoryModule_call_group_0.CallReq/RxGen[0].rxBuf/FRR.bufRptr/data_reg_reg[8]'
INFO: [Synth 8-3886] merging instance 'readModule_convolution_instance/data_path.memoryModule_call_group_0.CallReq/RxGen[1].rxBuf/FRR.bufRptr/data_reg_reg[8]' (FDE) to 'readModule_convolution_instance/data_path.memoryModule_call_group_0.CallReq/RxGen[1].rxBuf/FRR.bufRptr/data_reg_reg[9]'
INFO: [Synth 8-3886] merging instance 'readModule_convolution_instance/data_path.memoryModule_call_group_0.CallReq/RxGen[0].rxBuf/FRR.bufRptr/data_reg_reg[8]' (FDE) to 'readModule_convolution_instance/data_path.memoryModule_call_group_0.CallReq/RxGen[0].rxBuf/FRR.bufRptr/data_reg_reg[9]'
INFO: [Synth 8-3886] merging instance 'readModule_convolution2_instance/data_path.memoryModule_call_group_0.CallReq/RxGen[4].rxBuf/FRR.bufRptr/data_reg_reg[8]' (FDE) to 'readModule_convolution2_instance/data_path.memoryModule_call_group_0.CallReq/RxGen[4].rxBuf/FRR.bufRptr/data_reg_reg[9]'
INFO: [Synth 8-3886] merging instance 'readModule_convolution2_instance/data_path.memoryModule_call_group_0.CallReq/RxGen[3].rxBuf/FRR.bufRptr/data_reg_reg[8]' (FDE) to 'readModule_convolution2_instance/data_path.memoryModule_call_group_0.CallReq/RxGen[3].rxBuf/FRR.bufRptr/data_reg_reg[9]'
INFO: [Synth 8-3886] merging instance 'readModule_convolution2_instance/data_path.memoryModule_call_group_0.CallReq/RxGen[2].rxBuf/FRR.bufRptr/data_reg_reg[8]' (FDE) to 'readModule_convolution2_instance/data_path.memoryModule_call_group_0.CallReq/RxGen[2].rxBuf/FRR.bufRptr/data_reg_reg[9]'
INFO: [Synth 8-3886] merging instance 'readModule_convolution2_instance/data_path.memoryModule_call_group_0.CallReq/RxGen[1].rxBuf/FRR.bufRptr/data_reg_reg[8]' (FDE) to 'readModule_convolution2_instance/data_path.memoryModule_call_group_0.CallReq/RxGen[1].rxBuf/FRR.bufRptr/data_reg_reg[9]'
INFO: [Synth 8-3886] merging instance 'readModule_convolution2_instance/data_path.memoryModule_call_group_0.CallReq/RxGen[0].rxBuf/FRR.bufRptr/data_reg_reg[8]' (FDE) to 'readModule_convolution2_instance/data_path.memoryModule_call_group_0.CallReq/RxGen[0].rxBuf/FRR.bufRptr/data_reg_reg[9]'
INFO: [Synth 8-3886] merging instance 'readModule_convolution_instance/data_path.memoryModule_call_group_0.CallReq/RxGen[1].rxBuf/FRR.bufRptr/data_reg_reg[9]' (FDE) to 'readModule_convolution_instance/data_path.memoryModule_call_group_0.CallReq/RxGen[1].rxBuf/FRR.bufRptr/data_reg_reg[10]'
INFO: [Synth 8-3886] merging instance 'readModule_convolution_instance/data_path.memoryModule_call_group_0.CallReq/RxGen[0].rxBuf/FRR.bufRptr/data_reg_reg[9]' (FDE) to 'readModule_convolution_instance/data_path.memoryModule_call_group_0.CallReq/RxGen[0].rxBuf/FRR.bufRptr/data_reg_reg[10]'
INFO: [Synth 8-3886] merging instance 'readModule_convolution2_instance/data_path.memoryModule_call_group_0.CallReq/RxGen[4].rxBuf/FRR.bufRptr/data_reg_reg[9]' (FDE) to 'readModule_convolution2_instance/data_path.memoryModule_call_group_0.CallReq/RxGen[4].rxBuf/FRR.bufRptr/data_reg_reg[10]'
INFO: [Synth 8-3886] merging instance 'readModule_convolution2_instance/data_path.memoryModule_call_group_0.CallReq/RxGen[3].rxBuf/FRR.bufRptr/data_reg_reg[9]' (FDE) to 'readModule_convolution2_instance/data_path.memoryModule_call_group_0.CallReq/RxGen[3].rxBuf/FRR.bufRptr/data_reg_reg[10]'
INFO: [Synth 8-3886] merging instance 'readModule_convolution2_instance/data_path.memoryModule_call_group_0.CallReq/RxGen[2].rxBuf/FRR.bufRptr/data_reg_reg[9]' (FDE) to 'readModule_convolution2_instance/data_path.memoryModule_call_group_0.CallReq/RxGen[2].rxBuf/FRR.bufRptr/data_reg_reg[10]'
INFO: [Synth 8-3886] merging instance 'readModule_convolution2_instance/data_path.memoryModule_call_group_0.CallReq/RxGen[1].rxBuf/FRR.bufRptr/data_reg_reg[9]' (FDE) to 'readModule_convolution2_instance/data_path.memoryModule_call_group_0.CallReq/RxGen[1].rxBuf/FRR.bufRptr/data_reg_reg[10]'
INFO: [Synth 8-3886] merging instance 'readModule_convolution2_instance/data_path.memoryModule_call_group_0.CallReq/RxGen[0].rxBuf/FRR.bufRptr/data_reg_reg[9]' (FDE) to 'readModule_convolution2_instance/data_path.memoryModule_call_group_0.CallReq/RxGen[0].rxBuf/FRR.bufRptr/data_reg_reg[10]'
INFO: [Synth 8-3886] merging instance 'readModule_convolution_instance/data_path.memoryModule_call_group_0.CallReq/RxGen[1].rxBuf/FRR.bufRptr/data_reg_reg[10]' (FDE) to 'readModule_convolution_instance/data_path.memoryModule_call_group_0.CallReq/RxGen[1].rxBuf/FRR.bufRptr/data_reg_reg[11]'
INFO: [Synth 8-3886] merging instance 'readModule_convolution_instance/data_path.memoryModule_call_group_0.CallReq/RxGen[0].rxBuf/FRR.bufRptr/data_reg_reg[10]' (FDE) to 'readModule_convolution_instance/data_path.memoryModule_call_group_0.CallReq/RxGen[0].rxBuf/FRR.bufRptr/data_reg_reg[11]'
INFO: [Synth 8-3886] merging instance 'readModule_convolution2_instance/data_path.memoryModule_call_group_0.CallReq/RxGen[4].rxBuf/FRR.bufRptr/data_reg_reg[10]' (FDE) to 'readModule_convolution2_instance/data_path.memoryModule_call_group_0.CallReq/RxGen[4].rxBuf/FRR.bufRptr/data_reg_reg[11]'
INFO: [Synth 8-3886] merging instance 'readModule_convolution2_instance/data_path.memoryModule_call_group_0.CallReq/RxGen[3].rxBuf/FRR.bufRptr/data_reg_reg[10]' (FDE) to 'readModule_convolution2_instance/data_path.memoryModule_call_group_0.CallReq/RxGen[3].rxBuf/FRR.bufRptr/data_reg_reg[11]'
INFO: [Synth 8-3886] merging instance 'readModule_convolution2_instance/data_path.memoryModule_call_group_0.CallReq/RxGen[2].rxBuf/FRR.bufRptr/data_reg_reg[10]' (FDE) to 'readModule_convolution2_instance/data_path.memoryModule_call_group_0.CallReq/RxGen[2].rxBuf/FRR.bufRptr/data_reg_reg[11]'
INFO: [Synth 8-3886] merging instance 'readModule_convolution2_instance/data_path.memoryModule_call_group_0.CallReq/RxGen[1].rxBuf/FRR.bufRptr/data_reg_reg[10]' (FDE) to 'readModule_convolution2_instance/data_path.memoryModule_call_group_0.CallReq/RxGen[1].rxBuf/FRR.bufRptr/data_reg_reg[11]'
INFO: [Synth 8-3886] merging instance 'readModule_convolution2_instance/data_path.memoryModule_call_group_0.CallReq/RxGen[0].rxBuf/FRR.bufRptr/data_reg_reg[10]' (FDE) to 'readModule_convolution2_instance/data_path.memoryModule_call_group_0.CallReq/RxGen[0].rxBuf/FRR.bufRptr/data_reg_reg[11]'
INFO: [Synth 8-3886] merging instance 'readModule_convolution_instance/data_path.memoryModule_call_group_0.CallReq/RxGen[1].rxBuf/FRR.bufRptr/data_reg_reg[11]' (FDE) to 'readModule_convolution_instance/data_path.memoryModule_call_group_0.CallReq/RxGen[1].rxBuf/FRR.bufRptr/data_reg_reg[12]'
INFO: [Synth 8-3886] merging instance 'readModule_convolution_instance/data_path.memoryModule_call_group_0.CallReq/RxGen[0].rxBuf/FRR.bufRptr/data_reg_reg[11]' (FDE) to 'readModule_convolution_instance/data_path.memoryModule_call_group_0.CallReq/RxGen[0].rxBuf/FRR.bufRptr/data_reg_reg[12]'
INFO: [Synth 8-3886] merging instance 'readModule_convolution2_instance/data_path.memoryModule_call_group_0.CallReq/RxGen[4].rxBuf/FRR.bufRptr/data_reg_reg[11]' (FDE) to 'readModule_convolution2_instance/data_path.memoryModule_call_group_0.CallReq/RxGen[4].rxBuf/FRR.bufRptr/data_reg_reg[12]'
INFO: [Common 17-14] Message 'Synth 8-3886' appears 100 times and further instances of the messages will be disabled. Use the Tcl command set_msg_config to change the current settings.
INFO: [Synth 8-3333] propagating constant 0 across sequential element (readModule_convolution_instance/\data_path.memoryModule_call_group_0.CallReq/RxGen[1].rxBuf/FRR.bufRptr/data_reg_reg[63] )
INFO: [Synth 8-3333] propagating constant 0 across sequential element (readModule_convolution_instance/\data_path.memoryModule_call_group_0.CallReq/RxGen[0].rxBuf/FRR.bufRptr/data_reg_reg[63] )
INFO: [Synth 8-3333] propagating constant 0 across sequential element (readModule_convolution2_instance/\data_path.memoryModule_call_group_0.CallReq/RxGen[4].rxBuf/FRR.bufRptr/data_reg_reg[63] )
INFO: [Synth 8-3333] propagating constant 0 across sequential element (readModule_convolution2_instance/\data_path.memoryModule_call_group_0.CallReq/RxGen[3].rxBuf/FRR.bufRptr/data_reg_reg[63] )
INFO: [Synth 8-3333] propagating constant 0 across sequential element (readModule_convolution2_instance/\data_path.memoryModule_call_group_0.CallReq/RxGen[2].rxBuf/FRR.bufRptr/data_reg_reg[63] )
INFO: [Synth 8-3333] propagating constant 0 across sequential element (readModule_convolution2_instance/\data_path.memoryModule_call_group_0.CallReq/RxGen[1].rxBuf/FRR.bufRptr/data_reg_reg[63] )
INFO: [Synth 8-3333] propagating constant 0 across sequential element (readModule_convolution2_instance/\data_path.memoryModule_call_group_0.CallReq/RxGen[0].rxBuf/FRR.bufRptr/data_reg_reg[63] )
INFO: [Synth 8-3333] propagating constant 1 across sequential element (readModule_convolution_instance/\data_path.memoryModule_call_group_0.CallReq/RxGen[1].rxBuf/FRR.bufRptr/data_reg_reg[96] )
INFO: [Synth 8-3333] propagating constant 1 across sequential element (readModule_convolution_instance/\data_path.memoryModule_call_group_0.CallReq/RxGen[0].rxBuf/FRR.bufRptr/data_reg_reg[96] )
INFO: [Synth 8-3333] propagating constant 0 across sequential element (writeModule_convolution_instance/\data_path.memoryModule_call_group_0.CallReq/RxGen[4].rxBuf/FRR.bufRptr/data_reg_reg[96] )
INFO: [Synth 8-3333] propagating constant 0 across sequential element (writeModule_convolution_instance/\data_path.memoryModule_call_group_0.CallReq/RxGen[3].rxBuf/FRR.bufRptr/data_reg_reg[96] )
INFO: [Synth 8-3333] propagating constant 0 across sequential element (writeModule_convolution_instance/\data_path.memoryModule_call_group_0.CallReq/RxGen[2].rxBuf/FRR.bufRptr/data_reg_reg[96] )
INFO: [Synth 8-3333] propagating constant 0 across sequential element (writeModule_convolution_instance/\data_path.memoryModule_call_group_0.CallReq/RxGen[1].rxBuf/FRR.bufRptr/data_reg_reg[96] )
INFO: [Synth 8-3333] propagating constant 0 across sequential element (writeModule_convolution_instance/\data_path.memoryModule_call_group_0.CallReq/RxGen[0].rxBuf/FRR.bufRptr/data_reg_reg[96] )
INFO: [Synth 8-3333] propagating constant 1 across sequential element (readModule_convolution2_instance/\data_path.memoryModule_call_group_0.CallReq/RxGen[4].rxBuf/FRR.bufRptr/data_reg_reg[96] )
INFO: [Synth 8-3333] propagating constant 1 across sequential element (readModule_convolution2_instance/\data_path.memoryModule_call_group_0.CallReq/RxGen[3].rxBuf/FRR.bufRptr/data_reg_reg[96] )
INFO: [Synth 8-3333] propagating constant 1 across sequential element (readModule_convolution2_instance/\data_path.memoryModule_call_group_0.CallReq/RxGen[2].rxBuf/FRR.bufRptr/data_reg_reg[96] )
INFO: [Synth 8-3333] propagating constant 1 across sequential element (readModule_convolution2_instance/\data_path.memoryModule_call_group_0.CallReq/RxGen[1].rxBuf/FRR.bufRptr/data_reg_reg[96] )
INFO: [Synth 8-3333] propagating constant 1 across sequential element (readModule_convolution2_instance/\data_path.memoryModule_call_group_0.CallReq/RxGen[0].rxBuf/FRR.bufRptr/data_reg_reg[96] )
WARNING: [Synth 8-3332] Sequential element (data_path.memoryModule_call_group_0.CallReq/RxGen[0].rxBuf/FRR.bufRptr/data_reg_reg[96]) is unused and will be removed from module writeModule_convolution.
WARNING: [Synth 8-3332] Sequential element (data_path.memoryModule_call_group_0.CallReq/RxGen[1].rxBuf/FRR.bufRptr/data_reg_reg[96]) is unused and will be removed from module writeModule_convolution.
WARNING: [Synth 8-3332] Sequential element (data_path.memoryModule_call_group_0.CallReq/RxGen[2].rxBuf/FRR.bufRptr/data_reg_reg[96]) is unused and will be removed from module writeModule_convolution.
WARNING: [Synth 8-3332] Sequential element (data_path.memoryModule_call_group_0.CallReq/RxGen[3].rxBuf/FRR.bufRptr/data_reg_reg[96]) is unused and will be removed from module writeModule_convolution.
WARNING: [Synth 8-3332] Sequential element (data_path.memoryModule_call_group_0.CallReq/RxGen[4].rxBuf/FRR.bufRptr/data_reg_reg[96]) is unused and will be removed from module writeModule_convolution.
WARNING: [Synth 8-3332] Sequential element (data_path.memoryModule_call_group_0.CallComplete/bufGen[0].BufBlock.ub/NotRevisedCase.ShallowCase.ulReg/noBypass.read_data_reg[63]) is unused and will be removed from module writeModule_convolution.
WARNING: [Synth 8-3332] Sequential element (data_path.memoryModule_call_group_0.CallComplete/bufGen[0].BufBlock.ub/NotRevisedCase.ShallowCase.ulReg/noBypass.read_data_reg[62]) is unused and will be removed from module writeModule_convolution.
WARNING: [Synth 8-3332] Sequential element (data_path.memoryModule_call_group_0.CallComplete/bufGen[0].BufBlock.ub/NotRevisedCase.ShallowCase.ulReg/noBypass.read_data_reg[61]) is unused and will be removed from module writeModule_convolution.
WARNING: [Synth 8-3332] Sequential element (data_path.memoryModule_call_group_0.CallComplete/bufGen[0].BufBlock.ub/NotRevisedCase.ShallowCase.ulReg/noBypass.read_data_reg[60]) is unused and will be removed from module writeModule_convolution.
WARNING: [Synth 8-3332] Sequential element (data_path.memoryModule_call_group_0.CallComplete/bufGen[0].BufBlock.ub/NotRevisedCase.ShallowCase.ulReg/noBypass.read_data_reg[59]) is unused and will be removed from module writeModule_convolution.
WARNING: [Synth 8-3332] Sequential element (data_path.memoryModule_call_group_0.CallComplete/bufGen[0].BufBlock.ub/NotRevisedCase.ShallowCase.ulReg/noBypass.read_data_reg[58]) is unused and will be removed from module writeModule_convolution.
WARNING: [Synth 8-3332] Sequential element (data_path.memoryModule_call_group_0.CallComplete/bufGen[0].BufBlock.ub/NotRevisedCase.ShallowCase.ulReg/noBypass.read_data_reg[57]) is unused and will be removed from module writeModule_convolution.
WARNING: [Synth 8-3332] Sequential element (data_path.memoryModule_call_group_0.CallComplete/bufGen[0].BufBlock.ub/NotRevisedCase.ShallowCase.ulReg/noBypass.read_data_reg[56]) is unused and will be removed from module writeModule_convolution.
WARNING: [Synth 8-3332] Sequential element (data_path.memoryModule_call_group_0.CallComplete/bufGen[0].BufBlock.ub/NotRevisedCase.ShallowCase.ulReg/noBypass.read_data_reg[55]) is unused and will be removed from module writeModule_convolution.
WARNING: [Synth 8-3332] Sequential element (data_path.memoryModule_call_group_0.CallComplete/bufGen[0].BufBlock.ub/NotRevisedCase.ShallowCase.ulReg/noBypass.read_data_reg[54]) is unused and will be removed from module writeModule_convolution.
WARNING: [Synth 8-3332] Sequential element (data_path.memoryModule_call_group_0.CallComplete/bufGen[0].BufBlock.ub/NotRevisedCase.ShallowCase.ulReg/noBypass.read_data_reg[53]) is unused and will be removed from module writeModule_convolution.
WARNING: [Synth 8-3332] Sequential element (data_path.memoryModule_call_group_0.CallComplete/bufGen[0].BufBlock.ub/NotRevisedCase.ShallowCase.ulReg/noBypass.read_data_reg[52]) is unused and will be removed from module writeModule_convolution.
WARNING: [Synth 8-3332] Sequential element (data_path.memoryModule_call_group_0.CallComplete/bufGen[0].BufBlock.ub/NotRevisedCase.ShallowCase.ulReg/noBypass.read_data_reg[51]) is unused and will be removed from module writeModule_convolution.
WARNING: [Synth 8-3332] Sequential element (data_path.memoryModule_call_group_0.CallComplete/bufGen[0].BufBlock.ub/NotRevisedCase.ShallowCase.ulReg/noBypass.read_data_reg[50]) is unused and will be removed from module writeModule_convolution.
WARNING: [Synth 8-3332] Sequential element (data_path.memoryModule_call_group_0.CallComplete/bufGen[0].BufBlock.ub/NotRevisedCase.ShallowCase.ulReg/noBypass.read_data_reg[49]) is unused and will be removed from module writeModule_convolution.
WARNING: [Synth 8-3332] Sequential element (data_path.memoryModule_call_group_0.CallComplete/bufGen[0].BufBlock.ub/NotRevisedCase.ShallowCase.ulReg/noBypass.read_data_reg[48]) is unused and will be removed from module writeModule_convolution.
WARNING: [Synth 8-3332] Sequential element (data_path.memoryModule_call_group_0.CallComplete/bufGen[0].BufBlock.ub/NotRevisedCase.ShallowCase.ulReg/noBypass.read_data_reg[47]) is unused and will be removed from module writeModule_convolution.
WARNING: [Synth 8-3332] Sequential element (data_path.memoryModule_call_group_0.CallComplete/bufGen[0].BufBlock.ub/NotRevisedCase.ShallowCase.ulReg/noBypass.read_data_reg[46]) is unused and will be removed from module writeModule_convolution.
WARNING: [Synth 8-3332] Sequential element (data_path.memoryModule_call_group_0.CallComplete/bufGen[0].BufBlock.ub/NotRevisedCase.ShallowCase.ulReg/noBypass.read_data_reg[45]) is unused and will be removed from module writeModule_convolution.
WARNING: [Synth 8-3332] Sequential element (data_path.memoryModule_call_group_0.CallComplete/bufGen[0].BufBlock.ub/NotRevisedCase.ShallowCase.ulReg/noBypass.read_data_reg[44]) is unused and will be removed from module writeModule_convolution.
WARNING: [Synth 8-3332] Sequential element (data_path.memoryModule_call_group_0.CallComplete/bufGen[0].BufBlock.ub/NotRevisedCase.ShallowCase.ulReg/noBypass.read_data_reg[43]) is unused and will be removed from module writeModule_convolution.
WARNING: [Synth 8-3332] Sequential element (data_path.memoryModule_call_group_0.CallComplete/bufGen[0].BufBlock.ub/NotRevisedCase.ShallowCase.ulReg/noBypass.read_data_reg[42]) is unused and will be removed from module writeModule_convolution.
WARNING: [Synth 8-3332] Sequential element (data_path.memoryModule_call_group_0.CallComplete/bufGen[0].BufBlock.ub/NotRevisedCase.ShallowCase.ulReg/noBypass.read_data_reg[41]) is unused and will be removed from module writeModule_convolution.
WARNING: [Synth 8-3332] Sequential element (data_path.memoryModule_call_group_0.CallComplete/bufGen[0].BufBlock.ub/NotRevisedCase.ShallowCase.ulReg/noBypass.read_data_reg[40]) is unused and will be removed from module writeModule_convolution.
WARNING: [Synth 8-3332] Sequential element (data_path.memoryModule_call_group_0.CallComplete/bufGen[0].BufBlock.ub/NotRevisedCase.ShallowCase.ulReg/noBypass.read_data_reg[39]) is unused and will be removed from module writeModule_convolution.
WARNING: [Synth 8-3332] Sequential element (data_path.memoryModule_call_group_0.CallComplete/bufGen[0].BufBlock.ub/NotRevisedCase.ShallowCase.ulReg/noBypass.read_data_reg[38]) is unused and will be removed from module writeModule_convolution.
WARNING: [Synth 8-3332] Sequential element (data_path.memoryModule_call_group_0.CallComplete/bufGen[0].BufBlock.ub/NotRevisedCase.ShallowCase.ulReg/noBypass.read_data_reg[37]) is unused and will be removed from module writeModule_convolution.
WARNING: [Synth 8-3332] Sequential element (data_path.memoryModule_call_group_0.CallComplete/bufGen[0].BufBlock.ub/NotRevisedCase.ShallowCase.ulReg/noBypass.read_data_reg[36]) is unused and will be removed from module writeModule_convolution.
WARNING: [Synth 8-3332] Sequential element (data_path.memoryModule_call_group_0.CallComplete/bufGen[0].BufBlock.ub/NotRevisedCase.ShallowCase.ulReg/noBypass.read_data_reg[35]) is unused and will be removed from module writeModule_convolution.
WARNING: [Synth 8-3332] Sequential element (data_path.memoryModule_call_group_0.CallComplete/bufGen[0].BufBlock.ub/NotRevisedCase.ShallowCase.ulReg/noBypass.read_data_reg[34]) is unused and will be removed from module writeModule_convolution.
WARNING: [Synth 8-3332] Sequential element (data_path.memoryModule_call_group_0.CallComplete/bufGen[0].BufBlock.ub/NotRevisedCase.ShallowCase.ulReg/noBypass.read_data_reg[33]) is unused and will be removed from module writeModule_convolution.
WARNING: [Synth 8-3332] Sequential element (data_path.memoryModule_call_group_0.CallComplete/bufGen[0].BufBlock.ub/NotRevisedCase.ShallowCase.ulReg/noBypass.read_data_reg[32]) is unused and will be removed from module writeModule_convolution.
WARNING: [Synth 8-3332] Sequential element (data_path.memoryModule_call_group_0.CallComplete/bufGen[0].BufBlock.ub/NotRevisedCase.ShallowCase.ulReg/noBypass.read_data_reg[31]) is unused and will be removed from module writeModule_convolution.
WARNING: [Synth 8-3332] Sequential element (data_path.memoryModule_call_group_0.CallComplete/bufGen[0].BufBlock.ub/NotRevisedCase.ShallowCase.ulReg/noBypass.read_data_reg[30]) is unused and will be removed from module writeModule_convolution.
WARNING: [Synth 8-3332] Sequential element (data_path.memoryModule_call_group_0.CallComplete/bufGen[0].BufBlock.ub/NotRevisedCase.ShallowCase.ulReg/noBypass.read_data_reg[29]) is unused and will be removed from module writeModule_convolution.
WARNING: [Synth 8-3332] Sequential element (data_path.memoryModule_call_group_0.CallComplete/bufGen[0].BufBlock.ub/NotRevisedCase.ShallowCase.ulReg/noBypass.read_data_reg[28]) is unused and will be removed from module writeModule_convolution.
WARNING: [Synth 8-3332] Sequential element (data_path.memoryModule_call_group_0.CallComplete/bufGen[0].BufBlock.ub/NotRevisedCase.ShallowCase.ulReg/noBypass.read_data_reg[27]) is unused and will be removed from module writeModule_convolution.
WARNING: [Synth 8-3332] Sequential element (data_path.memoryModule_call_group_0.CallComplete/bufGen[0].BufBlock.ub/NotRevisedCase.ShallowCase.ulReg/noBypass.read_data_reg[26]) is unused and will be removed from module writeModule_convolution.
WARNING: [Synth 8-3332] Sequential element (data_path.memoryModule_call_group_0.CallComplete/bufGen[0].BufBlock.ub/NotRevisedCase.ShallowCase.ulReg/noBypass.read_data_reg[25]) is unused and will be removed from module writeModule_convolution.
WARNING: [Synth 8-3332] Sequential element (data_path.memoryModule_call_group_0.CallComplete/bufGen[0].BufBlock.ub/NotRevisedCase.ShallowCase.ulReg/noBypass.read_data_reg[24]) is unused and will be removed from module writeModule_convolution.
WARNING: [Synth 8-3332] Sequential element (data_path.memoryModule_call_group_0.CallComplete/bufGen[0].BufBlock.ub/NotRevisedCase.ShallowCase.ulReg/noBypass.read_data_reg[23]) is unused and will be removed from module writeModule_convolution.
WARNING: [Synth 8-3332] Sequential element (data_path.memoryModule_call_group_0.CallComplete/bufGen[0].BufBlock.ub/NotRevisedCase.ShallowCase.ulReg/noBypass.read_data_reg[22]) is unused and will be removed from module writeModule_convolution.
WARNING: [Synth 8-3332] Sequential element (data_path.memoryModule_call_group_0.CallComplete/bufGen[0].BufBlock.ub/NotRevisedCase.ShallowCase.ulReg/noBypass.read_data_reg[21]) is unused and will be removed from module writeModule_convolution.
WARNING: [Synth 8-3332] Sequential element (data_path.memoryModule_call_group_0.CallComplete/bufGen[0].BufBlock.ub/NotRevisedCase.ShallowCase.ulReg/noBypass.read_data_reg[20]) is unused and will be removed from module writeModule_convolution.
WARNING: [Synth 8-3332] Sequential element (data_path.memoryModule_call_group_0.CallComplete/bufGen[0].BufBlock.ub/NotRevisedCase.ShallowCase.ulReg/noBypass.read_data_reg[19]) is unused and will be removed from module writeModule_convolution.
WARNING: [Synth 8-3332] Sequential element (data_path.memoryModule_call_group_0.CallComplete/bufGen[0].BufBlock.ub/NotRevisedCase.ShallowCase.ulReg/noBypass.read_data_reg[18]) is unused and will be removed from module writeModule_convolution.
WARNING: [Synth 8-3332] Sequential element (data_path.memoryModule_call_group_0.CallComplete/bufGen[0].BufBlock.ub/NotRevisedCase.ShallowCase.ulReg/noBypass.read_data_reg[17]) is unused and will be removed from module writeModule_convolution.
WARNING: [Synth 8-3332] Sequential element (data_path.memoryModule_call_group_0.CallComplete/bufGen[0].BufBlock.ub/NotRevisedCase.ShallowCase.ulReg/noBypass.read_data_reg[16]) is unused and will be removed from module writeModule_convolution.
WARNING: [Synth 8-3332] Sequential element (data_path.memoryModule_call_group_0.CallComplete/bufGen[0].BufBlock.ub/NotRevisedCase.ShallowCase.ulReg/noBypass.read_data_reg[15]) is unused and will be removed from module writeModule_convolution.
WARNING: [Synth 8-3332] Sequential element (data_path.memoryModule_call_group_0.CallComplete/bufGen[0].BufBlock.ub/NotRevisedCase.ShallowCase.ulReg/noBypass.read_data_reg[14]) is unused and will be removed from module writeModule_convolution.
WARNING: [Synth 8-3332] Sequential element (data_path.memoryModule_call_group_0.CallComplete/bufGen[0].BufBlock.ub/NotRevisedCase.ShallowCase.ulReg/noBypass.read_data_reg[13]) is unused and will be removed from module writeModule_convolution.
WARNING: [Synth 8-3332] Sequential element (data_path.memoryModule_call_group_0.CallComplete/bufGen[0].BufBlock.ub/NotRevisedCase.ShallowCase.ulReg/noBypass.read_data_reg[12]) is unused and will be removed from module writeModule_convolution.
WARNING: [Synth 8-3332] Sequential element (data_path.memoryModule_call_group_0.CallComplete/bufGen[0].BufBlock.ub/NotRevisedCase.ShallowCase.ulReg/noBypass.read_data_reg[11]) is unused and will be removed from module writeModule_convolution.
WARNING: [Synth 8-3332] Sequential element (data_path.memoryModule_call_group_0.CallComplete/bufGen[0].BufBlock.ub/NotRevisedCase.ShallowCase.ulReg/noBypass.read_data_reg[10]) is unused and will be removed from module writeModule_convolution.
WARNING: [Synth 8-3332] Sequential element (data_path.memoryModule_call_group_0.CallComplete/bufGen[0].BufBlock.ub/NotRevisedCase.ShallowCase.ulReg/noBypass.read_data_reg[9]) is unused and will be removed from module writeModule_convolution.
WARNING: [Synth 8-3332] Sequential element (data_path.memoryModule_call_group_0.CallComplete/bufGen[0].BufBlock.ub/NotRevisedCase.ShallowCase.ulReg/noBypass.read_data_reg[8]) is unused and will be removed from module writeModule_convolution.
WARNING: [Synth 8-3332] Sequential element (data_path.memoryModule_call_group_0.CallComplete/bufGen[0].BufBlock.ub/NotRevisedCase.ShallowCase.ulReg/noBypass.read_data_reg[7]) is unused and will be removed from module writeModule_convolution.
WARNING: [Synth 8-3332] Sequential element (data_path.memoryModule_call_group_0.CallComplete/bufGen[0].BufBlock.ub/NotRevisedCase.ShallowCase.ulReg/noBypass.read_data_reg[6]) is unused and will be removed from module writeModule_convolution.
WARNING: [Synth 8-3332] Sequential element (data_path.memoryModule_call_group_0.CallComplete/bufGen[0].BufBlock.ub/NotRevisedCase.ShallowCase.ulReg/noBypass.read_data_reg[5]) is unused and will be removed from module writeModule_convolution.
WARNING: [Synth 8-3332] Sequential element (data_path.memoryModule_call_group_0.CallComplete/bufGen[0].BufBlock.ub/NotRevisedCase.ShallowCase.ulReg/noBypass.read_data_reg[4]) is unused and will be removed from module writeModule_convolution.
WARNING: [Synth 8-3332] Sequential element (data_path.memoryModule_call_group_0.CallComplete/bufGen[0].BufBlock.ub/NotRevisedCase.ShallowCase.ulReg/noBypass.read_data_reg[3]) is unused and will be removed from module writeModule_convolution.
WARNING: [Synth 8-3332] Sequential element (data_path.memoryModule_call_group_0.CallComplete/bufGen[0].BufBlock.ub/NotRevisedCase.ShallowCase.ulReg/noBypass.read_data_reg[2]) is unused and will be removed from module writeModule_convolution.
WARNING: [Synth 8-3332] Sequential element (data_path.memoryModule_call_group_0.CallComplete/bufGen[0].BufBlock.ub/NotRevisedCase.ShallowCase.ulReg/noBypass.read_data_reg[1]) is unused and will be removed from module writeModule_convolution.
WARNING: [Synth 8-3332] Sequential element (data_path.memoryModule_call_group_0.CallComplete/bufGen[0].BufBlock.ub/NotRevisedCase.ShallowCase.ulReg/noBypass.read_data_reg[0]) is unused and will be removed from module writeModule_convolution.
WARNING: [Synth 8-3332] Sequential element (data_path.memoryModule_call_group_0.CallComplete/bufGen[1].BufBlock.ub/NotRevisedCase.ShallowCase.ulReg/noBypass.read_data_reg[63]) is unused and will be removed from module writeModule_convolution.
WARNING: [Synth 8-3332] Sequential element (data_path.memoryModule_call_group_0.CallComplete/bufGen[1].BufBlock.ub/NotRevisedCase.ShallowCase.ulReg/noBypass.read_data_reg[62]) is unused and will be removed from module writeModule_convolution.
WARNING: [Synth 8-3332] Sequential element (data_path.memoryModule_call_group_0.CallComplete/bufGen[1].BufBlock.ub/NotRevisedCase.ShallowCase.ulReg/noBypass.read_data_reg[61]) is unused and will be removed from module writeModule_convolution.
WARNING: [Synth 8-3332] Sequential element (data_path.memoryModule_call_group_0.CallComplete/bufGen[1].BufBlock.ub/NotRevisedCase.ShallowCase.ulReg/noBypass.read_data_reg[60]) is unused and will be removed from module writeModule_convolution.
WARNING: [Synth 8-3332] Sequential element (data_path.memoryModule_call_group_0.CallComplete/bufGen[1].BufBlock.ub/NotRevisedCase.ShallowCase.ulReg/noBypass.read_data_reg[59]) is unused and will be removed from module writeModule_convolution.
WARNING: [Synth 8-3332] Sequential element (data_path.memoryModule_call_group_0.CallComplete/bufGen[1].BufBlock.ub/NotRevisedCase.ShallowCase.ulReg/noBypass.read_data_reg[58]) is unused and will be removed from module writeModule_convolution.
WARNING: [Synth 8-3332] Sequential element (data_path.memoryModule_call_group_0.CallComplete/bufGen[1].BufBlock.ub/NotRevisedCase.ShallowCase.ulReg/noBypass.read_data_reg[57]) is unused and will be removed from module writeModule_convolution.
WARNING: [Synth 8-3332] Sequential element (data_path.memoryModule_call_group_0.CallComplete/bufGen[1].BufBlock.ub/NotRevisedCase.ShallowCase.ulReg/noBypass.read_data_reg[56]) is unused and will be removed from module writeModule_convolution.
WARNING: [Synth 8-3332] Sequential element (data_path.memoryModule_call_group_0.CallComplete/bufGen[1].BufBlock.ub/NotRevisedCase.ShallowCase.ulReg/noBypass.read_data_reg[55]) is unused and will be removed from module writeModule_convolution.
WARNING: [Synth 8-3332] Sequential element (data_path.memoryModule_call_group_0.CallComplete/bufGen[1].BufBlock.ub/NotRevisedCase.ShallowCase.ulReg/noBypass.read_data_reg[54]) is unused and will be removed from module writeModule_convolution.
WARNING: [Synth 8-3332] Sequential element (data_path.memoryModule_call_group_0.CallComplete/bufGen[1].BufBlock.ub/NotRevisedCase.ShallowCase.ulReg/noBypass.read_data_reg[53]) is unused and will be removed from module writeModule_convolution.
WARNING: [Synth 8-3332] Sequential element (data_path.memoryModule_call_group_0.CallComplete/bufGen[1].BufBlock.ub/NotRevisedCase.ShallowCase.ulReg/noBypass.read_data_reg[52]) is unused and will be removed from module writeModule_convolution.
WARNING: [Synth 8-3332] Sequential element (data_path.memoryModule_call_group_0.CallComplete/bufGen[1].BufBlock.ub/NotRevisedCase.ShallowCase.ulReg/noBypass.read_data_reg[51]) is unused and will be removed from module writeModule_convolution.
WARNING: [Synth 8-3332] Sequential element (data_path.memoryModule_call_group_0.CallComplete/bufGen[1].BufBlock.ub/NotRevisedCase.ShallowCase.ulReg/noBypass.read_data_reg[50]) is unused and will be removed from module writeModule_convolution.
WARNING: [Synth 8-3332] Sequential element (data_path.memoryModule_call_group_0.CallComplete/bufGen[1].BufBlock.ub/NotRevisedCase.ShallowCase.ulReg/noBypass.read_data_reg[49]) is unused and will be removed from module writeModule_convolution.
WARNING: [Synth 8-3332] Sequential element (data_path.memoryModule_call_group_0.CallComplete/bufGen[1].BufBlock.ub/NotRevisedCase.ShallowCase.ulReg/noBypass.read_data_reg[48]) is unused and will be removed from module writeModule_convolution.
WARNING: [Synth 8-3332] Sequential element (data_path.memoryModule_call_group_0.CallComplete/bufGen[1].BufBlock.ub/NotRevisedCase.ShallowCase.ulReg/noBypass.read_data_reg[47]) is unused and will be removed from module writeModule_convolution.
WARNING: [Synth 8-3332] Sequential element (data_path.memoryModule_call_group_0.CallComplete/bufGen[1].BufBlock.ub/NotRevisedCase.ShallowCase.ulReg/noBypass.read_data_reg[46]) is unused and will be removed from module writeModule_convolution.
WARNING: [Synth 8-3332] Sequential element (data_path.memoryModule_call_group_0.CallComplete/bufGen[1].BufBlock.ub/NotRevisedCase.ShallowCase.ulReg/noBypass.read_data_reg[45]) is unused and will be removed from module writeModule_convolution.
WARNING: [Synth 8-3332] Sequential element (data_path.memoryModule_call_group_0.CallComplete/bufGen[1].BufBlock.ub/NotRevisedCase.ShallowCase.ulReg/noBypass.read_data_reg[44]) is unused and will be removed from module writeModule_convolution.
WARNING: [Synth 8-3332] Sequential element (data_path.memoryModule_call_group_0.CallComplete/bufGen[1].BufBlock.ub/NotRevisedCase.ShallowCase.ulReg/noBypass.read_data_reg[43]) is unused and will be removed from module writeModule_convolution.
WARNING: [Synth 8-3332] Sequential element (data_path.memoryModule_call_group_0.CallComplete/bufGen[1].BufBlock.ub/NotRevisedCase.ShallowCase.ulReg/noBypass.read_data_reg[42]) is unused and will be removed from module writeModule_convolution.
WARNING: [Synth 8-3332] Sequential element (data_path.memoryModule_call_group_0.CallComplete/bufGen[1].BufBlock.ub/NotRevisedCase.ShallowCase.ulReg/noBypass.read_data_reg[41]) is unused and will be removed from module writeModule_convolution.
WARNING: [Synth 8-3332] Sequential element (data_path.memoryModule_call_group_0.CallComplete/bufGen[1].BufBlock.ub/NotRevisedCase.ShallowCase.ulReg/noBypass.read_data_reg[40]) is unused and will be removed from module writeModule_convolution.
WARNING: [Synth 8-3332] Sequential element (data_path.memoryModule_call_group_0.CallComplete/bufGen[1].BufBlock.ub/NotRevisedCase.ShallowCase.ulReg/noBypass.read_data_reg[39]) is unused and will be removed from module writeModule_convolution.
WARNING: [Synth 8-3332] Sequential element (data_path.memoryModule_call_group_0.CallComplete/bufGen[1].BufBlock.ub/NotRevisedCase.ShallowCase.ulReg/noBypass.read_data_reg[38]) is unused and will be removed from module writeModule_convolution.
WARNING: [Synth 8-3332] Sequential element (data_path.memoryModule_call_group_0.CallComplete/bufGen[1].BufBlock.ub/NotRevisedCase.ShallowCase.ulReg/noBypass.read_data_reg[37]) is unused and will be removed from module writeModule_convolution.
WARNING: [Synth 8-3332] Sequential element (data_path.memoryModule_call_group_0.CallComplete/bufGen[1].BufBlock.ub/NotRevisedCase.ShallowCase.ulReg/noBypass.read_data_reg[36]) is unused and will be removed from module writeModule_convolution.
WARNING: [Synth 8-3332] Sequential element (data_path.memoryModule_call_group_0.CallComplete/bufGen[1].BufBlock.ub/NotRevisedCase.ShallowCase.ulReg/noBypass.read_data_reg[35]) is unused and will be removed from module writeModule_convolution.
WARNING: [Synth 8-3332] Sequential element (data_path.memoryModule_call_group_0.CallComplete/bufGen[1].BufBlock.ub/NotRevisedCase.ShallowCase.ulReg/noBypass.read_data_reg[34]) is unused and will be removed from module writeModule_convolution.
WARNING: [Synth 8-3332] Sequential element (data_path.memoryModule_call_group_0.CallComplete/bufGen[1].BufBlock.ub/NotRevisedCase.ShallowCase.ulReg/noBypass.read_data_reg[33]) is unused and will be removed from module writeModule_convolution.
INFO: [Common 17-14] Message 'Synth 8-3332' appears 100 times and further instances of the messages will be disabled. Use the Tcl command set_msg_config to change the current settings.
