xilinx rtfpga
WARNING: [Synth 8-6014] Unused sequential element available_iterations_reg was removed.  [/home/aiml/Desktop/IITB_AI_ML/ahir_release/vhdl/ahir.vhdl:14083]
WARNING: [Synth 8-6014] Unused sequential element placegen[1].placeBlock.pI/CapGtOne.token_latch_reg was removed.  [/home/aiml/Desktop/IITB_AI_ML/ahir_release/vhdl/ahir.vhdl:14858]
WARNING: [Synth 8-6014] Unused sequential element placegen[2].placeBlock.pI/CapGtOne.token_latch_reg was removed.  [/home/aiml/Desktop/IITB_AI_ML/ahir_release/vhdl/ahir.vhdl:14858]
WARNING: [Synth 8-6014] Unused sequential element placegen[3].placeBlock.pI/CapGtOne.token_latch_reg was removed.  [/home/aiml/Desktop/IITB_AI_ML/ahir_release/vhdl/ahir.vhdl:14858]
WARNING: [Synth 8-6014] Unused sequential element placegen[1].placeBlock.pI/CapGtOne.token_latch_reg was removed.  [/home/aiml/Desktop/IITB_AI_ML/ahir_release/vhdl/ahir.vhdl:14858]
WARNING: [Synth 8-6014] Unused sequential element placegen[2].placeBlock.pI/CapGtOne.token_latch_reg was removed.  [/home/aiml/Desktop/IITB_AI_ML/ahir_release/vhdl/ahir.vhdl:14858]
WARNING: [Synth 8-6014] Unused sequential element placegen[3].placeBlock.pI/CapGtOne.token_latch_reg was removed.  [/home/aiml/Desktop/IITB_AI_ML/ahir_release/vhdl/ahir.vhdl:14858]
WARNING: [Synth 8-6014] Unused sequential element placegen[4].placeBlock.pI/CapGtOne.token_latch_reg was removed.  [/home/aiml/Desktop/IITB_AI_ML/ahir_release/vhdl/ahir.vhdl:14858]
WARNING: [Synth 8-6014] Unused sequential element placegen[5].placeBlock.pI/CapGtOne.token_latch_reg was removed.  [/home/aiml/Desktop/IITB_AI_ML/ahir_release/vhdl/ahir.vhdl:14858]
WARNING: [Synth 8-6014] Unused sequential element placegen[1].placeBlock.pI/CapGtOne.token_latch_reg was removed.  [/home/aiml/Desktop/IITB_AI_ML/ahir_release/vhdl/ahir.vhdl:14858]
WARNING: [Synth 8-6014] Unused sequential element placegen[2].placeBlock.pI/CapGtOne.token_latch_reg was removed.  [/home/aiml/Desktop/IITB_AI_ML/ahir_release/vhdl/ahir.vhdl:14858]
WARNING: [Synth 8-6014] Unused sequential element placegen[3].placeBlock.pI/CapGtOne.token_latch_reg was removed.  [/home/aiml/Desktop/IITB_AI_ML/ahir_release/vhdl/ahir.vhdl:14858]
WARNING: [Synth 8-6014] Unused sequential element placegen[4].placeBlock.pI/CapGtOne.token_latch_reg was removed.  [/home/aiml/Desktop/IITB_AI_ML/ahir_release/vhdl/ahir.vhdl:14858]
WARNING: [Synth 8-6014] Unused sequential element placegen[5].placeBlock.pI/CapGtOne.token_latch_reg was removed.  [/home/aiml/Desktop/IITB_AI_ML/ahir_release/vhdl/ahir.vhdl:14858]
WARNING: [Synth 8-6014] Unused sequential element placegen[1].placeBlock.pI/CapGtOne.token_latch_reg was removed.  [/home/aiml/Desktop/IITB_AI_ML/ahir_release/vhdl/ahir.vhdl:14858]
WARNING: [Synth 8-6014] Unused sequential element placegen[2].placeBlock.pI/CapGtOne.token_latch_reg was removed.  [/home/aiml/Desktop/IITB_AI_ML/ahir_release/vhdl/ahir.vhdl:14858]
WARNING: [Synth 8-6014] Unused sequential element placegen[3].placeBlock.pI/CapGtOne.token_latch_reg was removed.  [/home/aiml/Desktop/IITB_AI_ML/ahir_release/vhdl/ahir.vhdl:14858]
WARNING: [Synth 8-6014] Unused sequential element placegen[4].placeBlock.pI/CapGtOne.token_latch_reg was removed.  [/home/aiml/Desktop/IITB_AI_ML/ahir_release/vhdl/ahir.vhdl:14858]
WARNING: [Synth 8-6014] Unused sequential element placegen[5].placeBlock.pI/CapGtOne.token_latch_reg was removed.  [/home/aiml/Desktop/IITB_AI_ML/ahir_release/vhdl/ahir.vhdl:14858]
WARNING: [Synth 8-6014] Unused sequential element placegen[1].placeBlock.pI/CapGtOne.token_latch_reg was removed.  [/home/aiml/Desktop/IITB_AI_ML/ahir_release/vhdl/ahir.vhdl:14858]
WARNING: [Synth 8-6014] Unused sequential element placegen[2].placeBlock.pI/CapGtOne.token_latch_reg was removed.  [/home/aiml/Desktop/IITB_AI_ML/ahir_release/vhdl/ahir.vhdl:14858]
WARNING: [Synth 8-6014] Unused sequential element placegen[3].placeBlock.pI/CapGtOne.token_latch_reg was removed.  [/home/aiml/Desktop/IITB_AI_ML/ahir_release/vhdl/ahir.vhdl:14858]
WARNING: [Synth 8-6014] Unused sequential element placegen[4].placeBlock.pI/CapGtOne.token_latch_reg was removed.  [/home/aiml/Desktop/IITB_AI_ML/ahir_release/vhdl/ahir.vhdl:14858]
WARNING: [Synth 8-6014] Unused sequential element placegen[5].placeBlock.pI/CapGtOne.token_latch_reg was removed.  [/home/aiml/Desktop/IITB_AI_ML/ahir_release/vhdl/ahir.vhdl:14858]
WARNING: [Synth 8-6014] Unused sequential element placegen[1].placeBlock.pI/CapGtOne.token_latch_reg was removed.  [/home/aiml/Desktop/IITB_AI_ML/ahir_release/vhdl/ahir.vhdl:14858]
WARNING: [Synth 8-6014] Unused sequential element placegen[1].placeBlock.pI/CapGtOne.token_latch_reg was removed.  [/home/aiml/Desktop/IITB_AI_ML/ahir_release/vhdl/ahir.vhdl:14858]
WARNING: [Synth 8-6014] Unused sequential element placegen[1].placeBlock.pI/CapGtOne.token_latch_reg was removed.  [/home/aiml/Desktop/IITB_AI_ML/ahir_release/vhdl/ahir.vhdl:14858]
WARNING: [Synth 8-6014] Unused sequential element placegen[1].placeBlock.pI/CapGtOne.token_latch_reg was removed.  [/home/aiml/Desktop/IITB_AI_ML/ahir_release/vhdl/ahir.vhdl:14858]
WARNING: [Synth 8-6014] Unused sequential element placegen[4].placeBlock.pI/CapGtOne.token_latch_reg was removed.  [/home/aiml/Desktop/IITB_AI_ML/ahir_release/vhdl/ahir.vhdl:14858]
WARNING: [Synth 8-6014] Unused sequential element placegen[9].placeBlock.pI/CapGtOne.token_latch_reg was removed.  [/home/aiml/Desktop/IITB_AI_ML/ahir_release/vhdl/ahir.vhdl:14858]
WARNING: [Synth 8-6014] Unused sequential element placegen[1].placeBlock.pI/CapGtOne.token_latch_reg was removed.  [/home/aiml/Desktop/IITB_AI_ML/ahir_release/vhdl/ahir.vhdl:14858]
WARNING: [Synth 8-6014] Unused sequential element placegen[2].placeBlock.pI/CapGtOne.token_latch_reg was removed.  [/home/aiml/Desktop/IITB_AI_ML/ahir_release/vhdl/ahir.vhdl:14858]
WARNING: [Synth 8-6014] Unused sequential element placegen[3].placeBlock.pI/CapGtOne.token_latch_reg was removed.  [/home/aiml/Desktop/IITB_AI_ML/ahir_release/vhdl/ahir.vhdl:14858]
WARNING: [Synth 8-6014] Unused sequential element placegen[4].placeBlock.pI/CapGtOne.token_latch_reg was removed.  [/home/aiml/Desktop/IITB_AI_ML/ahir_release/vhdl/ahir.vhdl:14858]
WARNING: [Synth 8-6014] Unused sequential element placegen[5].placeBlock.pI/CapGtOne.token_latch_reg was removed.  [/home/aiml/Desktop/IITB_AI_ML/ahir_release/vhdl/ahir.vhdl:14858]
WARNING: [Synth 8-6014] Unused sequential element trigForkSample/inTransPlaceBlock.pI/CapGtOne.token_latch_reg was removed.  [/home/aiml/Desktop/IITB_AI_ML/ahir_release/vhdl/ahir.vhdl:14858]
WARNING: [Synth 8-6014] Unused sequential element trigForkSample/TrigPlaces[0].placeBlock.pI/CapGtOne.token_latch_reg was removed.  [/home/aiml/Desktop/IITB_AI_ML/ahir_release/vhdl/ahir.vhdl:14858]
WARNING: [Synth 8-6014] Unused sequential element trigForkSample/TrigPlaces[1].placeBlock.pI/CapGtOne.token_latch_reg was removed.  [/home/aiml/Desktop/IITB_AI_ML/ahir_release/vhdl/ahir.vhdl:14858]
WARNING: [Synth 8-6014] Unused sequential element trigForkUpdate/inTransPlaceBlock.pI/CapGtOne.token_latch_reg was removed.  [/home/aiml/Desktop/IITB_AI_ML/ahir_release/vhdl/ahir.vhdl:14858]
WARNING: [Synth 8-6014] Unused sequential element trigForkUpdate/TrigPlaces[0].placeBlock.pI/CapGtOne.token_latch_reg was removed.  [/home/aiml/Desktop/IITB_AI_ML/ahir_release/vhdl/ahir.vhdl:14858]
WARNING: [Synth 8-6014] Unused sequential element trigForkUpdate/TrigPlaces[1].placeBlock.pI/CapGtOne.token_latch_reg was removed.  [/home/aiml/Desktop/IITB_AI_ML/ahir_release/vhdl/ahir.vhdl:14858]
WARNING: [Synth 8-6014] Unused sequential element trigForkSample/inTransPlaceBlock.pI/CapGtOne.token_latch_reg was removed.  [/home/aiml/Desktop/IITB_AI_ML/ahir_release/vhdl/ahir.vhdl:14858]
WARNING: [Synth 8-6014] Unused sequential element trigForkSample/TrigPlaces[0].placeBlock.pI/CapGtOne.token_latch_reg was removed.  [/home/aiml/Desktop/IITB_AI_ML/ahir_release/vhdl/ahir.vhdl:14858]
WARNING: [Synth 8-6014] Unused sequential element trigForkSample/TrigPlaces[1].placeBlock.pI/CapGtOne.token_latch_reg was removed.  [/home/aiml/Desktop/IITB_AI_ML/ahir_release/vhdl/ahir.vhdl:14858]
WARNING: [Synth 8-6014] Unused sequential element trigForkUpdate/inTransPlaceBlock.pI/CapGtOne.token_latch_reg was removed.  [/home/aiml/Desktop/IITB_AI_ML/ahir_release/vhdl/ahir.vhdl:14858]
WARNING: [Synth 8-6014] Unused sequential element trigForkUpdate/TrigPlaces[0].placeBlock.pI/CapGtOne.token_latch_reg was removed.  [/home/aiml/Desktop/IITB_AI_ML/ahir_release/vhdl/ahir.vhdl:14858]
WARNING: [Synth 8-6014] Unused sequential element trigForkUpdate/TrigPlaces[1].placeBlock.pI/CapGtOne.token_latch_reg was removed.  [/home/aiml/Desktop/IITB_AI_ML/ahir_release/vhdl/ahir.vhdl:14858]
WARNING: [Synth 8-6014] Unused sequential element trigForkSample/inTransPlaceBlock.pI/CapGtOne.token_latch_reg was removed.  [/home/aiml/Desktop/IITB_AI_ML/ahir_release/vhdl/ahir.vhdl:14858]
WARNING: [Synth 8-6014] Unused sequential element trigForkSample/TrigPlaces[0].placeBlock.pI/CapGtOne.token_latch_reg was removed.  [/home/aiml/Desktop/IITB_AI_ML/ahir_release/vhdl/ahir.vhdl:14858]
WARNING: [Synth 8-6014] Unused sequential element trigForkSample/TrigPlaces[1].placeBlock.pI/CapGtOne.token_latch_reg was removed.  [/home/aiml/Desktop/IITB_AI_ML/ahir_release/vhdl/ahir.vhdl:14858]
WARNING: [Synth 8-6014] Unused sequential element trigForkUpdate/inTransPlaceBlock.pI/CapGtOne.token_latch_reg was removed.  [/home/aiml/Desktop/IITB_AI_ML/ahir_release/vhdl/ahir.vhdl:14858]
WARNING: [Synth 8-6014] Unused sequential element trigForkUpdate/TrigPlaces[0].placeBlock.pI/CapGtOne.token_latch_reg was removed.  [/home/aiml/Desktop/IITB_AI_ML/ahir_release/vhdl/ahir.vhdl:14858]
WARNING: [Synth 8-6014] Unused sequential element trigForkUpdate/TrigPlaces[1].placeBlock.pI/CapGtOne.token_latch_reg was removed.  [/home/aiml/Desktop/IITB_AI_ML/ahir_release/vhdl/ahir.vhdl:14858]
WARNING: [Synth 8-6014] Unused sequential element trigForkSample/inTransPlaceBlock.pI/CapGtOne.token_latch_reg was removed.  [/home/aiml/Desktop/IITB_AI_ML/ahir_release/vhdl/ahir.vhdl:14858]
WARNING: [Synth 8-6014] Unused sequential element trigForkSample/TrigPlaces[0].placeBlock.pI/CapGtOne.token_latch_reg was removed.  [/home/aiml/Desktop/IITB_AI_ML/ahir_release/vhdl/ahir.vhdl:14858]
WARNING: [Synth 8-6014] Unused sequential element trigForkSample/TrigPlaces[1].placeBlock.pI/CapGtOne.token_latch_reg was removed.  [/home/aiml/Desktop/IITB_AI_ML/ahir_release/vhdl/ahir.vhdl:14858]
WARNING: [Synth 8-6014] Unused sequential element trigForkUpdate/inTransPlaceBlock.pI/CapGtOne.token_latch_reg was removed.  [/home/aiml/Desktop/IITB_AI_ML/ahir_release/vhdl/ahir.vhdl:14858]
WARNING: [Synth 8-6014] Unused sequential element trigForkUpdate/TrigPlaces[0].placeBlock.pI/CapGtOne.token_latch_reg was removed.  [/home/aiml/Desktop/IITB_AI_ML/ahir_release/vhdl/ahir.vhdl:14858]
WARNING: [Synth 8-6014] Unused sequential element trigForkUpdate/TrigPlaces[1].placeBlock.pI/CapGtOne.token_latch_reg was removed.  [/home/aiml/Desktop/IITB_AI_ML/ahir_release/vhdl/ahir.vhdl:14858]
WARNING: [Synth 8-6014] Unused sequential element trigForkSample/inTransPlaceBlock.pI/CapGtOne.token_latch_reg was removed.  [/home/aiml/Desktop/IITB_AI_ML/ahir_release/vhdl/ahir.vhdl:14858]
WARNING: [Synth 8-6014] Unused sequential element trigForkSample/TrigPlaces[0].placeBlock.pI/CapGtOne.token_latch_reg was removed.  [/home/aiml/Desktop/IITB_AI_ML/ahir_release/vhdl/ahir.vhdl:14858]
WARNING: [Synth 8-6014] Unused sequential element trigForkSample/TrigPlaces[1].placeBlock.pI/CapGtOne.token_latch_reg was removed.  [/home/aiml/Desktop/IITB_AI_ML/ahir_release/vhdl/ahir.vhdl:14858]
WARNING: [Synth 8-6014] Unused sequential element trigForkUpdate/inTransPlaceBlock.pI/CapGtOne.token_latch_reg was removed.  [/home/aiml/Desktop/IITB_AI_ML/ahir_release/vhdl/ahir.vhdl:14858]
WARNING: [Synth 8-6014] Unused sequential element trigForkUpdate/TrigPlaces[0].placeBlock.pI/CapGtOne.token_latch_reg was removed.  [/home/aiml/Desktop/IITB_AI_ML/ahir_release/vhdl/ahir.vhdl:14858]
WARNING: [Synth 8-6014] Unused sequential element trigForkUpdate/TrigPlaces[1].placeBlock.pI/CapGtOne.token_latch_reg was removed.  [/home/aiml/Desktop/IITB_AI_ML/ahir_release/vhdl/ahir.vhdl:14858]
INFO: [Synth 8-4471] merging register 'out_buffer_write_req_symbol_join.gj_out_buffer_write_req_symbol_join/placegen[2].placeBlock.dly/UnitDelay.ack_reg' into 'in_buffer_unload_req_symbol_join.gj_in_buffer_unload_req_symbol_join/placegen[2].placeBlock.dly/UnitDelay.ack_reg' [/home/aiml/Desktop/IITB_AI_ML/ahir_release/vhdl/ahir.vhdl:13367]
WARNING: [Synth 8-6014] Unused sequential element out_buffer_write_req_symbol_join.gj_out_buffer_write_req_symbol_join/placegen[2].placeBlock.dly/UnitDelay.ack_reg was removed.  [/home/aiml/Desktop/IITB_AI_ML/ahir_release/vhdl/ahir.vhdl:13367]
INFO: [Synth 8-5546] ROM "result" won't be mapped to RAM because it is too sparse
WARNING: [Synth 8-6014] Unused sequential element  was removed.  [/home/aiml/Desktop/IITB_AI_ML/ahir_release/vhdl/ahir.vhdl:5240]
WARNING: [Synth 8-6014] Unused sequential element  was removed.  [/home/aiml/Desktop/IITB_AI_ML/ahir_release/vhdl/ahir.vhdl:5240]
WARNING: [Synth 8-6014] Unused sequential element sendModule_CP_16251.sendModule_cp_element_group_16.gj_sendModule_cp_element_group_16/placegen[1].placeBlock.pI/CapGtOne.token_latch_reg was removed.  [/home/aiml/Desktop/IITB_AI_ML/ahir_release/vhdl/ahir.vhdl:14858]
WARNING: [Synth 8-6014] Unused sequential element sendModule_CP_16251.sendModule_cp_element_group_35.gj_sendModule_cp_element_group_35/placegen[1].placeBlock.pI/CapGtOne.token_latch_reg was removed.  [/home/aiml/Desktop/IITB_AI_ML/ahir_release/vhdl/ahir.vhdl:14858]
WARNING: [Synth 8-6014] Unused sequential element sendModule_CP_16251.sendModule_cp_element_group_45.gj_sendModule_cp_element_group_45/placegen[1].placeBlock.pI/CapGtOne.token_latch_reg was removed.  [/home/aiml/Desktop/IITB_AI_ML/ahir_release/vhdl/ahir.vhdl:14858]
WARNING: [Synth 8-6014] Unused sequential element sendModule_CP_16251.sendModule_cp_element_group_46.gj_sendModule_cp_element_group_46/placegen[1].placeBlock.pI/CapGtOne.token_latch_reg was removed.  [/home/aiml/Desktop/IITB_AI_ML/ahir_release/vhdl/ahir.vhdl:14858]
WARNING: [Synth 8-6014] Unused sequential element sendModule_CP_16251.sendModule_cp_element_group_54.gj_sendModule_cp_element_group_54/placegen[1].placeBlock.pI/CapGtOne.token_latch_reg was removed.  [/home/aiml/Desktop/IITB_AI_ML/ahir_release/vhdl/ahir.vhdl:14858]
WARNING: [Synth 8-6014] Unused sequential element sendModule_CP_16251.sendModule_cp_element_group_72.gj_sendModule_cp_element_group_72/placegen[1].placeBlock.pI/CapGtOne.token_latch_reg was removed.  [/home/aiml/Desktop/IITB_AI_ML/ahir_release/vhdl/ahir.vhdl:14858]
WARNING: [Synth 8-6014] Unused sequential element sendModule_CP_16251.sendModule_cp_element_group_73.gj_sendModule_cp_element_group_73/placegen[1].placeBlock.pI/CapGtOne.token_latch_reg was removed.  [/home/aiml/Desktop/IITB_AI_ML/ahir_release/vhdl/ahir.vhdl:14858]
WARNING: [Synth 8-6014] Unused sequential element sendModule_CP_16251.sendModule_cp_element_group_92.gj_sendModule_cp_element_group_92/placegen[1].placeBlock.pI/CapGtOne.token_latch_reg was removed.  [/home/aiml/Desktop/IITB_AI_ML/ahir_release/vhdl/ahir.vhdl:14858]
WARNING: [Synth 8-6014] Unused sequential element sendModule_CP_16251.sendModule_cp_element_group_110.gj_sendModule_cp_element_group_110/placegen[1].placeBlock.pI/CapGtOne.token_latch_reg was removed.  [/home/aiml/Desktop/IITB_AI_ML/ahir_release/vhdl/ahir.vhdl:14858]
WARNING: [Synth 8-6014] Unused sequential element sendModule_CP_16251.sendModule_cp_element_group_111.gj_sendModule_cp_element_group_111/placegen[1].placeBlock.pI/CapGtOne.token_latch_reg was removed.  [/home/aiml/Desktop/IITB_AI_ML/ahir_release/vhdl/ahir.vhdl:14858]
WARNING: [Synth 8-6014] Unused sequential element sendModule_CP_16251.sendModule_cp_element_group_114.gj_sendModule_cp_element_group_114/placegen[1].placeBlock.pI/CapGtOne.token_latch_reg was removed.  [/home/aiml/Desktop/IITB_AI_ML/ahir_release/vhdl/ahir.vhdl:14858]
WARNING: [Synth 8-6014] Unused sequential element sendModule_CP_16251.sendModule_cp_element_group_115.gj_sendModule_cp_element_group_115/placegen[1].placeBlock.pI/CapGtOne.token_latch_reg was removed.  [/home/aiml/Desktop/IITB_AI_ML/ahir_release/vhdl/ahir.vhdl:14858]
WARNING: [Synth 8-6014] Unused sequential element sendModule_CP_16251.sendModule_cp_element_group_118.gj_sendModule_cp_element_group_118/placegen[1].placeBlock.pI/CapGtOne.token_latch_reg was removed.  [/home/aiml/Desktop/IITB_AI_ML/ahir_release/vhdl/ahir.vhdl:14858]
WARNING: [Synth 8-6014] Unused sequential element sendModule_CP_16251.sendModule_cp_element_group_119.gj_sendModule_cp_element_group_119/placegen[1].placeBlock.pI/CapGtOne.token_latch_reg was removed.  [/home/aiml/Desktop/IITB_AI_ML/ahir_release/vhdl/ahir.vhdl:14858]
WARNING: [Synth 8-6014] Unused sequential element sendModule_CP_16251.sendModule_cp_element_group_122.gj_sendModule_cp_element_group_122/placegen[1].placeBlock.pI/CapGtOne.token_latch_reg was removed.  [/home/aiml/Desktop/IITB_AI_ML/ahir_release/vhdl/ahir.vhdl:14858]
WARNING: [Synth 8-6014] Unused sequential element sendModule_CP_16251.sendModule_cp_element_group_126.gj_sendModule_cp_element_group_126/placegen[1].placeBlock.pI/CapGtOne.token_latch_reg was removed.  [/home/aiml/Desktop/IITB_AI_ML/ahir_release/vhdl/ahir.vhdl:14858]
WARNING: [Synth 8-6014] Unused sequential element sendModule_CP_16251.sendModule_cp_element_group_130.gj_sendModule_cp_element_group_130/placegen[1].placeBlock.pI/CapGtOne.token_latch_reg was removed.  [/home/aiml/Desktop/IITB_AI_ML/ahir_release/vhdl/ahir.vhdl:14858]
WARNING: [Synth 8-6014] Unused sequential element sendModule_CP_16251.sendModule_cp_element_group_134.gj_sendModule_cp_element_group_134/placegen[1].placeBlock.pI/CapGtOne.token_latch_reg was removed.  [/home/aiml/Desktop/IITB_AI_ML/ahir_release/vhdl/ahir.vhdl:14858]
WARNING: [Synth 8-6014] Unused sequential element sendModule_CP_16251.sendModule_cp_element_group_138.gj_sendModule_cp_element_group_138/placegen[1].placeBlock.pI/CapGtOne.token_latch_reg was removed.  [/home/aiml/Desktop/IITB_AI_ML/ahir_release/vhdl/ahir.vhdl:14858]
WARNING: [Synth 8-6014] Unused sequential element sendModule_CP_16251.sendModule_cp_element_group_142.gj_sendModule_cp_element_group_142/placegen[1].placeBlock.pI/CapGtOne.token_latch_reg was removed.  [/home/aiml/Desktop/IITB_AI_ML/ahir_release/vhdl/ahir.vhdl:14858]
WARNING: [Synth 8-6014] Unused sequential element sendModule_CP_16251.sendModule_cp_element_group_146.gj_sendModule_cp_element_group_146/placegen[1].placeBlock.pI/CapGtOne.token_latch_reg was removed.  [/home/aiml/Desktop/IITB_AI_ML/ahir_release/vhdl/ahir.vhdl:14858]
WARNING: [Synth 8-6014] Unused sequential element sendModule_CP_16251.sendModule_cp_element_group_150.gj_sendModule_cp_element_group_150/placegen[1].placeBlock.pI/CapGtOne.token_latch_reg was removed.  [/home/aiml/Desktop/IITB_AI_ML/ahir_release/vhdl/ahir.vhdl:14858]
WARNING: [Synth 8-6014] Unused sequential element sendModule_CP_16251.sendModule_cp_element_group_154.gj_sendModule_cp_element_group_154/placegen[1].placeBlock.pI/CapGtOne.token_latch_reg was removed.  [/home/aiml/Desktop/IITB_AI_ML/ahir_release/vhdl/ahir.vhdl:14858]
WARNING: [Synth 8-6014] Unused sequential element sendModule_CP_16251.sendModule_cp_element_group_158.gj_sendModule_cp_element_group_158/placegen[1].placeBlock.pI/CapGtOne.token_latch_reg was removed.  [/home/aiml/Desktop/IITB_AI_ML/ahir_release/vhdl/ahir.vhdl:14858]
WARNING: [Synth 8-6014] Unused sequential element sendModule_CP_16251.sendModule_cp_element_group_162.gj_sendModule_cp_element_group_162/placegen[1].placeBlock.pI/CapGtOne.token_latch_reg was removed.  [/home/aiml/Desktop/IITB_AI_ML/ahir_release/vhdl/ahir.vhdl:14858]
WARNING: [Synth 8-6014] Unused sequential element sendModule_CP_16251.sendModule_cp_element_group_166.gj_sendModule_cp_element_group_166/placegen[1].placeBlock.pI/CapGtOne.token_latch_reg was removed.  [/home/aiml/Desktop/IITB_AI_ML/ahir_release/vhdl/ahir.vhdl:14858]
WARNING: [Synth 8-6014] Unused sequential element sendModule_CP_16251.sendModule_cp_element_group_170.gj_sendModule_cp_element_group_170/placegen[1].placeBlock.pI/CapGtOne.token_latch_reg was removed.  [/home/aiml/Desktop/IITB_AI_ML/ahir_release/vhdl/ahir.vhdl:14858]
WARNING: [Synth 8-6014] Unused sequential element sendModule_CP_16251.sendModule_cp_element_group_174.gj_sendModule_cp_element_group_174/placegen[1].placeBlock.pI/CapGtOne.token_latch_reg was removed.  [/home/aiml/Desktop/IITB_AI_ML/ahir_release/vhdl/ahir.vhdl:14858]
WARNING: [Synth 8-6014] Unused sequential element sendModule_CP_16251.sendModule_cp_element_group_178.gj_sendModule_cp_element_group_178/placegen[1].placeBlock.pI/CapGtOne.token_latch_reg was removed.  [/home/aiml/Desktop/IITB_AI_ML/ahir_release/vhdl/ahir.vhdl:14858]
WARNING: [Synth 8-6014] Unused sequential element sendModule_CP_16251.sendModule_cp_element_group_182.gj_sendModule_cp_element_group_182/placegen[1].placeBlock.pI/CapGtOne.token_latch_reg was removed.  [/home/aiml/Desktop/IITB_AI_ML/ahir_release/vhdl/ahir.vhdl:14858]
DSP Report: Generating DSP x, operation Mode is: A2*B2.
DSP Report: register B is absorbed into DSP x.
DSP Report: register A is absorbed into DSP x.
DSP Report: operator x is absorbed into DSP x.
WARNING: [Synth 8-6014] Unused sequential element available_iterations_reg was removed.  [/home/aiml/Desktop/IITB_AI_ML/ahir_release/vhdl/ahir.vhdl:14083]
WARNING: [Synth 8-6014] Unused sequential element placegen[1].placeBlock.pI/CapGtOne.token_latch_reg was removed.  [/home/aiml/Desktop/IITB_AI_ML/ahir_release/vhdl/ahir.vhdl:14858]
INFO: [Common 17-14] Message 'Synth 8-6014' appears 100 times and further instances of the messages will be disabled. Use the Tcl command set_msg_config to change the current settings.
INFO: [Synth 8-4471] merging register 'out_buffer_write_req_symbol_join.gj_out_buffer_write_req_symbol_join/placegen[2].placeBlock.dly/UnitDelay.ack_reg' into 'in_buffer_unload_req_symbol_join.gj_in_buffer_unload_req_symbol_join/placegen[2].placeBlock.dly/UnitDelay.ack_reg' [/home/aiml/Desktop/IITB_AI_ML/ahir_release/vhdl/ahir.vhdl:13367]
INFO: [Synth 8-5546] ROM "result" won't be mapped to RAM because it is too sparse
INFO: [Synth 8-4471] merging register 'out_buffer_write_req_symbol_join.gj_out_buffer_write_req_symbol_join/placegen[2].placeBlock.dly/UnitDelay.ack_reg' into 'in_buffer_unload_req_symbol_join.gj_in_buffer_unload_req_symbol_join/placegen[2].placeBlock.dly/UnitDelay.ack_reg' [/home/aiml/Desktop/IITB_AI_ML/ahir_release/vhdl/ahir.vhdl:13367]
INFO: [Synth 8-4471] merging register 'accumulator_CP_965.accumulator_cp_element_group_36.gj_accumulator_cp_element_group_36/placegen[2].placeBlock.dly/UnitDelay.ack_reg' into 'accumulator_CP_965.accumulator_cp_element_group_15.gj_accumulator_cp_element_group_15/placegen[2].placeBlock.dly/UnitDelay.ack_reg' [/home/aiml/Desktop/IITB_AI_ML/ahir_release/vhdl/ahir.vhdl:13367]
INFO: [Synth 8-4471] merging register 'accumulator_CP_965.accumulator_cp_element_group_55.gj_accumulator_cp_element_group_55/placegen[2].placeBlock.dly/UnitDelay.ack_reg' into 'accumulator_CP_965.accumulator_cp_element_group_15.gj_accumulator_cp_element_group_15/placegen[2].placeBlock.dly/UnitDelay.ack_reg' [/home/aiml/Desktop/IITB_AI_ML/ahir_release/vhdl/ahir.vhdl:13367]
INFO: [Synth 8-4471] merging register 'accumulator_CP_965.accumulator_cp_element_group_76.gj_accumulator_cp_element_group_76/placegen[2].placeBlock.dly/UnitDelay.ack_reg' into 'accumulator_CP_965.accumulator_cp_element_group_15.gj_accumulator_cp_element_group_15/placegen[2].placeBlock.dly/UnitDelay.ack_reg' [/home/aiml/Desktop/IITB_AI_ML/ahir_release/vhdl/ahir.vhdl:13367]
INFO: [Synth 8-4471] merging register 'accumulator_CP_965.accumulator_cp_element_group_97.gj_accumulator_cp_element_group_97/placegen[2].placeBlock.dly/UnitDelay.ack_reg' into 'accumulator_CP_965.accumulator_cp_element_group_15.gj_accumulator_cp_element_group_15/placegen[2].placeBlock.dly/UnitDelay.ack_reg' [/home/aiml/Desktop/IITB_AI_ML/ahir_release/vhdl/ahir.vhdl:13367]
INFO: [Synth 8-4471] merging register 'accumulator_CP_965.accumulator_cp_element_group_118.gj_accumulator_cp_element_group_118/placegen[2].placeBlock.dly/UnitDelay.ack_reg' into 'accumulator_CP_965.accumulator_cp_element_group_15.gj_accumulator_cp_element_group_15/placegen[2].placeBlock.dly/UnitDelay.ack_reg' [/home/aiml/Desktop/IITB_AI_ML/ahir_release/vhdl/ahir.vhdl:13367]
INFO: [Synth 8-4471] merging register 'accumulator_CP_965.accumulator_cp_element_group_139.gj_accumulator_cp_element_group_139/placegen[2].placeBlock.dly/UnitDelay.ack_reg' into 'accumulator_CP_965.accumulator_cp_element_group_15.gj_accumulator_cp_element_group_15/placegen[2].placeBlock.dly/UnitDelay.ack_reg' [/home/aiml/Desktop/IITB_AI_ML/ahir_release/vhdl/ahir.vhdl:13367]
INFO: [Synth 8-4471] merging register 'accumulator_CP_965.accumulator_cp_element_group_160.gj_accumulator_cp_element_group_160/placegen[2].placeBlock.dly/UnitDelay.ack_reg' into 'accumulator_CP_965.accumulator_cp_element_group_15.gj_accumulator_cp_element_group_15/placegen[2].placeBlock.dly/UnitDelay.ack_reg' [/home/aiml/Desktop/IITB_AI_ML/ahir_release/vhdl/ahir.vhdl:13367]
INFO: [Synth 8-4471] merging register 'accumulator_CP_965.accumulator_cp_element_group_181.gj_accumulator_cp_element_group_181/placegen[2].placeBlock.dly/UnitDelay.ack_reg' into 'accumulator_CP_965.accumulator_cp_element_group_15.gj_accumulator_cp_element_group_15/placegen[2].placeBlock.dly/UnitDelay.ack_reg' [/home/aiml/Desktop/IITB_AI_ML/ahir_release/vhdl/ahir.vhdl:13367]
INFO: [Synth 8-4471] merging register 'accumulator_CP_965.accumulator_cp_element_group_202.gj_accumulator_cp_element_group_202/placegen[2].placeBlock.dly/UnitDelay.ack_reg' into 'accumulator_CP_965.accumulator_cp_element_group_15.gj_accumulator_cp_element_group_15/placegen[2].placeBlock.dly/UnitDelay.ack_reg' [/home/aiml/Desktop/IITB_AI_ML/ahir_release/vhdl/ahir.vhdl:13367]
INFO: [Synth 8-4471] merging register 'accumulator_CP_965.accumulator_cp_element_group_223.gj_accumulator_cp_element_group_223/placegen[2].placeBlock.dly/UnitDelay.ack_reg' into 'accumulator_CP_965.accumulator_cp_element_group_15.gj_accumulator_cp_element_group_15/placegen[2].placeBlock.dly/UnitDelay.ack_reg' [/home/aiml/Desktop/IITB_AI_ML/ahir_release/vhdl/ahir.vhdl:13367]
INFO: [Synth 8-4471] merging register 'accumulator_CP_965.accumulator_cp_element_group_244.gj_accumulator_cp_element_group_244/placegen[2].placeBlock.dly/UnitDelay.ack_reg' into 'accumulator_CP_965.accumulator_cp_element_group_15.gj_accumulator_cp_element_group_15/placegen[2].placeBlock.dly/UnitDelay.ack_reg' [/home/aiml/Desktop/IITB_AI_ML/ahir_release/vhdl/ahir.vhdl:13367]
INFO: [Synth 8-4471] merging register 'accumulator_CP_965.accumulator_cp_element_group_265.gj_accumulator_cp_element_group_265/placegen[2].placeBlock.dly/UnitDelay.ack_reg' into 'accumulator_CP_965.accumulator_cp_element_group_15.gj_accumulator_cp_element_group_15/placegen[2].placeBlock.dly/UnitDelay.ack_reg' [/home/aiml/Desktop/IITB_AI_ML/ahir_release/vhdl/ahir.vhdl:13367]
INFO: [Synth 8-4471] merging register 'accumulator_CP_965.accumulator_cp_element_group_286.gj_accumulator_cp_element_group_286/placegen[2].placeBlock.dly/UnitDelay.ack_reg' into 'accumulator_CP_965.accumulator_cp_element_group_15.gj_accumulator_cp_element_group_15/placegen[2].placeBlock.dly/UnitDelay.ack_reg' [/home/aiml/Desktop/IITB_AI_ML/ahir_release/vhdl/ahir.vhdl:13367]
INFO: [Synth 8-4471] merging register 'accumulator_CP_965.accumulator_cp_element_group_307.gj_accumulator_cp_element_group_307/placegen[2].placeBlock.dly/UnitDelay.ack_reg' into 'accumulator_CP_965.accumulator_cp_element_group_15.gj_accumulator_cp_element_group_15/placegen[2].placeBlock.dly/UnitDelay.ack_reg' [/home/aiml/Desktop/IITB_AI_ML/ahir_release/vhdl/ahir.vhdl:13367]
INFO: [Synth 8-4471] merging register 'accumulator_CP_965.accumulator_cp_element_group_328.gj_accumulator_cp_element_group_328/placegen[2].placeBlock.dly/UnitDelay.ack_reg' into 'accumulator_CP_965.accumulator_cp_element_group_15.gj_accumulator_cp_element_group_15/placegen[2].placeBlock.dly/UnitDelay.ack_reg' [/home/aiml/Desktop/IITB_AI_ML/ahir_release/vhdl/ahir.vhdl:13367]
INFO: [Synth 8-4471] merging register 'accumulator_CP_965.accumulator_cp_element_group_349.gj_accumulator_cp_element_group_349/placegen[2].placeBlock.dly/UnitDelay.ack_reg' into 'accumulator_CP_965.accumulator_cp_element_group_15.gj_accumulator_cp_element_group_15/placegen[2].placeBlock.dly/UnitDelay.ack_reg' [/home/aiml/Desktop/IITB_AI_ML/ahir_release/vhdl/ahir.vhdl:13367]
INFO: [Synth 8-4471] merging register 'accumulator_CP_965.accumulator_cp_element_group_368.gj_accumulator_cp_element_group_368/placegen[2].placeBlock.dly/UnitDelay.ack_reg' into 'accumulator_CP_965.accumulator_cp_element_group_15.gj_accumulator_cp_element_group_15/placegen[2].placeBlock.dly/UnitDelay.ack_reg' [/home/aiml/Desktop/IITB_AI_ML/ahir_release/vhdl/ahir.vhdl:13367]
DSP Report: Generating DSP x, operation Mode is: (C:0xffffffffffff)+A2*B2.
DSP Report: register B is absorbed into DSP x.
DSP Report: register in_buffer/NotRevisedCase.ShallowCase.ulReg/noBypass.read_data_reg is absorbed into DSP x.
DSP Report: operator x is absorbed into DSP x.
DSP Report: operator x is absorbed into DSP x.
WARNING: [Synth 8-3331] design sendModulePool has unconnected port writeModule_convolution_return_data[0]
INFO: [Synth 8-3886] merging instance 'sendModule_instance/data_path.type_cast_8522_inst_block.type_cast_8522_inst/NoFlowThrough.interlockBuf.buf/NotRevisedCase.ShallowCase.ulReg/noBypass.read_data_reg[16]' (FDRE) to 'sendModule_instance/data_path.type_cast_8522_inst_block.type_cast_8522_inst/NoFlowThrough.interlockBuf.buf/NotRevisedCase.ShallowCase.ulReg/noBypass.read_data_reg[31]'
INFO: [Synth 8-3886] merging instance 'sendModule_instance/data_path.type_cast_8522_inst_block.type_cast_8522_inst/NoFlowThrough.interlockBuf.buf/NotRevisedCase.ShallowCase.ulReg/noBypass.read_data_reg[17]' (FDRE) to 'sendModule_instance/data_path.type_cast_8522_inst_block.type_cast_8522_inst/NoFlowThrough.interlockBuf.buf/NotRevisedCase.ShallowCase.ulReg/noBypass.read_data_reg[31]'
INFO: [Synth 8-3886] merging instance 'sendModule_instance/data_path.type_cast_8522_inst_block.type_cast_8522_inst/NoFlowThrough.interlockBuf.buf/NotRevisedCase.ShallowCase.ulReg/noBypass.read_data_reg[18]' (FDRE) to 'sendModule_instance/data_path.type_cast_8522_inst_block.type_cast_8522_inst/NoFlowThrough.interlockBuf.buf/NotRevisedCase.ShallowCase.ulReg/noBypass.read_data_reg[31]'
INFO: [Synth 8-3886] merging instance 'sendModule_instance/data_path.type_cast_8522_inst_block.type_cast_8522_inst/NoFlowThrough.interlockBuf.buf/NotRevisedCase.ShallowCase.ulReg/noBypass.read_data_reg[19]' (FDRE) to 'sendModule_instance/data_path.type_cast_8522_inst_block.type_cast_8522_inst/NoFlowThrough.interlockBuf.buf/NotRevisedCase.ShallowCase.ulReg/noBypass.read_data_reg[31]'
INFO: [Synth 8-3886] merging instance 'sendModule_instance/data_path.type_cast_8522_inst_block.type_cast_8522_inst/NoFlowThrough.interlockBuf.buf/NotRevisedCase.ShallowCase.ulReg/noBypass.read_data_reg[20]' (FDRE) to 'sendModule_instance/data_path.type_cast_8522_inst_block.type_cast_8522_inst/NoFlowThrough.interlockBuf.buf/NotRevisedCase.ShallowCase.ulReg/noBypass.read_data_reg[31]'
INFO: [Synth 8-3886] merging instance 'sendModule_instance/data_path.type_cast_8522_inst_block.type_cast_8522_inst/NoFlowThrough.interlockBuf.buf/NotRevisedCase.ShallowCase.ulReg/noBypass.read_data_reg[21]' (FDRE) to 'sendModule_instance/data_path.type_cast_8522_inst_block.type_cast_8522_inst/NoFlowThrough.interlockBuf.buf/NotRevisedCase.ShallowCase.ulReg/noBypass.read_data_reg[31]'
INFO: [Synth 8-3886] merging instance 'sendModule_instance/data_path.type_cast_8522_inst_block.type_cast_8522_inst/NoFlowThrough.interlockBuf.buf/NotRevisedCase.ShallowCase.ulReg/noBypass.read_data_reg[22]' (FDRE) to 'sendModule_instance/data_path.type_cast_8522_inst_block.type_cast_8522_inst/NoFlowThrough.interlockBuf.buf/NotRevisedCase.ShallowCase.ulReg/noBypass.read_data_reg[31]'
INFO: [Synth 8-3886] merging instance 'sendModule_instance/data_path.type_cast_8522_inst_block.type_cast_8522_inst/NoFlowThrough.interlockBuf.buf/NotRevisedCase.ShallowCase.ulReg/noBypass.read_data_reg[23]' (FDRE) to 'sendModule_instance/data_path.type_cast_8522_inst_block.type_cast_8522_inst/NoFlowThrough.interlockBuf.buf/NotRevisedCase.ShallowCase.ulReg/noBypass.read_data_reg[31]'
INFO: [Synth 8-3886] merging instance 'sendModule_instance/data_path.type_cast_8522_inst_block.type_cast_8522_inst/NoFlowThrough.interlockBuf.buf/NotRevisedCase.ShallowCase.ulReg/noBypass.read_data_reg[24]' (FDRE) to 'sendModule_instance/data_path.type_cast_8522_inst_block.type_cast_8522_inst/NoFlowThrough.interlockBuf.buf/NotRevisedCase.ShallowCase.ulReg/noBypass.read_data_reg[31]'
INFO: [Synth 8-3886] merging instance 'sendModule_instance/data_path.type_cast_8522_inst_block.type_cast_8522_inst/NoFlowThrough.interlockBuf.buf/NotRevisedCase.ShallowCase.ulReg/noBypass.read_data_reg[25]' (FDRE) to 'sendModule_instance/data_path.type_cast_8522_inst_block.type_cast_8522_inst/NoFlowThrough.interlockBuf.buf/NotRevisedCase.ShallowCase.ulReg/noBypass.read_data_reg[31]'
INFO: [Synth 8-3886] merging instance 'sendModule_instance/data_path.type_cast_8522_inst_block.type_cast_8522_inst/NoFlowThrough.interlockBuf.buf/NotRevisedCase.ShallowCase.ulReg/noBypass.read_data_reg[26]' (FDRE) to 'sendModule_instance/data_path.type_cast_8522_inst_block.type_cast_8522_inst/NoFlowThrough.interlockBuf.buf/NotRevisedCase.ShallowCase.ulReg/noBypass.read_data_reg[31]'
INFO: [Synth 8-3886] merging instance 'sendModule_instance/data_path.type_cast_8522_inst_block.type_cast_8522_inst/NoFlowThrough.interlockBuf.buf/NotRevisedCase.ShallowCase.ulReg/noBypass.read_data_reg[27]' (FDRE) to 'sendModule_instance/data_path.type_cast_8522_inst_block.type_cast_8522_inst/NoFlowThrough.interlockBuf.buf/NotRevisedCase.ShallowCase.ulReg/noBypass.read_data_reg[31]'
INFO: [Synth 8-3886] merging instance 'sendModule_instance/data_path.type_cast_8522_inst_block.type_cast_8522_inst/NoFlowThrough.interlockBuf.buf/NotRevisedCase.ShallowCase.ulReg/noBypass.read_data_reg[28]' (FDRE) to 'sendModule_instance/data_path.type_cast_8522_inst_block.type_cast_8522_inst/NoFlowThrough.interlockBuf.buf/NotRevisedCase.ShallowCase.ulReg/noBypass.read_data_reg[31]'
INFO: [Synth 8-3886] merging instance 'sendModule_instance/data_path.type_cast_8522_inst_block.type_cast_8522_inst/NoFlowThrough.interlockBuf.buf/NotRevisedCase.ShallowCase.ulReg/noBypass.read_data_reg[29]' (FDRE) to 'sendModule_instance/data_path.type_cast_8522_inst_block.type_cast_8522_inst/NoFlowThrough.interlockBuf.buf/NotRevisedCase.ShallowCase.ulReg/noBypass.read_data_reg[31]'
INFO: [Synth 8-3886] merging instance 'sendModule_instance/data_path.type_cast_8522_inst_block.type_cast_8522_inst/NoFlowThrough.interlockBuf.buf/NotRevisedCase.ShallowCase.ulReg/noBypass.read_data_reg[30]' (FDRE) to 'sendModule_instance/data_path.type_cast_8522_inst_block.type_cast_8522_inst/NoFlowThrough.interlockBuf.buf/NotRevisedCase.ShallowCase.ulReg/noBypass.read_data_reg[31]'
INFO: [Synth 8-3333] propagating constant 0 across sequential element (sendModule_instance/\data_path.type_cast_8522_inst_block.type_cast_8522_inst/NoFlowThrough.interlockBuf.buf/NotRevisedCase.ShallowCase.ulReg/noBypass.read_data_reg[31] )
WARNING: [Synth 8-3332] Sequential element (req_registered_reg[1]) is unused and will be removed from module PhiBase__parameterized119.
WARNING: [Synth 8-3332] Sequential element (req_registered_reg[1]) is unused and will be removed from module PhiBase__parameterized123.
WARNING: [Synth 8-3332] Sequential element (bufGen[0].BufBlock.ub/NotRevisedCase.ShallowCase.ulReg/noBypass.read_data_reg[0]) is unused and will be removed from module OutputDeMuxBaseWithBuffering__parameterized22.
WARNING: [Synth 8-3332] Sequential element (bufGen[1].BufBlock.ub/NotRevisedCase.ShallowCase.ulReg/noBypass.read_data_reg[0]) is unused and will be removed from module OutputDeMuxBaseWithBuffering__parameterized22.
WARNING: [Synth 8-3332] Sequential element (in_buffer/NotRevisedCase.ShallowCase.ulReg/noBypass.read_data_reg[81]) is unused and will be removed from module sendModule.
WARNING: [Synth 8-3332] Sequential element (in_buffer/NotRevisedCase.ShallowCase.ulReg/noBypass.read_data_reg[63]) is unused and will be removed from module sendModule.
WARNING: [Synth 8-3332] Sequential element (in_buffer/NotRevisedCase.ShallowCase.ulReg/noBypass.read_data_reg[62]) is unused and will be removed from module sendModule.
WARNING: [Synth 8-3332] Sequential element (in_buffer/NotRevisedCase.ShallowCase.ulReg/noBypass.read_data_reg[61]) is unused and will be removed from module sendModule.
WARNING: [Synth 8-3332] Sequential element (in_buffer/NotRevisedCase.ShallowCase.ulReg/noBypass.read_data_reg[60]) is unused and will be removed from module sendModule.
WARNING: [Synth 8-3332] Sequential element (in_buffer/NotRevisedCase.ShallowCase.ulReg/noBypass.read_data_reg[59]) is unused and will be removed from module sendModule.
WARNING: [Synth 8-3332] Sequential element (in_buffer/NotRevisedCase.ShallowCase.ulReg/noBypass.read_data_reg[58]) is unused and will be removed from module sendModule.
WARNING: [Synth 8-3332] Sequential element (in_buffer/NotRevisedCase.ShallowCase.ulReg/noBypass.read_data_reg[57]) is unused and will be removed from module sendModule.
WARNING: [Synth 8-3332] Sequential element (in_buffer/NotRevisedCase.ShallowCase.ulReg/noBypass.read_data_reg[56]) is unused and will be removed from module sendModule.
WARNING: [Synth 8-3332] Sequential element (in_buffer/NotRevisedCase.ShallowCase.ulReg/noBypass.read_data_reg[55]) is unused and will be removed from module sendModule.
WARNING: [Synth 8-3332] Sequential element (in_buffer/NotRevisedCase.ShallowCase.ulReg/noBypass.read_data_reg[54]) is unused and will be removed from module sendModule.
WARNING: [Synth 8-3332] Sequential element (in_buffer/NotRevisedCase.ShallowCase.ulReg/noBypass.read_data_reg[53]) is unused and will be removed from module sendModule.
WARNING: [Synth 8-3332] Sequential element (tagIlock/NoFlowThrough.interlockBuf.buf/NotRevisedCase.ShallowCase.ulReg/noBypass.read_data_reg[1]) is unused and will be removed from module sendModule.
WARNING: [Synth 8-3332] Sequential element (out_buffer/notFRR.bufPipe/Shallow.notSaveSlot.queue/qD1.RB.data_reg_reg[1]) is unused and will be removed from module sendModule.
WARNING: [Synth 8-3332] Sequential element (data_path.type_cast_8522_inst_block.type_cast_8522_inst/NoFlowThrough.interlockBuf.buf/NotRevisedCase.ShallowCase.ulReg/noBypass.read_data_reg[31]) is unused and will be removed from module sendModule.
WARNING: [Synth 8-3332] Sequential element (req_registered_reg[1]) is unused and will be removed from module PhiBase__parameterized129.
WARNING: [Synth 8-3332] Sequential element (req_registered_reg[1]) is unused and will be removed from module PhiBase__parameterized131.
WARNING: [Synth 8-3332] Sequential element (in_buffer/NotRevisedCase.ShallowCase.ulReg/noBypass.read_data_reg[81]) is unused and will be removed from module sendModulePool.
WARNING: [Synth 8-3332] Sequential element (in_buffer/NotRevisedCase.ShallowCase.ulReg/noBypass.read_data_reg[63]) is unused and will be removed from module sendModulePool.
WARNING: [Synth 8-3332] Sequential element (in_buffer/NotRevisedCase.ShallowCase.ulReg/noBypass.read_data_reg[62]) is unused and will be removed from module sendModulePool.
WARNING: [Synth 8-3332] Sequential element (in_buffer/NotRevisedCase.ShallowCase.ulReg/noBypass.read_data_reg[61]) is unused and will be removed from module sendModulePool.
WARNING: [Synth 8-3332] Sequential element (in_buffer/NotRevisedCase.ShallowCase.ulReg/noBypass.read_data_reg[60]) is unused and will be removed from module sendModulePool.
WARNING: [Synth 8-3332] Sequential element (in_buffer/NotRevisedCase.ShallowCase.ulReg/noBypass.read_data_reg[59]) is unused and will be removed from module sendModulePool.
WARNING: [Synth 8-3332] Sequential element (in_buffer/NotRevisedCase.ShallowCase.ulReg/noBypass.read_data_reg[58]) is unused and will be removed from module sendModulePool.
WARNING: [Synth 8-3332] Sequential element (in_buffer/NotRevisedCase.ShallowCase.ulReg/noBypass.read_data_reg[57]) is unused and will be removed from module sendModulePool.
WARNING: [Synth 8-3332] Sequential element (in_buffer/NotRevisedCase.ShallowCase.ulReg/noBypass.read_data_reg[56]) is unused and will be removed from module sendModulePool.
WARNING: [Synth 8-3332] Sequential element (in_buffer/NotRevisedCase.ShallowCase.ulReg/noBypass.read_data_reg[55]) is unused and will be removed from module sendModulePool.
WARNING: [Synth 8-3332] Sequential element (in_buffer/NotRevisedCase.ShallowCase.ulReg/noBypass.read_data_reg[54]) is unused and will be removed from module sendModulePool.
WARNING: [Synth 8-3332] Sequential element (in_buffer/NotRevisedCase.ShallowCase.ulReg/noBypass.read_data_reg[53]) is unused and will be removed from module sendModulePool.
WARNING: [Synth 8-3332] Sequential element (in_buffer/NotRevisedCase.ShallowCase.ulReg/noBypass.read_data_reg[16]) is unused and will be removed from module sendModulePool.
WARNING: [Synth 8-3332] Sequential element (tagIlock/NoFlowThrough.interlockBuf.buf/NotRevisedCase.ShallowCase.ulReg/noBypass.read_data_reg[1]) is unused and will be removed from module sendModulePool.
WARNING: [Synth 8-3332] Sequential element (out_buffer/notFRR.bufPipe/Shallow.notSaveSlot.queue/qD1.RB.data_reg_reg[1]) is unused and will be removed from module sendModulePool.
WARNING: [Synth 8-3332] Sequential element (req_registered_reg[0]) is unused and will be removed from module PhiBase__parameterized15.
WARNING: [Synth 8-3332] Sequential element (req_registered_reg[0]) is unused and will be removed from module PhiBase__parameterized17.
WARNING: [Synth 8-3332] Sequential element (req_registered_reg[0]) is unused and will be removed from module PhiBase__parameterized19.
WARNING: [Synth 8-3332] Sequential element (req_registered_reg[0]) is unused and will be removed from module PhiBase__parameterized21.
WARNING: [Synth 8-3332] Sequential element (req_registered_reg[0]) is unused and will be removed from module PhiBase__parameterized23.
WARNING: [Synth 8-3332] Sequential element (req_registered_reg[0]) is unused and will be removed from module PhiBase__parameterized25.
WARNING: [Synth 8-3332] Sequential element (req_registered_reg[0]) is unused and will be removed from module PhiBase__parameterized27.
WARNING: [Synth 8-3332] Sequential element (req_registered_reg[0]) is unused and will be removed from module PhiBase__parameterized29.
WARNING: [Synth 8-3332] Sequential element (req_registered_reg[0]) is unused and will be removed from module PhiBase__parameterized31.
WARNING: [Synth 8-3332] Sequential element (req_registered_reg[0]) is unused and will be removed from module PhiBase__parameterized33.
WARNING: [Synth 8-3332] Sequential element (req_registered_reg[0]) is unused and will be removed from module PhiBase__parameterized35.
WARNING: [Synth 8-3332] Sequential element (req_registered_reg[0]) is unused and will be removed from module PhiBase__parameterized37.
WARNING: [Synth 8-3332] Sequential element (req_registered_reg[0]) is unused and will be removed from module PhiBase__parameterized39.
WARNING: [Synth 8-3332] Sequential element (req_registered_reg[1]) is unused and will be removed from module PhiBase__parameterized41.
WARNING: [Synth 8-3332] Sequential element (req_registered_reg[1]) is unused and will be removed from module PhiBase__parameterized43.
WARNING: [Synth 8-3332] Sequential element (req_registered_reg[1]) is unused and will be removed from module PhiBase__parameterized45.
WARNING: [Synth 8-3332] Sequential element (req_registered_reg[1]) is unused and will be removed from module PhiBase__parameterized47.
WARNING: [Synth 8-3332] Sequential element (req_registered_reg[1]) is unused and will be removed from module PhiBase__parameterized49.
WARNING: [Synth 8-3332] Sequential element (in_buffer/NotRevisedCase.ShallowCase.ulReg/noBypass.read_data_reg[65]) is unused and will be removed from module accumulator.
WARNING: [Synth 8-3332] Sequential element (in_buffer/NotRevisedCase.ShallowCase.ulReg/noBypass.read_data_reg[31]) is unused and will be removed from module accumulator.
WARNING: [Synth 8-3332] Sequential element (in_buffer/NotRevisedCase.ShallowCase.ulReg/noBypass.read_data_reg[30]) is unused and will be removed from module accumulator.
WARNING: [Synth 8-3332] Sequential element (in_buffer/NotRevisedCase.ShallowCase.ulReg/noBypass.read_data_reg[29]) is unused and will be removed from module accumulator.
WARNING: [Synth 8-3332] Sequential element (in_buffer/NotRevisedCase.ShallowCase.ulReg/noBypass.read_data_reg[28]) is unused and will be removed from module accumulator.
WARNING: [Synth 8-3332] Sequential element (in_buffer/NotRevisedCase.ShallowCase.ulReg/noBypass.read_data_reg[27]) is unused and will be removed from module accumulator.
WARNING: [Synth 8-3332] Sequential element (in_buffer/NotRevisedCase.ShallowCase.ulReg/noBypass.read_data_reg[26]) is unused and will be removed from module accumulator.
WARNING: [Synth 8-3332] Sequential element (in_buffer/NotRevisedCase.ShallowCase.ulReg/noBypass.read_data_reg[25]) is unused and will be removed from module accumulator.
WARNING: [Synth 8-3332] Sequential element (in_buffer/NotRevisedCase.ShallowCase.ulReg/noBypass.read_data_reg[24]) is unused and will be removed from module accumulator.
WARNING: [Synth 8-3332] Sequential element (in_buffer/NotRevisedCase.ShallowCase.ulReg/noBypass.read_data_reg[23]) is unused and will be removed from module accumulator.
WARNING: [Synth 8-3332] Sequential element (in_buffer/NotRevisedCase.ShallowCase.ulReg/noBypass.read_data_reg[22]) is unused and will be removed from module accumulator.
WARNING: [Synth 8-3332] Sequential element (in_buffer/NotRevisedCase.ShallowCase.ulReg/noBypass.read_data_reg[21]) is unused and will be removed from module accumulator.
WARNING: [Synth 8-3332] Sequential element (in_buffer/NotRevisedCase.ShallowCase.ulReg/noBypass.read_data_reg[20]) is unused and will be removed from module accumulator.
WARNING: [Synth 8-3332] Sequential element (in_buffer/NotRevisedCase.ShallowCase.ulReg/noBypass.read_data_reg[19]) is unused and will be removed from module accumulator.
WARNING: [Synth 8-3332] Sequential element (in_buffer/NotRevisedCase.ShallowCase.ulReg/noBypass.read_data_reg[18]) is unused and will be removed from module accumulator.
WARNING: [Synth 8-3332] Sequential element (in_buffer/NotRevisedCase.ShallowCase.ulReg/noBypass.read_data_reg[17]) is unused and will be removed from module accumulator.
WARNING: [Synth 8-3332] Sequential element (in_buffer/NotRevisedCase.ShallowCase.ulReg/noBypass.read_data_reg[16]) is unused and will be removed from module accumulator.
WARNING: [Synth 8-3332] Sequential element (in_buffer/NotRevisedCase.ShallowCase.ulReg/noBypass.read_data_reg[15]) is unused and will be removed from module accumulator.
WARNING: [Synth 8-3332] Sequential element (in_buffer/NotRevisedCase.ShallowCase.ulReg/noBypass.read_data_reg[14]) is unused and will be removed from module accumulator.
WARNING: [Synth 8-3332] Sequential element (in_buffer/NotRevisedCase.ShallowCase.ulReg/noBypass.read_data_reg[13]) is unused and will be removed from module accumulator.
WARNING: [Synth 8-3332] Sequential element (in_buffer/NotRevisedCase.ShallowCase.ulReg/noBypass.read_data_reg[12]) is unused and will be removed from module accumulator.
WARNING: [Synth 8-3332] Sequential element (in_buffer/NotRevisedCase.ShallowCase.ulReg/noBypass.read_data_reg[11]) is unused and will be removed from module accumulator.
WARNING: [Synth 8-3332] Sequential element (in_buffer/NotRevisedCase.ShallowCase.ulReg/noBypass.read_data_reg[10]) is unused and will be removed from module accumulator.
WARNING: [Synth 8-3332] Sequential element (in_buffer/NotRevisedCase.ShallowCase.ulReg/noBypass.read_data_reg[9]) is unused and will be removed from module accumulator.
WARNING: [Synth 8-3332] Sequential element (in_buffer/NotRevisedCase.ShallowCase.ulReg/noBypass.read_data_reg[8]) is unused and will be removed from module accumulator.
WARNING: [Synth 8-3332] Sequential element (in_buffer/NotRevisedCase.ShallowCase.ulReg/noBypass.read_data_reg[7]) is unused and will be removed from module accumulator.
WARNING: [Synth 8-3332] Sequential element (in_buffer/NotRevisedCase.ShallowCase.ulReg/noBypass.read_data_reg[6]) is unused and will be removed from module accumulator.
WARNING: [Synth 8-3332] Sequential element (in_buffer/NotRevisedCase.ShallowCase.ulReg/noBypass.read_data_reg[5]) is unused and will be removed from module accumulator.
WARNING: [Synth 8-3332] Sequential element (in_buffer/NotRevisedCase.ShallowCase.ulReg/noBypass.read_data_reg[4]) is unused and will be removed from module accumulator.
WARNING: [Synth 8-3332] Sequential element (in_buffer/NotRevisedCase.ShallowCase.ulReg/noBypass.read_data_reg[3]) is unused and will be removed from module accumulator.
WARNING: [Synth 8-3332] Sequential element (in_buffer/NotRevisedCase.ShallowCase.ulReg/noBypass.read_data_reg[2]) is unused and will be removed from module accumulator.
WARNING: [Synth 8-3332] Sequential element (in_buffer/NotRevisedCase.ShallowCase.ulReg/noBypass.read_data_reg[1]) is unused and will be removed from module accumulator.
WARNING: [Synth 8-3332] Sequential element (in_buffer/NotRevisedCase.ShallowCase.ulReg/noBypass.read_data_reg[0]) is unused and will be removed from module accumulator.
WARNING: [Synth 8-3332] Sequential element (tagIlock/NoFlowThrough.interlockBuf.buf/NotRevisedCase.ShallowCase.ulReg/noBypass.read_data_reg[1]) is unused and will be removed from module accumulator.
WARNING: [Synth 8-3332] Sequential element (out_buffer/notFRR.bufPipe/Shallow.notSaveSlot.queue/qD1.RB.data_reg_reg[1]) is unused and will be removed from module accumulator.
