xilinx rtfpga
INFO: [Synth 8-4471] merging register 'out_buffer_write_req_symbol_join.gj_out_buffer_write_req_symbol_join/placegen[2].placeBlock.dly/UnitDelay.ack_reg' into 'in_buffer_unload_req_symbol_join.gj_in_buffer_unload_req_symbol_join/placegen[4].placeBlock.dly/UnitDelay.ack_reg' [/home/aiml/Desktop/IITB_AI_ML/ahir_release/vhdl/ahir.vhdl:13367]
INFO: [Synth 8-5546] ROM "result" won't be mapped to RAM because it is too sparse
INFO: [Synth 8-5546] ROM "result" won't be mapped to RAM because it is too sparse
INFO: [Synth 8-4471] merging register 'out_buffer_write_req_symbol_join.gj_out_buffer_write_req_symbol_join/placegen[2].placeBlock.dly/UnitDelay.ack_reg' into 'in_buffer_unload_req_symbol_join.gj_in_buffer_unload_req_symbol_join/placegen[5].placeBlock.dly/UnitDelay.ack_reg' [/home/aiml/Desktop/IITB_AI_ML/ahir_release/vhdl/ahir.vhdl:13367]
INFO: [Synth 8-5546] ROM "result" won't be mapped to RAM because it is too sparse
INFO: [Synth 8-5546] ROM "result" won't be mapped to RAM because it is too sparse
INFO: [Synth 8-5546] ROM "result" won't be mapped to RAM because it is too sparse
INFO: [Synth 8-5546] ROM "result" won't be mapped to RAM because it is too sparse
INFO: [Synth 8-5546] ROM "result" won't be mapped to RAM because it is too sparse
INFO: [Synth 8-5546] ROM "result" won't be mapped to RAM because it is too sparse
INFO: [Synth 8-5546] ROM "result" won't be mapped to RAM because it is too sparse
WARNING: [Synth 8-3331] design writeModule_concat has unconnected port memoryModule_return_data[63]
WARNING: [Synth 8-3331] design writeModule_concat has unconnected port memoryModule_return_data[62]
WARNING: [Synth 8-3331] design writeModule_concat has unconnected port memoryModule_return_data[61]
WARNING: [Synth 8-3331] design writeModule_concat has unconnected port memoryModule_return_data[60]
WARNING: [Synth 8-3331] design writeModule_concat has unconnected port memoryModule_return_data[59]
WARNING: [Synth 8-3331] design writeModule_concat has unconnected port memoryModule_return_data[58]
WARNING: [Synth 8-3331] design writeModule_concat has unconnected port memoryModule_return_data[57]
WARNING: [Synth 8-3331] design writeModule_concat has unconnected port memoryModule_return_data[56]
WARNING: [Synth 8-3331] design writeModule_concat has unconnected port memoryModule_return_data[55]
WARNING: [Synth 8-3331] design writeModule_concat has unconnected port memoryModule_return_data[54]
WARNING: [Synth 8-3331] design writeModule_concat has unconnected port memoryModule_return_data[53]
WARNING: [Synth 8-3331] design writeModule_concat has unconnected port memoryModule_return_data[52]
WARNING: [Synth 8-3331] design writeModule_concat has unconnected port memoryModule_return_data[51]
WARNING: [Synth 8-3331] design writeModule_concat has unconnected port memoryModule_return_data[50]
WARNING: [Synth 8-3331] design writeModule_concat has unconnected port memoryModule_return_data[49]
WARNING: [Synth 8-3331] design writeModule_concat has unconnected port memoryModule_return_data[48]
WARNING: [Synth 8-3331] design writeModule_concat has unconnected port memoryModule_return_data[47]
WARNING: [Synth 8-3331] design writeModule_concat has unconnected port memoryModule_return_data[46]
WARNING: [Synth 8-3331] design writeModule_concat has unconnected port memoryModule_return_data[45]
WARNING: [Synth 8-3331] design writeModule_concat has unconnected port memoryModule_return_data[44]
WARNING: [Synth 8-3331] design writeModule_concat has unconnected port memoryModule_return_data[43]
WARNING: [Synth 8-3331] design writeModule_concat has unconnected port memoryModule_return_data[42]
WARNING: [Synth 8-3331] design writeModule_concat has unconnected port memoryModule_return_data[41]
WARNING: [Synth 8-3331] design writeModule_concat has unconnected port memoryModule_return_data[40]
WARNING: [Synth 8-3331] design writeModule_concat has unconnected port memoryModule_return_data[39]
WARNING: [Synth 8-3331] design writeModule_concat has unconnected port memoryModule_return_data[38]
WARNING: [Synth 8-3331] design writeModule_concat has unconnected port memoryModule_return_data[37]
WARNING: [Synth 8-3331] design writeModule_concat has unconnected port memoryModule_return_data[36]
WARNING: [Synth 8-3331] design writeModule_concat has unconnected port memoryModule_return_data[35]
WARNING: [Synth 8-3331] design writeModule_concat has unconnected port memoryModule_return_data[34]
WARNING: [Synth 8-3331] design writeModule_concat has unconnected port memoryModule_return_data[33]
WARNING: [Synth 8-3331] design writeModule_concat has unconnected port memoryModule_return_data[32]
WARNING: [Synth 8-3331] design writeModule_concat has unconnected port memoryModule_return_data[31]
WARNING: [Synth 8-3331] design writeModule_concat has unconnected port memoryModule_return_data[30]
WARNING: [Synth 8-3331] design writeModule_concat has unconnected port memoryModule_return_data[29]
WARNING: [Synth 8-3331] design writeModule_concat has unconnected port memoryModule_return_data[28]
WARNING: [Synth 8-3331] design writeModule_concat has unconnected port memoryModule_return_data[27]
WARNING: [Synth 8-3331] design writeModule_concat has unconnected port memoryModule_return_data[26]
WARNING: [Synth 8-3331] design writeModule_concat has unconnected port memoryModule_return_data[25]
WARNING: [Synth 8-3331] design writeModule_concat has unconnected port memoryModule_return_data[24]
WARNING: [Synth 8-3331] design writeModule_concat has unconnected port memoryModule_return_data[23]
WARNING: [Synth 8-3331] design writeModule_concat has unconnected port memoryModule_return_data[22]
WARNING: [Synth 8-3331] design writeModule_concat has unconnected port memoryModule_return_data[21]
WARNING: [Synth 8-3331] design writeModule_concat has unconnected port memoryModule_return_data[20]
WARNING: [Synth 8-3331] design writeModule_concat has unconnected port memoryModule_return_data[19]
WARNING: [Synth 8-3331] design writeModule_concat has unconnected port memoryModule_return_data[18]
WARNING: [Synth 8-3331] design writeModule_concat has unconnected port memoryModule_return_data[17]
WARNING: [Synth 8-3331] design writeModule_concat has unconnected port memoryModule_return_data[16]
WARNING: [Synth 8-3331] design writeModule_concat has unconnected port memoryModule_return_data[15]
WARNING: [Synth 8-3331] design writeModule_concat has unconnected port memoryModule_return_data[14]
WARNING: [Synth 8-3331] design writeModule_concat has unconnected port memoryModule_return_data[13]
WARNING: [Synth 8-3331] design writeModule_concat has unconnected port memoryModule_return_data[12]
WARNING: [Synth 8-3331] design writeModule_concat has unconnected port memoryModule_return_data[11]
WARNING: [Synth 8-3331] design writeModule_concat has unconnected port memoryModule_return_data[10]
WARNING: [Synth 8-3331] design writeModule_concat has unconnected port memoryModule_return_data[9]
WARNING: [Synth 8-3331] design writeModule_concat has unconnected port memoryModule_return_data[8]
WARNING: [Synth 8-3331] design writeModule_concat has unconnected port memoryModule_return_data[7]
WARNING: [Synth 8-3331] design writeModule_concat has unconnected port memoryModule_return_data[6]
WARNING: [Synth 8-3331] design writeModule_concat has unconnected port memoryModule_return_data[5]
WARNING: [Synth 8-3331] design writeModule_concat has unconnected port memoryModule_return_data[4]
WARNING: [Synth 8-3331] design writeModule_concat has unconnected port memoryModule_return_data[3]
WARNING: [Synth 8-3331] design writeModule_concat has unconnected port memoryModule_return_data[2]
WARNING: [Synth 8-3331] design writeModule_concat has unconnected port memoryModule_return_data[1]
WARNING: [Synth 8-3331] design writeModule_concat has unconnected port memoryModule_return_data[0]
INFO: [Synth 8-3886] merging instance 'readModule_concat_instance/in_buffer_unload_req_symbol_join.gj_in_buffer_unload_req_symbol_join/placegen[4].placeBlock.dly/UnitDelay.ack_reg' (FDR) to 'readModule_concat_instance/out_buffer_write_req_symbol_join.gj_out_buffer_write_req_symbol_join/placegen[2].placeBlock.dly/UnitDelay.ack_reg'
INFO: [Synth 8-3886] merging instance 'readModule_convTranspose_instance/data_path.memoryModule_call_group_0.CallReq/RxGen[1].rxBuf/FRR.bufRptr/data_reg_reg[0]' (FDE) to 'readModule_convTranspose_instance/data_path.memoryModule_call_group_0.CallReq/RxGen[1].rxBuf/FRR.bufRptr/data_reg_reg[1]'
INFO: [Synth 8-3886] merging instance 'readModule_convTranspose_instance/data_path.memoryModule_call_group_0.CallReq/RxGen[0].rxBuf/FRR.bufRptr/data_reg_reg[0]' (FDE) to 'readModule_convTranspose_instance/data_path.memoryModule_call_group_0.CallReq/RxGen[0].rxBuf/FRR.bufRptr/data_reg_reg[1]'
INFO: [Synth 8-3886] merging instance 'readModule_convTranspose_instance/data_path.memoryModule_call_group_0.CallReq/RxGen[1].rxBuf/FRR.bufRptr/data_reg_reg[1]' (FDE) to 'readModule_convTranspose_instance/data_path.memoryModule_call_group_0.CallReq/RxGen[1].rxBuf/FRR.bufRptr/data_reg_reg[2]'
INFO: [Synth 8-3886] merging instance 'readModule_convTranspose_instance/data_path.memoryModule_call_group_0.CallReq/RxGen[0].rxBuf/FRR.bufRptr/data_reg_reg[1]' (FDE) to 'readModule_convTranspose_instance/data_path.memoryModule_call_group_0.CallReq/RxGen[0].rxBuf/FRR.bufRptr/data_reg_reg[2]'
INFO: [Synth 8-3886] merging instance 'readModule_convTranspose_instance/data_path.memoryModule_call_group_0.CallReq/RxGen[1].rxBuf/FRR.bufRptr/data_reg_reg[2]' (FDE) to 'readModule_convTranspose_instance/data_path.memoryModule_call_group_0.CallReq/RxGen[1].rxBuf/FRR.bufRptr/data_reg_reg[3]'
INFO: [Synth 8-3886] merging instance 'readModule_convTranspose_instance/data_path.memoryModule_call_group_0.CallReq/RxGen[0].rxBuf/FRR.bufRptr/data_reg_reg[2]' (FDE) to 'readModule_convTranspose_instance/data_path.memoryModule_call_group_0.CallReq/RxGen[0].rxBuf/FRR.bufRptr/data_reg_reg[3]'
INFO: [Synth 8-3886] merging instance 'readModule_convTranspose_instance/data_path.memoryModule_call_group_0.CallReq/RxGen[1].rxBuf/FRR.bufRptr/data_reg_reg[3]' (FDE) to 'readModule_convTranspose_instance/data_path.memoryModule_call_group_0.CallReq/RxGen[1].rxBuf/FRR.bufRptr/data_reg_reg[4]'
INFO: [Synth 8-3886] merging instance 'readModule_convTranspose_instance/data_path.memoryModule_call_group_0.CallReq/RxGen[0].rxBuf/FRR.bufRptr/data_reg_reg[3]' (FDE) to 'readModule_convTranspose_instance/data_path.memoryModule_call_group_0.CallReq/RxGen[0].rxBuf/FRR.bufRptr/data_reg_reg[4]'
INFO: [Synth 8-3886] merging instance 'readModule_convTranspose_instance/data_path.memoryModule_call_group_0.CallReq/RxGen[1].rxBuf/FRR.bufRptr/data_reg_reg[4]' (FDE) to 'readModule_convTranspose_instance/data_path.memoryModule_call_group_0.CallReq/RxGen[1].rxBuf/FRR.bufRptr/data_reg_reg[5]'
INFO: [Synth 8-3886] merging instance 'readModule_convTranspose_instance/data_path.memoryModule_call_group_0.CallReq/RxGen[0].rxBuf/FRR.bufRptr/data_reg_reg[4]' (FDE) to 'readModule_convTranspose_instance/data_path.memoryModule_call_group_0.CallReq/RxGen[0].rxBuf/FRR.bufRptr/data_reg_reg[5]'
INFO: [Synth 8-3886] merging instance 'readModule_convTranspose_instance/data_path.memoryModule_call_group_0.CallReq/RxGen[1].rxBuf/FRR.bufRptr/data_reg_reg[5]' (FDE) to 'readModule_convTranspose_instance/data_path.memoryModule_call_group_0.CallReq/RxGen[1].rxBuf/FRR.bufRptr/data_reg_reg[6]'
INFO: [Synth 8-3886] merging instance 'readModule_convTranspose_instance/data_path.memoryModule_call_group_0.CallReq/RxGen[0].rxBuf/FRR.bufRptr/data_reg_reg[5]' (FDE) to 'readModule_convTranspose_instance/data_path.memoryModule_call_group_0.CallReq/RxGen[0].rxBuf/FRR.bufRptr/data_reg_reg[6]'
INFO: [Synth 8-3886] merging instance 'readModule_convTranspose_instance/data_path.memoryModule_call_group_0.CallReq/RxGen[1].rxBuf/FRR.bufRptr/data_reg_reg[6]' (FDE) to 'readModule_convTranspose_instance/data_path.memoryModule_call_group_0.CallReq/RxGen[1].rxBuf/FRR.bufRptr/data_reg_reg[7]'
INFO: [Synth 8-3886] merging instance 'readModule_convTranspose_instance/data_path.memoryModule_call_group_0.CallReq/RxGen[0].rxBuf/FRR.bufRptr/data_reg_reg[6]' (FDE) to 'readModule_convTranspose_instance/data_path.memoryModule_call_group_0.CallReq/RxGen[0].rxBuf/FRR.bufRptr/data_reg_reg[7]'
INFO: [Synth 8-3886] merging instance 'readModule_convTranspose_instance/data_path.memoryModule_call_group_0.CallReq/RxGen[1].rxBuf/FRR.bufRptr/data_reg_reg[7]' (FDE) to 'readModule_convTranspose_instance/data_path.memoryModule_call_group_0.CallReq/RxGen[1].rxBuf/FRR.bufRptr/data_reg_reg[8]'
INFO: [Synth 8-3886] merging instance 'readModule_convTranspose_instance/data_path.memoryModule_call_group_0.CallReq/RxGen[0].rxBuf/FRR.bufRptr/data_reg_reg[7]' (FDE) to 'readModule_convTranspose_instance/data_path.memoryModule_call_group_0.CallReq/RxGen[0].rxBuf/FRR.bufRptr/data_reg_reg[8]'
INFO: [Synth 8-3886] merging instance 'readModule_convTranspose_instance/data_path.memoryModule_call_group_0.CallReq/RxGen[1].rxBuf/FRR.bufRptr/data_reg_reg[8]' (FDE) to 'readModule_convTranspose_instance/data_path.memoryModule_call_group_0.CallReq/RxGen[1].rxBuf/FRR.bufRptr/data_reg_reg[9]'
INFO: [Synth 8-3886] merging instance 'readModule_convTranspose_instance/data_path.memoryModule_call_group_0.CallReq/RxGen[0].rxBuf/FRR.bufRptr/data_reg_reg[8]' (FDE) to 'readModule_convTranspose_instance/data_path.memoryModule_call_group_0.CallReq/RxGen[0].rxBuf/FRR.bufRptr/data_reg_reg[9]'
INFO: [Synth 8-3886] merging instance 'readModule_convTranspose_instance/data_path.memoryModule_call_group_0.CallReq/RxGen[1].rxBuf/FRR.bufRptr/data_reg_reg[9]' (FDE) to 'readModule_convTranspose_instance/data_path.memoryModule_call_group_0.CallReq/RxGen[1].rxBuf/FRR.bufRptr/data_reg_reg[10]'
INFO: [Synth 8-3886] merging instance 'readModule_convTranspose_instance/data_path.memoryModule_call_group_0.CallReq/RxGen[0].rxBuf/FRR.bufRptr/data_reg_reg[9]' (FDE) to 'readModule_convTranspose_instance/data_path.memoryModule_call_group_0.CallReq/RxGen[0].rxBuf/FRR.bufRptr/data_reg_reg[10]'
INFO: [Synth 8-3886] merging instance 'readModule_convTranspose_instance/data_path.memoryModule_call_group_0.CallReq/RxGen[1].rxBuf/FRR.bufRptr/data_reg_reg[10]' (FDE) to 'readModule_convTranspose_instance/data_path.memoryModule_call_group_0.CallReq/RxGen[1].rxBuf/FRR.bufRptr/data_reg_reg[11]'
INFO: [Synth 8-3886] merging instance 'readModule_convTranspose_instance/data_path.memoryModule_call_group_0.CallReq/RxGen[0].rxBuf/FRR.bufRptr/data_reg_reg[10]' (FDE) to 'readModule_convTranspose_instance/data_path.memoryModule_call_group_0.CallReq/RxGen[0].rxBuf/FRR.bufRptr/data_reg_reg[11]'
INFO: [Synth 8-3886] merging instance 'readModule_convTranspose_instance/data_path.memoryModule_call_group_0.CallReq/RxGen[1].rxBuf/FRR.bufRptr/data_reg_reg[11]' (FDE) to 'readModule_convTranspose_instance/data_path.memoryModule_call_group_0.CallReq/RxGen[1].rxBuf/FRR.bufRptr/data_reg_reg[12]'
INFO: [Synth 8-3886] merging instance 'readModule_convTranspose_instance/data_path.memoryModule_call_group_0.CallReq/RxGen[0].rxBuf/FRR.bufRptr/data_reg_reg[11]' (FDE) to 'readModule_convTranspose_instance/data_path.memoryModule_call_group_0.CallReq/RxGen[0].rxBuf/FRR.bufRptr/data_reg_reg[12]'
INFO: [Synth 8-3886] merging instance 'readModule_convTranspose_instance/data_path.memoryModule_call_group_0.CallReq/RxGen[1].rxBuf/FRR.bufRptr/data_reg_reg[12]' (FDE) to 'readModule_convTranspose_instance/data_path.memoryModule_call_group_0.CallReq/RxGen[1].rxBuf/FRR.bufRptr/data_reg_reg[13]'
INFO: [Synth 8-3886] merging instance 'readModule_convTranspose_instance/data_path.memoryModule_call_group_0.CallReq/RxGen[0].rxBuf/FRR.bufRptr/data_reg_reg[12]' (FDE) to 'readModule_convTranspose_instance/data_path.memoryModule_call_group_0.CallReq/RxGen[0].rxBuf/FRR.bufRptr/data_reg_reg[13]'
INFO: [Synth 8-3886] merging instance 'readModule_convTranspose_instance/data_path.memoryModule_call_group_0.CallReq/RxGen[1].rxBuf/FRR.bufRptr/data_reg_reg[13]' (FDE) to 'readModule_convTranspose_instance/data_path.memoryModule_call_group_0.CallReq/RxGen[1].rxBuf/FRR.bufRptr/data_reg_reg[14]'
INFO: [Synth 8-3886] merging instance 'readModule_convTranspose_instance/data_path.memoryModule_call_group_0.CallReq/RxGen[0].rxBuf/FRR.bufRptr/data_reg_reg[13]' (FDE) to 'readModule_convTranspose_instance/data_path.memoryModule_call_group_0.CallReq/RxGen[0].rxBuf/FRR.bufRptr/data_reg_reg[14]'
INFO: [Synth 8-3886] merging instance 'readModule_convTranspose_instance/data_path.memoryModule_call_group_0.CallReq/RxGen[1].rxBuf/FRR.bufRptr/data_reg_reg[14]' (FDE) to 'readModule_convTranspose_instance/data_path.memoryModule_call_group_0.CallReq/RxGen[1].rxBuf/FRR.bufRptr/data_reg_reg[15]'
INFO: [Synth 8-3886] merging instance 'readModule_convTranspose_instance/data_path.memoryModule_call_group_0.CallReq/RxGen[0].rxBuf/FRR.bufRptr/data_reg_reg[14]' (FDE) to 'readModule_convTranspose_instance/data_path.memoryModule_call_group_0.CallReq/RxGen[0].rxBuf/FRR.bufRptr/data_reg_reg[15]'
INFO: [Synth 8-3886] merging instance 'readModule_convTranspose_instance/data_path.memoryModule_call_group_0.CallReq/RxGen[1].rxBuf/FRR.bufRptr/data_reg_reg[15]' (FDE) to 'readModule_convTranspose_instance/data_path.memoryModule_call_group_0.CallReq/RxGen[1].rxBuf/FRR.bufRptr/data_reg_reg[16]'
INFO: [Synth 8-3886] merging instance 'readModule_convTranspose_instance/data_path.memoryModule_call_group_0.CallReq/RxGen[0].rxBuf/FRR.bufRptr/data_reg_reg[15]' (FDE) to 'readModule_convTranspose_instance/data_path.memoryModule_call_group_0.CallReq/RxGen[0].rxBuf/FRR.bufRptr/data_reg_reg[16]'
INFO: [Synth 8-3886] merging instance 'readModule_convTranspose_instance/data_path.memoryModule_call_group_0.CallReq/RxGen[1].rxBuf/FRR.bufRptr/data_reg_reg[16]' (FDE) to 'readModule_convTranspose_instance/data_path.memoryModule_call_group_0.CallReq/RxGen[1].rxBuf/FRR.bufRptr/data_reg_reg[17]'
INFO: [Synth 8-3886] merging instance 'readModule_convTranspose_instance/data_path.memoryModule_call_group_0.CallReq/RxGen[0].rxBuf/FRR.bufRptr/data_reg_reg[16]' (FDE) to 'readModule_convTranspose_instance/data_path.memoryModule_call_group_0.CallReq/RxGen[0].rxBuf/FRR.bufRptr/data_reg_reg[17]'
INFO: [Synth 8-3886] merging instance 'readModule_convTranspose_instance/data_path.memoryModule_call_group_0.CallReq/RxGen[1].rxBuf/FRR.bufRptr/data_reg_reg[17]' (FDE) to 'readModule_convTranspose_instance/data_path.memoryModule_call_group_0.CallReq/RxGen[1].rxBuf/FRR.bufRptr/data_reg_reg[18]'
INFO: [Common 17-14] Message 'Synth 8-3886' appears 100 times and further instances of the messages will be disabled. Use the Tcl command set_msg_config to change the current settings.
INFO: [Synth 8-3333] propagating constant 0 across sequential element (readModule_convTranspose_instance/\data_path.memoryModule_call_group_0.CallReq/RxGen[1].rxBuf/FRR.bufRptr/data_reg_reg[63] )
INFO: [Synth 8-3333] propagating constant 0 across sequential element (readModule_convTranspose_instance/\data_path.memoryModule_call_group_0.CallReq/RxGen[0].rxBuf/FRR.bufRptr/data_reg_reg[63] )
INFO: [Synth 8-3333] propagating constant 1 across sequential element (readModule_convTranspose_instance/\data_path.memoryModule_call_group_0.CallReq/RxGen[1].rxBuf/FRR.bufRptr/data_reg_reg[96] )
INFO: [Synth 8-3333] propagating constant 1 across sequential element (readModule_convTranspose_instance/\data_path.memoryModule_call_group_0.CallReq/RxGen[0].rxBuf/FRR.bufRptr/data_reg_reg[96] )
INFO: [Synth 8-3333] propagating constant 0 across sequential element (readModule_concat_instance/\data_path.memoryModule_call_group_0.CallReq/RxGen[4].rxBuf/FRR.bufRptr/data_reg_reg[63] )
INFO: [Synth 8-3333] propagating constant 0 across sequential element (readModule_concat_instance/\data_path.memoryModule_call_group_0.CallReq/RxGen[3].rxBuf/FRR.bufRptr/data_reg_reg[63] )
INFO: [Synth 8-3333] propagating constant 0 across sequential element (readModule_concat_instance/\data_path.memoryModule_call_group_0.CallReq/RxGen[2].rxBuf/FRR.bufRptr/data_reg_reg[63] )
INFO: [Synth 8-3333] propagating constant 0 across sequential element (readModule_concat_instance/\data_path.memoryModule_call_group_0.CallReq/RxGen[1].rxBuf/FRR.bufRptr/data_reg_reg[63] )
INFO: [Synth 8-3333] propagating constant 0 across sequential element (readModule_concat_instance/\data_path.memoryModule_call_group_0.CallReq/RxGen[0].rxBuf/FRR.bufRptr/data_reg_reg[63] )
INFO: [Synth 8-3333] propagating constant 1 across sequential element (readModule_concat_instance/\data_path.memoryModule_call_group_0.CallReq/RxGen[4].rxBuf/FRR.bufRptr/data_reg_reg[96] )
INFO: [Synth 8-3333] propagating constant 1 across sequential element (readModule_concat_instance/\data_path.memoryModule_call_group_0.CallReq/RxGen[3].rxBuf/FRR.bufRptr/data_reg_reg[96] )
INFO: [Synth 8-3333] propagating constant 1 across sequential element (readModule_concat_instance/\data_path.memoryModule_call_group_0.CallReq/RxGen[2].rxBuf/FRR.bufRptr/data_reg_reg[96] )
INFO: [Synth 8-3333] propagating constant 1 across sequential element (readModule_concat_instance/\data_path.memoryModule_call_group_0.CallReq/RxGen[1].rxBuf/FRR.bufRptr/data_reg_reg[96] )
INFO: [Synth 8-3333] propagating constant 1 across sequential element (readModule_concat_instance/\data_path.memoryModule_call_group_0.CallReq/RxGen[0].rxBuf/FRR.bufRptr/data_reg_reg[96] )
INFO: [Synth 8-3333] propagating constant 0 across sequential element (writeModule_concat_instance/\data_path.memoryModule_call_group_0.CallReq/RxGen[1].rxBuf/FRR.bufRptr/data_reg_reg[96] )
INFO: [Synth 8-3333] propagating constant 0 across sequential element (writeModule_concat_instance/\data_path.memoryModule_call_group_0.CallReq/RxGen[0].rxBuf/FRR.bufRptr/data_reg_reg[96] )
