xilinx rtfpga
INFO: [Synth 8-5544] ROM "result" won't be mapped to Block RAM because address size (2) smaller than threshold (5)
INFO: [Synth 8-5544] ROM "result" won't be mapped to Block RAM because address size (2) smaller than threshold (5)
INFO: [Synth 8-5544] ROM "result" won't be mapped to Block RAM because address size (2) smaller than threshold (5)
INFO: [Synth 8-5544] ROM "result" won't be mapped to Block RAM because address size (2) smaller than threshold (5)
INFO: [Synth 8-5544] ROM "result" won't be mapped to Block RAM because address size (2) smaller than threshold (5)
INFO: [Synth 8-5544] ROM "result" won't be mapped to Block RAM because address size (2) smaller than threshold (5)
INFO: [Synth 8-4471] merging register 'out_buffer_write_req_symbol_join.gj_out_buffer_write_req_symbol_join/placegen[2].placeBlock.dly/UnitDelay.ack_reg' into 'in_buffer_unload_req_symbol_join.gj_in_buffer_unload_req_symbol_join/placegen[4].placeBlock.dly/UnitDelay.ack_reg' [/home/aiml/Desktop/IITB_AI_ML/ahir_release/vhdl/ahir.vhdl:13367]
WARNING: [Synth 8-6014] Unused sequential element out_buffer_write_req_symbol_join.gj_out_buffer_write_req_symbol_join/placegen[2].placeBlock.dly/UnitDelay.ack_reg was removed.  [/home/aiml/Desktop/IITB_AI_ML/ahir_release/vhdl/ahir.vhdl:13367]
WARNING: [Synth 8-6014] Unused sequential element data_path.OutportGroup_0.core6_kp1_write_0/BufGen[0].update_ack_reg was removed.  [/home/aiml/Desktop/IITB_AI_ML/ahir_release/vhdl/ahir.vhdl:27424]
WARNING: [Synth 8-6014] Unused sequential element data_path.OutportGroup_1.core6_kp2_write_1/BufGen[0].update_ack_reg was removed.  [/home/aiml/Desktop/IITB_AI_ML/ahir_release/vhdl/ahir.vhdl:27424]
WARNING: [Synth 8-6014] Unused sequential element data_path.OutportGroup_2.core6_kp3_write_2/BufGen[0].update_ack_reg was removed.  [/home/aiml/Desktop/IITB_AI_ML/ahir_release/vhdl/ahir.vhdl:27424]
WARNING: [Synth 8-6014] Unused sequential element tagIlock/NoFlowThrough.interlockBuf.buf/DeepCase.ulb_deep/bufPipe/DeepFifo.notShiftReg.queue/queue_size_reg was removed.  [/home/aiml/Desktop/IITB_AI_ML/ahir_release/vhdl/ahir.vhdl:20751]
WARNING: [Synth 8-6014] Unused sequential element tagIlock/NoFlowThrough.interlockBuf.buf/DeepCase.ulb_deep/bufPipe/DeepFifo.notShiftReg.queue/write_pointer_reg was removed.  [/home/aiml/Desktop/IITB_AI_ML/ahir_release/vhdl/ahir.vhdl:20742]
WARNING: [Synth 8-6014] Unused sequential element tagIlock/NoFlowThrough.interlockBuf.buf/DeepCase.ulb_deep/bufPipe/DeepFifo.notShiftReg.queue/read_pointer_reg was removed.  [/home/aiml/Desktop/IITB_AI_ML/ahir_release/vhdl/ahir.vhdl:20741]
WARNING: [Synth 8-6014] Unused sequential element tagIlock/NoFlowThrough.interlockBuf.buf/DeepCase.ulb_deep/number_of_elements_in_pipe_reg was removed.  [/home/aiml/Desktop/IITB_AI_ML/ahir_release/vhdl/ahir.vhdl:21419]
WARNING: [Synth 8-6014] Unused sequential element in_buffer_unload_req_symbol_join.gj_in_buffer_unload_req_symbol_join/placegen[1].placeBlock.pI/CapGtOne.token_latch_reg was removed.  [/home/aiml/Desktop/IITB_AI_ML/ahir_release/vhdl/ahir.vhdl:14858]
WARNING: [Synth 8-6014] Unused sequential element in_buffer_unload_req_symbol_join.gj_in_buffer_unload_req_symbol_join/placegen[2].placeBlock.pI/CapGtOne.token_latch_reg was removed.  [/home/aiml/Desktop/IITB_AI_ML/ahir_release/vhdl/ahir.vhdl:14858]
WARNING: [Synth 8-6014] Unused sequential element in_buffer_unload_req_symbol_join.gj_in_buffer_unload_req_symbol_join/placegen[4].placeBlock.pI/CapGtOne.token_latch_reg was removed.  [/home/aiml/Desktop/IITB_AI_ML/ahir_release/vhdl/ahir.vhdl:14858]
WARNING: [Synth 8-6014] Unused sequential element out_buffer_write_req_symbol_join.gj_out_buffer_write_req_symbol_join/placegen[1].placeBlock.pI/CapGtOne.token_latch_reg was removed.  [/home/aiml/Desktop/IITB_AI_ML/ahir_release/vhdl/ahir.vhdl:14858]
WARNING: [Synth 8-6014] Unused sequential element out_buffer_write_req_symbol_join.gj_out_buffer_write_req_symbol_join/placegen[3].placeBlock.pI/CapGtOne.token_latch_reg was removed.  [/home/aiml/Desktop/IITB_AI_ML/ahir_release/vhdl/ahir.vhdl:14858]
WARNING: [Synth 8-6014] Unused sequential element tag_ilock_write_req_symbol_join.gj_tag_ilock_write_req_symbol_join/placegen[1].placeBlock.pI/CapGtOne.token_latch_reg was removed.  [/home/aiml/Desktop/IITB_AI_ML/ahir_release/vhdl/ahir.vhdl:14858]
WARNING: [Synth 8-6014] Unused sequential element tag_ilock_read_req_symbol_join.gj_tag_ilock_read_req_symbol_join/placegen[1].placeBlock.pI/CapGtOne.token_latch_reg was removed.  [/home/aiml/Desktop/IITB_AI_ML/ahir_release/vhdl/ahir.vhdl:14858]
WARNING: [Synth 8-6014] Unused sequential element writeToPipe6_CP_4170.writeToPipe6_cp_element_group_5.gj_writeToPipe6_cp_element_group_5/placegen[1].placeBlock.pI/CapGtOne.token_latch_reg was removed.  [/home/aiml/Desktop/IITB_AI_ML/ahir_release/vhdl/ahir.vhdl:14858]
WARNING: [Synth 8-6014] Unused sequential element writeToPipe6_CP_4170.writeToPipe6_cp_element_group_8.gj_writeToPipe6_cp_element_group_8/placegen[1].placeBlock.pI/CapGtOne.token_latch_reg was removed.  [/home/aiml/Desktop/IITB_AI_ML/ahir_release/vhdl/ahir.vhdl:14858]
WARNING: [Synth 8-6014] Unused sequential element writeToPipe6_CP_4170.writeToPipe6_cp_element_group_11.gj_writeToPipe6_cp_element_group_11/placegen[1].placeBlock.pI/CapGtOne.token_latch_reg was removed.  [/home/aiml/Desktop/IITB_AI_ML/ahir_release/vhdl/ahir.vhdl:14858]
WARNING: [Synth 8-6014] Unused sequential element writeToPipe6_CP_4170.writeToPipe6_cp_element_group_14.gj_writeToPipe6_cp_element_group_14/placegen[1].placeBlock.pI/CapGtOne.token_latch_reg was removed.  [/home/aiml/Desktop/IITB_AI_ML/ahir_release/vhdl/ahir.vhdl:14858]
WARNING: [Synth 8-6014] Unused sequential element writeToPipe6_CP_4170.writeToPipe6_cp_element_group_15.gj_writeToPipe6_cp_element_group_15/placegen[1].placeBlock.pI/CapGtOne.token_latch_reg was removed.  [/home/aiml/Desktop/IITB_AI_ML/ahir_release/vhdl/ahir.vhdl:14858]
WARNING: [Synth 8-6014] Unused sequential element writeToPipe6_CP_4170.writeToPipe6_cp_element_group_18.gj_writeToPipe6_cp_element_group_18/placegen[1].placeBlock.pI/CapGtOne.token_latch_reg was removed.  [/home/aiml/Desktop/IITB_AI_ML/ahir_release/vhdl/ahir.vhdl:14858]
WARNING: [Synth 8-6014] Unused sequential element writeToPipe6_CP_4170.writeToPipe6_cp_element_group_18.gj_writeToPipe6_cp_element_group_18/placegen[2].placeBlock.pI/CapGtOne.token_latch_reg was removed.  [/home/aiml/Desktop/IITB_AI_ML/ahir_release/vhdl/ahir.vhdl:14858]
WARNING: [Synth 8-6014] Unused sequential element writeToPipe6_CP_4170.writeToPipe6_cp_element_group_18.gj_writeToPipe6_cp_element_group_18/placegen[3].placeBlock.pI/CapGtOne.token_latch_reg was removed.  [/home/aiml/Desktop/IITB_AI_ML/ahir_release/vhdl/ahir.vhdl:14858]
WARNING: [Synth 8-6014] Unused sequential element writeToPipe6_CP_4170.writeToPipe6_cp_element_group_18.gj_writeToPipe6_cp_element_group_18/placegen[4].placeBlock.pI/CapGtOne.token_latch_reg was removed.  [/home/aiml/Desktop/IITB_AI_ML/ahir_release/vhdl/ahir.vhdl:14858]
INFO: [Synth 8-4471] merging register 'out_buffer_write_req_symbol_join.gj_out_buffer_write_req_symbol_join/placegen[2].placeBlock.dly/UnitDelay.ack_reg' into 'in_buffer_unload_req_symbol_join.gj_in_buffer_unload_req_symbol_join/placegen[4].placeBlock.dly/UnitDelay.ack_reg' [/home/aiml/Desktop/IITB_AI_ML/ahir_release/vhdl/ahir.vhdl:13367]
WARNING: [Synth 8-6014] Unused sequential element out_buffer_write_req_symbol_join.gj_out_buffer_write_req_symbol_join/placegen[2].placeBlock.dly/UnitDelay.ack_reg was removed.  [/home/aiml/Desktop/IITB_AI_ML/ahir_release/vhdl/ahir.vhdl:13367]
WARNING: [Synth 8-6014] Unused sequential element data_path.OutportGroup_0.core7_kp1_write_0/BufGen[0].update_ack_reg was removed.  [/home/aiml/Desktop/IITB_AI_ML/ahir_release/vhdl/ahir.vhdl:27424]
WARNING: [Synth 8-6014] Unused sequential element data_path.OutportGroup_1.core7_kp2_write_1/BufGen[0].update_ack_reg was removed.  [/home/aiml/Desktop/IITB_AI_ML/ahir_release/vhdl/ahir.vhdl:27424]
WARNING: [Synth 8-6014] Unused sequential element data_path.OutportGroup_2.core7_kp3_write_2/BufGen[0].update_ack_reg was removed.  [/home/aiml/Desktop/IITB_AI_ML/ahir_release/vhdl/ahir.vhdl:27424]
WARNING: [Synth 8-6014] Unused sequential element tagIlock/NoFlowThrough.interlockBuf.buf/DeepCase.ulb_deep/bufPipe/DeepFifo.notShiftReg.queue/queue_size_reg was removed.  [/home/aiml/Desktop/IITB_AI_ML/ahir_release/vhdl/ahir.vhdl:20751]
WARNING: [Synth 8-6014] Unused sequential element tagIlock/NoFlowThrough.interlockBuf.buf/DeepCase.ulb_deep/bufPipe/DeepFifo.notShiftReg.queue/write_pointer_reg was removed.  [/home/aiml/Desktop/IITB_AI_ML/ahir_release/vhdl/ahir.vhdl:20742]
WARNING: [Synth 8-6014] Unused sequential element tagIlock/NoFlowThrough.interlockBuf.buf/DeepCase.ulb_deep/bufPipe/DeepFifo.notShiftReg.queue/read_pointer_reg was removed.  [/home/aiml/Desktop/IITB_AI_ML/ahir_release/vhdl/ahir.vhdl:20741]
WARNING: [Synth 8-6014] Unused sequential element tagIlock/NoFlowThrough.interlockBuf.buf/DeepCase.ulb_deep/number_of_elements_in_pipe_reg was removed.  [/home/aiml/Desktop/IITB_AI_ML/ahir_release/vhdl/ahir.vhdl:21419]
WARNING: [Synth 8-6014] Unused sequential element in_buffer_unload_req_symbol_join.gj_in_buffer_unload_req_symbol_join/placegen[1].placeBlock.pI/CapGtOne.token_latch_reg was removed.  [/home/aiml/Desktop/IITB_AI_ML/ahir_release/vhdl/ahir.vhdl:14858]
WARNING: [Synth 8-6014] Unused sequential element in_buffer_unload_req_symbol_join.gj_in_buffer_unload_req_symbol_join/placegen[2].placeBlock.pI/CapGtOne.token_latch_reg was removed.  [/home/aiml/Desktop/IITB_AI_ML/ahir_release/vhdl/ahir.vhdl:14858]
WARNING: [Synth 8-6014] Unused sequential element in_buffer_unload_req_symbol_join.gj_in_buffer_unload_req_symbol_join/placegen[4].placeBlock.pI/CapGtOne.token_latch_reg was removed.  [/home/aiml/Desktop/IITB_AI_ML/ahir_release/vhdl/ahir.vhdl:14858]
WARNING: [Synth 8-6014] Unused sequential element out_buffer_write_req_symbol_join.gj_out_buffer_write_req_symbol_join/placegen[1].placeBlock.pI/CapGtOne.token_latch_reg was removed.  [/home/aiml/Desktop/IITB_AI_ML/ahir_release/vhdl/ahir.vhdl:14858]
WARNING: [Synth 8-6014] Unused sequential element out_buffer_write_req_symbol_join.gj_out_buffer_write_req_symbol_join/placegen[3].placeBlock.pI/CapGtOne.token_latch_reg was removed.  [/home/aiml/Desktop/IITB_AI_ML/ahir_release/vhdl/ahir.vhdl:14858]
WARNING: [Synth 8-6014] Unused sequential element tag_ilock_write_req_symbol_join.gj_tag_ilock_write_req_symbol_join/placegen[1].placeBlock.pI/CapGtOne.token_latch_reg was removed.  [/home/aiml/Desktop/IITB_AI_ML/ahir_release/vhdl/ahir.vhdl:14858]
WARNING: [Synth 8-6014] Unused sequential element tag_ilock_read_req_symbol_join.gj_tag_ilock_read_req_symbol_join/placegen[1].placeBlock.pI/CapGtOne.token_latch_reg was removed.  [/home/aiml/Desktop/IITB_AI_ML/ahir_release/vhdl/ahir.vhdl:14858]
WARNING: [Synth 8-6014] Unused sequential element writeToPipe7_CP_4241.writeToPipe7_cp_element_group_5.gj_writeToPipe7_cp_element_group_5/placegen[1].placeBlock.pI/CapGtOne.token_latch_reg was removed.  [/home/aiml/Desktop/IITB_AI_ML/ahir_release/vhdl/ahir.vhdl:14858]
WARNING: [Synth 8-6014] Unused sequential element writeToPipe7_CP_4241.writeToPipe7_cp_element_group_8.gj_writeToPipe7_cp_element_group_8/placegen[1].placeBlock.pI/CapGtOne.token_latch_reg was removed.  [/home/aiml/Desktop/IITB_AI_ML/ahir_release/vhdl/ahir.vhdl:14858]
WARNING: [Synth 8-6014] Unused sequential element writeToPipe7_CP_4241.writeToPipe7_cp_element_group_11.gj_writeToPipe7_cp_element_group_11/placegen[1].placeBlock.pI/CapGtOne.token_latch_reg was removed.  [/home/aiml/Desktop/IITB_AI_ML/ahir_release/vhdl/ahir.vhdl:14858]
WARNING: [Synth 8-6014] Unused sequential element writeToPipe7_CP_4241.writeToPipe7_cp_element_group_14.gj_writeToPipe7_cp_element_group_14/placegen[1].placeBlock.pI/CapGtOne.token_latch_reg was removed.  [/home/aiml/Desktop/IITB_AI_ML/ahir_release/vhdl/ahir.vhdl:14858]
WARNING: [Synth 8-6014] Unused sequential element writeToPipe7_CP_4241.writeToPipe7_cp_element_group_15.gj_writeToPipe7_cp_element_group_15/placegen[1].placeBlock.pI/CapGtOne.token_latch_reg was removed.  [/home/aiml/Desktop/IITB_AI_ML/ahir_release/vhdl/ahir.vhdl:14858]
WARNING: [Synth 8-6014] Unused sequential element writeToPipe7_CP_4241.writeToPipe7_cp_element_group_18.gj_writeToPipe7_cp_element_group_18/placegen[1].placeBlock.pI/CapGtOne.token_latch_reg was removed.  [/home/aiml/Desktop/IITB_AI_ML/ahir_release/vhdl/ahir.vhdl:14858]
WARNING: [Synth 8-6014] Unused sequential element writeToPipe7_CP_4241.writeToPipe7_cp_element_group_18.gj_writeToPipe7_cp_element_group_18/placegen[2].placeBlock.pI/CapGtOne.token_latch_reg was removed.  [/home/aiml/Desktop/IITB_AI_ML/ahir_release/vhdl/ahir.vhdl:14858]
WARNING: [Synth 8-6014] Unused sequential element writeToPipe7_CP_4241.writeToPipe7_cp_element_group_18.gj_writeToPipe7_cp_element_group_18/placegen[3].placeBlock.pI/CapGtOne.token_latch_reg was removed.  [/home/aiml/Desktop/IITB_AI_ML/ahir_release/vhdl/ahir.vhdl:14858]
WARNING: [Synth 8-6014] Unused sequential element writeToPipe7_CP_4241.writeToPipe7_cp_element_group_18.gj_writeToPipe7_cp_element_group_18/placegen[4].placeBlock.pI/CapGtOne.token_latch_reg was removed.  [/home/aiml/Desktop/IITB_AI_ML/ahir_release/vhdl/ahir.vhdl:14858]
WARNING: [Synth 8-6014] Unused sequential element DeepFifo.notShiftReg.queue/queue_size_reg was removed.  [/home/aiml/Desktop/IITB_AI_ML/ahir_release/vhdl/ahir.vhdl:20751]
WARNING: [Synth 8-6014] Unused sequential element DeepFifo.notShiftReg.queue/write_pointer_reg was removed.  [/home/aiml/Desktop/IITB_AI_ML/ahir_release/vhdl/ahir.vhdl:20742]
WARNING: [Synth 8-6014] Unused sequential element DeepFifo.notShiftReg.queue/read_pointer_reg was removed.  [/home/aiml/Desktop/IITB_AI_ML/ahir_release/vhdl/ahir.vhdl:20741]
WARNING: [Synth 8-6014] Unused sequential element DeepFifo.notShiftReg.queue/queue_size_reg was removed.  [/home/aiml/Desktop/IITB_AI_ML/ahir_release/vhdl/ahir.vhdl:20751]
WARNING: [Synth 8-6014] Unused sequential element DeepFifo.notShiftReg.queue/write_pointer_reg was removed.  [/home/aiml/Desktop/IITB_AI_ML/ahir_release/vhdl/ahir.vhdl:20742]
WARNING: [Synth 8-6014] Unused sequential element DeepFifo.notShiftReg.queue/read_pointer_reg was removed.  [/home/aiml/Desktop/IITB_AI_ML/ahir_release/vhdl/ahir.vhdl:20741]
INFO: [Synth 8-4471] merging register 'out_buffer_write_req_symbol_join.gj_out_buffer_write_req_symbol_join/placegen[2].placeBlock.dly/UnitDelay.ack_reg' into 'in_buffer_unload_req_symbol_join.gj_in_buffer_unload_req_symbol_join/placegen[2].placeBlock.dly/UnitDelay.ack_reg' [/home/aiml/Desktop/IITB_AI_ML/ahir_release/vhdl/ahir.vhdl:13367]
WARNING: [Synth 8-6014] Unused sequential element out_buffer_write_req_symbol_join.gj_out_buffer_write_req_symbol_join/placegen[2].placeBlock.dly/UnitDelay.ack_reg was removed.  [/home/aiml/Desktop/IITB_AI_ML/ahir_release/vhdl/ahir.vhdl:13367]
WARNING: [Synth 8-6014] Unused sequential element data_path.OutportGroup_0.timer_resp_write_0/BufGen[0].update_ack_reg was removed.  [/home/aiml/Desktop/IITB_AI_ML/ahir_release/vhdl/ahir.vhdl:27424]
INFO: [Synth 8-4471] merging register 'out_buffer_write_req_symbol_join.gj_out_buffer_write_req_symbol_join/placegen[2].placeBlock.dly/UnitDelay.ack_reg' into 'in_buffer_unload_req_symbol_join.gj_in_buffer_unload_req_symbol_join/placegen[2].placeBlock.dly/UnitDelay.ack_reg' [/home/aiml/Desktop/IITB_AI_ML/ahir_release/vhdl/ahir.vhdl:13367]
WARNING: [Synth 8-6014] Unused sequential element out_buffer_write_req_symbol_join.gj_out_buffer_write_req_symbol_join/placegen[2].placeBlock.dly/UnitDelay.ack_reg was removed.  [/home/aiml/Desktop/IITB_AI_ML/ahir_release/vhdl/ahir.vhdl:13367]
INFO: [Synth 8-4471] merging register 'out_buffer_write_req_symbol_join.gj_out_buffer_write_req_symbol_join/placegen[2].placeBlock.dly/UnitDelay.ack_reg' into 'in_buffer_unload_req_symbol_join.gj_in_buffer_unload_req_symbol_join/placegen[2].placeBlock.dly/UnitDelay.ack_reg' [/home/aiml/Desktop/IITB_AI_ML/ahir_release/vhdl/ahir.vhdl:13367]
WARNING: [Synth 8-6014] Unused sequential element out_buffer_write_req_symbol_join.gj_out_buffer_write_req_symbol_join/placegen[2].placeBlock.dly/UnitDelay.ack_reg was removed.  [/home/aiml/Desktop/IITB_AI_ML/ahir_release/vhdl/ahir.vhdl:13367]
INFO: [Synth 8-5546] ROM "result" won't be mapped to RAM because it is too sparse
INFO: [Synth 8-4471] merging register 'out_buffer_write_req_symbol_join.gj_out_buffer_write_req_symbol_join/placegen[2].placeBlock.dly/UnitDelay.ack_reg' into 'in_buffer_unload_req_symbol_join.gj_in_buffer_unload_req_symbol_join/placegen[5].placeBlock.dly/UnitDelay.ack_reg' [/home/aiml/Desktop/IITB_AI_ML/ahir_release/vhdl/ahir.vhdl:13367]
WARNING: [Synth 8-6014] Unused sequential element out_buffer_write_req_symbol_join.gj_out_buffer_write_req_symbol_join/placegen[2].placeBlock.dly/UnitDelay.ack_reg was removed.  [/home/aiml/Desktop/IITB_AI_ML/ahir_release/vhdl/ahir.vhdl:13367]
WARNING: [Synth 8-6014] Unused sequential element tagIlock/NoFlowThrough.interlockBuf.buf/DeepCase.ulb_deep/bufPipe/DeepFifo.notShiftReg.queue/queue_size_reg was removed.  [/home/aiml/Desktop/IITB_AI_ML/ahir_release/vhdl/ahir.vhdl:20751]
WARNING: [Synth 8-6014] Unused sequential element tagIlock/NoFlowThrough.interlockBuf.buf/DeepCase.ulb_deep/bufPipe/DeepFifo.notShiftReg.queue/write_pointer_reg was removed.  [/home/aiml/Desktop/IITB_AI_ML/ahir_release/vhdl/ahir.vhdl:20742]
WARNING: [Synth 8-6014] Unused sequential element tagIlock/NoFlowThrough.interlockBuf.buf/DeepCase.ulb_deep/bufPipe/DeepFifo.notShiftReg.queue/read_pointer_reg was removed.  [/home/aiml/Desktop/IITB_AI_ML/ahir_release/vhdl/ahir.vhdl:20741]
WARNING: [Synth 8-6014] Unused sequential element tagIlock/NoFlowThrough.interlockBuf.buf/DeepCase.ulb_deep/number_of_elements_in_pipe_reg was removed.  [/home/aiml/Desktop/IITB_AI_ML/ahir_release/vhdl/ahir.vhdl:21419]
WARNING: [Synth 8-6014] Unused sequential element in_buffer_unload_req_symbol_join.gj_in_buffer_unload_req_symbol_join/placegen[1].placeBlock.pI/CapGtOne.token_latch_reg was removed.  [/home/aiml/Desktop/IITB_AI_ML/ahir_release/vhdl/ahir.vhdl:14858]
WARNING: [Synth 8-6014] Unused sequential element in_buffer_unload_req_symbol_join.gj_in_buffer_unload_req_symbol_join/placegen[2].placeBlock.pI/CapGtOne.token_latch_reg was removed.  [/home/aiml/Desktop/IITB_AI_ML/ahir_release/vhdl/ahir.vhdl:14858]
WARNING: [Synth 8-6014] Unused sequential element in_buffer_unload_req_symbol_join.gj_in_buffer_unload_req_symbol_join/placegen[3].placeBlock.pI/CapGtOne.token_latch_reg was removed.  [/home/aiml/Desktop/IITB_AI_ML/ahir_release/vhdl/ahir.vhdl:14858]
WARNING: [Synth 8-6014] Unused sequential element in_buffer_unload_req_symbol_join.gj_in_buffer_unload_req_symbol_join/placegen[5].placeBlock.pI/CapGtOne.token_latch_reg was removed.  [/home/aiml/Desktop/IITB_AI_ML/ahir_release/vhdl/ahir.vhdl:14858]
WARNING: [Synth 8-6014] Unused sequential element out_buffer_write_req_symbol_join.gj_out_buffer_write_req_symbol_join/placegen[1].placeBlock.pI/CapGtOne.token_latch_reg was removed.  [/home/aiml/Desktop/IITB_AI_ML/ahir_release/vhdl/ahir.vhdl:14858]
WARNING: [Synth 8-6014] Unused sequential element out_buffer_write_req_symbol_join.gj_out_buffer_write_req_symbol_join/placegen[3].placeBlock.pI/CapGtOne.token_latch_reg was removed.  [/home/aiml/Desktop/IITB_AI_ML/ahir_release/vhdl/ahir.vhdl:14858]
WARNING: [Synth 8-6014] Unused sequential element tag_ilock_write_req_symbol_join.gj_tag_ilock_write_req_symbol_join/placegen[1].placeBlock.pI/CapGtOne.token_latch_reg was removed.  [/home/aiml/Desktop/IITB_AI_ML/ahir_release/vhdl/ahir.vhdl:14858]
WARNING: [Synth 8-6014] Unused sequential element tag_ilock_read_req_symbol_join.gj_tag_ilock_read_req_symbol_join/placegen[1].placeBlock.pI/CapGtOne.token_latch_reg was removed.  [/home/aiml/Desktop/IITB_AI_ML/ahir_release/vhdl/ahir.vhdl:14858]
WARNING: [Synth 8-6014] Unused sequential element memoryModule_CP_285.memoryModule_cp_element_group_6.gj_memoryModule_cp_element_group_6/placegen[1].placeBlock.pI/CapGtOne.token_latch_reg was removed.  [/home/aiml/Desktop/IITB_AI_ML/ahir_release/vhdl/ahir.vhdl:14858]
WARNING: [Synth 8-6014] Unused sequential element memoryModule_CP_285.memoryModule_cp_element_group_13.gj_memoryModule_cp_element_group_13/placegen[1].placeBlock.pI/CapGtOne.token_latch_reg was removed.  [/home/aiml/Desktop/IITB_AI_ML/ahir_release/vhdl/ahir.vhdl:14858]
WARNING: [Synth 8-6014] Unused sequential element memoryModule_CP_285.memoryModule_cp_element_group_18.gj_memoryModule_cp_element_group_18/placegen[1].placeBlock.pI/CapGtOne.token_latch_reg was removed.  [/home/aiml/Desktop/IITB_AI_ML/ahir_release/vhdl/ahir.vhdl:14858]
WARNING: [Synth 8-6014] Unused sequential element memoryModule_CP_285.memoryModule_cp_element_group_21.gj_memoryModule_cp_element_group_21/placegen[1].placeBlock.pI/CapGtOne.token_latch_reg was removed.  [/home/aiml/Desktop/IITB_AI_ML/ahir_release/vhdl/ahir.vhdl:14858]
WARNING: [Synth 8-6014] Unused sequential element memoryModule_CP_285.memoryModule_cp_element_group_21.gj_memoryModule_cp_element_group_21/placegen[2].placeBlock.pI/CapGtOne.token_latch_reg was removed.  [/home/aiml/Desktop/IITB_AI_ML/ahir_release/vhdl/ahir.vhdl:14858]
WARNING: [Synth 8-6014] Unused sequential element available_iterations_reg was removed.  [/home/aiml/Desktop/IITB_AI_ML/ahir_release/vhdl/ahir.vhdl:14083]
WARNING: [Synth 8-6014] Unused sequential element placegen[1].placeBlock.pI/CapGtOne.token_latch_reg was removed.  [/home/aiml/Desktop/IITB_AI_ML/ahir_release/vhdl/ahir.vhdl:14858]
WARNING: [Synth 8-6014] Unused sequential element placegen[2].placeBlock.pI/CapGtOne.token_latch_reg was removed.  [/home/aiml/Desktop/IITB_AI_ML/ahir_release/vhdl/ahir.vhdl:14858]
WARNING: [Synth 8-6014] Unused sequential element placegen[3].placeBlock.pI/CapGtOne.token_latch_reg was removed.  [/home/aiml/Desktop/IITB_AI_ML/ahir_release/vhdl/ahir.vhdl:14858]
WARNING: [Synth 8-6014] Unused sequential element placegen[4].placeBlock.pI/CapGtOne.token_latch_reg was removed.  [/home/aiml/Desktop/IITB_AI_ML/ahir_release/vhdl/ahir.vhdl:14858]
WARNING: [Synth 8-6014] Unused sequential element placegen[1].placeBlock.pI/CapGtOne.token_latch_reg was removed.  [/home/aiml/Desktop/IITB_AI_ML/ahir_release/vhdl/ahir.vhdl:14858]
WARNING: [Synth 8-6014] Unused sequential element placegen[2].placeBlock.pI/CapGtOne.token_latch_reg was removed.  [/home/aiml/Desktop/IITB_AI_ML/ahir_release/vhdl/ahir.vhdl:14858]
WARNING: [Synth 8-6014] Unused sequential element placegen[3].placeBlock.pI/CapGtOne.token_latch_reg was removed.  [/home/aiml/Desktop/IITB_AI_ML/ahir_release/vhdl/ahir.vhdl:14858]
WARNING: [Synth 8-6014] Unused sequential element placegen[4].placeBlock.pI/CapGtOne.token_latch_reg was removed.  [/home/aiml/Desktop/IITB_AI_ML/ahir_release/vhdl/ahir.vhdl:14858]
WARNING: [Synth 8-6014] Unused sequential element placegen[1].placeBlock.pI/CapGtOne.token_latch_reg was removed.  [/home/aiml/Desktop/IITB_AI_ML/ahir_release/vhdl/ahir.vhdl:14858]
WARNING: [Synth 8-6014] Unused sequential element placegen[2].placeBlock.pI/CapGtOne.token_latch_reg was removed.  [/home/aiml/Desktop/IITB_AI_ML/ahir_release/vhdl/ahir.vhdl:14858]
WARNING: [Synth 8-6014] Unused sequential element placegen[3].placeBlock.pI/CapGtOne.token_latch_reg was removed.  [/home/aiml/Desktop/IITB_AI_ML/ahir_release/vhdl/ahir.vhdl:14858]
WARNING: [Synth 8-6014] Unused sequential element placegen[4].placeBlock.pI/CapGtOne.token_latch_reg was removed.  [/home/aiml/Desktop/IITB_AI_ML/ahir_release/vhdl/ahir.vhdl:14858]
WARNING: [Synth 8-6014] Unused sequential element placegen[1].placeBlock.pI/CapGtOne.token_latch_reg was removed.  [/home/aiml/Desktop/IITB_AI_ML/ahir_release/vhdl/ahir.vhdl:14858]
WARNING: [Synth 8-6014] Unused sequential element placegen[2].placeBlock.pI/CapGtOne.token_latch_reg was removed.  [/home/aiml/Desktop/IITB_AI_ML/ahir_release/vhdl/ahir.vhdl:14858]
WARNING: [Synth 8-6014] Unused sequential element placegen[3].placeBlock.pI/CapGtOne.token_latch_reg was removed.  [/home/aiml/Desktop/IITB_AI_ML/ahir_release/vhdl/ahir.vhdl:14858]
WARNING: [Synth 8-6014] Unused sequential element placegen[4].placeBlock.pI/CapGtOne.token_latch_reg was removed.  [/home/aiml/Desktop/IITB_AI_ML/ahir_release/vhdl/ahir.vhdl:14858]
WARNING: [Synth 8-6014] Unused sequential element placegen[1].placeBlock.pI/CapGtOne.token_latch_reg was removed.  [/home/aiml/Desktop/IITB_AI_ML/ahir_release/vhdl/ahir.vhdl:14858]
WARNING: [Synth 8-6014] Unused sequential element placegen[2].placeBlock.pI/CapGtOne.token_latch_reg was removed.  [/home/aiml/Desktop/IITB_AI_ML/ahir_release/vhdl/ahir.vhdl:14858]
WARNING: [Synth 8-6014] Unused sequential element placegen[3].placeBlock.pI/CapGtOne.token_latch_reg was removed.  [/home/aiml/Desktop/IITB_AI_ML/ahir_release/vhdl/ahir.vhdl:14858]
WARNING: [Synth 8-6014] Unused sequential element placegen[4].placeBlock.pI/CapGtOne.token_latch_reg was removed.  [/home/aiml/Desktop/IITB_AI_ML/ahir_release/vhdl/ahir.vhdl:14858]
WARNING: [Synth 8-6014] Unused sequential element placegen[1].placeBlock.pI/CapGtOne.token_latch_reg was removed.  [/home/aiml/Desktop/IITB_AI_ML/ahir_release/vhdl/ahir.vhdl:14858]
WARNING: [Synth 8-6014] Unused sequential element placegen[1].placeBlock.pI/CapGtOne.token_latch_reg was removed.  [/home/aiml/Desktop/IITB_AI_ML/ahir_release/vhdl/ahir.vhdl:14858]
WARNING: [Synth 8-6014] Unused sequential element placegen[1].placeBlock.pI/CapGtOne.token_latch_reg was removed.  [/home/aiml/Desktop/IITB_AI_ML/ahir_release/vhdl/ahir.vhdl:14858]
INFO: [Common 17-14] Message 'Synth 8-6014' appears 100 times and further instances of the messages will be disabled. Use the Tcl command set_msg_config to change the current settings.
INFO: [Synth 8-4471] merging register 'out_buffer_write_req_symbol_join.gj_out_buffer_write_req_symbol_join/placegen[2].placeBlock.dly/UnitDelay.ack_reg' into 'in_buffer_unload_req_symbol_join.gj_in_buffer_unload_req_symbol_join/placegen[2].placeBlock.dly/UnitDelay.ack_reg' [/home/aiml/Desktop/IITB_AI_ML/ahir_release/vhdl/ahir.vhdl:13367]
INFO: [Synth 8-4471] merging register 'concat_core_CP_2543.concat_core_cp_element_group_34.gj_concat_core_cp_element_group_34/placegen[2].placeBlock.dly/UnitDelay.ack_reg' into 'concat_core_CP_2543.concat_core_cp_element_group_15.gj_concat_core_cp_element_group_15/placegen[2].placeBlock.dly/UnitDelay.ack_reg' [/home/aiml/Desktop/IITB_AI_ML/ahir_release/vhdl/ahir.vhdl:13367]
INFO: [Synth 8-4471] merging register 'concat_core_CP_2543.concat_core_cp_element_group_51.gj_concat_core_cp_element_group_51/placegen[2].placeBlock.dly/UnitDelay.ack_reg' into 'concat_core_CP_2543.concat_core_cp_element_group_15.gj_concat_core_cp_element_group_15/placegen[2].placeBlock.dly/UnitDelay.ack_reg' [/home/aiml/Desktop/IITB_AI_ML/ahir_release/vhdl/ahir.vhdl:13367]
WARNING: [Synth 8-3917] design ahir_system__GCB6 has port call_mtag[0] driven by constant 0
WARNING: [Synth 8-3917] design ahir_system__GCB6 has port O1089[0] driven by constant 0
WARNING: [Synth 8-3917] design ahir_system__GCB6 has port O1090[0] driven by constant 0
WARNING: [Synth 8-3331] design concat_core has unconnected port writeModule_concat_return_data[0]
INFO: [Synth 8-3333] propagating constant 0 across sequential element (timer_instance/\in_buffer/NotRevisedCase.ShallowCase.ulReg/noBypass.read_data_reg[1] )
INFO: [Synth 8-3886] merging instance 'systemTOP_instance/data_path.timer_call_group_1.CallReq/Arbitration.rpeInst/MultipleRequesters.reqR_priority_encoded_reg[1]' (FDR) to 'systemTOP_instance/data_path.timer_call_group_1.CallReq/Arbitration.rpeInst/MultipleRequesters.reqR_register_reg[1]'
INFO: [Synth 8-3886] merging instance 'systemTOP_instance/data_path.concat_core_call_group_5.CallReq/RxGen[2].rxBuf/notFRR.bufPipe/Shallow.notSaveSlot.queue/qD1.RB.data_reg_reg[56]' (FDRE) to 'systemTOP_instance/data_path.concat_core_call_group_5.CallReq/RxGen[2].rxBuf/notFRR.bufPipe/Shallow.notSaveSlot.queue/qD1.RB.data_reg_reg[87]'
INFO: [Synth 8-3886] merging instance 'systemTOP_instance/data_path.concat_core_call_group_5.CallReq/RxGen[1].rxBuf/notFRR.bufPipe/Shallow.notSaveSlot.queue/qD1.RB.data_reg_reg[56]' (FDRE) to 'systemTOP_instance/data_path.concat_core_call_group_5.CallReq/RxGen[1].rxBuf/notFRR.bufPipe/Shallow.notSaveSlot.queue/qD1.RB.data_reg_reg[1]'
INFO: [Synth 8-3886] merging instance 'systemTOP_instance/data_path.concat_core_call_group_5.CallReq/RxGen[0].rxBuf/notFRR.bufPipe/Shallow.notSaveSlot.queue/qD1.RB.data_reg_reg[56]' (FDRE) to 'systemTOP_instance/data_path.concat_core_call_group_5.CallReq/RxGen[0].rxBuf/notFRR.bufPipe/Shallow.notSaveSlot.queue/qD1.RB.data_reg_reg[0]'
INFO: [Synth 8-3886] merging instance 'systemTOP_instance/data_path.concat_core_call_group_5.CallReq/RxGen[2].rxBuf/notFRR.bufPipe/Shallow.notSaveSlot.queue/qD1.RB.data_reg_reg[57]' (FDRE) to 'systemTOP_instance/data_path.concat_core_call_group_5.CallReq/RxGen[2].rxBuf/notFRR.bufPipe/Shallow.notSaveSlot.queue/qD1.RB.data_reg_reg[87]'
INFO: [Synth 8-3886] merging instance 'systemTOP_instance/data_path.concat_core_call_group_5.CallReq/RxGen[1].rxBuf/notFRR.bufPipe/Shallow.notSaveSlot.queue/qD1.RB.data_reg_reg[57]' (FDRE) to 'systemTOP_instance/data_path.concat_core_call_group_5.CallReq/RxGen[1].rxBuf/notFRR.bufPipe/Shallow.notSaveSlot.queue/qD1.RB.data_reg_reg[1]'
INFO: [Synth 8-3886] merging instance 'systemTOP_instance/data_path.concat_core_call_group_5.CallReq/RxGen[0].rxBuf/notFRR.bufPipe/Shallow.notSaveSlot.queue/qD1.RB.data_reg_reg[57]' (FDRE) to 'systemTOP_instance/data_path.concat_core_call_group_5.CallReq/RxGen[0].rxBuf/notFRR.bufPipe/Shallow.notSaveSlot.queue/qD1.RB.data_reg_reg[0]'
INFO: [Synth 8-3886] merging instance 'systemTOP_instance/data_path.concat_core_call_group_5.CallReq/RxGen[2].rxBuf/notFRR.bufPipe/Shallow.notSaveSlot.queue/qD1.RB.data_reg_reg[58]' (FDRE) to 'systemTOP_instance/data_path.concat_core_call_group_5.CallReq/RxGen[2].rxBuf/notFRR.bufPipe/Shallow.notSaveSlot.queue/qD1.RB.data_reg_reg[87]'
INFO: [Synth 8-3886] merging instance 'systemTOP_instance/data_path.concat_core_call_group_5.CallReq/RxGen[1].rxBuf/notFRR.bufPipe/Shallow.notSaveSlot.queue/qD1.RB.data_reg_reg[58]' (FDRE) to 'systemTOP_instance/data_path.concat_core_call_group_5.CallReq/RxGen[1].rxBuf/notFRR.bufPipe/Shallow.notSaveSlot.queue/qD1.RB.data_reg_reg[1]'
INFO: [Synth 8-3886] merging instance 'systemTOP_instance/data_path.concat_core_call_group_5.CallReq/RxGen[0].rxBuf/notFRR.bufPipe/Shallow.notSaveSlot.queue/qD1.RB.data_reg_reg[58]' (FDRE) to 'systemTOP_instance/data_path.concat_core_call_group_5.CallReq/RxGen[0].rxBuf/notFRR.bufPipe/Shallow.notSaveSlot.queue/qD1.RB.data_reg_reg[0]'
INFO: [Synth 8-3886] merging instance 'systemTOP_instance/data_path.concat_core_call_group_5.CallReq/RxGen[2].rxBuf/notFRR.bufPipe/Shallow.notSaveSlot.queue/qD1.RB.data_reg_reg[59]' (FDRE) to 'systemTOP_instance/data_path.concat_core_call_group_5.CallReq/RxGen[2].rxBuf/notFRR.bufPipe/Shallow.notSaveSlot.queue/qD1.RB.data_reg_reg[75]'
INFO: [Synth 8-3886] merging instance 'systemTOP_instance/data_path.concat_core_call_group_5.CallReq/RxGen[1].rxBuf/notFRR.bufPipe/Shallow.notSaveSlot.queue/qD1.RB.data_reg_reg[59]' (FDRE) to 'systemTOP_instance/data_path.concat_core_call_group_5.CallReq/RxGen[1].rxBuf/notFRR.bufPipe/Shallow.notSaveSlot.queue/qD1.RB.data_reg_reg[1]'
INFO: [Synth 8-3886] merging instance 'systemTOP_instance/data_path.concat_core_call_group_5.CallReq/RxGen[0].rxBuf/notFRR.bufPipe/Shallow.notSaveSlot.queue/qD1.RB.data_reg_reg[59]' (FDRE) to 'systemTOP_instance/data_path.concat_core_call_group_5.CallReq/RxGen[0].rxBuf/notFRR.bufPipe/Shallow.notSaveSlot.queue/qD1.RB.data_reg_reg[0]'
INFO: [Synth 8-3886] merging instance 'systemTOP_instance/data_path.concat_core_call_group_5.CallReq/RxGen[2].rxBuf/notFRR.bufPipe/Shallow.notSaveSlot.queue/qD1.RB.data_reg_reg[60]' (FDRE) to 'systemTOP_instance/data_path.concat_core_call_group_5.CallReq/RxGen[2].rxBuf/notFRR.bufPipe/Shallow.notSaveSlot.queue/qD1.RB.data_reg_reg[87]'
INFO: [Synth 8-3886] merging instance 'systemTOP_instance/data_path.concat_core_call_group_5.CallReq/RxGen[1].rxBuf/notFRR.bufPipe/Shallow.notSaveSlot.queue/qD1.RB.data_reg_reg[60]' (FDRE) to 'systemTOP_instance/data_path.concat_core_call_group_5.CallReq/RxGen[1].rxBuf/notFRR.bufPipe/Shallow.notSaveSlot.queue/qD1.RB.data_reg_reg[1]'
INFO: [Synth 8-3886] merging instance 'systemTOP_instance/data_path.concat_core_call_group_5.CallReq/RxGen[0].rxBuf/notFRR.bufPipe/Shallow.notSaveSlot.queue/qD1.RB.data_reg_reg[60]' (FDRE) to 'systemTOP_instance/data_path.concat_core_call_group_5.CallReq/RxGen[0].rxBuf/notFRR.bufPipe/Shallow.notSaveSlot.queue/qD1.RB.data_reg_reg[8]'
INFO: [Synth 8-3886] merging instance 'systemTOP_instance/data_path.concat_core_call_group_5.CallReq/RxGen[2].rxBuf/notFRR.bufPipe/Shallow.notSaveSlot.queue/qD1.RB.data_reg_reg[61]' (FDRE) to 'systemTOP_instance/data_path.concat_core_call_group_5.CallReq/RxGen[2].rxBuf/notFRR.bufPipe/Shallow.notSaveSlot.queue/qD1.RB.data_reg_reg[87]'
INFO: [Synth 8-3886] merging instance 'systemTOP_instance/data_path.concat_core_call_group_5.CallReq/RxGen[1].rxBuf/notFRR.bufPipe/Shallow.notSaveSlot.queue/qD1.RB.data_reg_reg[61]' (FDRE) to 'systemTOP_instance/data_path.concat_core_call_group_5.CallReq/RxGen[1].rxBuf/notFRR.bufPipe/Shallow.notSaveSlot.queue/qD1.RB.data_reg_reg[0]'
INFO: [Synth 8-3886] merging instance 'systemTOP_instance/data_path.concat_core_call_group_5.CallReq/RxGen[0].rxBuf/notFRR.bufPipe/Shallow.notSaveSlot.queue/qD1.RB.data_reg_reg[61]' (FDRE) to 'systemTOP_instance/data_path.concat_core_call_group_5.CallReq/RxGen[0].rxBuf/notFRR.bufPipe/Shallow.notSaveSlot.queue/qD1.RB.data_reg_reg[0]'
INFO: [Synth 8-3886] merging instance 'systemTOP_instance/data_path.concat_core_call_group_5.CallReq/RxGen[2].rxBuf/notFRR.bufPipe/Shallow.notSaveSlot.queue/qD1.RB.data_reg_reg[62]' (FDRE) to 'systemTOP_instance/data_path.concat_core_call_group_5.CallReq/RxGen[2].rxBuf/notFRR.bufPipe/Shallow.notSaveSlot.queue/qD1.RB.data_reg_reg[87]'
INFO: [Synth 8-3886] merging instance 'systemTOP_instance/data_path.concat_core_call_group_5.CallReq/RxGen[1].rxBuf/notFRR.bufPipe/Shallow.notSaveSlot.queue/qD1.RB.data_reg_reg[62]' (FDRE) to 'systemTOP_instance/data_path.concat_core_call_group_5.CallReq/RxGen[1].rxBuf/notFRR.bufPipe/Shallow.notSaveSlot.queue/qD1.RB.data_reg_reg[1]'
INFO: [Synth 8-3886] merging instance 'systemTOP_instance/data_path.concat_core_call_group_5.CallReq/RxGen[0].rxBuf/notFRR.bufPipe/Shallow.notSaveSlot.queue/qD1.RB.data_reg_reg[62]' (FDRE) to 'systemTOP_instance/data_path.concat_core_call_group_5.CallReq/RxGen[0].rxBuf/notFRR.bufPipe/Shallow.notSaveSlot.queue/qD1.RB.data_reg_reg[0]'
INFO: [Synth 8-3886] merging instance 'systemTOP_instance/data_path.concat_core_call_group_5.CallReq/RxGen[2].rxBuf/notFRR.bufPipe/Shallow.notSaveSlot.queue/qD1.RB.data_reg_reg[63]' (FDRE) to 'systemTOP_instance/data_path.concat_core_call_group_5.CallReq/RxGen[2].rxBuf/notFRR.bufPipe/Shallow.notSaveSlot.queue/qD1.RB.data_reg_reg[87]'
INFO: [Synth 8-3886] merging instance 'systemTOP_instance/data_path.concat_core_call_group_5.CallReq/RxGen[1].rxBuf/notFRR.bufPipe/Shallow.notSaveSlot.queue/qD1.RB.data_reg_reg[63]' (FDRE) to 'systemTOP_instance/data_path.concat_core_call_group_5.CallReq/RxGen[1].rxBuf/notFRR.bufPipe/Shallow.notSaveSlot.queue/qD1.RB.data_reg_reg[1]'
INFO: [Synth 8-3886] merging instance 'systemTOP_instance/data_path.concat_core_call_group_5.CallReq/RxGen[0].rxBuf/notFRR.bufPipe/Shallow.notSaveSlot.queue/qD1.RB.data_reg_reg[63]' (FDRE) to 'systemTOP_instance/data_path.concat_core_call_group_5.CallReq/RxGen[0].rxBuf/notFRR.bufPipe/Shallow.notSaveSlot.queue/qD1.RB.data_reg_reg[0]'
INFO: [Synth 8-3886] merging instance 'systemTOP_instance/data_path.concat_core_call_group_5.CallReq/RxGen[2].rxBuf/notFRR.bufPipe/Shallow.notSaveSlot.queue/qD1.RB.data_reg_reg[64]' (FDRE) to 'systemTOP_instance/data_path.concat_core_call_group_5.CallReq/RxGen[2].rxBuf/notFRR.bufPipe/Shallow.notSaveSlot.queue/qD1.RB.data_reg_reg[87]'
INFO: [Synth 8-3886] merging instance 'systemTOP_instance/data_path.concat_core_call_group_5.CallReq/RxGen[1].rxBuf/notFRR.bufPipe/Shallow.notSaveSlot.queue/qD1.RB.data_reg_reg[64]' (FDRE) to 'systemTOP_instance/data_path.concat_core_call_group_5.CallReq/RxGen[1].rxBuf/notFRR.bufPipe/Shallow.notSaveSlot.queue/qD1.RB.data_reg_reg[1]'
INFO: [Synth 8-3886] merging instance 'systemTOP_instance/data_path.concat_core_call_group_5.CallReq/RxGen[0].rxBuf/notFRR.bufPipe/Shallow.notSaveSlot.queue/qD1.RB.data_reg_reg[64]' (FDRE) to 'systemTOP_instance/data_path.concat_core_call_group_5.CallReq/RxGen[0].rxBuf/notFRR.bufPipe/Shallow.notSaveSlot.queue/qD1.RB.data_reg_reg[0]'
INFO: [Synth 8-3886] merging instance 'systemTOP_instance/data_path.concat_core_call_group_5.CallReq/RxGen[2].rxBuf/notFRR.bufPipe/Shallow.notSaveSlot.queue/qD1.RB.data_reg_reg[65]' (FDRE) to 'systemTOP_instance/data_path.concat_core_call_group_5.CallReq/RxGen[2].rxBuf/notFRR.bufPipe/Shallow.notSaveSlot.queue/qD1.RB.data_reg_reg[87]'
INFO: [Synth 8-3886] merging instance 'systemTOP_instance/data_path.concat_core_call_group_5.CallReq/RxGen[1].rxBuf/notFRR.bufPipe/Shallow.notSaveSlot.queue/qD1.RB.data_reg_reg[65]' (FDRE) to 'systemTOP_instance/data_path.concat_core_call_group_5.CallReq/RxGen[1].rxBuf/notFRR.bufPipe/Shallow.notSaveSlot.queue/qD1.RB.data_reg_reg[1]'
INFO: [Synth 8-3886] merging instance 'systemTOP_instance/data_path.concat_core_call_group_5.CallReq/RxGen[0].rxBuf/notFRR.bufPipe/Shallow.notSaveSlot.queue/qD1.RB.data_reg_reg[65]' (FDRE) to 'systemTOP_instance/data_path.concat_core_call_group_5.CallReq/RxGen[0].rxBuf/notFRR.bufPipe/Shallow.notSaveSlot.queue/qD1.RB.data_reg_reg[0]'
INFO: [Synth 8-3886] merging instance 'systemTOP_instance/data_path.concat_core_call_group_5.CallReq/RxGen[2].rxBuf/notFRR.bufPipe/Shallow.notSaveSlot.queue/qD1.RB.data_reg_reg[66]' (FDRE) to 'systemTOP_instance/data_path.concat_core_call_group_5.CallReq/RxGen[2].rxBuf/notFRR.bufPipe/Shallow.notSaveSlot.queue/qD1.RB.data_reg_reg[87]'
INFO: [Synth 8-3886] merging instance 'systemTOP_instance/data_path.concat_core_call_group_5.CallReq/RxGen[1].rxBuf/notFRR.bufPipe/Shallow.notSaveSlot.queue/qD1.RB.data_reg_reg[66]' (FDRE) to 'systemTOP_instance/data_path.concat_core_call_group_5.CallReq/RxGen[1].rxBuf/notFRR.bufPipe/Shallow.notSaveSlot.queue/qD1.RB.data_reg_reg[1]'
INFO: [Synth 8-3886] merging instance 'systemTOP_instance/data_path.concat_core_call_group_5.CallReq/RxGen[0].rxBuf/notFRR.bufPipe/Shallow.notSaveSlot.queue/qD1.RB.data_reg_reg[66]' (FDRE) to 'systemTOP_instance/data_path.concat_core_call_group_5.CallReq/RxGen[0].rxBuf/notFRR.bufPipe/Shallow.notSaveSlot.queue/qD1.RB.data_reg_reg[0]'
INFO: [Synth 8-3886] merging instance 'systemTOP_instance/data_path.concat_core_call_group_5.CallReq/RxGen[2].rxBuf/notFRR.bufPipe/Shallow.notSaveSlot.queue/qD1.RB.data_reg_reg[67]' (FDRE) to 'systemTOP_instance/data_path.concat_core_call_group_5.CallReq/RxGen[2].rxBuf/notFRR.bufPipe/Shallow.notSaveSlot.queue/qD1.RB.data_reg_reg[87]'
INFO: [Synth 8-3886] merging instance 'systemTOP_instance/data_path.concat_core_call_group_5.CallReq/RxGen[1].rxBuf/notFRR.bufPipe/Shallow.notSaveSlot.queue/qD1.RB.data_reg_reg[67]' (FDRE) to 'systemTOP_instance/data_path.concat_core_call_group_5.CallReq/RxGen[1].rxBuf/notFRR.bufPipe/Shallow.notSaveSlot.queue/qD1.RB.data_reg_reg[1]'
INFO: [Synth 8-3886] merging instance 'systemTOP_instance/data_path.concat_core_call_group_5.CallReq/RxGen[0].rxBuf/notFRR.bufPipe/Shallow.notSaveSlot.queue/qD1.RB.data_reg_reg[67]' (FDRE) to 'systemTOP_instance/data_path.concat_core_call_group_5.CallReq/RxGen[0].rxBuf/notFRR.bufPipe/Shallow.notSaveSlot.queue/qD1.RB.data_reg_reg[0]'
INFO: [Synth 8-3886] merging instance 'systemTOP_instance/data_path.concat_core_call_group_5.CallReq/RxGen[2].rxBuf/notFRR.bufPipe/Shallow.notSaveSlot.queue/qD1.RB.data_reg_reg[68]' (FDRE) to 'systemTOP_instance/data_path.concat_core_call_group_5.CallReq/RxGen[2].rxBuf/notFRR.bufPipe/Shallow.notSaveSlot.queue/qD1.RB.data_reg_reg[87]'
INFO: [Synth 8-3886] merging instance 'systemTOP_instance/data_path.concat_core_call_group_5.CallReq/RxGen[1].rxBuf/notFRR.bufPipe/Shallow.notSaveSlot.queue/qD1.RB.data_reg_reg[68]' (FDRE) to 'systemTOP_instance/data_path.concat_core_call_group_5.CallReq/RxGen[1].rxBuf/notFRR.bufPipe/Shallow.notSaveSlot.queue/qD1.RB.data_reg_reg[1]'
INFO: [Synth 8-3886] merging instance 'systemTOP_instance/data_path.concat_core_call_group_5.CallReq/RxGen[0].rxBuf/notFRR.bufPipe/Shallow.notSaveSlot.queue/qD1.RB.data_reg_reg[68]' (FDRE) to 'systemTOP_instance/data_path.concat_core_call_group_5.CallReq/RxGen[0].rxBuf/notFRR.bufPipe/Shallow.notSaveSlot.queue/qD1.RB.data_reg_reg[0]'
INFO: [Synth 8-3886] merging instance 'systemTOP_instance/data_path.concat_core_call_group_5.CallReq/RxGen[2].rxBuf/notFRR.bufPipe/Shallow.notSaveSlot.queue/qD1.RB.data_reg_reg[69]' (FDRE) to 'systemTOP_instance/data_path.concat_core_call_group_5.CallReq/RxGen[2].rxBuf/notFRR.bufPipe/Shallow.notSaveSlot.queue/qD1.RB.data_reg_reg[87]'
INFO: [Synth 8-3886] merging instance 'systemTOP_instance/data_path.concat_core_call_group_5.CallReq/RxGen[1].rxBuf/notFRR.bufPipe/Shallow.notSaveSlot.queue/qD1.RB.data_reg_reg[69]' (FDRE) to 'systemTOP_instance/data_path.concat_core_call_group_5.CallReq/RxGen[1].rxBuf/notFRR.bufPipe/Shallow.notSaveSlot.queue/qD1.RB.data_reg_reg[1]'
INFO: [Synth 8-3886] merging instance 'systemTOP_instance/data_path.concat_core_call_group_5.CallReq/RxGen[0].rxBuf/notFRR.bufPipe/Shallow.notSaveSlot.queue/qD1.RB.data_reg_reg[69]' (FDRE) to 'systemTOP_instance/data_path.concat_core_call_group_5.CallReq/RxGen[0].rxBuf/notFRR.bufPipe/Shallow.notSaveSlot.queue/qD1.RB.data_reg_reg[0]'
INFO: [Synth 8-3886] merging instance 'systemTOP_instance/data_path.concat_core_call_group_5.CallReq/RxGen[2].rxBuf/notFRR.bufPipe/Shallow.notSaveSlot.queue/qD1.RB.data_reg_reg[70]' (FDRE) to 'systemTOP_instance/data_path.concat_core_call_group_5.CallReq/RxGen[2].rxBuf/notFRR.bufPipe/Shallow.notSaveSlot.queue/qD1.RB.data_reg_reg[87]'
INFO: [Synth 8-3886] merging instance 'systemTOP_instance/data_path.concat_core_call_group_5.CallReq/RxGen[1].rxBuf/notFRR.bufPipe/Shallow.notSaveSlot.queue/qD1.RB.data_reg_reg[70]' (FDRE) to 'systemTOP_instance/data_path.concat_core_call_group_5.CallReq/RxGen[1].rxBuf/notFRR.bufPipe/Shallow.notSaveSlot.queue/qD1.RB.data_reg_reg[1]'
INFO: [Synth 8-3886] merging instance 'systemTOP_instance/data_path.concat_core_call_group_5.CallReq/RxGen[0].rxBuf/notFRR.bufPipe/Shallow.notSaveSlot.queue/qD1.RB.data_reg_reg[70]' (FDRE) to 'systemTOP_instance/data_path.concat_core_call_group_5.CallReq/RxGen[0].rxBuf/notFRR.bufPipe/Shallow.notSaveSlot.queue/qD1.RB.data_reg_reg[0]'
INFO: [Synth 8-3886] merging instance 'systemTOP_instance/data_path.concat_core_call_group_5.CallReq/RxGen[2].rxBuf/notFRR.bufPipe/Shallow.notSaveSlot.queue/qD1.RB.data_reg_reg[71]' (FDRE) to 'systemTOP_instance/data_path.concat_core_call_group_5.CallReq/RxGen[2].rxBuf/notFRR.bufPipe/Shallow.notSaveSlot.queue/qD1.RB.data_reg_reg[87]'
INFO: [Synth 8-3886] merging instance 'systemTOP_instance/data_path.concat_core_call_group_5.CallReq/RxGen[1].rxBuf/notFRR.bufPipe/Shallow.notSaveSlot.queue/qD1.RB.data_reg_reg[71]' (FDRE) to 'systemTOP_instance/data_path.concat_core_call_group_5.CallReq/RxGen[1].rxBuf/notFRR.bufPipe/Shallow.notSaveSlot.queue/qD1.RB.data_reg_reg[1]'
INFO: [Synth 8-3886] merging instance 'systemTOP_instance/data_path.concat_core_call_group_5.CallReq/RxGen[0].rxBuf/notFRR.bufPipe/Shallow.notSaveSlot.queue/qD1.RB.data_reg_reg[71]' (FDRE) to 'systemTOP_instance/data_path.concat_core_call_group_5.CallReq/RxGen[0].rxBuf/notFRR.bufPipe/Shallow.notSaveSlot.queue/qD1.RB.data_reg_reg[0]'
INFO: [Synth 8-3886] merging instance 'systemTOP_instance/data_path.concat_core_call_group_5.CallReq/RxGen[2].rxBuf/notFRR.bufPipe/Shallow.notSaveSlot.queue/qD1.RB.data_reg_reg[27]' (FDRE) to 'systemTOP_instance/data_path.concat_core_call_group_5.CallReq/RxGen[2].rxBuf/notFRR.bufPipe/Shallow.notSaveSlot.queue/qD1.RB.data_reg_reg[87]'
INFO: [Synth 8-3886] merging instance 'systemTOP_instance/data_path.concat_core_call_group_5.CallReq/RxGen[1].rxBuf/notFRR.bufPipe/Shallow.notSaveSlot.queue/qD1.RB.data_reg_reg[27]' (FDRE) to 'systemTOP_instance/data_path.concat_core_call_group_5.CallReq/RxGen[1].rxBuf/notFRR.bufPipe/Shallow.notSaveSlot.queue/qD1.RB.data_reg_reg[1]'
INFO: [Synth 8-3886] merging instance 'systemTOP_instance/data_path.concat_core_call_group_5.CallReq/RxGen[0].rxBuf/notFRR.bufPipe/Shallow.notSaveSlot.queue/qD1.RB.data_reg_reg[27]' (FDRE) to 'systemTOP_instance/data_path.concat_core_call_group_5.CallReq/RxGen[0].rxBuf/notFRR.bufPipe/Shallow.notSaveSlot.queue/qD1.RB.data_reg_reg[0]'
INFO: [Synth 8-3886] merging instance 'systemTOP_instance/data_path.concat_core_call_group_5.CallReq/RxGen[2].rxBuf/notFRR.bufPipe/Shallow.notSaveSlot.queue/qD1.RB.data_reg_reg[28]' (FDRE) to 'systemTOP_instance/data_path.concat_core_call_group_5.CallReq/RxGen[2].rxBuf/notFRR.bufPipe/Shallow.notSaveSlot.queue/qD1.RB.data_reg_reg[87]'
INFO: [Synth 8-3886] merging instance 'systemTOP_instance/data_path.concat_core_call_group_5.CallReq/RxGen[1].rxBuf/notFRR.bufPipe/Shallow.notSaveSlot.queue/qD1.RB.data_reg_reg[28]' (FDRE) to 'systemTOP_instance/data_path.concat_core_call_group_5.CallReq/RxGen[1].rxBuf/notFRR.bufPipe/Shallow.notSaveSlot.queue/qD1.RB.data_reg_reg[1]'
INFO: [Synth 8-3886] merging instance 'systemTOP_instance/data_path.concat_core_call_group_5.CallReq/RxGen[0].rxBuf/notFRR.bufPipe/Shallow.notSaveSlot.queue/qD1.RB.data_reg_reg[28]' (FDRE) to 'systemTOP_instance/data_path.concat_core_call_group_5.CallReq/RxGen[0].rxBuf/notFRR.bufPipe/Shallow.notSaveSlot.queue/qD1.RB.data_reg_reg[0]'
INFO: [Synth 8-3886] merging instance 'systemTOP_instance/data_path.concat_core_call_group_5.CallReq/RxGen[2].rxBuf/notFRR.bufPipe/Shallow.notSaveSlot.queue/qD1.RB.data_reg_reg[29]' (FDRE) to 'systemTOP_instance/data_path.concat_core_call_group_5.CallReq/RxGen[2].rxBuf/notFRR.bufPipe/Shallow.notSaveSlot.queue/qD1.RB.data_reg_reg[87]'
INFO: [Synth 8-3886] merging instance 'systemTOP_instance/data_path.concat_core_call_group_5.CallReq/RxGen[1].rxBuf/notFRR.bufPipe/Shallow.notSaveSlot.queue/qD1.RB.data_reg_reg[29]' (FDRE) to 'systemTOP_instance/data_path.concat_core_call_group_5.CallReq/RxGen[1].rxBuf/notFRR.bufPipe/Shallow.notSaveSlot.queue/qD1.RB.data_reg_reg[1]'
INFO: [Synth 8-3886] merging instance 'systemTOP_instance/data_path.concat_core_call_group_5.CallReq/RxGen[0].rxBuf/notFRR.bufPipe/Shallow.notSaveSlot.queue/qD1.RB.data_reg_reg[29]' (FDRE) to 'systemTOP_instance/data_path.concat_core_call_group_5.CallReq/RxGen[0].rxBuf/notFRR.bufPipe/Shallow.notSaveSlot.queue/qD1.RB.data_reg_reg[0]'
INFO: [Synth 8-3886] merging instance 'systemTOP_instance/data_path.concat_core_call_group_5.CallReq/RxGen[2].rxBuf/notFRR.bufPipe/Shallow.notSaveSlot.queue/qD1.RB.data_reg_reg[30]' (FDRE) to 'systemTOP_instance/data_path.concat_core_call_group_5.CallReq/RxGen[2].rxBuf/notFRR.bufPipe/Shallow.notSaveSlot.queue/qD1.RB.data_reg_reg[87]'
INFO: [Synth 8-3886] merging instance 'systemTOP_instance/data_path.concat_core_call_group_5.CallReq/RxGen[1].rxBuf/notFRR.bufPipe/Shallow.notSaveSlot.queue/qD1.RB.data_reg_reg[30]' (FDRE) to 'systemTOP_instance/data_path.concat_core_call_group_5.CallReq/RxGen[1].rxBuf/notFRR.bufPipe/Shallow.notSaveSlot.queue/qD1.RB.data_reg_reg[1]'
INFO: [Synth 8-3886] merging instance 'systemTOP_instance/data_path.concat_core_call_group_5.CallReq/RxGen[0].rxBuf/notFRR.bufPipe/Shallow.notSaveSlot.queue/qD1.RB.data_reg_reg[30]' (FDRE) to 'systemTOP_instance/data_path.concat_core_call_group_5.CallReq/RxGen[0].rxBuf/notFRR.bufPipe/Shallow.notSaveSlot.queue/qD1.RB.data_reg_reg[0]'
INFO: [Synth 8-3886] merging instance 'systemTOP_instance/data_path.concat_core_call_group_5.CallReq/RxGen[2].rxBuf/notFRR.bufPipe/Shallow.notSaveSlot.queue/qD1.RB.data_reg_reg[31]' (FDRE) to 'systemTOP_instance/data_path.concat_core_call_group_5.CallReq/RxGen[2].rxBuf/notFRR.bufPipe/Shallow.notSaveSlot.queue/qD1.RB.data_reg_reg[87]'
INFO: [Synth 8-3886] merging instance 'systemTOP_instance/data_path.concat_core_call_group_5.CallReq/RxGen[1].rxBuf/notFRR.bufPipe/Shallow.notSaveSlot.queue/qD1.RB.data_reg_reg[31]' (FDRE) to 'systemTOP_instance/data_path.concat_core_call_group_5.CallReq/RxGen[1].rxBuf/notFRR.bufPipe/Shallow.notSaveSlot.queue/qD1.RB.data_reg_reg[1]'
INFO: [Synth 8-3886] merging instance 'systemTOP_instance/data_path.concat_core_call_group_5.CallReq/RxGen[0].rxBuf/notFRR.bufPipe/Shallow.notSaveSlot.queue/qD1.RB.data_reg_reg[31]' (FDRE) to 'systemTOP_instance/data_path.concat_core_call_group_5.CallReq/RxGen[0].rxBuf/notFRR.bufPipe/Shallow.notSaveSlot.queue/qD1.RB.data_reg_reg[0]'
INFO: [Synth 8-3886] merging instance 'systemTOP_instance/data_path.concat_core_call_group_5.CallReq/RxGen[2].rxBuf/notFRR.bufPipe/Shallow.notSaveSlot.queue/qD1.RB.data_reg_reg[32]' (FDRE) to 'systemTOP_instance/data_path.concat_core_call_group_5.CallReq/RxGen[2].rxBuf/notFRR.bufPipe/Shallow.notSaveSlot.queue/qD1.RB.data_reg_reg[87]'
INFO: [Synth 8-3886] merging instance 'systemTOP_instance/data_path.concat_core_call_group_5.CallReq/RxGen[1].rxBuf/notFRR.bufPipe/Shallow.notSaveSlot.queue/qD1.RB.data_reg_reg[32]' (FDRE) to 'systemTOP_instance/data_path.concat_core_call_group_5.CallReq/RxGen[1].rxBuf/notFRR.bufPipe/Shallow.notSaveSlot.queue/qD1.RB.data_reg_reg[1]'
INFO: [Synth 8-3886] merging instance 'systemTOP_instance/data_path.concat_core_call_group_5.CallReq/RxGen[0].rxBuf/notFRR.bufPipe/Shallow.notSaveSlot.queue/qD1.RB.data_reg_reg[32]' (FDRE) to 'systemTOP_instance/data_path.concat_core_call_group_5.CallReq/RxGen[0].rxBuf/notFRR.bufPipe/Shallow.notSaveSlot.queue/qD1.RB.data_reg_reg[0]'
INFO: [Synth 8-3886] merging instance 'systemTOP_instance/data_path.concat_core_call_group_5.CallReq/RxGen[2].rxBuf/notFRR.bufPipe/Shallow.notSaveSlot.queue/qD1.RB.data_reg_reg[33]' (FDRE) to 'systemTOP_instance/data_path.concat_core_call_group_5.CallReq/RxGen[2].rxBuf/notFRR.bufPipe/Shallow.notSaveSlot.queue/qD1.RB.data_reg_reg[87]'
INFO: [Synth 8-3886] merging instance 'systemTOP_instance/data_path.concat_core_call_group_5.CallReq/RxGen[1].rxBuf/notFRR.bufPipe/Shallow.notSaveSlot.queue/qD1.RB.data_reg_reg[33]' (FDRE) to 'systemTOP_instance/data_path.concat_core_call_group_5.CallReq/RxGen[1].rxBuf/notFRR.bufPipe/Shallow.notSaveSlot.queue/qD1.RB.data_reg_reg[1]'
INFO: [Synth 8-3886] merging instance 'systemTOP_instance/data_path.concat_core_call_group_5.CallReq/RxGen[0].rxBuf/notFRR.bufPipe/Shallow.notSaveSlot.queue/qD1.RB.data_reg_reg[33]' (FDRE) to 'systemTOP_instance/data_path.concat_core_call_group_5.CallReq/RxGen[0].rxBuf/notFRR.bufPipe/Shallow.notSaveSlot.queue/qD1.RB.data_reg_reg[0]'
INFO: [Synth 8-3886] merging instance 'systemTOP_instance/data_path.concat_core_call_group_5.CallReq/RxGen[2].rxBuf/notFRR.bufPipe/Shallow.notSaveSlot.queue/qD1.RB.data_reg_reg[34]' (FDRE) to 'systemTOP_instance/data_path.concat_core_call_group_5.CallReq/RxGen[2].rxBuf/notFRR.bufPipe/Shallow.notSaveSlot.queue/qD1.RB.data_reg_reg[87]'
INFO: [Synth 8-3886] merging instance 'systemTOP_instance/data_path.concat_core_call_group_5.CallReq/RxGen[1].rxBuf/notFRR.bufPipe/Shallow.notSaveSlot.queue/qD1.RB.data_reg_reg[34]' (FDRE) to 'systemTOP_instance/data_path.concat_core_call_group_5.CallReq/RxGen[1].rxBuf/notFRR.bufPipe/Shallow.notSaveSlot.queue/qD1.RB.data_reg_reg[1]'
INFO: [Synth 8-3886] merging instance 'systemTOP_instance/data_path.concat_core_call_group_5.CallReq/RxGen[0].rxBuf/notFRR.bufPipe/Shallow.notSaveSlot.queue/qD1.RB.data_reg_reg[34]' (FDRE) to 'systemTOP_instance/data_path.concat_core_call_group_5.CallReq/RxGen[0].rxBuf/notFRR.bufPipe/Shallow.notSaveSlot.queue/qD1.RB.data_reg_reg[0]'
INFO: [Synth 8-3886] merging instance 'systemTOP_instance/data_path.concat_core_call_group_5.CallReq/RxGen[2].rxBuf/notFRR.bufPipe/Shallow.notSaveSlot.queue/qD1.RB.data_reg_reg[35]' (FDRE) to 'systemTOP_instance/data_path.concat_core_call_group_5.CallReq/RxGen[2].rxBuf/notFRR.bufPipe/Shallow.notSaveSlot.queue/qD1.RB.data_reg_reg[87]'
INFO: [Synth 8-3886] merging instance 'systemTOP_instance/data_path.concat_core_call_group_5.CallReq/RxGen[1].rxBuf/notFRR.bufPipe/Shallow.notSaveSlot.queue/qD1.RB.data_reg_reg[35]' (FDRE) to 'systemTOP_instance/data_path.concat_core_call_group_5.CallReq/RxGen[1].rxBuf/notFRR.bufPipe/Shallow.notSaveSlot.queue/qD1.RB.data_reg_reg[1]'
INFO: [Synth 8-3886] merging instance 'systemTOP_instance/data_path.concat_core_call_group_5.CallReq/RxGen[0].rxBuf/notFRR.bufPipe/Shallow.notSaveSlot.queue/qD1.RB.data_reg_reg[35]' (FDRE) to 'systemTOP_instance/data_path.concat_core_call_group_5.CallReq/RxGen[0].rxBuf/notFRR.bufPipe/Shallow.notSaveSlot.queue/qD1.RB.data_reg_reg[0]'
INFO: [Synth 8-3886] merging instance 'systemTOP_instance/data_path.concat_core_call_group_5.CallReq/RxGen[2].rxBuf/notFRR.bufPipe/Shallow.notSaveSlot.queue/qD1.RB.data_reg_reg[36]' (FDRE) to 'systemTOP_instance/data_path.concat_core_call_group_5.CallReq/RxGen[2].rxBuf/notFRR.bufPipe/Shallow.notSaveSlot.queue/qD1.RB.data_reg_reg[87]'
INFO: [Synth 8-3886] merging instance 'systemTOP_instance/data_path.concat_core_call_group_5.CallReq/RxGen[1].rxBuf/notFRR.bufPipe/Shallow.notSaveSlot.queue/qD1.RB.data_reg_reg[36]' (FDRE) to 'systemTOP_instance/data_path.concat_core_call_group_5.CallReq/RxGen[1].rxBuf/notFRR.bufPipe/Shallow.notSaveSlot.queue/qD1.RB.data_reg_reg[1]'
INFO: [Synth 8-3886] merging instance 'systemTOP_instance/data_path.concat_core_call_group_5.CallReq/RxGen[0].rxBuf/notFRR.bufPipe/Shallow.notSaveSlot.queue/qD1.RB.data_reg_reg[36]' (FDRE) to 'systemTOP_instance/data_path.concat_core_call_group_5.CallReq/RxGen[0].rxBuf/notFRR.bufPipe/Shallow.notSaveSlot.queue/qD1.RB.data_reg_reg[0]'
INFO: [Synth 8-3886] merging instance 'systemTOP_instance/data_path.concat_core_call_group_5.CallReq/RxGen[2].rxBuf/notFRR.bufPipe/Shallow.notSaveSlot.queue/qD1.RB.data_reg_reg[37]' (FDRE) to 'systemTOP_instance/data_path.concat_core_call_group_5.CallReq/RxGen[2].rxBuf/notFRR.bufPipe/Shallow.notSaveSlot.queue/qD1.RB.data_reg_reg[87]'
INFO: [Synth 8-3886] merging instance 'systemTOP_instance/data_path.concat_core_call_group_5.CallReq/RxGen[1].rxBuf/notFRR.bufPipe/Shallow.notSaveSlot.queue/qD1.RB.data_reg_reg[37]' (FDRE) to 'systemTOP_instance/data_path.concat_core_call_group_5.CallReq/RxGen[1].rxBuf/notFRR.bufPipe/Shallow.notSaveSlot.queue/qD1.RB.data_reg_reg[1]'
INFO: [Synth 8-3886] merging instance 'systemTOP_instance/data_path.concat_core_call_group_5.CallReq/RxGen[0].rxBuf/notFRR.bufPipe/Shallow.notSaveSlot.queue/qD1.RB.data_reg_reg[37]' (FDRE) to 'systemTOP_instance/data_path.concat_core_call_group_5.CallReq/RxGen[0].rxBuf/notFRR.bufPipe/Shallow.notSaveSlot.queue/qD1.RB.data_reg_reg[0]'
INFO: [Synth 8-3886] merging instance 'systemTOP_instance/data_path.concat_core_call_group_5.CallReq/RxGen[2].rxBuf/notFRR.bufPipe/Shallow.notSaveSlot.queue/qD1.RB.data_reg_reg[38]' (FDRE) to 'systemTOP_instance/data_path.concat_core_call_group_5.CallReq/RxGen[2].rxBuf/notFRR.bufPipe/Shallow.notSaveSlot.queue/qD1.RB.data_reg_reg[87]'
INFO: [Synth 8-3886] merging instance 'systemTOP_instance/data_path.concat_core_call_group_5.CallReq/RxGen[1].rxBuf/notFRR.bufPipe/Shallow.notSaveSlot.queue/qD1.RB.data_reg_reg[38]' (FDRE) to 'systemTOP_instance/data_path.concat_core_call_group_5.CallReq/RxGen[1].rxBuf/notFRR.bufPipe/Shallow.notSaveSlot.queue/qD1.RB.data_reg_reg[1]'
INFO: [Synth 8-3886] merging instance 'systemTOP_instance/data_path.concat_core_call_group_5.CallReq/RxGen[0].rxBuf/notFRR.bufPipe/Shallow.notSaveSlot.queue/qD1.RB.data_reg_reg[38]' (FDRE) to 'systemTOP_instance/data_path.concat_core_call_group_5.CallReq/RxGen[0].rxBuf/notFRR.bufPipe/Shallow.notSaveSlot.queue/qD1.RB.data_reg_reg[0]'
INFO: [Synth 8-3886] merging instance 'systemTOP_instance/data_path.concat_core_call_group_5.CallReq/RxGen[2].rxBuf/notFRR.bufPipe/Shallow.notSaveSlot.queue/qD1.RB.data_reg_reg[39]' (FDRE) to 'systemTOP_instance/data_path.concat_core_call_group_5.CallReq/RxGen[2].rxBuf/notFRR.bufPipe/Shallow.notSaveSlot.queue/qD1.RB.data_reg_reg[87]'
INFO: [Synth 8-3886] merging instance 'systemTOP_instance/data_path.concat_core_call_group_5.CallReq/RxGen[1].rxBuf/notFRR.bufPipe/Shallow.notSaveSlot.queue/qD1.RB.data_reg_reg[39]' (FDRE) to 'systemTOP_instance/data_path.concat_core_call_group_5.CallReq/RxGen[1].rxBuf/notFRR.bufPipe/Shallow.notSaveSlot.queue/qD1.RB.data_reg_reg[0]'
INFO: [Synth 8-3886] merging instance 'systemTOP_instance/data_path.concat_core_call_group_5.CallReq/RxGen[0].rxBuf/notFRR.bufPipe/Shallow.notSaveSlot.queue/qD1.RB.data_reg_reg[39]' (FDRE) to 'systemTOP_instance/data_path.concat_core_call_group_5.CallReq/RxGen[0].rxBuf/notFRR.bufPipe/Shallow.notSaveSlot.queue/qD1.RB.data_reg_reg[0]'
INFO: [Synth 8-3886] merging instance 'systemTOP_instance/data_path.concat_core_call_group_5.CallReq/RxGen[2].rxBuf/notFRR.bufPipe/Shallow.notSaveSlot.queue/qD1.RB.data_reg_reg[40]' (FDRE) to 'systemTOP_instance/data_path.concat_core_call_group_5.CallReq/RxGen[2].rxBuf/notFRR.bufPipe/Shallow.notSaveSlot.queue/qD1.RB.data_reg_reg[87]'
INFO: [Synth 8-3886] merging instance 'systemTOP_instance/data_path.concat_core_call_group_5.CallReq/RxGen[1].rxBuf/notFRR.bufPipe/Shallow.notSaveSlot.queue/qD1.RB.data_reg_reg[40]' (FDRE) to 'systemTOP_instance/data_path.concat_core_call_group_5.CallReq/RxGen[1].rxBuf/notFRR.bufPipe/Shallow.notSaveSlot.queue/qD1.RB.data_reg_reg[1]'
INFO: [Synth 8-3886] merging instance 'systemTOP_instance/data_path.concat_core_call_group_5.CallReq/RxGen[0].rxBuf/notFRR.bufPipe/Shallow.notSaveSlot.queue/qD1.RB.data_reg_reg[40]' (FDRE) to 'systemTOP_instance/data_path.concat_core_call_group_5.CallReq/RxGen[0].rxBuf/notFRR.bufPipe/Shallow.notSaveSlot.queue/qD1.RB.data_reg_reg[8]'
INFO: [Synth 8-3886] merging instance 'systemTOP_instance/data_path.concat_core_call_group_5.CallReq/RxGen[2].rxBuf/notFRR.bufPipe/Shallow.notSaveSlot.queue/qD1.RB.data_reg_reg[41]' (FDRE) to 'systemTOP_instance/data_path.concat_core_call_group_5.CallReq/RxGen[2].rxBuf/notFRR.bufPipe/Shallow.notSaveSlot.queue/qD1.RB.data_reg_reg[75]'
INFO: [Synth 8-3886] merging instance 'systemTOP_instance/data_path.concat_core_call_group_5.CallReq/RxGen[1].rxBuf/notFRR.bufPipe/Shallow.notSaveSlot.queue/qD1.RB.data_reg_reg[41]' (FDRE) to 'systemTOP_instance/data_path.concat_core_call_group_5.CallReq/RxGen[1].rxBuf/notFRR.bufPipe/Shallow.notSaveSlot.queue/qD1.RB.data_reg_reg[1]'
INFO: [Synth 8-3886] merging instance 'systemTOP_instance/data_path.concat_core_call_group_5.CallReq/RxGen[0].rxBuf/notFRR.bufPipe/Shallow.notSaveSlot.queue/qD1.RB.data_reg_reg[41]' (FDRE) to 'systemTOP_instance/data_path.concat_core_call_group_5.CallReq/RxGen[0].rxBuf/notFRR.bufPipe/Shallow.notSaveSlot.queue/qD1.RB.data_reg_reg[0]'
INFO: [Synth 8-3886] merging instance 'systemTOP_instance/data_path.concat_core_call_group_5.CallReq/RxGen[2].rxBuf/notFRR.bufPipe/Shallow.notSaveSlot.queue/qD1.RB.data_reg_reg[42]' (FDRE) to 'systemTOP_instance/data_path.concat_core_call_group_5.CallReq/RxGen[2].rxBuf/notFRR.bufPipe/Shallow.notSaveSlot.queue/qD1.RB.data_reg_reg[87]'
INFO: [Synth 8-3886] merging instance 'systemTOP_instance/data_path.concat_core_call_group_5.CallReq/RxGen[1].rxBuf/notFRR.bufPipe/Shallow.notSaveSlot.queue/qD1.RB.data_reg_reg[42]' (FDRE) to 'systemTOP_instance/data_path.concat_core_call_group_5.CallReq/RxGen[1].rxBuf/notFRR.bufPipe/Shallow.notSaveSlot.queue/qD1.RB.data_reg_reg[1]'
INFO: [Synth 8-3886] merging instance 'systemTOP_instance/data_path.concat_core_call_group_5.CallReq/RxGen[0].rxBuf/notFRR.bufPipe/Shallow.notSaveSlot.queue/qD1.RB.data_reg_reg[42]' (FDRE) to 'systemTOP_instance/data_path.concat_core_call_group_5.CallReq/RxGen[0].rxBuf/notFRR.bufPipe/Shallow.notSaveSlot.queue/qD1.RB.data_reg_reg[0]'
INFO: [Synth 8-3886] merging instance 'systemTOP_instance/data_path.concat_core_call_group_5.CallReq/RxGen[2].rxBuf/notFRR.bufPipe/Shallow.notSaveSlot.queue/qD1.RB.data_reg_reg[43]' (FDRE) to 'systemTOP_instance/data_path.concat_core_call_group_5.CallReq/RxGen[2].rxBuf/notFRR.bufPipe/Shallow.notSaveSlot.queue/qD1.RB.data_reg_reg[87]'
INFO: [Synth 8-3886] merging instance 'systemTOP_instance/data_path.concat_core_call_group_5.CallReq/RxGen[1].rxBuf/notFRR.bufPipe/Shallow.notSaveSlot.queue/qD1.RB.data_reg_reg[43]' (FDRE) to 'systemTOP_instance/data_path.concat_core_call_group_5.CallReq/RxGen[1].rxBuf/notFRR.bufPipe/Shallow.notSaveSlot.queue/qD1.RB.data_reg_reg[0]'
INFO: [Synth 8-3886] merging instance 'systemTOP_instance/data_path.concat_core_call_group_5.CallReq/RxGen[0].rxBuf/notFRR.bufPipe/Shallow.notSaveSlot.queue/qD1.RB.data_reg_reg[43]' (FDRE) to 'systemTOP_instance/data_path.concat_core_call_group_5.CallReq/RxGen[0].rxBuf/notFRR.bufPipe/Shallow.notSaveSlot.queue/qD1.RB.data_reg_reg[0]'
INFO: [Common 17-14] Message 'Synth 8-3886' appears 100 times and further instances of the messages will be disabled. Use the Tcl command set_msg_config to change the current settings.
INFO: [Synth 8-3333] propagating constant 0 across sequential element (systemTOP_instance/\data_path.concat_core_call_group_5.CallReq /\RxGen[2].rxBuf/notFRR.bufPipe/Shallow.notSaveSlot.queue/qD1.RB.data_reg_reg[7] )
INFO: [Synth 8-3333] propagating constant 0 across sequential element (systemTOP_instance/\data_path.concat_core_call_group_5.CallReq /\RxGen[1].rxBuf/notFRR.bufPipe/Shallow.notSaveSlot.queue/qD1.RB.data_reg_reg[7] )
INFO: [Synth 8-3333] propagating constant 0 across sequential element (systemTOP_instance/\data_path.concat_core_call_group_5.CallReq /\RxGen[0].rxBuf/notFRR.bufPipe/Shallow.notSaveSlot.queue/qD1.RB.data_reg_reg[7] )
INFO: [Synth 8-3333] propagating constant 0 across sequential element (memoryModule_instance/\data_path.ApConcat_group_0.UnsharedOperator/noFlowThrough.ilb/NoFlowThrough.interlockBuf.buf/NotRevisedCase.ShallowCase.ulReg/noBypass.read_data_reg[109] )
INFO: [Synth 8-3333] propagating constant 0 across sequential element (concat_core_instance/\data_path.readModule_concat_call_group_0.CallReq/RxGen[1].rxBuf/FRR.bufRptr/data_reg_reg[31] )
INFO: [Synth 8-3333] propagating constant 0 across sequential element (concat_core_instance/\data_path.readModule_concat_call_group_0.CallReq/RxGen[0].rxBuf/FRR.bufRptr/data_reg_reg[31] )
INFO: [Synth 8-3333] propagating constant 0 across sequential element (systemTOP_instance/\data_path.convolutionSmall_call_group_2.CallReq /\RxGen[1].rxBuf/notFRR.bufPipe/Shallow.notSaveSlot.queue/qD1.RB.data_reg_reg[175] )
INFO: [Synth 8-3333] propagating constant 0 across sequential element (systemTOP_instance/\data_path.convolutionSmall_call_group_2.CallReq /\RxGen[0].rxBuf/notFRR.bufPipe/Shallow.notSaveSlot.queue/qD1.RB.data_reg_reg[175] )
INFO: [Synth 8-3333] propagating constant 0 across sequential element (systemTOP_instance/\data_path.convolution3D_3_call_group_3.CallReq /\RxGen[15].rxBuf/notFRR.bufPipe/Shallow.notSaveSlot.queue/qD1.RB.data_reg_reg[183] )
INFO: [Synth 8-3333] propagating constant 0 across sequential element (systemTOP_instance/\data_path.convolution3D_3_call_group_3.CallReq /\RxGen[14].rxBuf/notFRR.bufPipe/Shallow.notSaveSlot.queue/qD1.RB.data_reg_reg[183] )
INFO: [Synth 8-3333] propagating constant 0 across sequential element (systemTOP_instance/\data_path.convolution3D_3_call_group_3.CallReq /\RxGen[13].rxBuf/notFRR.bufPipe/Shallow.notSaveSlot.queue/qD1.RB.data_reg_reg[183] )
INFO: [Synth 8-3333] propagating constant 0 across sequential element (systemTOP_instance/\data_path.convolution3D_3_call_group_3.CallReq /\RxGen[12].rxBuf/notFRR.bufPipe/Shallow.notSaveSlot.queue/qD1.RB.data_reg_reg[183] )
INFO: [Synth 8-3333] propagating constant 0 across sequential element (systemTOP_instance/\data_path.convolution3D_3_call_group_3.CallReq /\RxGen[11].rxBuf/notFRR.bufPipe/Shallow.notSaveSlot.queue/qD1.RB.data_reg_reg[183] )
INFO: [Synth 8-3333] propagating constant 0 across sequential element (systemTOP_instance/\data_path.convolution3D_3_call_group_3.CallReq /\RxGen[10].rxBuf/notFRR.bufPipe/Shallow.notSaveSlot.queue/qD1.RB.data_reg_reg[183] )
INFO: [Synth 8-3333] propagating constant 0 across sequential element (systemTOP_instance/\data_path.convolution3D_3_call_group_3.CallReq /\RxGen[9].rxBuf/notFRR.bufPipe/Shallow.notSaveSlot.queue/qD1.RB.data_reg_reg[183] )
INFO: [Synth 8-3333] propagating constant 0 across sequential element (systemTOP_instance/\data_path.convolution3D_3_call_group_3.CallReq /\RxGen[8].rxBuf/notFRR.bufPipe/Shallow.notSaveSlot.queue/qD1.RB.data_reg_reg[183] )
INFO: [Synth 8-3333] propagating constant 0 across sequential element (systemTOP_instance/\data_path.convolution3D_3_call_group_3.CallReq /\RxGen[7].rxBuf/notFRR.bufPipe/Shallow.notSaveSlot.queue/qD1.RB.data_reg_reg[183] )
INFO: [Synth 8-3333] propagating constant 0 across sequential element (systemTOP_instance/\data_path.convolution3D_3_call_group_3.CallReq /\RxGen[6].rxBuf/notFRR.bufPipe/Shallow.notSaveSlot.queue/qD1.RB.data_reg_reg[183] )
INFO: [Synth 8-3333] propagating constant 0 across sequential element (systemTOP_instance/\data_path.convolution3D_3_call_group_3.CallReq /\RxGen[5].rxBuf/notFRR.bufPipe/Shallow.notSaveSlot.queue/qD1.RB.data_reg_reg[183] )
INFO: [Synth 8-3333] propagating constant 0 across sequential element (systemTOP_instance/\data_path.convolution3D_3_call_group_3.CallReq /\RxGen[4].rxBuf/notFRR.bufPipe/Shallow.notSaveSlot.queue/qD1.RB.data_reg_reg[183] )
INFO: [Synth 8-3333] propagating constant 0 across sequential element (systemTOP_instance/\data_path.convolution3D_3_call_group_3.CallReq /\RxGen[3].rxBuf/notFRR.bufPipe/Shallow.notSaveSlot.queue/qD1.RB.data_reg_reg[183] )
INFO: [Synth 8-3333] propagating constant 0 across sequential element (systemTOP_instance/\data_path.convolution3D_3_call_group_3.CallReq /\RxGen[2].rxBuf/notFRR.bufPipe/Shallow.notSaveSlot.queue/qD1.RB.data_reg_reg[183] )
INFO: [Synth 8-3333] propagating constant 0 across sequential element (systemTOP_instance/\data_path.convolution3D_3_call_group_3.CallReq /\RxGen[1].rxBuf/notFRR.bufPipe/Shallow.notSaveSlot.queue/qD1.RB.data_reg_reg[183] )
INFO: [Synth 8-3333] propagating constant 0 across sequential element (systemTOP_instance/\data_path.convolution3D_3_call_group_3.CallReq /\RxGen[0].rxBuf/notFRR.bufPipe/Shallow.notSaveSlot.queue/qD1.RB.data_reg_reg[183] )
INFO: [Synth 8-3333] propagating constant 0 across sequential element (systemTOP_instance/\data_path.ct_core_call_group_4.CallReq /\RxGen[2].rxBuf/notFRR.bufPipe/Shallow.notSaveSlot.queue/qD1.RB.data_reg_reg[175] )
INFO: [Synth 8-3333] propagating constant 0 across sequential element (systemTOP_instance/\data_path.ct_core_call_group_4.CallReq /\RxGen[1].rxBuf/notFRR.bufPipe/Shallow.notSaveSlot.queue/qD1.RB.data_reg_reg[175] )
INFO: [Synth 8-3333] propagating constant 0 across sequential element (systemTOP_instance/\data_path.ct_core_call_group_4.CallReq /\RxGen[0].rxBuf/notFRR.bufPipe/Shallow.notSaveSlot.queue/qD1.RB.data_reg_reg[175] )
INFO: [Synth 8-3333] propagating constant 0 across sequential element (concat_core_instance/\data_path.readModule_concat_call_group_0.CallReq/RxGen[1].rxBuf/FRR.bufRptr/data_reg_reg[39] )
INFO: [Synth 8-3333] propagating constant 0 across sequential element (concat_core_instance/\data_path.readModule_concat_call_group_0.CallReq/RxGen[0].rxBuf/FRR.bufRptr/data_reg_reg[39] )
INFO: [Synth 8-3333] propagating constant 0 across sequential element (concat_core_instance/\data_path.writeModule_concat_call_group_1.CallReq/RxGen[0].rxBuf/FRR.bufRptr/data_reg_reg[103] )
WARNING: [Synth 8-3332] Sequential element (tagIlock/NoFlowThrough.interlockBuf.buf/DeepCase.ulb_deep/bufPipe/DeepFifo.notShiftReg.queue/rf_1w_1r_inst/dpramInst/ifVivado.vivadobb/dob_reg[1]) is unused and will be removed from module writeToPipe6.
WARNING: [Synth 8-3332] Sequential element (in_buffer/NotRevisedCase.ShallowCase.ulReg/noBypass.read_data_reg[67]) is unused and will be removed from module writeToPipe6.
WARNING: [Synth 8-3332] Sequential element (tagIlock/NoFlowThrough.interlockBuf.buf/DeepCase.ulb_deep/ulReg/noBypass.read_data_reg[1]) is unused and will be removed from module writeToPipe6.
WARNING: [Synth 8-3332] Sequential element (out_buffer/notFRR.bufPipe/Shallow.notSaveSlot.queue/qDGt1.NTB.Wgen[0].queue_array_reg[0][2]) is unused and will be removed from module writeToPipe6.
WARNING: [Synth 8-3332] Sequential element (out_buffer/notFRR.bufPipe/Shallow.notSaveSlot.queue/qDGt1.NTB.Wgen[1].queue_array_reg[1][2]) is unused and will be removed from module writeToPipe6.
WARNING: [Synth 8-3332] Sequential element (tagIlock/NoFlowThrough.interlockBuf.buf/DeepCase.ulb_deep/bufPipe/DeepFifo.notShiftReg.queue/read_data_reg_reg[1]) is unused and will be removed from module writeToPipe6.
WARNING: [Synth 8-3332] Sequential element (tagIlock/NoFlowThrough.interlockBuf.buf/DeepCase.ulb_deep/bufPipe/DeepFifo.notShiftReg.queue/rf_1w_1r_inst/dpramInst/ifVivado.vivadobb/dob_reg[1]) is unused and will be removed from module writeToPipe7.
WARNING: [Synth 8-3332] Sequential element (in_buffer/NotRevisedCase.ShallowCase.ulReg/noBypass.read_data_reg[67]) is unused and will be removed from module writeToPipe7.
WARNING: [Synth 8-3332] Sequential element (tagIlock/NoFlowThrough.interlockBuf.buf/DeepCase.ulb_deep/ulReg/noBypass.read_data_reg[1]) is unused and will be removed from module writeToPipe7.
WARNING: [Synth 8-3332] Sequential element (out_buffer/notFRR.bufPipe/Shallow.notSaveSlot.queue/qDGt1.NTB.Wgen[0].queue_array_reg[0][2]) is unused and will be removed from module writeToPipe7.
WARNING: [Synth 8-3332] Sequential element (out_buffer/notFRR.bufPipe/Shallow.notSaveSlot.queue/qDGt1.NTB.Wgen[1].queue_array_reg[1][2]) is unused and will be removed from module writeToPipe7.
WARNING: [Synth 8-3332] Sequential element (tagIlock/NoFlowThrough.interlockBuf.buf/DeepCase.ulb_deep/bufPipe/DeepFifo.notShiftReg.queue/read_data_reg_reg[1]) is unused and will be removed from module writeToPipe7.
WARNING: [Synth 8-3332] Sequential element (DeepFifo.notShiftReg.queue/read_data_reg_reg[64]) is unused and will be removed from module PipeBase__parameterized447.
WARNING: [Synth 8-3332] Sequential element (out_buffer/notFRR.bufPipe/Shallow.notSaveSlot.queue/qD1.RB.full_flag_reg) is unused and will be removed from module default_timerDaemon.
WARNING: [Synth 8-3332] Sequential element (in_buffer/NotRevisedCase.ShallowCase.ulReg/noBypass.read_data_reg[1]) is unused and will be removed from module default_timerDaemon.
WARNING: [Synth 8-3332] Sequential element (in_buffer/NotRevisedCase.ShallowCase.ulReg/noBypass.read_data_reg[0]) is unused and will be removed from module default_timerDaemon.
WARNING: [Synth 8-3332] Sequential element (tagIlock/NoFlowThrough.interlockBuf.buf/NotRevisedCase.ShallowCase.ulReg/noBypass.read_data_reg[1]) is unused and will be removed from module default_timerDaemon.
WARNING: [Synth 8-3332] Sequential element (tagIlock/NoFlowThrough.interlockBuf.buf/NotRevisedCase.ShallowCase.ulReg/noBypass.read_data_reg[0]) is unused and will be removed from module default_timerDaemon.
WARNING: [Synth 8-3332] Sequential element (out_buffer/notFRR.bufPipe/Shallow.notSaveSlot.queue/qD1.RB.data_reg_reg[1]) is unused and will be removed from module default_timerDaemon.
WARNING: [Synth 8-3332] Sequential element (out_buffer/notFRR.bufPipe/Shallow.notSaveSlot.queue/qD1.RB.data_reg_reg[0]) is unused and will be removed from module default_timerDaemon.
WARNING: [Synth 8-3332] Sequential element (out_buffer/fsm_state_reg) is unused and will be removed from module default_timerDaemon.
WARNING: [Synth 8-3332] Sequential element (tagIlock/NoFlowThrough.interlockBuf.buf/NotRevisedCase.ShallowCase.ulReg/noBypass.fsm_state_reg) is unused and will be removed from module default_timerDaemon.
WARNING: [Synth 8-3332] Sequential element (tagIlock/NoFlowThrough.interlockBuf.buf/NotRevisedCase.ShallowCase.ulReg/noBypass.unload_ack_reg) is unused and will be removed from module default_timerDaemon.
WARNING: [Synth 8-3332] Sequential element (tagIlock/NoFlowThrough.interlockBuf.l_fsm_state_reg) is unused and will be removed from module default_timerDaemon.
WARNING: [Synth 8-3332] Sequential element (in_buffer_unload_req_symbol_join.gj_in_buffer_unload_req_symbol_join/placegen[2].placeBlock.dly/UnitDelay.ack_reg) is unused and will be removed from module default_timerDaemon.
WARNING: [Synth 8-3332] Sequential element (out_buffer_write_req_symbol_join.gj_out_buffer_write_req_symbol_join/placegen[1].placeBlock.pI/CapEqOne.non_zero_reg) is unused and will be removed from module default_timerDaemon.
WARNING: [Synth 8-3332] Sequential element (out_buffer_write_req_symbol_join.gj_out_buffer_write_req_symbol_join/placegen[2].placeBlock.pI/CapEqOne.non_zero_reg) is unused and will be removed from module default_timerDaemon.
WARNING: [Synth 8-3332] Sequential element (out_buffer_write_req_symbol_join.gj_out_buffer_write_req_symbol_join/placegen[3].placeBlock.pI/CapEqOne.non_zero_reg) is unused and will be removed from module default_timerDaemon.
WARNING: [Synth 8-3332] Sequential element (tag_ilock_write_req_symbol_join.gj_tag_ilock_write_req_symbol_join/placegen[1].placeBlock.pI/CapEqOne.non_zero_reg) is unused and will be removed from module default_timerDaemon.
WARNING: [Synth 8-3332] Sequential element (tag_ilock_write_req_symbol_join.gj_tag_ilock_write_req_symbol_join/placegen[2].placeBlock.dly/UnitDelay.ack_reg) is unused and will be removed from module default_timerDaemon.
WARNING: [Synth 8-3332] Sequential element (tag_ilock_write_req_symbol_join.gj_tag_ilock_write_req_symbol_join/placegen[2].placeBlock.pI/CapEqOne.non_zero_reg) is unused and will be removed from module default_timerDaemon.
WARNING: [Synth 8-3332] Sequential element (tag_ilock_read_req_symbol_join.gj_tag_ilock_read_req_symbol_join/placegen[1].placeBlock.pI/CapEqOne.non_zero_reg) is unused and will be removed from module default_timerDaemon.
WARNING: [Synth 8-3332] Sequential element (tag_ilock_read_req_symbol_join.gj_tag_ilock_read_req_symbol_join/placegen[2].placeBlock.pI/CapEqOne.non_zero_reg) is unused and will be removed from module default_timerDaemon.
WARNING: [Synth 8-3332] Sequential element (tag_ilock_read_req_symbol_join.gj_tag_ilock_read_req_symbol_join/placegen[3].placeBlock.pI/CapEqOne.non_zero_reg) is unused and will be removed from module default_timerDaemon.
WARNING: [Synth 8-3332] Sequential element (timerDaemon_CP_22776.timerDaemon_do_while_stmt_13046_terminator_22891/lt_place/token_latch_reg[0]) is unused and will be removed from module default_timerDaemon.
WARNING: [Synth 8-3332] Sequential element (data_path.phi_stmt_13048.phi/req_registered_reg[0]) is unused and will be removed from module default_timerDaemon.
WARNING: [Synth 8-3332] Sequential element (in_buffer/NotRevisedCase.ShallowCase.ulReg/noBypass.read_data_reg[2]) is unused and will be removed from module timer.
WARNING: [Synth 8-3332] Sequential element (in_buffer/NotRevisedCase.ShallowCase.ulReg/noBypass.read_data_reg[1]) is unused and will be removed from module timer.
WARNING: [Synth 8-3332] Sequential element (tagIlock/NoFlowThrough.interlockBuf.buf/NotRevisedCase.ShallowCase.ulReg/noBypass.read_data_reg[2]) is unused and will be removed from module timer.
WARNING: [Synth 8-3332] Sequential element (tagIlock/NoFlowThrough.interlockBuf.buf/NotRevisedCase.ShallowCase.ulReg/noBypass.read_data_reg[1]) is unused and will be removed from module timer.
WARNING: [Synth 8-3332] Sequential element (out_buffer/notFRR.bufPipe/Shallow.notSaveSlot.queue/qD1.RB.data_reg_reg[66]) is unused and will be removed from module timer.
WARNING: [Synth 8-3332] Sequential element (out_buffer/notFRR.bufPipe/Shallow.notSaveSlot.queue/qD1.RB.data_reg_reg[65]) is unused and will be removed from module timer.
WARNING: [Synth 8-3332] Sequential element (req_registered_reg[1]) is unused and will be removed from module PhiBase__parameterized149.
WARNING: [Synth 8-3332] Sequential element (ProTx[0].ulreg/yesBypassBlocking.bypassBlock.write_data_reg_reg[7]) is unused and will be removed from module InputPortRevised__parameterized247.
WARNING: [Synth 8-3332] Sequential element (ProTx[0].ulreg/yesBypassBlocking.bypassBlock.write_data_reg_reg[6]) is unused and will be removed from module InputPortRevised__parameterized247.
WARNING: [Synth 8-3332] Sequential element (ProTx[0].ulreg/yesBypassBlocking.bypassBlock.write_data_reg_reg[5]) is unused and will be removed from module InputPortRevised__parameterized247.
WARNING: [Synth 8-3332] Sequential element (ProTx[0].ulreg/yesBypassBlocking.bypassBlock.write_data_reg_reg[4]) is unused and will be removed from module InputPortRevised__parameterized247.
WARNING: [Synth 8-3332] Sequential element (ProTx[0].ulreg/yesBypassBlocking.bypassBlock.write_data_reg_reg[3]) is unused and will be removed from module InputPortRevised__parameterized247.
WARNING: [Synth 8-3332] Sequential element (ProTx[0].ulreg/yesBypassBlocking.bypassBlock.write_data_reg_reg[2]) is unused and will be removed from module InputPortRevised__parameterized247.
WARNING: [Synth 8-3332] Sequential element (ProTx[0].ulreg/yesBypassBlocking.bypassBlock.write_data_reg_reg[1]) is unused and will be removed from module InputPortRevised__parameterized247.
WARNING: [Synth 8-3332] Sequential element (ProTx[0].ulreg/yesBypassBlocking.bypassBlock.write_data_reg_reg[0]) is unused and will be removed from module InputPortRevised__parameterized247.
WARNING: [Synth 8-3332] Sequential element (RxGen[0].rxBuf/notFRR.bufPipe/Shallow.notSaveSlot.queue/qD1.RB.data_reg_reg[175]) is unused and will be removed from module InputMuxWithBuffering__parameterized44.
WARNING: [Synth 8-3332] Sequential element (RxGen[1].rxBuf/notFRR.bufPipe/Shallow.notSaveSlot.queue/qD1.RB.data_reg_reg[175]) is unused and will be removed from module InputMuxWithBuffering__parameterized44.
WARNING: [Synth 8-3332] Sequential element (RxGen[0].rxBuf/notFRR.bufPipe/Shallow.notSaveSlot.queue/qD1.RB.data_reg_reg[183]) is unused and will be removed from module InputMuxWithBuffering__parameterized46.
WARNING: [Synth 8-3332] Sequential element (RxGen[1].rxBuf/notFRR.bufPipe/Shallow.notSaveSlot.queue/qD1.RB.data_reg_reg[183]) is unused and will be removed from module InputMuxWithBuffering__parameterized46.
WARNING: [Synth 8-3332] Sequential element (RxGen[2].rxBuf/notFRR.bufPipe/Shallow.notSaveSlot.queue/qD1.RB.data_reg_reg[183]) is unused and will be removed from module InputMuxWithBuffering__parameterized46.
WARNING: [Synth 8-3332] Sequential element (RxGen[3].rxBuf/notFRR.bufPipe/Shallow.notSaveSlot.queue/qD1.RB.data_reg_reg[183]) is unused and will be removed from module InputMuxWithBuffering__parameterized46.
WARNING: [Synth 8-3332] Sequential element (RxGen[4].rxBuf/notFRR.bufPipe/Shallow.notSaveSlot.queue/qD1.RB.data_reg_reg[183]) is unused and will be removed from module InputMuxWithBuffering__parameterized46.
WARNING: [Synth 8-3332] Sequential element (RxGen[5].rxBuf/notFRR.bufPipe/Shallow.notSaveSlot.queue/qD1.RB.data_reg_reg[183]) is unused and will be removed from module InputMuxWithBuffering__parameterized46.
WARNING: [Synth 8-3332] Sequential element (RxGen[6].rxBuf/notFRR.bufPipe/Shallow.notSaveSlot.queue/qD1.RB.data_reg_reg[183]) is unused and will be removed from module InputMuxWithBuffering__parameterized46.
WARNING: [Synth 8-3332] Sequential element (RxGen[7].rxBuf/notFRR.bufPipe/Shallow.notSaveSlot.queue/qD1.RB.data_reg_reg[183]) is unused and will be removed from module InputMuxWithBuffering__parameterized46.
WARNING: [Synth 8-3332] Sequential element (RxGen[8].rxBuf/notFRR.bufPipe/Shallow.notSaveSlot.queue/qD1.RB.data_reg_reg[183]) is unused and will be removed from module InputMuxWithBuffering__parameterized46.
WARNING: [Synth 8-3332] Sequential element (RxGen[9].rxBuf/notFRR.bufPipe/Shallow.notSaveSlot.queue/qD1.RB.data_reg_reg[183]) is unused and will be removed from module InputMuxWithBuffering__parameterized46.
WARNING: [Synth 8-3332] Sequential element (RxGen[10].rxBuf/notFRR.bufPipe/Shallow.notSaveSlot.queue/qD1.RB.data_reg_reg[183]) is unused and will be removed from module InputMuxWithBuffering__parameterized46.
WARNING: [Synth 8-3332] Sequential element (RxGen[11].rxBuf/notFRR.bufPipe/Shallow.notSaveSlot.queue/qD1.RB.data_reg_reg[183]) is unused and will be removed from module InputMuxWithBuffering__parameterized46.
WARNING: [Synth 8-3332] Sequential element (RxGen[12].rxBuf/notFRR.bufPipe/Shallow.notSaveSlot.queue/qD1.RB.data_reg_reg[183]) is unused and will be removed from module InputMuxWithBuffering__parameterized46.
WARNING: [Synth 8-3332] Sequential element (RxGen[13].rxBuf/notFRR.bufPipe/Shallow.notSaveSlot.queue/qD1.RB.data_reg_reg[183]) is unused and will be removed from module InputMuxWithBuffering__parameterized46.
WARNING: [Synth 8-3332] Sequential element (RxGen[14].rxBuf/notFRR.bufPipe/Shallow.notSaveSlot.queue/qD1.RB.data_reg_reg[183]) is unused and will be removed from module InputMuxWithBuffering__parameterized46.
WARNING: [Synth 8-3332] Sequential element (RxGen[15].rxBuf/notFRR.bufPipe/Shallow.notSaveSlot.queue/qD1.RB.data_reg_reg[183]) is unused and will be removed from module InputMuxWithBuffering__parameterized46.
WARNING: [Synth 8-3332] Sequential element (RxGen[0].rxBuf/notFRR.bufPipe/Shallow.notSaveSlot.queue/qD1.RB.data_reg_reg[175]) is unused and will be removed from module InputMuxWithBuffering__parameterized48.
WARNING: [Synth 8-3332] Sequential element (RxGen[1].rxBuf/notFRR.bufPipe/Shallow.notSaveSlot.queue/qD1.RB.data_reg_reg[175]) is unused and will be removed from module InputMuxWithBuffering__parameterized48.
WARNING: [Synth 8-3332] Sequential element (RxGen[2].rxBuf/notFRR.bufPipe/Shallow.notSaveSlot.queue/qD1.RB.data_reg_reg[175]) is unused and will be removed from module InputMuxWithBuffering__parameterized48.
WARNING: [Synth 8-3332] Sequential element (bufGen[0].BufBlock.ub/NotRevisedCase.ShallowCase.ulReg/noBypass.read_data_reg[7]) is unused and will be removed from module OutputDeMuxBaseWithBuffering__parameterized34__1.
WARNING: [Synth 8-3332] Sequential element (bufGen[0].BufBlock.ub/NotRevisedCase.ShallowCase.ulReg/noBypass.read_data_reg[6]) is unused and will be removed from module OutputDeMuxBaseWithBuffering__parameterized34__1.
WARNING: [Synth 8-3332] Sequential element (bufGen[0].BufBlock.ub/NotRevisedCase.ShallowCase.ulReg/noBypass.read_data_reg[5]) is unused and will be removed from module OutputDeMuxBaseWithBuffering__parameterized34__1.
WARNING: [Synth 8-3332] Sequential element (bufGen[0].BufBlock.ub/NotRevisedCase.ShallowCase.ulReg/noBypass.read_data_reg[4]) is unused and will be removed from module OutputDeMuxBaseWithBuffering__parameterized34__1.
WARNING: [Synth 8-3332] Sequential element (bufGen[0].BufBlock.ub/NotRevisedCase.ShallowCase.ulReg/noBypass.read_data_reg[3]) is unused and will be removed from module OutputDeMuxBaseWithBuffering__parameterized34__1.
WARNING: [Synth 8-3332] Sequential element (bufGen[0].BufBlock.ub/NotRevisedCase.ShallowCase.ulReg/noBypass.read_data_reg[2]) is unused and will be removed from module OutputDeMuxBaseWithBuffering__parameterized34__1.
WARNING: [Synth 8-3332] Sequential element (bufGen[0].BufBlock.ub/NotRevisedCase.ShallowCase.ulReg/noBypass.read_data_reg[1]) is unused and will be removed from module OutputDeMuxBaseWithBuffering__parameterized34__1.
WARNING: [Synth 8-3332] Sequential element (bufGen[0].BufBlock.ub/NotRevisedCase.ShallowCase.ulReg/noBypass.read_data_reg[0]) is unused and will be removed from module OutputDeMuxBaseWithBuffering__parameterized34__1.
WARNING: [Synth 8-3332] Sequential element (bufGen[1].BufBlock.ub/NotRevisedCase.ShallowCase.ulReg/noBypass.read_data_reg[7]) is unused and will be removed from module OutputDeMuxBaseWithBuffering__parameterized34__1.
WARNING: [Synth 8-3332] Sequential element (bufGen[1].BufBlock.ub/NotRevisedCase.ShallowCase.ulReg/noBypass.read_data_reg[6]) is unused and will be removed from module OutputDeMuxBaseWithBuffering__parameterized34__1.
WARNING: [Synth 8-3332] Sequential element (bufGen[1].BufBlock.ub/NotRevisedCase.ShallowCase.ulReg/noBypass.read_data_reg[5]) is unused and will be removed from module OutputDeMuxBaseWithBuffering__parameterized34__1.
WARNING: [Synth 8-3332] Sequential element (bufGen[1].BufBlock.ub/NotRevisedCase.ShallowCase.ulReg/noBypass.read_data_reg[4]) is unused and will be removed from module OutputDeMuxBaseWithBuffering__parameterized34__1.
WARNING: [Synth 8-3332] Sequential element (bufGen[1].BufBlock.ub/NotRevisedCase.ShallowCase.ulReg/noBypass.read_data_reg[3]) is unused and will be removed from module OutputDeMuxBaseWithBuffering__parameterized34__1.
WARNING: [Synth 8-3332] Sequential element (bufGen[1].BufBlock.ub/NotRevisedCase.ShallowCase.ulReg/noBypass.read_data_reg[2]) is unused and will be removed from module OutputDeMuxBaseWithBuffering__parameterized34__1.
WARNING: [Synth 8-3332] Sequential element (bufGen[1].BufBlock.ub/NotRevisedCase.ShallowCase.ulReg/noBypass.read_data_reg[1]) is unused and will be removed from module OutputDeMuxBaseWithBuffering__parameterized34__1.
WARNING: [Synth 8-3332] Sequential element (bufGen[1].BufBlock.ub/NotRevisedCase.ShallowCase.ulReg/noBypass.read_data_reg[0]) is unused and will be removed from module OutputDeMuxBaseWithBuffering__parameterized34__1.
WARNING: [Synth 8-3332] Sequential element (bufGen[2].BufBlock.ub/NotRevisedCase.ShallowCase.ulReg/noBypass.read_data_reg[7]) is unused and will be removed from module OutputDeMuxBaseWithBuffering__parameterized34__1.
WARNING: [Synth 8-3332] Sequential element (bufGen[2].BufBlock.ub/NotRevisedCase.ShallowCase.ulReg/noBypass.read_data_reg[6]) is unused and will be removed from module OutputDeMuxBaseWithBuffering__parameterized34__1.
WARNING: [Synth 8-3332] Sequential element (bufGen[2].BufBlock.ub/NotRevisedCase.ShallowCase.ulReg/noBypass.read_data_reg[5]) is unused and will be removed from module OutputDeMuxBaseWithBuffering__parameterized34__1.
WARNING: [Synth 8-3332] Sequential element (bufGen[2].BufBlock.ub/NotRevisedCase.ShallowCase.ulReg/noBypass.read_data_reg[4]) is unused and will be removed from module OutputDeMuxBaseWithBuffering__parameterized34__1.
WARNING: [Synth 8-3332] Sequential element (bufGen[2].BufBlock.ub/NotRevisedCase.ShallowCase.ulReg/noBypass.read_data_reg[3]) is unused and will be removed from module OutputDeMuxBaseWithBuffering__parameterized34__1.
WARNING: [Synth 8-3332] Sequential element (bufGen[2].BufBlock.ub/NotRevisedCase.ShallowCase.ulReg/noBypass.read_data_reg[2]) is unused and will be removed from module OutputDeMuxBaseWithBuffering__parameterized34__1.
WARNING: [Synth 8-3332] Sequential element (bufGen[2].BufBlock.ub/NotRevisedCase.ShallowCase.ulReg/noBypass.read_data_reg[1]) is unused and will be removed from module OutputDeMuxBaseWithBuffering__parameterized34__1.
WARNING: [Synth 8-3332] Sequential element (bufGen[2].BufBlock.ub/NotRevisedCase.ShallowCase.ulReg/noBypass.read_data_reg[0]) is unused and will be removed from module OutputDeMuxBaseWithBuffering__parameterized34__1.
WARNING: [Synth 8-3332] Sequential element (RxGen[0].rxBuf/notFRR.bufPipe/Shallow.notSaveSlot.queue/qD1.RB.data_reg_reg[26]) is unused and will be removed from module InputMuxWithBuffering__parameterized50.
WARNING: [Synth 8-3332] Sequential element (RxGen[0].rxBuf/notFRR.bufPipe/Shallow.notSaveSlot.queue/qD1.RB.data_reg_reg[25]) is unused and will be removed from module InputMuxWithBuffering__parameterized50.
WARNING: [Synth 8-3332] Sequential element (RxGen[0].rxBuf/notFRR.bufPipe/Shallow.notSaveSlot.queue/qD1.RB.data_reg_reg[24]) is unused and will be removed from module InputMuxWithBuffering__parameterized50.
WARNING: [Synth 8-3332] Sequential element (RxGen[0].rxBuf/notFRR.bufPipe/Shallow.notSaveSlot.queue/qD1.RB.data_reg_reg[7]) is unused and will be removed from module InputMuxWithBuffering__parameterized50.
INFO: [Common 17-14] Message 'Synth 8-3332' appears 100 times and further instances of the messages will be disabled. Use the Tcl command set_msg_config to change the current settings.
